  Porbst[d]  istar  icomp
   0.0000000000000000                1           0
     xstar      ystar      zstar      vxst       vyst       vzst
  0.000E+00  0.000E+00  0.100E+01  0.000E+00 -0.228E+05  0.000E+00
     vrxcp      vrycp      vrzcp      vxcp       vycp       vzcp
  0.000E+00  0.000E+00  0.100E+01  0.000E+00  0.228E+07  0.000E+00
       xcp        ycp        zcp      
  0.150E+14  0.000E+00  0.000E+00
 inebl=1= pp-disk
 H_scale_in H_scale_out [Rsol] sound_out [km/s]
  4.61E+00  1.09E+01  2.28E+00
 Surfdens_in Surfdens_out [g/cm^2]
   8.04E+03   5.52E+03
  No. of sp. lines considered:           4
 elem= H   iat=  1 hmc=  1.0080 nion=  2 abund=0.100E+01
 elem= H   iat=  1 hmc=  1.0080 nion=  2 abund=0.100E+01
 elem= H   iat=  1 hmc=  1.0080 nion=  2 abund=0.100E+01
 elem= H   iat=  1 hmc=  1.0080 nion=  2 abund=0.100E+01
 abhyd=0.908 abhel=0.100 wm=0.130E+01
 nbod1= 181 nbod2= 181 nbod3= 181 nfreq=  45
 output for:  ionu=  1 ior= 40 iot= 40
i=  40.50  alpha= 129.60
  iunt=           0
  ivac1=          96 ivacn=         145  nivac=          50
 vel.  vx        vy        vz        dens      dustd     dustt
   1 -7.58E+06 -2.01E+07  6.56E+06  1.63E-09  0.00E+00  7.34E+02
   2 -7.58E+06 -2.01E+07  6.56E+06  1.63E-09  0.00E+00  7.34E+02
   3 -7.45E+06 -2.00E+07  6.91E+06  1.77E-09  0.00E+00  7.26E+02
   4 -7.52E+06 -1.99E+07  7.13E+06  1.90E-09  0.00E+00  7.26E+02
   5 -7.38E+06 -1.97E+07  7.48E+06  2.04E-09  0.00E+00  7.18E+02
   6 -7.38E+06 -1.97E+07  7.48E+06  2.04E-09  0.00E+00  7.18E+02
   7 -7.25E+06 -1.96E+07  7.81E+06  2.17E-09  0.00E+00  7.11E+02
   8 -7.31E+06 -1.95E+07  8.03E+06  2.29E-09  0.00E+00  7.11E+02
   9 -7.08E+06 -1.95E+07  8.33E+06  2.42E-09  0.00E+00  7.11E+02
  10 -7.23E+06 -1.93E+07  8.59E+06  2.54E-09  0.00E+00  7.03E+02
  11 -6.94E+06 -1.93E+07  8.65E+06  2.54E-09  0.00E+00  7.03E+02
  12 -7.08E+06 -1.91E+07  8.91E+06  2.64E-09  0.00E+00  6.96E+02
  13 -6.85E+06 -1.91E+07  9.19E+06  2.76E-09  0.00E+00  6.96E+02
  14 -6.90E+06 -1.90E+07  9.42E+06  2.88E-09  0.00E+00  6.96E+02
  15 -6.71E+06 -1.89E+07  9.50E+06  2.84E-09  0.00E+00  6.88E+02
  16 -6.75E+06 -1.88E+07  9.72E+06  2.96E-09  0.00E+00  6.88E+02
  17 -6.60E+06 -1.87E+07  1.00E+07  3.02E-09  0.00E+00  6.81E+02
  18 -6.64E+06 -1.85E+07  1.02E+07  3.12E-09  0.00E+00  6.81E+02
  19 -6.46E+06 -1.85E+07  1.03E+07  3.07E-09  0.00E+00  6.74E+02
  20 -6.49E+06 -1.84E+07  1.05E+07  3.17E-09  0.00E+00  6.74E+02
  21 -6.26E+06 -1.83E+07  1.08E+07  3.25E-09  0.00E+00  6.73E+02
  22 -6.38E+06 -1.81E+07  1.10E+07  3.28E-09  0.00E+00  6.67E+02
  23 -6.11E+06 -1.82E+07  1.11E+07  3.27E-09  0.00E+00  6.66E+02
  24 -6.23E+06 -1.80E+07  1.13E+07  3.29E-09  0.00E+00  6.60E+02
  25 -5.99E+06 -1.79E+07  1.15E+07  3.35E-09  0.00E+00  6.59E+02
  26 -6.01E+06 -1.77E+07  1.18E+07  3.42E-09  0.00E+00  6.59E+02
  27 -5.84E+06 -1.77E+07  1.18E+07  3.35E-09  0.00E+00  6.52E+02
  28 -5.86E+06 -1.76E+07  1.20E+07  3.40E-09  0.00E+00  6.52E+02
  29 -5.72E+06 -1.74E+07  1.22E+07  3.38E-09  0.00E+00  6.46E+02
  30 -5.73E+06 -1.73E+07  1.24E+07  3.42E-09  0.00E+00  6.46E+02
  31 -5.48E+06 -1.73E+07  1.25E+07  3.41E-09  0.00E+00  6.45E+02
  32 -5.58E+06 -1.71E+07  1.27E+07  3.38E-09  0.00E+00  6.39E+02
  33 -5.34E+06 -1.70E+07  1.29E+07  3.40E-09  0.00E+00  6.38E+02
  34 -5.45E+06 -1.68E+07  1.31E+07  3.36E-09  0.00E+00  6.33E+02
  35 -5.21E+06 -1.67E+07  1.33E+07  3.36E-09  0.00E+00  6.32E+02
  36 -5.30E+06 -1.67E+07  1.33E+07  3.30E-09  0.00E+00  6.26E+02
  37  7.21E+06 -4.24E+06  3.62E+06  3.29E-09  0.00E+00  6.25E+02
  38  7.21E+06 -4.24E+06  3.62E+06  3.30E-09  0.00E+00  6.25E+02
  39  7.21E+06 -4.16E+06  3.55E+06  3.23E-09  0.00E+00  6.19E+02
  40  7.21E+06 -4.16E+06  3.55E+06  3.23E-09  0.00E+00  6.19E+02
  41  7.20E+06 -4.08E+06  3.49E+06  3.15E-09  0.00E+00  6.13E+02
  42  7.20E+06 -4.08E+06  3.49E+06  3.14E-09  0.00E+00  6.13E+02
  43 -4.55E+06 -1.58E+07  1.44E+07  3.12E-09  0.00E+00  6.12E+02
  44 -4.65E+06 -1.58E+07  1.44E+07  3.06E-09  0.00E+00  6.07E+02
  45 -4.42E+06 -1.57E+07  1.46E+07  3.03E-09  0.00E+00  6.06E+02
  46 -4.51E+06 -1.55E+07  1.47E+07  2.96E-09  0.00E+00  6.01E+02
  47 -4.28E+06 -1.54E+07  1.49E+07  2.93E-09  0.00E+00  6.00E+02
  48 -4.38E+06 -1.54E+07  1.49E+07  2.87E-09  0.00E+00  5.95E+02
  49 -4.15E+06 -1.52E+07  1.51E+07  2.84E-09  0.00E+00  5.94E+02
  50 -4.14E+06 -1.51E+07  1.52E+07  2.81E-09  0.00E+00  5.94E+02
       akonc      ekonc      temp       az      mshade
   1  7.557E+14  6.944E+07  1.835E+03  1.353E+11  1
   2  7.557E+14  6.944E+07  1.835E+03  1.623E+11  1
   3  8.211E+14  6.956E+07  1.815E+03  1.894E+11  1
   4  8.793E+14  7.332E+07  1.815E+03  2.164E+11  1
   5  9.429E+14  7.144E+07  1.796E+03  2.435E+11  1
   6  9.429E+14  7.144E+07  1.796E+03  2.706E+11  1
   7  1.003E+15  6.827E+07  1.777E+03  2.976E+11  1
   8  1.062E+15  7.103E+07  1.777E+03  3.247E+11  1
   9  1.121E+15  7.340E+07  1.776E+03  3.517E+11  1
  10  1.175E+15  6.867E+07  1.759E+03  3.788E+11  1
  11  1.174E+15  6.821E+07  1.757E+03  4.058E+11  1
  12  1.223E+15  6.303E+07  1.740E+03  4.329E+11  0
  13  1.278E+15  6.426E+07  1.739E+03  4.599E+11  0
  14  1.333E+15  6.599E+07  1.739E+03  4.870E+11  0
  15  1.317E+15  5.794E+07  1.720E+03  5.140E+11  0
  16  1.369E+15  5.932E+07  1.720E+03  5.411E+11  0
  17  1.400E+15  5.279E+07  1.702E+03  5.682E+11  0
  18  1.447E+15  5.384E+07  1.702E+03  5.952E+11  0
  19  1.424E+15  4.657E+07  1.685E+03  6.223E+11  0
  20  1.468E+15  4.739E+07  1.685E+03  6.493E+11  0
  21  1.507E+15  4.735E+07  1.683E+03  6.764E+11  0
  22  1.521E+15  4.200E+07  1.667E+03  7.034E+11  0
  23  1.517E+15  4.121E+07  1.665E+03  7.305E+11  0
  24  1.526E+15  3.640E+07  1.650E+03  7.575E+11  0
  25  1.554E+15  3.606E+07  1.648E+03  7.846E+11  0
  26  1.584E+15  3.644E+07  1.648E+03  8.116E+11  0
  27  1.551E+15  3.098E+07  1.631E+03  8.387E+11  0
  28  1.577E+15  3.126E+07  1.631E+03  8.658E+11  0
  29  1.565E+15  2.671E+07  1.614E+03  8.928E+11  0
  30  1.585E+15  2.689E+07  1.614E+03  9.199E+11  0
  31  1.579E+15  2.619E+07  1.611E+03  9.469E+11  0
  32  1.566E+15  2.286E+07  1.598E+03  9.740E+11  0
  33  1.574E+15  2.233E+07  1.595E+03  1.001E+12  0
  34  1.555E+15  1.944E+07  1.582E+03  1.028E+12  0
  35  1.557E+15  1.893E+07  1.579E+03  1.055E+12  0
  36  1.527E+15  1.641E+07  1.566E+03  1.082E+12  0
  37  1.526E+15  1.595E+07  1.563E+03  1.109E+12  0
  38  1.530E+15  1.597E+07  1.563E+03  1.136E+12  0
  39  1.495E+15  1.341E+07  1.547E+03  1.163E+12  0
  40  1.495E+15  1.341E+07  1.547E+03  1.190E+12  0
  41  1.460E+15  1.124E+07  1.532E+03  1.217E+12  0
  42  1.457E+15  1.123E+07  1.532E+03  1.245E+12  0
  43  1.445E+15  1.082E+07  1.529E+03  1.272E+12  0
  44  1.418E+15  9.394E+06  1.517E+03  1.299E+12  0
  45  1.405E+15  9.038E+06  1.514E+03  1.326E+12  0
  46  1.372E+15  7.825E+06  1.502E+03  1.353E+12  0
  47  1.355E+15  7.510E+06  1.499E+03  1.380E+12  0
  48  1.332E+15  6.527E+06  1.488E+03  1.407E+12  0
  49  1.315E+15  6.255E+06  1.485E+03  1.434E+12  0
  50  1.302E+15  6.225E+06  1.485E+03  1.461E+12  0
       AKONC      HI         H-         H2         HEI        HIPF       HIIPF
   1  7.557E+14  1.743E+13  1.893E+02  3.344E+14  6.862E+13  2.000E+00  1.000E+00
   2  7.557E+14  1.743E+13  1.893E+02  3.344E+14  6.862E+13  2.000E+00  1.000E+00
   3  8.211E+14  1.563E+13  1.818E+02  3.650E+14  7.456E+13  2.000E+00  1.000E+00
   4  8.793E+14  1.618E+13  1.984E+02  3.911E+14  7.984E+13  2.000E+00  1.000E+00
   5  9.429E+14  1.439E+13  1.839E+02  4.209E+14  8.561E+13  2.000E+00  1.000E+00
   6  9.429E+14  1.439E+13  1.839E+02  4.209E+14  8.561E+13  2.000E+00  1.000E+00
   7  1.003E+15  1.272E+13  1.663E+02  4.491E+14  9.109E+13  2.000E+00  1.000E+00
   8  1.062E+15  1.309E+13  1.780E+02  4.756E+14  9.642E+13  2.000E+00  1.000E+00
   9  1.121E+15  1.335E+13  1.883E+02  5.024E+14  1.018E+14  2.000E+00  1.000E+00
  10  1.175E+15  1.178E+13  1.659E+02  5.275E+14  1.067E+14  2.000E+00  1.000E+00
  11  1.174E+15  1.167E+13  1.638E+02  5.273E+14  1.066E+14  2.000E+00  1.000E+00
  12  1.223E+15  1.028E+13  1.422E+02  5.501E+14  1.111E+14  2.000E+00  1.000E+00
  13  1.278E+15  1.039E+13  1.472E+02  5.749E+14  1.160E+14  2.000E+00  1.000E+00
  14  1.333E+15  1.061E+13  1.544E+02  5.997E+14  1.210E+14  2.000E+00  1.000E+00
  15  1.317E+15  8.985E+12  1.231E+02  5.936E+14  1.196E+14  2.000E+00  1.000E+00
  16  1.369E+15  9.160E+12  1.285E+02  6.170E+14  1.243E+14  2.000E+00  1.000E+00
  17  1.400E+15  7.883E+12  1.055E+02  6.314E+14  1.271E+14  2.000E+00  1.000E+00
  18  1.447E+15  8.016E+12  1.094E+02  6.529E+14  1.314E+14  2.000E+00  1.000E+00
  19  1.424E+15  6.761E+12  8.563E+01  6.431E+14  1.293E+14  2.000E+00  1.000E+00
  20  1.468E+15  6.865E+12  8.847E+01  6.629E+14  1.333E+14  2.000E+00  1.000E+00
  21  1.507E+15  6.827E+12  8.862E+01  6.805E+14  1.368E+14  2.000E+00  1.000E+00
  22  1.521E+15  5.937E+12  7.274E+01  6.874E+14  1.381E+14  2.000E+00  1.000E+00
  23  1.517E+15  5.812E+12  7.047E+01  6.858E+14  1.378E+14  2.000E+00  1.000E+00
  24  1.526E+15  5.050E+12  5.752E+01  6.904E+14  1.386E+14  2.000E+00  1.000E+00
  25  1.554E+15  4.987E+12  5.680E+01  7.031E+14  1.411E+14  2.000E+00  1.000E+00
  26  1.584E+15  5.035E+12  5.795E+01  7.167E+14  1.438E+14  2.000E+00  1.000E+00
  27  1.551E+15  4.220E+12  4.433E+01  7.018E+14  1.408E+14  2.000E+00  1.000E+00
  28  1.577E+15  4.255E+12  4.511E+01  7.136E+14  1.431E+14  2.000E+00  1.000E+00
  29  1.565E+15  3.590E+12  3.490E+01  7.086E+14  1.421E+14  2.000E+00  1.000E+00
  30  1.585E+15  3.612E+12  3.536E+01  7.176E+14  1.439E+14  2.000E+00  1.000E+00
  31  1.579E+15  3.513E+12  3.387E+01  7.151E+14  1.434E+14  2.000E+00  1.000E+00
  32  1.566E+15  3.039E+12  2.715E+01  7.093E+14  1.422E+14  2.000E+00  1.000E+00
  33  1.574E+15  2.964E+12  2.618E+01  7.130E+14  1.429E+14  2.000E+00  1.000E+00
  34  1.555E+15  2.562E+12  2.090E+01  7.045E+14  1.412E+14  2.000E+00  1.000E+00
  35  1.557E+15  2.491E+12  2.004E+01  7.056E+14  1.414E+14  2.000E+00  1.000E+00
  36  1.527E+15  2.147E+12  1.588E+01  6.922E+14  1.386E+14  2.000E+00  1.000E+00
  37  1.526E+15  2.084E+12  1.516E+01  6.920E+14  1.386E+14  2.000E+00  1.000E+00
  38  1.530E+15  2.086E+12  1.520E+01  6.935E+14  1.389E+14  2.000E+00  1.000E+00
  39  1.495E+15  1.742E+12  1.145E+01  6.780E+14  1.358E+14  2.000E+00  1.000E+00
  40  1.495E+15  1.742E+12  1.145E+01  6.780E+14  1.358E+14  2.000E+00  1.000E+00
  41  1.460E+15  1.453E+12  8.598E+00  6.620E+14  1.325E+14  2.000E+00  1.000E+00
  42  1.457E+15  1.451E+12  8.579E+00  6.606E+14  1.323E+14  2.000E+00  1.000E+00
  43  1.445E+15  1.397E+12  8.077E+00  6.552E+14  1.312E+14  2.000E+00  1.000E+00
  44  1.418E+15  1.209E+12  6.421E+00  6.433E+14  1.288E+14  2.000E+00  1.000E+00
  45  1.405E+15  1.162E+12  6.026E+00  6.373E+14  1.276E+14  2.000E+00  1.000E+00
  46  1.372E+15  1.003E+12  4.767E+00  6.222E+14  1.245E+14  2.000E+00  1.000E+00
  47  1.355E+15  9.624E+11  4.455E+00  6.148E+14  1.231E+14  2.000E+00  1.000E+00
  48  1.332E+15  8.343E+11  3.551E+00  6.043E+14  1.209E+14  2.000E+00  1.000E+00
  49  1.315E+15  7.991E+11  3.310E+00  5.964E+14  1.194E+14  2.000E+00  1.000E+00
  50  1.302E+15  7.953E+11  3.278E+00  5.907E+14  1.182E+14  2.000E+00  1.000E+00
  ilin=           1
 PARTITION FUNCTIONS
 TEMP         1         2
  1835. 0.200E+01 0.100E+01
  1835. 0.200E+01 0.100E+01
  1815. 0.200E+01 0.100E+01
  1815. 0.200E+01 0.100E+01
  1796. 0.200E+01 0.100E+01
  1796. 0.200E+01 0.100E+01
  1777. 0.200E+01 0.100E+01
  1777. 0.200E+01 0.100E+01
  1776. 0.200E+01 0.100E+01
  1759. 0.200E+01 0.100E+01
  1757. 0.200E+01 0.100E+01
  1740. 0.200E+01 0.100E+01
  1739. 0.200E+01 0.100E+01
  1739. 0.200E+01 0.100E+01
  1720. 0.200E+01 0.100E+01
  1720. 0.200E+01 0.100E+01
  1702. 0.200E+01 0.100E+01
  1702. 0.200E+01 0.100E+01
  1685. 0.200E+01 0.100E+01
  1685. 0.200E+01 0.100E+01
  1683. 0.200E+01 0.100E+01
  1667. 0.200E+01 0.100E+01
  1665. 0.200E+01 0.100E+01
  1650. 0.200E+01 0.100E+01
  1648. 0.200E+01 0.100E+01
  1648. 0.200E+01 0.100E+01
  1631. 0.200E+01 0.100E+01
  1631. 0.200E+01 0.100E+01
  1614. 0.200E+01 0.100E+01
  1614. 0.200E+01 0.100E+01
  1611. 0.200E+01 0.100E+01
  1598. 0.200E+01 0.100E+01
  1595. 0.200E+01 0.100E+01
  1582. 0.200E+01 0.100E+01
  1579. 0.200E+01 0.100E+01
  1566. 0.200E+01 0.100E+01
  1563. 0.200E+01 0.100E+01
  1563. 0.200E+01 0.100E+01
  1547. 0.200E+01 0.100E+01
  1547. 0.200E+01 0.100E+01
  1532. 0.200E+01 0.100E+01
  1532. 0.200E+01 0.100E+01
  1529. 0.200E+01 0.100E+01
  1517. 0.200E+01 0.100E+01
  1514. 0.200E+01 0.100E+01
  1502. 0.200E+01 0.100E+01
  1499. 0.200E+01 0.100E+01
  1488. 0.200E+01 0.100E+01
  1485. 0.200E+01 0.100E+01
  1485. 0.200E+01 0.100E+01
    N(J)/N  ION POPULATIONS
 z          1          2
 0.135D+12  0.100D+01  0.123D-24
 0.162D+12  0.100D+01  0.123D-24
 0.189D+12  0.100D+01  0.483D-25
 0.216D+12  0.100D+01  0.458D-25
 0.243D+12  0.100D+01  0.183D-25
 0.271D+12  0.100D+01  0.183D-25
 0.298D+12  0.100D+01  0.742D-26
 0.325D+12  0.100D+01  0.713D-26
 0.352D+12  0.100D+01  0.659D-26
 0.379D+12  0.100D+01  0.283D-26
 0.406D+12  0.100D+01  0.269D-26
 0.433D+12  0.100D+01  0.118D-26
 0.460D+12  0.100D+01  0.108D-26
 0.487D+12  0.100D+01  0.105D-26
 0.514D+12  0.100D+01  0.447D-27
 0.541D+12  0.100D+01  0.436D-27
 0.568D+12  0.100D+01  0.183D-27
 0.595D+12  0.100D+01  0.179D-27
 0.622D+12  0.100D+01  0.767D-28
 0.649D+12  0.100D+01  0.754D-28
 0.676D+12  0.100D+01  0.673D-28
 0.703D+12  0.100D+01  0.314D-28
 0.730D+12  0.100D+01  0.283D-28
 0.758D+12  0.100D+01  0.133D-28
 0.785D+12  0.100D+01  0.118D-28
 0.812D+12  0.100D+01  0.116D-28
 0.839D+12  0.100D+01  0.497D-29
 0.866D+12  0.100D+01  0.493D-29
 0.893D+12  0.100D+01  0.209D-29
 0.920D+12  0.100D+01  0.207D-29
 0.947D+12  0.100D+01  0.181D-29
 0.974D+12  0.100D+01  0.881D-30
 0.100D+13  0.100D+01  0.762D-30
 0.103D+13  0.100D+01  0.373D-30
 0.106D+13  0.100D+01  0.321D-30
 0.108D+13  0.100D+01  0.159D-30
 0.111D+13  0.100D+01  0.136D-30
 0.114D+13  0.100D+01  0.136D-30
 0.116D+13  0.100D+01  0.577D-31
 0.119D+13  0.100D+01  0.577D-31
 0.122D+13  0.100D+01  0.245D-31
 0.124D+13  0.100D+01  0.245D-31
 0.127D+13  0.100D+01  0.207D-31
 0.130D+13  0.100D+01  0.104D-31
 0.133D+13  0.100D+01  0.877D-32
 0.135D+13  0.100D+01  0.445D-32
 0.138D+13  0.100D+01  0.373D-32
 0.141D+13  0.100D+01  0.189D-32
 0.143D+13  0.100D+01  0.158D-32
 0.146D+13  0.100D+01  0.159D-32
 i   GR        GS        GW        
  1 0.617E+09 0.313E-04 0.853E-07
  2 0.617E+09 0.313E-04 0.853E-07
  3 0.617E+09 0.313E-04 0.853E-07
  4 0.617E+09 0.313E-04 0.853E-07
  5 0.617E+09 0.313E-04 0.853E-07
  6 0.617E+09 0.313E-04 0.853E-07
  7 0.617E+09 0.313E-04 0.853E-07
  8 0.617E+09 0.313E-04 0.853E-07
  9 0.617E+09 0.313E-04 0.853E-07
 10 0.617E+09 0.313E-04 0.853E-07
 11 0.617E+09 0.313E-04 0.853E-07
 12 0.617E+09 0.313E-04 0.853E-07
 13 0.617E+09 0.313E-04 0.853E-07
 14 0.617E+09 0.313E-04 0.853E-07
 15 0.617E+09 0.313E-04 0.853E-07
 16 0.617E+09 0.313E-04 0.853E-07
 17 0.617E+09 0.313E-04 0.853E-07
 18 0.617E+09 0.313E-04 0.853E-07
 19 0.617E+09 0.313E-04 0.853E-07
 20 0.617E+09 0.313E-04 0.853E-07
 21 0.617E+09 0.313E-04 0.853E-07
 22 0.617E+09 0.313E-04 0.853E-07
 23 0.617E+09 0.313E-04 0.853E-07
 24 0.617E+09 0.313E-04 0.853E-07
 25 0.617E+09 0.313E-04 0.853E-07
 26 0.617E+09 0.313E-04 0.853E-07
 27 0.617E+09 0.313E-04 0.853E-07
 28 0.617E+09 0.313E-04 0.853E-07
 29 0.617E+09 0.313E-04 0.853E-07
 30 0.617E+09 0.313E-04 0.853E-07
 31 0.617E+09 0.313E-04 0.853E-07
 32 0.617E+09 0.313E-04 0.853E-07
 33 0.617E+09 0.313E-04 0.853E-07
 34 0.617E+09 0.313E-04 0.853E-07
 35 0.617E+09 0.313E-04 0.853E-07
 36 0.617E+09 0.313E-04 0.853E-07
 37 0.617E+09 0.313E-04 0.853E-07
 38 0.617E+09 0.313E-04 0.853E-07
 39 0.617E+09 0.313E-04 0.853E-07
 40 0.617E+09 0.313E-04 0.853E-07
 41 0.617E+09 0.313E-04 0.853E-07
 42 0.617E+09 0.313E-04 0.853E-07
 43 0.617E+09 0.313E-04 0.853E-07
 44 0.617E+09 0.313E-04 0.853E-07
 45 0.617E+09 0.313E-04 0.853E-07
 46 0.617E+09 0.313E-04 0.853E-07
 47 0.617E+09 0.313E-04 0.853E-07
 48 0.617E+09 0.313E-04 0.853E-07
 49 0.617E+09 0.313E-04 0.853E-07
 50 0.617E+09 0.313E-04 0.853E-07
  ilin=           2
 PARTITION FUNCTIONS
 TEMP         1         2
  1835. 0.200E+01 0.100E+01
  1835. 0.200E+01 0.100E+01
  1815. 0.200E+01 0.100E+01
  1815. 0.200E+01 0.100E+01
  1796. 0.200E+01 0.100E+01
  1796. 0.200E+01 0.100E+01
  1777. 0.200E+01 0.100E+01
  1777. 0.200E+01 0.100E+01
  1776. 0.200E+01 0.100E+01
  1759. 0.200E+01 0.100E+01
  1757. 0.200E+01 0.100E+01
  1740. 0.200E+01 0.100E+01
  1739. 0.200E+01 0.100E+01
  1739. 0.200E+01 0.100E+01
  1720. 0.200E+01 0.100E+01
  1720. 0.200E+01 0.100E+01
  1702. 0.200E+01 0.100E+01
  1702. 0.200E+01 0.100E+01
  1685. 0.200E+01 0.100E+01
  1685. 0.200E+01 0.100E+01
  1683. 0.200E+01 0.100E+01
  1667. 0.200E+01 0.100E+01
  1665. 0.200E+01 0.100E+01
  1650. 0.200E+01 0.100E+01
  1648. 0.200E+01 0.100E+01
  1648. 0.200E+01 0.100E+01
  1631. 0.200E+01 0.100E+01
  1631. 0.200E+01 0.100E+01
  1614. 0.200E+01 0.100E+01
  1614. 0.200E+01 0.100E+01
  1611. 0.200E+01 0.100E+01
  1598. 0.200E+01 0.100E+01
  1595. 0.200E+01 0.100E+01
  1582. 0.200E+01 0.100E+01
  1579. 0.200E+01 0.100E+01
  1566. 0.200E+01 0.100E+01
  1563. 0.200E+01 0.100E+01
  1563. 0.200E+01 0.100E+01
  1547. 0.200E+01 0.100E+01
  1547. 0.200E+01 0.100E+01
  1532. 0.200E+01 0.100E+01
  1532. 0.200E+01 0.100E+01
  1529. 0.200E+01 0.100E+01
  1517. 0.200E+01 0.100E+01
  1514. 0.200E+01 0.100E+01
  1502. 0.200E+01 0.100E+01
  1499. 0.200E+01 0.100E+01
  1488. 0.200E+01 0.100E+01
  1485. 0.200E+01 0.100E+01
  1485. 0.200E+01 0.100E+01
    N(J)/N  ION POPULATIONS
 z          1          2
 0.135D+12  0.100D+01  0.123D-24
 0.162D+12  0.100D+01  0.123D-24
 0.189D+12  0.100D+01  0.483D-25
 0.216D+12  0.100D+01  0.458D-25
 0.243D+12  0.100D+01  0.183D-25
 0.271D+12  0.100D+01  0.183D-25
 0.298D+12  0.100D+01  0.742D-26
 0.325D+12  0.100D+01  0.713D-26
 0.352D+12  0.100D+01  0.659D-26
 0.379D+12  0.100D+01  0.283D-26
 0.406D+12  0.100D+01  0.269D-26
 0.433D+12  0.100D+01  0.118D-26
 0.460D+12  0.100D+01  0.108D-26
 0.487D+12  0.100D+01  0.105D-26
 0.514D+12  0.100D+01  0.447D-27
 0.541D+12  0.100D+01  0.436D-27
 0.568D+12  0.100D+01  0.183D-27
 0.595D+12  0.100D+01  0.179D-27
 0.622D+12  0.100D+01  0.767D-28
 0.649D+12  0.100D+01  0.754D-28
 0.676D+12  0.100D+01  0.673D-28
 0.703D+12  0.100D+01  0.314D-28
 0.730D+12  0.100D+01  0.283D-28
 0.758D+12  0.100D+01  0.133D-28
 0.785D+12  0.100D+01  0.118D-28
 0.812D+12  0.100D+01  0.116D-28
 0.839D+12  0.100D+01  0.497D-29
 0.866D+12  0.100D+01  0.493D-29
 0.893D+12  0.100D+01  0.209D-29
 0.920D+12  0.100D+01  0.207D-29
 0.947D+12  0.100D+01  0.181D-29
 0.974D+12  0.100D+01  0.881D-30
 0.100D+13  0.100D+01  0.762D-30
 0.103D+13  0.100D+01  0.373D-30
 0.106D+13  0.100D+01  0.321D-30
 0.108D+13  0.100D+01  0.159D-30
 0.111D+13  0.100D+01  0.136D-30
 0.114D+13  0.100D+01  0.136D-30
 0.116D+13  0.100D+01  0.577D-31
 0.119D+13  0.100D+01  0.577D-31
 0.122D+13  0.100D+01  0.245D-31
 0.124D+13  0.100D+01  0.245D-31
 0.127D+13  0.100D+01  0.207D-31
 0.130D+13  0.100D+01  0.104D-31
 0.133D+13  0.100D+01  0.877D-32
 0.135D+13  0.100D+01  0.445D-32
 0.138D+13  0.100D+01  0.373D-32
 0.141D+13  0.100D+01  0.189D-32
 0.143D+13  0.100D+01  0.158D-32
 0.146D+13  0.100D+01  0.159D-32
 i   GR        GS        GW        
  1 0.617E+09 0.313E-04 0.853E-07
  2 0.617E+09 0.313E-04 0.853E-07
  3 0.617E+09 0.313E-04 0.853E-07
  4 0.617E+09 0.313E-04 0.853E-07
  5 0.617E+09 0.313E-04 0.853E-07
  6 0.617E+09 0.313E-04 0.853E-07
  7 0.617E+09 0.313E-04 0.853E-07
  8 0.617E+09 0.313E-04 0.853E-07
  9 0.617E+09 0.313E-04 0.853E-07
 10 0.617E+09 0.313E-04 0.853E-07
 11 0.617E+09 0.313E-04 0.853E-07
 12 0.617E+09 0.313E-04 0.853E-07
 13 0.617E+09 0.313E-04 0.853E-07
 14 0.617E+09 0.313E-04 0.853E-07
 15 0.617E+09 0.313E-04 0.853E-07
 16 0.617E+09 0.313E-04 0.853E-07
 17 0.617E+09 0.313E-04 0.853E-07
 18 0.617E+09 0.313E-04 0.853E-07
 19 0.617E+09 0.313E-04 0.853E-07
 20 0.617E+09 0.313E-04 0.853E-07
 21 0.617E+09 0.313E-04 0.853E-07
 22 0.617E+09 0.313E-04 0.853E-07
 23 0.617E+09 0.313E-04 0.853E-07
 24 0.617E+09 0.313E-04 0.853E-07
 25 0.617E+09 0.313E-04 0.853E-07
 26 0.617E+09 0.313E-04 0.853E-07
 27 0.617E+09 0.313E-04 0.853E-07
 28 0.617E+09 0.313E-04 0.853E-07
 29 0.617E+09 0.313E-04 0.853E-07
 30 0.617E+09 0.313E-04 0.853E-07
 31 0.617E+09 0.313E-04 0.853E-07
 32 0.617E+09 0.313E-04 0.853E-07
 33 0.617E+09 0.313E-04 0.853E-07
 34 0.617E+09 0.313E-04 0.853E-07
 35 0.617E+09 0.313E-04 0.853E-07
 36 0.617E+09 0.313E-04 0.853E-07
 37 0.617E+09 0.313E-04 0.853E-07
 38 0.617E+09 0.313E-04 0.853E-07
 39 0.617E+09 0.313E-04 0.853E-07
 40 0.617E+09 0.313E-04 0.853E-07
 41 0.617E+09 0.313E-04 0.853E-07
 42 0.617E+09 0.313E-04 0.853E-07
 43 0.617E+09 0.313E-04 0.853E-07
 44 0.617E+09 0.313E-04 0.853E-07
 45 0.617E+09 0.313E-04 0.853E-07
 46 0.617E+09 0.313E-04 0.853E-07
 47 0.617E+09 0.313E-04 0.853E-07
 48 0.617E+09 0.313E-04 0.853E-07
 49 0.617E+09 0.313E-04 0.853E-07
 50 0.617E+09 0.313E-04 0.853E-07
  ilin=           3
 PARTITION FUNCTIONS
 TEMP         1         2
  1835. 0.200E+01 0.100E+01
  1835. 0.200E+01 0.100E+01
  1815. 0.200E+01 0.100E+01
  1815. 0.200E+01 0.100E+01
  1796. 0.200E+01 0.100E+01
  1796. 0.200E+01 0.100E+01
  1777. 0.200E+01 0.100E+01
  1777. 0.200E+01 0.100E+01
  1776. 0.200E+01 0.100E+01
  1759. 0.200E+01 0.100E+01
  1757. 0.200E+01 0.100E+01
  1740. 0.200E+01 0.100E+01
  1739. 0.200E+01 0.100E+01
  1739. 0.200E+01 0.100E+01
  1720. 0.200E+01 0.100E+01
  1720. 0.200E+01 0.100E+01
  1702. 0.200E+01 0.100E+01
  1702. 0.200E+01 0.100E+01
  1685. 0.200E+01 0.100E+01
  1685. 0.200E+01 0.100E+01
  1683. 0.200E+01 0.100E+01
  1667. 0.200E+01 0.100E+01
  1665. 0.200E+01 0.100E+01
  1650. 0.200E+01 0.100E+01
  1648. 0.200E+01 0.100E+01
  1648. 0.200E+01 0.100E+01
  1631. 0.200E+01 0.100E+01
  1631. 0.200E+01 0.100E+01
  1614. 0.200E+01 0.100E+01
  1614. 0.200E+01 0.100E+01
  1611. 0.200E+01 0.100E+01
  1598. 0.200E+01 0.100E+01
  1595. 0.200E+01 0.100E+01
  1582. 0.200E+01 0.100E+01
  1579. 0.200E+01 0.100E+01
  1566. 0.200E+01 0.100E+01
  1563. 0.200E+01 0.100E+01
  1563. 0.200E+01 0.100E+01
  1547. 0.200E+01 0.100E+01
  1547. 0.200E+01 0.100E+01
  1532. 0.200E+01 0.100E+01
  1532. 0.200E+01 0.100E+01
  1529. 0.200E+01 0.100E+01
  1517. 0.200E+01 0.100E+01
  1514. 0.200E+01 0.100E+01
  1502. 0.200E+01 0.100E+01
  1499. 0.200E+01 0.100E+01
  1488. 0.200E+01 0.100E+01
  1485. 0.200E+01 0.100E+01
  1485. 0.200E+01 0.100E+01
    N(J)/N  ION POPULATIONS
 z          1          2
 0.135D+12  0.100D+01  0.123D-24
 0.162D+12  0.100D+01  0.123D-24
 0.189D+12  0.100D+01  0.483D-25
 0.216D+12  0.100D+01  0.458D-25
 0.243D+12  0.100D+01  0.183D-25
 0.271D+12  0.100D+01  0.183D-25
 0.298D+12  0.100D+01  0.742D-26
 0.325D+12  0.100D+01  0.713D-26
 0.352D+12  0.100D+01  0.659D-26
 0.379D+12  0.100D+01  0.283D-26
 0.406D+12  0.100D+01  0.269D-26
 0.433D+12  0.100D+01  0.118D-26
 0.460D+12  0.100D+01  0.108D-26
 0.487D+12  0.100D+01  0.105D-26
 0.514D+12  0.100D+01  0.447D-27
 0.541D+12  0.100D+01  0.436D-27
 0.568D+12  0.100D+01  0.183D-27
 0.595D+12  0.100D+01  0.179D-27
 0.622D+12  0.100D+01  0.767D-28
 0.649D+12  0.100D+01  0.754D-28
 0.676D+12  0.100D+01  0.673D-28
 0.703D+12  0.100D+01  0.314D-28
 0.730D+12  0.100D+01  0.283D-28
 0.758D+12  0.100D+01  0.133D-28
 0.785D+12  0.100D+01  0.118D-28
 0.812D+12  0.100D+01  0.116D-28
 0.839D+12  0.100D+01  0.497D-29
 0.866D+12  0.100D+01  0.493D-29
 0.893D+12  0.100D+01  0.209D-29
 0.920D+12  0.100D+01  0.207D-29
 0.947D+12  0.100D+01  0.181D-29
 0.974D+12  0.100D+01  0.881D-30
 0.100D+13  0.100D+01  0.762D-30
 0.103D+13  0.100D+01  0.373D-30
 0.106D+13  0.100D+01  0.321D-30
 0.108D+13  0.100D+01  0.159D-30
 0.111D+13  0.100D+01  0.136D-30
 0.114D+13  0.100D+01  0.136D-30
 0.116D+13  0.100D+01  0.577D-31
 0.119D+13  0.100D+01  0.577D-31
 0.122D+13  0.100D+01  0.245D-31
 0.124D+13  0.100D+01  0.245D-31
 0.127D+13  0.100D+01  0.207D-31
 0.130D+13  0.100D+01  0.104D-31
 0.133D+13  0.100D+01  0.877D-32
 0.135D+13  0.100D+01  0.445D-32
 0.138D+13  0.100D+01  0.373D-32
 0.141D+13  0.100D+01  0.189D-32
 0.143D+13  0.100D+01  0.158D-32
 0.146D+13  0.100D+01  0.159D-32
 i   GR        GS        GW        
  1 0.603E+09 0.103E-04 0.598E-07
  2 0.603E+09 0.103E-04 0.598E-07
  3 0.603E+09 0.103E-04 0.598E-07
  4 0.603E+09 0.103E-04 0.598E-07
  5 0.603E+09 0.103E-04 0.598E-07
  6 0.603E+09 0.103E-04 0.598E-07
  7 0.603E+09 0.103E-04 0.598E-07
  8 0.603E+09 0.103E-04 0.598E-07
  9 0.603E+09 0.103E-04 0.598E-07
 10 0.603E+09 0.103E-04 0.598E-07
 11 0.603E+09 0.103E-04 0.598E-07
 12 0.603E+09 0.103E-04 0.598E-07
 13 0.603E+09 0.103E-04 0.598E-07
 14 0.603E+09 0.103E-04 0.598E-07
 15 0.603E+09 0.103E-04 0.598E-07
 16 0.603E+09 0.103E-04 0.598E-07
 17 0.603E+09 0.103E-04 0.598E-07
 18 0.603E+09 0.103E-04 0.598E-07
 19 0.603E+09 0.103E-04 0.598E-07
 20 0.603E+09 0.103E-04 0.598E-07
 21 0.603E+09 0.103E-04 0.598E-07
 22 0.603E+09 0.103E-04 0.598E-07
 23 0.603E+09 0.103E-04 0.598E-07
 24 0.603E+09 0.103E-04 0.598E-07
 25 0.603E+09 0.103E-04 0.598E-07
 26 0.603E+09 0.103E-04 0.598E-07
 27 0.603E+09 0.103E-04 0.598E-07
 28 0.603E+09 0.103E-04 0.598E-07
 29 0.603E+09 0.103E-04 0.598E-07
 30 0.603E+09 0.103E-04 0.598E-07
 31 0.603E+09 0.103E-04 0.598E-07
 32 0.603E+09 0.103E-04 0.598E-07
 33 0.603E+09 0.103E-04 0.598E-07
 34 0.603E+09 0.103E-04 0.598E-07
 35 0.603E+09 0.103E-04 0.598E-07
 36 0.603E+09 0.103E-04 0.598E-07
 37 0.603E+09 0.103E-04 0.598E-07
 38 0.603E+09 0.103E-04 0.598E-07
 39 0.603E+09 0.103E-04 0.598E-07
 40 0.603E+09 0.103E-04 0.598E-07
 41 0.603E+09 0.103E-04 0.598E-07
 42 0.603E+09 0.103E-04 0.598E-07
 43 0.603E+09 0.103E-04 0.598E-07
 44 0.603E+09 0.103E-04 0.598E-07
 45 0.603E+09 0.103E-04 0.598E-07
 46 0.603E+09 0.103E-04 0.598E-07
 47 0.603E+09 0.103E-04 0.598E-07
 48 0.603E+09 0.103E-04 0.598E-07
 49 0.603E+09 0.103E-04 0.598E-07
 50 0.603E+09 0.103E-04 0.598E-07
  ilin=           4
 PARTITION FUNCTIONS
 TEMP         1         2
  1835. 0.200E+01 0.100E+01
  1835. 0.200E+01 0.100E+01
  1815. 0.200E+01 0.100E+01
  1815. 0.200E+01 0.100E+01
  1796. 0.200E+01 0.100E+01
  1796. 0.200E+01 0.100E+01
  1777. 0.200E+01 0.100E+01
  1777. 0.200E+01 0.100E+01
  1776. 0.200E+01 0.100E+01
  1759. 0.200E+01 0.100E+01
  1757. 0.200E+01 0.100E+01
  1740. 0.200E+01 0.100E+01
  1739. 0.200E+01 0.100E+01
  1739. 0.200E+01 0.100E+01
  1720. 0.200E+01 0.100E+01
  1720. 0.200E+01 0.100E+01
  1702. 0.200E+01 0.100E+01
  1702. 0.200E+01 0.100E+01
  1685. 0.200E+01 0.100E+01
  1685. 0.200E+01 0.100E+01
  1683. 0.200E+01 0.100E+01
  1667. 0.200E+01 0.100E+01
  1665. 0.200E+01 0.100E+01
  1650. 0.200E+01 0.100E+01
  1648. 0.200E+01 0.100E+01
  1648. 0.200E+01 0.100E+01
  1631. 0.200E+01 0.100E+01
  1631. 0.200E+01 0.100E+01
  1614. 0.200E+01 0.100E+01
  1614. 0.200E+01 0.100E+01
  1611. 0.200E+01 0.100E+01
  1598. 0.200E+01 0.100E+01
  1595. 0.200E+01 0.100E+01
  1582. 0.200E+01 0.100E+01
  1579. 0.200E+01 0.100E+01
  1566. 0.200E+01 0.100E+01
  1563. 0.200E+01 0.100E+01
  1563. 0.200E+01 0.100E+01
  1547. 0.200E+01 0.100E+01
  1547. 0.200E+01 0.100E+01
  1532. 0.200E+01 0.100E+01
  1532. 0.200E+01 0.100E+01
  1529. 0.200E+01 0.100E+01
  1517. 0.200E+01 0.100E+01
  1514. 0.200E+01 0.100E+01
  1502. 0.200E+01 0.100E+01
  1499. 0.200E+01 0.100E+01
  1488. 0.200E+01 0.100E+01
  1485. 0.200E+01 0.100E+01
  1485. 0.200E+01 0.100E+01
    N(J)/N  ION POPULATIONS
 z          1          2
 0.135D+12  0.100D+01  0.123D-24
 0.162D+12  0.100D+01  0.123D-24
 0.189D+12  0.100D+01  0.483D-25
 0.216D+12  0.100D+01  0.458D-25
 0.243D+12  0.100D+01  0.183D-25
 0.271D+12  0.100D+01  0.183D-25
 0.298D+12  0.100D+01  0.742D-26
 0.325D+12  0.100D+01  0.713D-26
 0.352D+12  0.100D+01  0.659D-26
 0.379D+12  0.100D+01  0.283D-26
 0.406D+12  0.100D+01  0.269D-26
 0.433D+12  0.100D+01  0.118D-26
 0.460D+12  0.100D+01  0.108D-26
 0.487D+12  0.100D+01  0.105D-26
 0.514D+12  0.100D+01  0.447D-27
 0.541D+12  0.100D+01  0.436D-27
 0.568D+12  0.100D+01  0.183D-27
 0.595D+12  0.100D+01  0.179D-27
 0.622D+12  0.100D+01  0.767D-28
 0.649D+12  0.100D+01  0.754D-28
 0.676D+12  0.100D+01  0.673D-28
 0.703D+12  0.100D+01  0.314D-28
 0.730D+12  0.100D+01  0.283D-28
 0.758D+12  0.100D+01  0.133D-28
 0.785D+12  0.100D+01  0.118D-28
 0.812D+12  0.100D+01  0.116D-28
 0.839D+12  0.100D+01  0.497D-29
 0.866D+12  0.100D+01  0.493D-29
 0.893D+12  0.100D+01  0.209D-29
 0.920D+12  0.100D+01  0.207D-29
 0.947D+12  0.100D+01  0.181D-29
 0.974D+12  0.100D+01  0.881D-30
 0.100D+13  0.100D+01  0.762D-30
 0.103D+13  0.100D+01  0.373D-30
 0.106D+13  0.100D+01  0.321D-30
 0.108D+13  0.100D+01  0.159D-30
 0.111D+13  0.100D+01  0.136D-30
 0.114D+13  0.100D+01  0.136D-30
 0.116D+13  0.100D+01  0.577D-31
 0.119D+13  0.100D+01  0.577D-31
 0.122D+13  0.100D+01  0.245D-31
 0.124D+13  0.100D+01  0.245D-31
 0.127D+13  0.100D+01  0.207D-31
 0.130D+13  0.100D+01  0.104D-31
 0.133D+13  0.100D+01  0.877D-32
 0.135D+13  0.100D+01  0.445D-32
 0.138D+13  0.100D+01  0.373D-32
 0.141D+13  0.100D+01  0.189D-32
 0.143D+13  0.100D+01  0.158D-32
 0.146D+13  0.100D+01  0.159D-32
 i   GR        GS        GW        
  1 0.575E+09 0.244E-05 0.377E-07
  2 0.575E+09 0.244E-05 0.377E-07
  3 0.575E+09 0.244E-05 0.377E-07
  4 0.575E+09 0.244E-05 0.377E-07
  5 0.575E+09 0.244E-05 0.377E-07
  6 0.575E+09 0.244E-05 0.377E-07
  7 0.575E+09 0.244E-05 0.377E-07
  8 0.575E+09 0.244E-05 0.377E-07
  9 0.575E+09 0.244E-05 0.377E-07
 10 0.575E+09 0.244E-05 0.377E-07
 11 0.575E+09 0.244E-05 0.377E-07
 12 0.575E+09 0.244E-05 0.377E-07
 13 0.575E+09 0.244E-05 0.377E-07
 14 0.575E+09 0.244E-05 0.377E-07
 15 0.575E+09 0.244E-05 0.377E-07
 16 0.575E+09 0.244E-05 0.377E-07
 17 0.575E+09 0.244E-05 0.377E-07
 18 0.575E+09 0.244E-05 0.377E-07
 19 0.575E+09 0.244E-05 0.377E-07
 20 0.575E+09 0.244E-05 0.377E-07
 21 0.575E+09 0.244E-05 0.377E-07
 22 0.575E+09 0.244E-05 0.377E-07
 23 0.575E+09 0.244E-05 0.377E-07
 24 0.575E+09 0.244E-05 0.377E-07
 25 0.575E+09 0.244E-05 0.377E-07
 26 0.575E+09 0.244E-05 0.377E-07
 27 0.575E+09 0.244E-05 0.377E-07
 28 0.575E+09 0.244E-05 0.377E-07
 29 0.575E+09 0.244E-05 0.377E-07
 30 0.575E+09 0.244E-05 0.377E-07
 31 0.575E+09 0.244E-05 0.377E-07
 32 0.575E+09 0.244E-05 0.377E-07
 33 0.575E+09 0.244E-05 0.377E-07
 34 0.575E+09 0.244E-05 0.377E-07
 35 0.575E+09 0.244E-05 0.377E-07
 36 0.575E+09 0.244E-05 0.377E-07
 37 0.575E+09 0.244E-05 0.377E-07
 38 0.575E+09 0.244E-05 0.377E-07
 39 0.575E+09 0.244E-05 0.377E-07
 40 0.575E+09 0.244E-05 0.377E-07
 41 0.575E+09 0.244E-05 0.377E-07
 42 0.575E+09 0.244E-05 0.377E-07
 43 0.575E+09 0.244E-05 0.377E-07
 44 0.575E+09 0.244E-05 0.377E-07
 45 0.575E+09 0.244E-05 0.377E-07
 46 0.575E+09 0.244E-05 0.377E-07
 47 0.575E+09 0.244E-05 0.377E-07
 48 0.575E+09 0.244E-05 0.377E-07
 49 0.575E+09 0.244E-05 0.377E-07
 50 0.575E+09 0.244E-05 0.377E-07
  iunt=           0  aintb=   0.0000000000000000     
  lambda=   3439.6226471381078     
 id  ophbf     ophff     opth      ophrs     ophn      opmieb    opmiej    oplin     opmol
  1  7.89E-32  6.73E-16  4.62E-17  8.96E-14  3.45E-15  0.00E+00  0.00E+00  8.50E-37  0.00E+00
  2  7.89E-32  6.73E-16  4.62E-17  8.96E-14  3.45E-15  0.00E+00  0.00E+00  8.50E-37  0.00E+00
  3  3.56E-32  7.39E-16  4.63E-17  8.04E-14  3.31E-15  0.00E+00  0.00E+00  4.64E-37  0.00E+00
  4  3.68E-32  8.35E-16  4.88E-17  8.32E-14  3.61E-15  0.00E+00  0.00E+00  4.97E-37  0.00E+00
  5  1.64E-32  8.80E-16  4.75E-17  7.40E-14  3.35E-15  0.00E+00  0.00E+00  2.66E-37  0.00E+00
  6  1.64E-32  8.80E-16  4.75E-17  7.40E-14  3.35E-15  0.00E+00  0.00E+00  2.66E-37  0.00E+00
  7  7.18E-33  9.02E-16  4.54E-17  6.54E-14  3.03E-15  0.00E+00  0.00E+00  1.41E-37  0.00E+00
  8  7.38E-33  9.94E-16  4.72E-17  6.73E-14  3.24E-15  0.00E+00  0.00E+00  1.49E-37  0.00E+00
  9  7.28E-33  1.09E-15  4.88E-17  6.87E-14  3.43E-15  0.00E+00  0.00E+00  1.52E-37  0.00E+00
 10  3.28E-33  1.07E-15  4.57E-17  6.06E-14  3.02E-15  0.00E+00  0.00E+00  8.13E-38  0.00E+00
 11  3.11E-33  1.06E-15  4.54E-17  6.00E-14  2.98E-15  0.00E+00  0.00E+00  7.78E-38  0.00E+00
 12  1.40E-33  1.03E-15  4.19E-17  5.29E-14  2.59E-15  0.00E+00  0.00E+00  4.15E-38  0.00E+00
 13  1.35E-33  1.10E-15  4.27E-17  5.34E-14  2.68E-15  0.00E+00  0.00E+00  4.12E-38  0.00E+00
 14  1.38E-33  1.18E-15  4.39E-17  5.46E-14  2.81E-15  0.00E+00  0.00E+00  4.30E-38  0.00E+00
 15  5.65E-34  1.03E-15  3.85E-17  4.62E-14  2.24E-15  0.00E+00  0.00E+00  2.06E-38  0.00E+00
 16  5.76E-34  1.09E-15  3.95E-17  4.71E-14  2.34E-15  0.00E+00  0.00E+00  2.14E-38  0.00E+00
 17  2.39E-34  1.00E-15  3.51E-17  4.05E-14  1.92E-15  0.00E+00  0.00E+00  1.06E-38  0.00E+00
 18  2.43E-34  1.06E-15  3.58E-17  4.12E-14  1.99E-15  0.00E+00  0.00E+00  1.09E-38  0.00E+00
 19  9.85E-35  9.05E-16  3.10E-17  3.48E-14  1.56E-15  0.00E+00  0.00E+00  5.16E-39  0.00E+00
 20  1.00E-34  9.49E-16  3.15E-17  3.53E-14  1.61E-15  0.00E+00  0.00E+00  5.32E-39  0.00E+00
 21  9.15E-35  9.74E-16  3.15E-17  3.51E-14  1.61E-15  0.00E+00  0.00E+00  5.02E-39  0.00E+00
 22  4.14E-35  8.77E-16  2.79E-17  3.05E-14  1.32E-15  0.00E+00  0.00E+00  2.64E-39  0.00E+00
 23  3.70E-35  8.59E-16  2.74E-17  2.99E-14  1.28E-15  0.00E+00  0.00E+00  2.40E-39  0.00E+00
 24  1.68E-35  7.67E-16  2.42E-17  2.60E-14  1.05E-15  0.00E+00  0.00E+00  1.27E-39  0.00E+00
 25  1.51E-35  7.75E-16  2.40E-17  2.57E-14  1.03E-15  0.00E+00  0.00E+00  1.17E-39  0.00E+00
 26  1.52E-35  7.98E-16  2.42E-17  2.59E-14  1.06E-15  0.00E+00  0.00E+00  1.19E-39  0.00E+00
 27  6.03E-36  6.68E-16  2.06E-17  2.17E-14  8.07E-16  0.00E+00  0.00E+00  5.51E-40  0.00E+00
 28  6.08E-36  6.85E-16  2.08E-17  2.19E-14  8.21E-16  0.00E+00  0.00E+00  5.61E-40  0.00E+00
 29  2.42E-36  5.84E-16  1.78E-17  1.85E-14  6.36E-16  0.00E+00  0.00E+00  2.63E-40  0.00E+00
 30  2.44E-36  5.95E-16  1.79E-17  1.86E-14  6.44E-16  0.00E+00  0.00E+00  2.66E-40  0.00E+00
 31  2.11E-36  5.78E-16  1.74E-17  1.81E-14  6.17E-16  0.00E+00  0.00E+00  2.35E-40  0.00E+00
 32  9.66E-37  5.03E-16  1.52E-17  1.56E-14  4.94E-16  0.00E+00  0.00E+00  1.24E-40  0.00E+00
 33  8.32E-37  4.94E-16  1.49E-17  1.52E-14  4.77E-16  0.00E+00  0.00E+00  1.10E-40  0.00E+00
 34  3.83E-37  4.27E-16  1.29E-17  1.32E-14  3.81E-16  0.00E+00  0.00E+00  5.78E-41  0.00E+00
 35  3.27E-37  4.17E-16  1.26E-17  1.28E-14  3.65E-16  0.00E+00  0.00E+00  5.08E-41  0.00E+00
 36  1.51E-37  3.56E-16  1.09E-17  1.10E-14  2.89E-16  0.00E+00  0.00E+00  2.66E-41  0.00E+00
 37  1.28E-37  3.46E-16  1.06E-17  1.07E-14  2.76E-16  0.00E+00  0.00E+00  2.32E-41  0.00E+00
 38  1.28E-37  3.47E-16  1.06E-17  1.07E-14  2.77E-16  0.00E+00  0.00E+00  2.33E-41  0.00E+00
 39  4.98E-38  2.86E-16  8.92E-18  8.96E-15  2.08E-16  0.00E+00  0.00E+00  1.06E-41  0.00E+00
 40  4.98E-38  2.86E-16  8.92E-18  8.96E-15  2.08E-16  0.00E+00  0.00E+00  1.06E-41  0.00E+00
 41  1.93E-38  2.36E-16  7.48E-18  7.47E-15  1.57E-16  0.00E+00  0.00E+00  4.83E-42  0.00E+00
 42  1.93E-38  2.35E-16  7.47E-18  7.46E-15  1.56E-16  0.00E+00  0.00E+00  4.82E-42  0.00E+00
 43  1.60E-38  2.25E-16  7.20E-18  7.19E-15  1.47E-16  0.00E+00  0.00E+00  4.11E-42  0.00E+00
 44  7.49E-39  1.92E-16  6.25E-18  6.22E-15  1.17E-16  0.00E+00  0.00E+00  2.19E-42  0.00E+00
 45  6.16E-39  1.83E-16  6.01E-18  5.98E-15  1.10E-16  0.00E+00  0.00E+00  1.85E-42  0.00E+00
 46  2.89E-39  1.56E-16  5.20E-18  5.16E-15  8.68E-17  0.00E+00  0.00E+00  9.84E-43  0.00E+00
 47  2.36E-39  1.48E-16  4.99E-18  4.95E-15  8.11E-17  0.00E+00  0.00E+00  8.28E-43  0.00E+00
 48  1.12E-39  1.27E-16  4.34E-18  4.29E-15  6.47E-17  0.00E+00  0.00E+00  4.44E-43  0.00E+00
 49  9.09E-40  1.20E-16  4.16E-18  4.11E-15  6.03E-17  0.00E+00  0.00E+00  3.72E-43  0.00E+00
 50  9.05E-40  1.18E-16  4.14E-18  4.09E-15  5.97E-17  0.00E+00  0.00E+00  3.68E-43  0.00E+00
 id   opdep     contrib.f   aint 
 49  1.159E-04  2.754E-20  2.754E-20
 48  2.347E-04  2.943E-20  5.697E-20
 47  3.655E-04  3.835E-20  9.533E-20
 46  5.088E-04  4.895E-20  1.443E-19
 45  6.669E-04  6.410E-20  2.084E-19
 44  8.402E-04  8.202E-20  2.904E-19
 43  1.031E-03  1.069E-19  3.973E-19
 42  1.240E-03  1.362E-19  5.334E-19
 41  1.452E-03  1.435E-19  6.769E-19
 40  1.687E-03  1.879E-19  8.648E-19
 39  1.943E-03  2.374E-19  1.102E-18
 38  2.225E-03  3.101E-19  1.412E-18
 37  2.532E-03  3.911E-19  1.804E-18
 36  2.844E-03  4.074E-19  2.211E-18
 35  3.186E-03  5.280E-19  2.739E-18
 34  3.560E-03  6.676E-19  3.406E-18
 33  3.969E-03  8.599E-19  4.266E-18
 32  4.413E-03  1.080E-18  5.346E-18
 31  4.899E-03  1.384E-18  6.730E-18
 30  5.428E-03  1.743E-18  8.473E-18
 29  5.963E-03  1.796E-18  1.027E-17
 28  6.547E-03  2.294E-18  1.256E-17
 27  7.177E-03  2.836E-18  1.540E-17
 26  7.867E-03  3.646E-18  1.905E-17
 25  8.614E-03  4.532E-18  2.358E-17
 24  9.362E-03  4.560E-18  2.814E-17
 23  1.017E-02  5.716E-18  3.385E-17
 22  1.105E-02  7.096E-18  4.095E-17
 21  1.200E-02  8.976E-18  4.993E-17
 20  1.303E-02  1.090E-17  6.083E-17
 19  1.404E-02  1.079E-17  7.161E-17
 18  1.515E-02  1.358E-17  8.519E-17
 17  1.633E-02  1.658E-17  1.018E-16
 16  1.761E-02  2.022E-17  1.220E-16
 15  1.896E-02  2.401E-17  1.460E-16
 14  2.042E-02  2.977E-17  1.758E-16
 13  2.199E-02  3.584E-17  2.116E-16
 12  2.353E-02  3.439E-17  2.460E-16
 11  2.516E-02  1.062E-12  1.062E-12
 10  2.691E-02  2.266E-12  3.328E-12
  9  2.877E-02  2.424E-12  5.752E-12
  8  3.073E-02  2.540E-12  8.292E-12
  7  3.264E-02  2.471E-12  1.076E-11
  6  3.464E-02  2.583E-12  1.335E-11
  5  3.675E-02  2.732E-12  1.608E-11
  4  3.900E-02  2.890E-12  1.897E-11
  3  4.133E-02  2.991E-12  2.196E-11
  2  4.374E-02  3.089E-12  2.505E-11
  1  4.628E-02  3.243E-12  2.829E-11
 iunt+1  opdep   aintbt    aint
  1  4.628E-02  0.000E+00  2.829E-11
 id    opac2     emis2     bnu       bnud      ejnu1     ejnu2     sf2       az        vz
  1  9.38E-14  1.25E-22  1.22E-12  1.71E-27  1.86E-09  0.00E+00  1.34E-09  1.35E+11  6.56E+06
  2  9.38E-14  1.25E-22  1.22E-12  1.71E-27  1.85E-09  0.00E+00  1.34E-09  1.62E+11  6.56E+06
  3  8.45E-14  1.13E-22  9.59E-13  9.34E-28  1.86E-09  0.00E+00  1.34E-09  1.89E+11  6.91E+06
  4  8.77E-14  1.17E-22  9.59E-13  9.34E-28  1.85E-09  0.00E+00  1.34E-09  2.16E+11  7.13E+06
  5  7.83E-14  1.05E-22  7.50E-13  5.05E-28  1.86E-09  0.00E+00  1.34E-09  2.43E+11  7.48E+06
  6  7.83E-14  1.05E-22  7.50E-13  5.05E-28  1.85E-09  0.00E+00  1.34E-09  2.71E+11  7.48E+06
  7  6.94E-14  9.29E-23  5.86E-13  2.72E-28  1.85E-09  0.00E+00  1.34E-09  2.98E+11  7.81E+06
  8  7.16E-14  9.57E-23  5.86E-13  2.72E-28  1.84E-09  0.00E+00  1.34E-09  3.25E+11  8.03E+06
  9  7.32E-14  9.78E-23  5.79E-13  2.64E-28  1.84E-09  0.00E+00  1.34E-09  3.52E+11  8.33E+06
 10  6.48E-14  8.64E-23  4.56E-13  1.46E-28  1.83E-09  0.00E+00  1.33E-09  3.79E+11  8.59E+06
 11  6.41E-14  8.56E-23  4.49E-13  1.40E-28  1.82E-09  0.00E+00  1.33E-09  4.06E+11  8.65E+06
 12  5.65E-14  1.28E-27  3.55E-13  7.77E-29  0.00E+00  0.00E+00  2.27E-14  4.33E+11  8.91E+06
 13  5.72E-14  1.32E-27  3.48E-13  7.43E-29  0.00E+00  0.00E+00  2.30E-14  4.60E+11  9.19E+06
 14  5.86E-14  1.39E-27  3.48E-13  7.43E-29  0.00E+00  0.00E+00  2.37E-14  4.87E+11  9.42E+06
 15  4.95E-14  8.82E-28  2.70E-13  3.91E-29  0.00E+00  0.00E+00  1.78E-14  5.14E+11  9.50E+06
 16  5.06E-14  9.26E-28  2.70E-13  3.91E-29  0.00E+00  0.00E+00  1.83E-14  5.41E+11  9.72E+06
 17  4.35E-14  6.09E-28  2.08E-13  2.06E-29  0.00E+00  0.00E+00  1.40E-14  5.68E+11  1.00E+07
 18  4.43E-14  6.36E-28  2.08E-13  2.06E-29  0.00E+00  0.00E+00  1.43E-14  5.95E+11  1.02E+07
 19  3.73E-14  3.96E-28  1.61E-13  1.08E-29  0.00E+00  0.00E+00  1.06E-14  6.22E+11  1.03E+07
 20  3.79E-14  4.12E-28  1.61E-13  1.08E-29  0.00E+00  0.00E+00  1.09E-14  6.49E+11  1.05E+07
 21  3.77E-14  4.04E-28  1.56E-13  9.99E-30  0.00E+00  0.00E+00  1.07E-14  6.76E+11  1.08E+07
 22  3.28E-14  2.73E-28  1.24E-13  5.61E-30  0.00E+00  0.00E+00  8.33E-15  7.03E+11  1.10E+07
 23  3.21E-14  2.57E-28  1.20E-13  5.18E-30  0.00E+00  0.00E+00  8.02E-15  7.30E+11  1.11E+07
 24  2.78E-14  1.73E-28  9.55E-14  2.92E-30  0.00E+00  0.00E+00  6.23E-15  7.58E+11  1.13E+07
 25  2.75E-14  1.67E-28  9.23E-14  2.68E-30  0.00E+00  0.00E+00  6.07E-15  7.85E+11  1.15E+07
 26  2.78E-14  1.71E-28  9.23E-14  2.68E-30  0.00E+00  0.00E+00  6.16E-15  8.12E+11  1.18E+07
 27  2.32E-14  1.04E-28  7.08E-14  1.38E-30  0.00E+00  0.00E+00  4.50E-15  8.39E+11  1.18E+07
 28  2.34E-14  1.07E-28  7.08E-14  1.38E-30  0.00E+00  0.00E+00  4.56E-15  8.66E+11  1.20E+07
 29  1.97E-14  6.62E-29  5.43E-14  7.12E-31  0.00E+00  0.00E+00  3.36E-15  8.93E+11  1.22E+07
 30  1.98E-14  6.73E-29  5.43E-14  7.12E-31  0.00E+00  0.00E+00  3.39E-15  9.20E+11  1.24E+07
 31  1.93E-14  6.22E-29  5.21E-14  6.42E-31  0.00E+00  0.00E+00  3.23E-15  9.47E+11  1.25E+07
 32  1.66E-14  4.15E-29  4.16E-14  3.66E-31  0.00E+00  0.00E+00  2.49E-15  9.74E+11  1.27E+07
 33  1.62E-14  3.87E-29  3.98E-14  3.28E-31  0.00E+00  0.00E+00  2.38E-15  1.00E+12  1.29E+07
 34  1.40E-14  2.57E-29  3.19E-14  1.88E-31  0.00E+00  0.00E+00  1.84E-15  1.03E+12  1.31E+07
 35  1.36E-14  2.38E-29  3.04E-14  1.68E-31  0.00E+00  0.00E+00  1.75E-15  1.06E+12  1.33E+07
 36  1.17E-14  1.57E-29  2.44E-14  9.64E-32  0.00E+00  0.00E+00  1.35E-15  1.08E+12  1.33E+07
 37  1.14E-14  1.45E-29  2.33E-14  8.55E-32  0.00E+00  0.00E+00  1.27E-15  1.11E+12  3.62E+06
 38  1.14E-14  1.45E-29  2.33E-14  8.55E-32  0.00E+00  0.00E+00  1.28E-15  1.14E+12  3.62E+06
