  Porbst[d]  istar  icomp
   0.0000000000000000                1           0
     xstar      ystar      zstar      vxst       vyst       vzst
  0.000E+00  0.000E+00  0.100E+01  0.000E+00 -0.226E+05  0.000E+00
     vrxcp      vrycp      vrzcp      vxcp       vycp       vzcp
  0.000E+00  0.000E+00  0.100E+01  0.000E+00  0.226E+07  0.000E+00
       xcp        ycp        zcp      
  0.150E+14  0.000E+00  0.000E+00
 inebl=1= pp-disk
 H_scale_in H_scale_out [Rsol] sound_out [km/s]
  4.61E+00  1.09E+01  2.28E+00
 Surfdens_in Surfdens_out [g/cm^2]
   8.04E+03   5.52E+03
  No. of sp. lines considered:           4
 elem= H   iat=  1 hmc=  1.0080 nion=  2 abund=0.100E+01
 elem= H   iat=  1 hmc=  1.0080 nion=  2 abund=0.100E+01
 elem= H   iat=  1 hmc=  1.0080 nion=  2 abund=0.100E+01
 elem= H   iat=  1 hmc=  1.0080 nion=  2 abund=0.100E+01
 abhyd=0.908 abhel=0.100 wm=0.130E+01
 nbod1= 121 nbod2= 121 nbod3= 121 nfreq=   2
 output for:  ionu=  1 ior= 40 iot= 40
i=  40.00  alpha=  50.40
  iunt=           0
  ivac1=          65 ivacn=         109  nivac=          45
 vel.  vx        vy        vz        dens      dustd     dustt
   1 -5.37E+06 -2.12E+07  9.11E+06  4.49E-09  0.00E+00  1.00E+03
   2 -5.37E+06 -2.12E+07  9.11E+06  4.49E-09  0.00E+00  1.00E+03
   3 -4.82E+06 -2.09E+07  9.85E+06  5.19E-09  0.00E+00  9.79E+02
   4 -4.95E+06 -2.06E+07  1.04E+07  5.89E-09  0.00E+00  9.79E+02
   5 -5.15E+06 -2.01E+07  1.10E+07  6.41E-09  0.00E+00  9.56E+02
   6 -4.39E+06 -2.03E+07  1.11E+07  6.43E-09  0.00E+00  9.58E+02
   7 -4.60E+06 -1.98E+07  1.16E+07  6.79E-09  0.00E+00  9.36E+02
   8 -3.93E+06 -1.96E+07  1.23E+07  7.30E-09  0.00E+00  9.37E+02
   9 -4.12E+06 -1.91E+07  1.28E+07  7.40E-09  0.00E+00  9.17E+02
  10 -4.12E+06 -1.91E+07  1.28E+07  7.40E-09  0.00E+00  9.17E+02
  11 -3.59E+06 -1.87E+07  1.33E+07  7.37E-09  0.00E+00  8.98E+02
  12 -3.62E+06 -1.83E+07  1.38E+07  7.58E-09  0.00E+00  8.98E+02
  13 -3.10E+06 -1.79E+07  1.43E+07  7.33E-09  0.00E+00  8.79E+02
  14  9.18E+06 -5.48E+06  4.60E+06  7.37E-09  0.00E+00  8.79E+02
  15  9.04E+06 -5.41E+06  4.54E+06  7.03E-09  0.00E+00  8.61E+02
  16  9.24E+06 -5.20E+06  4.37E+06  6.98E-09  0.00E+00  8.60E+02
  17 -2.76E+06 -1.67E+07  1.55E+07  6.58E-09  0.00E+00  8.44E+02
  18 -2.12E+06 -1.64E+07  1.59E+07  6.41E-09  0.00E+00  8.42E+02
  19 -2.29E+06 -1.64E+07  1.58E+07  6.14E-09  0.00E+00  8.27E+02
  20 -2.26E+06 -1.60E+07  1.62E+07  5.96E-09  0.00E+00  8.27E+02
  21 -1.82E+06 -1.56E+07  1.65E+07  5.50E-09  0.00E+00  8.10E+02
  22 -1.78E+06 -1.53E+07  1.69E+07  5.27E-09  0.00E+00  8.10E+02
  23 -1.41E+06 -1.53E+07  1.68E+07  5.07E-09  0.00E+00  7.94E+02
  24 -1.37E+06 -1.49E+07  1.71E+07  4.83E-09  0.00E+00  7.94E+02
  25 -9.83E+05 -1.46E+07  1.73E+07  4.42E-09  0.00E+00  7.78E+02
  26 -9.33E+05 -1.42E+07  1.76E+07  4.17E-09  0.00E+00  7.78E+02
  27 -1.13E+06 -1.43E+07  1.75E+07  4.07E-09  0.00E+00  7.65E+02
  28 -5.73E+05 -1.39E+07  1.78E+07  3.80E-09  0.00E+00  7.63E+02
  29 -7.25E+05 -1.36E+07  1.80E+07  3.49E-09  0.00E+00  7.51E+02
  30 -1.85E+05 -1.33E+07  1.82E+07  3.24E-09  0.00E+00  7.49E+02
  31 -3.40E+05 -1.30E+07  1.83E+07  2.96E-09  0.00E+00  7.37E+02
  32 -3.40E+05 -1.30E+07  1.83E+07  2.96E-09  0.00E+00  7.37E+02
  33 -3.48E+04 -1.27E+07  1.85E+07  2.71E-09  0.00E+00  7.23E+02
  34  2.34E+04 -1.24E+07  1.87E+07  2.50E-09  0.00E+00  7.23E+02
  35  3.05E+05 -1.22E+07  1.88E+07  2.29E-09  0.00E+00  7.10E+02
  36  3.05E+05 -1.22E+07  1.88E+07  2.29E-09  0.00E+00  7.10E+02
  37  1.52E+05 -1.19E+07  1.89E+07  2.10E-09  0.00E+00  7.00E+02
  38  6.22E+05 -1.16E+07  1.90E+07  1.93E-09  0.00E+00  6.98E+02
  39  4.68E+05 -1.14E+07  1.91E+07  1.78E-09  0.00E+00  6.88E+02
  40  8.62E+05 -1.14E+07  1.91E+07  1.78E-09  0.00E+00  6.85E+02
  41  7.06E+05 -1.12E+07  1.92E+07  1.64E-09  0.00E+00  6.76E+02
  42  1.14E+06 -1.09E+07  1.93E+07  1.50E-09  0.00E+00  6.74E+02
  43  9.81E+05 -1.07E+07  1.94E+07  1.39E-09  0.00E+00  6.65E+02
  44  9.81E+05 -1.07E+07  1.94E+07  1.39E-09  0.00E+00  6.65E+02
  45  1.18E+06 -1.05E+07  1.94E+07  1.29E-09  0.00E+00  6.54E+02
       akonc      ekonc      temp       az      mshade
   1  2.078E+15  2.752E+08  2.500E+03  1.623E+11  1
   2  2.078E+15  2.752E+08  2.500E+03  2.029E+11  1
   3  2.405E+15  3.002E+08  2.447E+03  2.435E+11  1
   4  2.731E+15  3.392E+08  2.447E+03  2.841E+11  0
   5  2.970E+15  3.603E+08  2.390E+03  3.247E+11  0
   6  2.977E+15  3.615E+08  2.395E+03  3.652E+11  0
   7  3.144E+15  3.779E+08  2.341E+03  4.058E+11  0
   8  3.383E+15  4.064E+08  2.343E+03  4.464E+11  0
   9  3.428E+15  4.095E+08  2.292E+03  4.870E+11  0
  10  3.428E+15  4.095E+08  2.292E+03  5.276E+11  0
  11  3.414E+15  4.059E+08  2.244E+03  5.682E+11  0
  12  3.511E+15  4.174E+08  2.244E+03  6.087E+11  0
  13  3.398E+15  4.015E+08  2.197E+03  6.493E+11  0
  14  3.416E+15  4.036E+08  2.197E+03  6.899E+11  0
  15  3.256E+15  3.816E+08  2.153E+03  7.305E+11  0
  16  3.234E+15  3.789E+08  2.151E+03  7.711E+11  0
  17  3.046E+15  3.527E+08  2.109E+03  8.116E+11  0
  18  2.968E+15  3.436E+08  2.106E+03  8.522E+11  0
  19  2.845E+15  3.234E+08  2.066E+03  8.928E+11  0
  20  2.761E+15  3.143E+08  2.066E+03  9.334E+11  0
  21  2.550E+15  2.828E+08  2.025E+03  9.740E+11  0
  22  2.440E+15  2.714E+08  2.025E+03  1.015E+12  0
  23  2.349E+15  2.509E+08  1.985E+03  1.055E+12  0
  24  2.237E+15  2.401E+08  1.985E+03  1.096E+12  0
  25  2.049E+15  2.091E+08  1.946E+03  1.136E+12  0
  26  1.930E+15  1.985E+08  1.946E+03  1.177E+12  0
  27  1.883E+15  1.818E+08  1.913E+03  1.217E+12  0
  28  1.762E+15  1.699E+08  1.908E+03  1.258E+12  0
  29  1.615E+15  1.455E+08  1.877E+03  1.299E+12  0
  30  1.499E+15  1.349E+08  1.872E+03  1.339E+12  0
  31  1.373E+15  1.140E+08  1.842E+03  1.380E+12  0
  32  1.373E+15  1.140E+08  1.842E+03  1.420E+12  0
  33  1.256E+15  9.297E+07  1.808E+03  1.461E+12  1
  34  1.159E+15  8.770E+07  1.808E+03  1.502E+12  1
  35  1.062E+15  7.049E+07  1.776E+03  1.542E+12  1
  36  1.062E+15  7.049E+07  1.776E+03  1.583E+12  1
  37  9.751E+14  5.771E+07  1.750E+03  1.623E+12  1
  38  8.948E+14  5.271E+07  1.744E+03  1.664E+12  1
  39  8.228E+14  4.286E+07  1.719E+03  1.704E+12  1
  40  8.239E+14  4.127E+07  1.713E+03  1.745E+12  1
  41  7.592E+14  3.333E+07  1.690E+03  1.786E+12  1
  42  6.954E+14  3.025E+07  1.684E+03  1.826E+12  1
  43  6.420E+14  2.433E+07  1.661E+03  1.867E+12  1
  44  6.420E+14  2.433E+07  1.661E+03  1.907E+12  1
  45  5.959E+14  1.864E+07  1.634E+03  1.948E+12  1
       AKONC      HI         H-         H2         HEI        HIPF       HIIPF
   1  2.078E+15  9.417E+14  7.153E+03  4.728E+14  1.887E+14  2.000E+00  1.000E+00
   2  2.078E+15  9.417E+14  7.153E+03  4.728E+14  1.887E+14  2.000E+00  1.000E+00
   3  2.405E+15  8.814E+14  8.129E+03  6.511E+14  2.184E+14  2.000E+00  1.000E+00
   4  2.731E+15  9.540E+14  9.942E+03  7.627E+14  2.479E+14  2.000E+00  1.000E+00
   5  2.970E+15  8.193E+14  1.023E+04  9.386E+14  2.696E+14  2.000E+00  1.000E+00
   6  2.977E+15  8.349E+14  1.035E+04  9.340E+14  2.703E+14  2.000E+00  1.000E+00
   7  3.144E+15  6.960E+14  1.016E+04  1.080E+15  2.855E+14  2.000E+00  1.000E+00
   8  3.383E+15  7.332E+14  1.145E+04  1.169E+15  3.071E+14  2.000E+00  1.000E+00
   9  3.428E+15  5.915E+14  1.046E+04  1.260E+15  3.112E+14  2.000E+00  1.000E+00
  10  3.428E+15  5.915E+14  1.046E+04  1.260E+15  3.112E+14  2.000E+00  1.000E+00
  11  3.414E+15  4.721E+14  9.275E+03  1.314E+15  3.100E+14  2.000E+00  1.000E+00
  12  3.511E+15  4.794E+14  9.683E+03  1.354E+15  3.188E+14  2.000E+00  1.000E+00
  13  3.398E+15  3.731E+14  8.137E+03  1.356E+15  3.085E+14  2.000E+00  1.000E+00
  14  3.416E+15  3.741E+14  8.202E+03  1.364E+15  3.101E+14  2.000E+00  1.000E+00
  15  3.256E+15  2.894E+14  6.712E+03  1.334E+15  2.957E+14  2.000E+00  1.000E+00
  16  3.234E+15  2.856E+14  6.606E+03  1.325E+15  2.936E+14  2.000E+00  1.000E+00
  17  3.046E+15  2.195E+14  5.279E+03  1.273E+15  2.766E+14  2.000E+00  1.000E+00
  18  2.968E+15  2.131E+14  5.031E+03  1.241E+15  2.695E+14  2.000E+00  1.000E+00
  19  2.845E+15  1.654E+14  4.097E+03  1.209E+15  2.583E+14  2.000E+00  1.000E+00
  20  2.761E+15  1.629E+14  3.920E+03  1.172E+15  2.507E+14  2.000E+00  1.000E+00
  21  2.550E+15  1.215E+14  2.958E+03  1.097E+15  2.316E+14  2.000E+00  1.000E+00
  22  2.440E+15  1.188E+14  2.775E+03  1.048E+15  2.216E+14  2.000E+00  1.000E+00
  23  2.349E+15  9.013E+13  2.190E+03  1.021E+15  2.133E+14  2.000E+00  1.000E+00
  24  2.237E+15  8.791E+13  2.044E+03  9.717E+14  2.031E+14  2.000E+00  1.000E+00
  25  2.049E+15  6.483E+13  1.477E+03  8.978E+14  1.860E+14  2.000E+00  1.000E+00
  26  1.930E+15  6.289E+13  1.360E+03  8.448E+14  1.752E+14  2.000E+00  1.000E+00
  27  1.883E+15  4.952E+13  1.086E+03  8.303E+14  1.710E+14  2.000E+00  1.000E+00
  28  1.762E+15  4.619E+13  9.623E+02  7.769E+14  1.600E+14  2.000E+00  1.000E+00
  29  1.615E+15  3.530E+13  6.967E+02  7.156E+14  1.467E+14  2.000E+00  1.000E+00
  30  1.499E+15  3.266E+13  6.082E+02  6.643E+14  1.361E+14  2.000E+00  1.000E+00
  31  1.373E+15  2.500E+13  4.345E+02  6.107E+14  1.246E+14  2.000E+00  1.000E+00
  32  1.373E+15  2.500E+13  4.345E+02  6.107E+14  1.246E+14  2.000E+00  1.000E+00
  33  1.256E+15  1.835E+13  2.923E+02  5.609E+14  1.140E+14  2.000E+00  1.000E+00
  34  1.159E+15  1.763E+13  2.648E+02  5.173E+14  1.052E+14  2.000E+00  1.000E+00
  35  1.062E+15  1.293E+13  1.754E+02  4.756E+14  9.641E+13  2.000E+00  1.000E+00
  36  1.062E+15  1.293E+13  1.754E+02  4.756E+14  9.641E+13  2.000E+00  1.000E+00
  37  9.751E+14  9.968E+12  1.218E+02  4.377E+14  8.854E+13  2.000E+00  1.000E+00
  38  8.948E+14  9.087E+12  1.036E+02  4.017E+14  8.125E+13  2.000E+00  1.000E+00
  39  8.228E+14  7.025E+12  7.150E+01  3.700E+14  7.471E+13  2.000E+00  1.000E+00
  40  8.239E+14  6.672E+12  6.688E+01  3.707E+14  7.481E+13  2.000E+00  1.000E+00
  41  7.592E+14  5.175E+12  4.594E+01  3.421E+14  6.894E+13  2.000E+00  1.000E+00
  42  6.954E+14  4.686E+12  3.867E+01  3.134E+14  6.314E+13  2.000E+00  1.000E+00
  43  6.420E+14  3.647E+12  2.651E+01  2.896E+14  5.829E+13  2.000E+00  1.000E+00
  44  6.420E+14  3.647E+12  2.651E+01  2.896E+14  5.829E+13  2.000E+00  1.000E+00
  45  5.959E+14  2.692E+12  1.680E+01  2.692E+14  5.411E+13  2.000E+00  1.000E+00
  ilin=           1
 PARTITION FUNCTIONS
 TEMP         1         2
  2500. 0.200E+01 0.100E+01
  2500. 0.200E+01 0.100E+01
  2447. 0.200E+01 0.100E+01
  2447. 0.200E+01 0.100E+01
  2390. 0.200E+01 0.100E+01
  2395. 0.200E+01 0.100E+01
  2341. 0.200E+01 0.100E+01
  2343. 0.200E+01 0.100E+01
  2292. 0.200E+01 0.100E+01
  2292. 0.200E+01 0.100E+01
  2244. 0.200E+01 0.100E+01
  2244. 0.200E+01 0.100E+01
  2197. 0.200E+01 0.100E+01
  2197. 0.200E+01 0.100E+01
  2153. 0.200E+01 0.100E+01
  2151. 0.200E+01 0.100E+01
  2109. 0.200E+01 0.100E+01
  2106. 0.200E+01 0.100E+01
  2066. 0.200E+01 0.100E+01
  2066. 0.200E+01 0.100E+01
  2025. 0.200E+01 0.100E+01
  2025. 0.200E+01 0.100E+01
  1985. 0.200E+01 0.100E+01
  1985. 0.200E+01 0.100E+01
  1946. 0.200E+01 0.100E+01
  1946. 0.200E+01 0.100E+01
  1913. 0.200E+01 0.100E+01
  1908. 0.200E+01 0.100E+01
  1877. 0.200E+01 0.100E+01
  1872. 0.200E+01 0.100E+01
  1842. 0.200E+01 0.100E+01
  1842. 0.200E+01 0.100E+01
  1808. 0.200E+01 0.100E+01
  1808. 0.200E+01 0.100E+01
  1776. 0.200E+01 0.100E+01
  1776. 0.200E+01 0.100E+01
  1750. 0.200E+01 0.100E+01
  1744. 0.200E+01 0.100E+01
  1719. 0.200E+01 0.100E+01
  1713. 0.200E+01 0.100E+01
  1690. 0.200E+01 0.100E+01
  1684. 0.200E+01 0.100E+01
  1661. 0.200E+01 0.100E+01
  1661. 0.200E+01 0.100E+01
  1634. 0.200E+01 0.100E+01
    N(J)/N  ION POPULATIONS
 z          1          2
 0.162D+12  0.100D+01  0.426D-15
 0.203D+12  0.100D+01  0.426D-15
 0.243D+12  0.100D+01  0.977D-16
 0.284D+12  0.100D+01  0.864D-16
 0.325D+12  0.100D+01  0.170D-16
 0.365D+12  0.100D+01  0.193D-16
 0.406D+12  0.100D+01  0.389D-17
 0.446D+12  0.100D+01  0.389D-17
 0.487D+12  0.100D+01  0.825D-18
 0.528D+12  0.100D+01  0.825D-18
 0.568D+12  0.100D+01  0.184D-18
 0.609D+12  0.100D+01  0.179D-18
 0.649D+12  0.100D+01  0.400D-19
 0.690D+12  0.100D+01  0.398D-19
 0.730D+12  0.100D+01  0.939D-20
 0.771D+12  0.100D+01  0.887D-20
 0.812D+12  0.100D+01  0.216D-20
 0.852D+12  0.100D+01  0.200D-20
 0.893D+12  0.100D+01  0.488D-21
 0.933D+12  0.100D+01  0.503D-21
 0.974D+12  0.100D+01  0.114D-21
 0.101D+13  0.100D+01  0.119D-21
 0.106D+13  0.100D+01  0.257D-22
 0.110D+13  0.100D+01  0.269D-22
 0.114D+13  0.100D+01  0.611D-23
 0.118D+13  0.100D+01  0.644D-23
 0.122D+13  0.100D+01  0.172D-23
 0.126D+13  0.100D+01  0.147D-23
 0.130D+13  0.100D+01  0.428D-24
 0.134D+13  0.100D+01  0.361D-24
 0.138D+13  0.100D+01  0.108D-24
 0.142D+13  0.100D+01  0.108D-24
 0.146D+13  0.100D+01  0.259D-25
 0.150D+13  0.100D+01  0.275D-25
 0.154D+13  0.100D+01  0.667D-26
 0.158D+13  0.100D+01  0.667D-26
 0.162D+13  0.100D+01  0.214D-26
 0.166D+13  0.100D+01  0.173D-26
 0.170D+13  0.100D+01  0.569D-27
 0.175D+13  0.100D+01  0.429D-27
 0.179D+13  0.100D+01  0.144D-27
 0.183D+13  0.100D+01  0.113D-27
 0.187D+13  0.100D+01  0.387D-28
 0.191D+13  0.100D+01  0.387D-28
 0.195D+13  0.100D+01  0.990D-29
 i   GR        GS        GW        
  1 0.617E+09 0.313E-04 0.853E-07
  2 0.617E+09 0.313E-04 0.853E-07
  3 0.617E+09 0.313E-04 0.853E-07
  4 0.617E+09 0.313E-04 0.853E-07
  5 0.617E+09 0.313E-04 0.853E-07
  6 0.617E+09 0.313E-04 0.853E-07
  7 0.617E+09 0.313E-04 0.853E-07
  8 0.617E+09 0.313E-04 0.853E-07
  9 0.617E+09 0.313E-04 0.853E-07
 10 0.617E+09 0.313E-04 0.853E-07
 11 0.617E+09 0.313E-04 0.853E-07
 12 0.617E+09 0.313E-04 0.853E-07
 13 0.617E+09 0.313E-04 0.853E-07
 14 0.617E+09 0.313E-04 0.853E-07
 15 0.617E+09 0.313E-04 0.853E-07
 16 0.617E+09 0.313E-04 0.853E-07
 17 0.617E+09 0.313E-04 0.853E-07
 18 0.617E+09 0.313E-04 0.853E-07
 19 0.617E+09 0.313E-04 0.853E-07
 20 0.617E+09 0.313E-04 0.853E-07
 21 0.617E+09 0.313E-04 0.853E-07
 22 0.617E+09 0.313E-04 0.853E-07
 23 0.617E+09 0.313E-04 0.853E-07
 24 0.617E+09 0.313E-04 0.853E-07
 25 0.617E+09 0.313E-04 0.853E-07
 26 0.617E+09 0.313E-04 0.853E-07
 27 0.617E+09 0.313E-04 0.853E-07
 28 0.617E+09 0.313E-04 0.853E-07
 29 0.617E+09 0.313E-04 0.853E-07
 30 0.617E+09 0.313E-04 0.853E-07
 31 0.617E+09 0.313E-04 0.853E-07
 32 0.617E+09 0.313E-04 0.853E-07
 33 0.617E+09 0.313E-04 0.853E-07
 34 0.617E+09 0.313E-04 0.853E-07
 35 0.617E+09 0.313E-04 0.853E-07
 36 0.617E+09 0.313E-04 0.853E-07
 37 0.617E+09 0.313E-04 0.853E-07
 38 0.617E+09 0.313E-04 0.853E-07
 39 0.617E+09 0.313E-04 0.853E-07
 40 0.617E+09 0.313E-04 0.853E-07
 41 0.617E+09 0.313E-04 0.853E-07
 42 0.617E+09 0.313E-04 0.853E-07
 43 0.617E+09 0.313E-04 0.853E-07
 44 0.617E+09 0.313E-04 0.853E-07
 45 0.617E+09 0.313E-04 0.853E-07
  ilin=           2
 PARTITION FUNCTIONS
 TEMP         1         2
  2500. 0.200E+01 0.100E+01
  2500. 0.200E+01 0.100E+01
  2447. 0.200E+01 0.100E+01
  2447. 0.200E+01 0.100E+01
  2390. 0.200E+01 0.100E+01
  2395. 0.200E+01 0.100E+01
  2341. 0.200E+01 0.100E+01
  2343. 0.200E+01 0.100E+01
  2292. 0.200E+01 0.100E+01
  2292. 0.200E+01 0.100E+01
  2244. 0.200E+01 0.100E+01
  2244. 0.200E+01 0.100E+01
  2197. 0.200E+01 0.100E+01
  2197. 0.200E+01 0.100E+01
  2153. 0.200E+01 0.100E+01
  2151. 0.200E+01 0.100E+01
  2109. 0.200E+01 0.100E+01
  2106. 0.200E+01 0.100E+01
  2066. 0.200E+01 0.100E+01
  2066. 0.200E+01 0.100E+01
  2025. 0.200E+01 0.100E+01
  2025. 0.200E+01 0.100E+01
  1985. 0.200E+01 0.100E+01
  1985. 0.200E+01 0.100E+01
  1946. 0.200E+01 0.100E+01
  1946. 0.200E+01 0.100E+01
  1913. 0.200E+01 0.100E+01
  1908. 0.200E+01 0.100E+01
  1877. 0.200E+01 0.100E+01
  1872. 0.200E+01 0.100E+01
  1842. 0.200E+01 0.100E+01
  1842. 0.200E+01 0.100E+01
  1808. 0.200E+01 0.100E+01
  1808. 0.200E+01 0.100E+01
  1776. 0.200E+01 0.100E+01
  1776. 0.200E+01 0.100E+01
  1750. 0.200E+01 0.100E+01
  1744. 0.200E+01 0.100E+01
  1719. 0.200E+01 0.100E+01
  1713. 0.200E+01 0.100E+01
  1690. 0.200E+01 0.100E+01
  1684. 0.200E+01 0.100E+01
  1661. 0.200E+01 0.100E+01
  1661. 0.200E+01 0.100E+01
  1634. 0.200E+01 0.100E+01
    N(J)/N  ION POPULATIONS
 z          1          2
 0.162D+12  0.100D+01  0.426D-15
 0.203D+12  0.100D+01  0.426D-15
 0.243D+12  0.100D+01  0.977D-16
 0.284D+12  0.100D+01  0.864D-16
 0.325D+12  0.100D+01  0.170D-16
 0.365D+12  0.100D+01  0.193D-16
 0.406D+12  0.100D+01  0.389D-17
 0.446D+12  0.100D+01  0.389D-17
 0.487D+12  0.100D+01  0.825D-18
 0.528D+12  0.100D+01  0.825D-18
 0.568D+12  0.100D+01  0.184D-18
 0.609D+12  0.100D+01  0.179D-18
 0.649D+12  0.100D+01  0.400D-19
 0.690D+12  0.100D+01  0.398D-19
 0.730D+12  0.100D+01  0.939D-20
 0.771D+12  0.100D+01  0.887D-20
 0.812D+12  0.100D+01  0.216D-20
 0.852D+12  0.100D+01  0.200D-20
 0.893D+12  0.100D+01  0.488D-21
 0.933D+12  0.100D+01  0.503D-21
 0.974D+12  0.100D+01  0.114D-21
 0.101D+13  0.100D+01  0.119D-21
 0.106D+13  0.100D+01  0.257D-22
 0.110D+13  0.100D+01  0.269D-22
 0.114D+13  0.100D+01  0.611D-23
 0.118D+13  0.100D+01  0.644D-23
 0.122D+13  0.100D+01  0.172D-23
 0.126D+13  0.100D+01  0.147D-23
 0.130D+13  0.100D+01  0.428D-24
 0.134D+13  0.100D+01  0.361D-24
 0.138D+13  0.100D+01  0.108D-24
 0.142D+13  0.100D+01  0.108D-24
 0.146D+13  0.100D+01  0.259D-25
 0.150D+13  0.100D+01  0.275D-25
 0.154D+13  0.100D+01  0.667D-26
 0.158D+13  0.100D+01  0.667D-26
 0.162D+13  0.100D+01  0.214D-26
 0.166D+13  0.100D+01  0.173D-26
 0.170D+13  0.100D+01  0.569D-27
 0.175D+13  0.100D+01  0.429D-27
 0.179D+13  0.100D+01  0.144D-27
 0.183D+13  0.100D+01  0.113D-27
 0.187D+13  0.100D+01  0.387D-28
 0.191D+13  0.100D+01  0.387D-28
 0.195D+13  0.100D+01  0.990D-29
 i   GR        GS        GW        
  1 0.617E+09 0.313E-04 0.853E-07
  2 0.617E+09 0.313E-04 0.853E-07
  3 0.617E+09 0.313E-04 0.853E-07
  4 0.617E+09 0.313E-04 0.853E-07
  5 0.617E+09 0.313E-04 0.853E-07
  6 0.617E+09 0.313E-04 0.853E-07
  7 0.617E+09 0.313E-04 0.853E-07
  8 0.617E+09 0.313E-04 0.853E-07
  9 0.617E+09 0.313E-04 0.853E-07
 10 0.617E+09 0.313E-04 0.853E-07
 11 0.617E+09 0.313E-04 0.853E-07
 12 0.617E+09 0.313E-04 0.853E-07
 13 0.617E+09 0.313E-04 0.853E-07
 14 0.617E+09 0.313E-04 0.853E-07
 15 0.617E+09 0.313E-04 0.853E-07
 16 0.617E+09 0.313E-04 0.853E-07
 17 0.617E+09 0.313E-04 0.853E-07
 18 0.617E+09 0.313E-04 0.853E-07
 19 0.617E+09 0.313E-04 0.853E-07
 20 0.617E+09 0.313E-04 0.853E-07
 21 0.617E+09 0.313E-04 0.853E-07
 22 0.617E+09 0.313E-04 0.853E-07
 23 0.617E+09 0.313E-04 0.853E-07
 24 0.617E+09 0.313E-04 0.853E-07
 25 0.617E+09 0.313E-04 0.853E-07
 26 0.617E+09 0.313E-04 0.853E-07
 27 0.617E+09 0.313E-04 0.853E-07
 28 0.617E+09 0.313E-04 0.853E-07
 29 0.617E+09 0.313E-04 0.853E-07
 30 0.617E+09 0.313E-04 0.853E-07
 31 0.617E+09 0.313E-04 0.853E-07
 32 0.617E+09 0.313E-04 0.853E-07
 33 0.617E+09 0.313E-04 0.853E-07
 34 0.617E+09 0.313E-04 0.853E-07
 35 0.617E+09 0.313E-04 0.853E-07
 36 0.617E+09 0.313E-04 0.853E-07
 37 0.617E+09 0.313E-04 0.853E-07
 38 0.617E+09 0.313E-04 0.853E-07
 39 0.617E+09 0.313E-04 0.853E-07
 40 0.617E+09 0.313E-04 0.853E-07
 41 0.617E+09 0.313E-04 0.853E-07
 42 0.617E+09 0.313E-04 0.853E-07
 43 0.617E+09 0.313E-04 0.853E-07
 44 0.617E+09 0.313E-04 0.853E-07
 45 0.617E+09 0.313E-04 0.853E-07
  ilin=           3
 PARTITION FUNCTIONS
 TEMP         1         2
  2500. 0.200E+01 0.100E+01
  2500. 0.200E+01 0.100E+01
  2447. 0.200E+01 0.100E+01
  2447. 0.200E+01 0.100E+01
  2390. 0.200E+01 0.100E+01
  2395. 0.200E+01 0.100E+01
  2341. 0.200E+01 0.100E+01
  2343. 0.200E+01 0.100E+01
  2292. 0.200E+01 0.100E+01
  2292. 0.200E+01 0.100E+01
  2244. 0.200E+01 0.100E+01
  2244. 0.200E+01 0.100E+01
  2197. 0.200E+01 0.100E+01
  2197. 0.200E+01 0.100E+01
  2153. 0.200E+01 0.100E+01
  2151. 0.200E+01 0.100E+01
  2109. 0.200E+01 0.100E+01
  2106. 0.200E+01 0.100E+01
  2066. 0.200E+01 0.100E+01
  2066. 0.200E+01 0.100E+01
  2025. 0.200E+01 0.100E+01
  2025. 0.200E+01 0.100E+01
  1985. 0.200E+01 0.100E+01
  1985. 0.200E+01 0.100E+01
  1946. 0.200E+01 0.100E+01
  1946. 0.200E+01 0.100E+01
  1913. 0.200E+01 0.100E+01
  1908. 0.200E+01 0.100E+01
  1877. 0.200E+01 0.100E+01
  1872. 0.200E+01 0.100E+01
  1842. 0.200E+01 0.100E+01
  1842. 0.200E+01 0.100E+01
  1808. 0.200E+01 0.100E+01
  1808. 0.200E+01 0.100E+01
  1776. 0.200E+01 0.100E+01
  1776. 0.200E+01 0.100E+01
  1750. 0.200E+01 0.100E+01
  1744. 0.200E+01 0.100E+01
  1719. 0.200E+01 0.100E+01
  1713. 0.200E+01 0.100E+01
  1690. 0.200E+01 0.100E+01
  1684. 0.200E+01 0.100E+01
  1661. 0.200E+01 0.100E+01
  1661. 0.200E+01 0.100E+01
  1634. 0.200E+01 0.100E+01
    N(J)/N  ION POPULATIONS
 z          1          2
 0.162D+12  0.100D+01  0.426D-15
 0.203D+12  0.100D+01  0.426D-15
 0.243D+12  0.100D+01  0.977D-16
 0.284D+12  0.100D+01  0.864D-16
 0.325D+12  0.100D+01  0.170D-16
 0.365D+12  0.100D+01  0.193D-16
 0.406D+12  0.100D+01  0.389D-17
 0.446D+12  0.100D+01  0.389D-17
 0.487D+12  0.100D+01  0.825D-18
 0.528D+12  0.100D+01  0.825D-18
 0.568D+12  0.100D+01  0.184D-18
 0.609D+12  0.100D+01  0.179D-18
 0.649D+12  0.100D+01  0.400D-19
 0.690D+12  0.100D+01  0.398D-19
 0.730D+12  0.100D+01  0.939D-20
 0.771D+12  0.100D+01  0.887D-20
 0.812D+12  0.100D+01  0.216D-20
 0.852D+12  0.100D+01  0.200D-20
 0.893D+12  0.100D+01  0.488D-21
 0.933D+12  0.100D+01  0.503D-21
 0.974D+12  0.100D+01  0.114D-21
 0.101D+13  0.100D+01  0.119D-21
 0.106D+13  0.100D+01  0.257D-22
 0.110D+13  0.100D+01  0.269D-22
 0.114D+13  0.100D+01  0.611D-23
 0.118D+13  0.100D+01  0.644D-23
 0.122D+13  0.100D+01  0.172D-23
 0.126D+13  0.100D+01  0.147D-23
 0.130D+13  0.100D+01  0.428D-24
 0.134D+13  0.100D+01  0.361D-24
 0.138D+13  0.100D+01  0.108D-24
 0.142D+13  0.100D+01  0.108D-24
 0.146D+13  0.100D+01  0.259D-25
 0.150D+13  0.100D+01  0.275D-25
 0.154D+13  0.100D+01  0.667D-26
 0.158D+13  0.100D+01  0.667D-26
 0.162D+13  0.100D+01  0.214D-26
 0.166D+13  0.100D+01  0.173D-26
 0.170D+13  0.100D+01  0.569D-27
 0.175D+13  0.100D+01  0.429D-27
 0.179D+13  0.100D+01  0.144D-27
 0.183D+13  0.100D+01  0.113D-27
 0.187D+13  0.100D+01  0.387D-28
 0.191D+13  0.100D+01  0.387D-28
 0.195D+13  0.100D+01  0.990D-29
 i   GR        GS        GW        
  1 0.603E+09 0.103E-04 0.598E-07
  2 0.603E+09 0.103E-04 0.598E-07
  3 0.603E+09 0.103E-04 0.598E-07
  4 0.603E+09 0.103E-04 0.598E-07
  5 0.603E+09 0.103E-04 0.598E-07
  6 0.603E+09 0.103E-04 0.598E-07
  7 0.603E+09 0.103E-04 0.598E-07
  8 0.603E+09 0.103E-04 0.598E-07
  9 0.603E+09 0.103E-04 0.598E-07
 10 0.603E+09 0.103E-04 0.598E-07
 11 0.603E+09 0.103E-04 0.598E-07
 12 0.603E+09 0.103E-04 0.598E-07
 13 0.603E+09 0.103E-04 0.598E-07
 14 0.603E+09 0.103E-04 0.598E-07
 15 0.603E+09 0.103E-04 0.598E-07
 16 0.603E+09 0.103E-04 0.598E-07
 17 0.603E+09 0.103E-04 0.598E-07
 18 0.603E+09 0.103E-04 0.598E-07
 19 0.603E+09 0.103E-04 0.598E-07
 20 0.603E+09 0.103E-04 0.598E-07
 21 0.603E+09 0.103E-04 0.598E-07
 22 0.603E+09 0.103E-04 0.598E-07
 23 0.603E+09 0.103E-04 0.598E-07
 24 0.603E+09 0.103E-04 0.598E-07
 25 0.603E+09 0.103E-04 0.598E-07
 26 0.603E+09 0.103E-04 0.598E-07
 27 0.603E+09 0.103E-04 0.598E-07
 28 0.603E+09 0.103E-04 0.598E-07
 29 0.603E+09 0.103E-04 0.598E-07
 30 0.603E+09 0.103E-04 0.598E-07
 31 0.603E+09 0.103E-04 0.598E-07
 32 0.603E+09 0.103E-04 0.598E-07
 33 0.603E+09 0.103E-04 0.598E-07
 34 0.603E+09 0.103E-04 0.598E-07
 35 0.603E+09 0.103E-04 0.598E-07
 36 0.603E+09 0.103E-04 0.598E-07
 37 0.603E+09 0.103E-04 0.598E-07
 38 0.603E+09 0.103E-04 0.598E-07
 39 0.603E+09 0.103E-04 0.598E-07
 40 0.603E+09 0.103E-04 0.598E-07
 41 0.603E+09 0.103E-04 0.598E-07
 42 0.603E+09 0.103E-04 0.598E-07
 43 0.603E+09 0.103E-04 0.598E-07
 44 0.603E+09 0.103E-04 0.598E-07
 45 0.603E+09 0.103E-04 0.598E-07
  ilin=           4
 PARTITION FUNCTIONS
 TEMP         1         2
  2500. 0.200E+01 0.100E+01
  2500. 0.200E+01 0.100E+01
  2447. 0.200E+01 0.100E+01
  2447. 0.200E+01 0.100E+01
  2390. 0.200E+01 0.100E+01
  2395. 0.200E+01 0.100E+01
  2341. 0.200E+01 0.100E+01
  2343. 0.200E+01 0.100E+01
  2292. 0.200E+01 0.100E+01
  2292. 0.200E+01 0.100E+01
  2244. 0.200E+01 0.100E+01
  2244. 0.200E+01 0.100E+01
  2197. 0.200E+01 0.100E+01
  2197. 0.200E+01 0.100E+01
  2153. 0.200E+01 0.100E+01
  2151. 0.200E+01 0.100E+01
  2109. 0.200E+01 0.100E+01
  2106. 0.200E+01 0.100E+01
  2066. 0.200E+01 0.100E+01
  2066. 0.200E+01 0.100E+01
  2025. 0.200E+01 0.100E+01
  2025. 0.200E+01 0.100E+01
  1985. 0.200E+01 0.100E+01
  1985. 0.200E+01 0.100E+01
  1946. 0.200E+01 0.100E+01
  1946. 0.200E+01 0.100E+01
  1913. 0.200E+01 0.100E+01
  1908. 0.200E+01 0.100E+01
  1877. 0.200E+01 0.100E+01
  1872. 0.200E+01 0.100E+01
  1842. 0.200E+01 0.100E+01
  1842. 0.200E+01 0.100E+01
  1808. 0.200E+01 0.100E+01
  1808. 0.200E+01 0.100E+01
  1776. 0.200E+01 0.100E+01
  1776. 0.200E+01 0.100E+01
  1750. 0.200E+01 0.100E+01
  1744. 0.200E+01 0.100E+01
  1719. 0.200E+01 0.100E+01
  1713. 0.200E+01 0.100E+01
  1690. 0.200E+01 0.100E+01
  1684. 0.200E+01 0.100E+01
  1661. 0.200E+01 0.100E+01
  1661. 0.200E+01 0.100E+01
  1634. 0.200E+01 0.100E+01
    N(J)/N  ION POPULATIONS
 z          1          2
 0.162D+12  0.100D+01  0.426D-15
 0.203D+12  0.100D+01  0.426D-15
 0.243D+12  0.100D+01  0.977D-16
 0.284D+12  0.100D+01  0.864D-16
 0.325D+12  0.100D+01  0.170D-16
 0.365D+12  0.100D+01  0.193D-16
 0.406D+12  0.100D+01  0.389D-17
 0.446D+12  0.100D+01  0.389D-17
 0.487D+12  0.100D+01  0.825D-18
 0.528D+12  0.100D+01  0.825D-18
 0.568D+12  0.100D+01  0.184D-18
 0.609D+12  0.100D+01  0.179D-18
 0.649D+12  0.100D+01  0.400D-19
 0.690D+12  0.100D+01  0.398D-19
 0.730D+12  0.100D+01  0.939D-20
 0.771D+12  0.100D+01  0.887D-20
 0.812D+12  0.100D+01  0.216D-20
 0.852D+12  0.100D+01  0.200D-20
 0.893D+12  0.100D+01  0.488D-21
 0.933D+12  0.100D+01  0.503D-21
 0.974D+12  0.100D+01  0.114D-21
 0.101D+13  0.100D+01  0.119D-21
 0.106D+13  0.100D+01  0.257D-22
 0.110D+13  0.100D+01  0.269D-22
 0.114D+13  0.100D+01  0.611D-23
 0.118D+13  0.100D+01  0.644D-23
 0.122D+13  0.100D+01  0.172D-23
 0.126D+13  0.100D+01  0.147D-23
 0.130D+13  0.100D+01  0.428D-24
 0.134D+13  0.100D+01  0.361D-24
 0.138D+13  0.100D+01  0.108D-24
 0.142D+13  0.100D+01  0.108D-24
 0.146D+13  0.100D+01  0.259D-25
 0.150D+13  0.100D+01  0.275D-25
 0.154D+13  0.100D+01  0.667D-26
 0.158D+13  0.100D+01  0.667D-26
 0.162D+13  0.100D+01  0.214D-26
 0.166D+13  0.100D+01  0.173D-26
 0.170D+13  0.100D+01  0.569D-27
 0.175D+13  0.100D+01  0.429D-27
 0.179D+13  0.100D+01  0.144D-27
 0.183D+13  0.100D+01  0.113D-27
 0.187D+13  0.100D+01  0.387D-28
 0.191D+13  0.100D+01  0.387D-28
 0.195D+13  0.100D+01  0.990D-29
 i   GR        GS        GW        
  1 0.575E+09 0.244E-05 0.377E-07
  2 0.575E+09 0.244E-05 0.377E-07
  3 0.575E+09 0.244E-05 0.377E-07
  4 0.575E+09 0.244E-05 0.377E-07
  5 0.575E+09 0.244E-05 0.377E-07
  6 0.575E+09 0.244E-05 0.377E-07
  7 0.575E+09 0.244E-05 0.377E-07
  8 0.575E+09 0.244E-05 0.377E-07
  9 0.575E+09 0.244E-05 0.377E-07
 10 0.575E+09 0.244E-05 0.377E-07
 11 0.575E+09 0.244E-05 0.377E-07
 12 0.575E+09 0.244E-05 0.377E-07
 13 0.575E+09 0.244E-05 0.377E-07
 14 0.575E+09 0.244E-05 0.377E-07
 15 0.575E+09 0.244E-05 0.377E-07
 16 0.575E+09 0.244E-05 0.377E-07
 17 0.575E+09 0.244E-05 0.377E-07
 18 0.575E+09 0.244E-05 0.377E-07
 19 0.575E+09 0.244E-05 0.377E-07
 20 0.575E+09 0.244E-05 0.377E-07
 21 0.575E+09 0.244E-05 0.377E-07
 22 0.575E+09 0.244E-05 0.377E-07
 23 0.575E+09 0.244E-05 0.377E-07
 24 0.575E+09 0.244E-05 0.377E-07
 25 0.575E+09 0.244E-05 0.377E-07
 26 0.575E+09 0.244E-05 0.377E-07
 27 0.575E+09 0.244E-05 0.377E-07
 28 0.575E+09 0.244E-05 0.377E-07
 29 0.575E+09 0.244E-05 0.377E-07
 30 0.575E+09 0.244E-05 0.377E-07
 31 0.575E+09 0.244E-05 0.377E-07
 32 0.575E+09 0.244E-05 0.377E-07
 33 0.575E+09 0.244E-05 0.377E-07
 34 0.575E+09 0.244E-05 0.377E-07
 35 0.575E+09 0.244E-05 0.377E-07
 36 0.575E+09 0.244E-05 0.377E-07
 37 0.575E+09 0.244E-05 0.377E-07
 38 0.575E+09 0.244E-05 0.377E-07
 39 0.575E+09 0.244E-05 0.377E-07
 40 0.575E+09 0.244E-05 0.377E-07
 41 0.575E+09 0.244E-05 0.377E-07
 42 0.575E+09 0.244E-05 0.377E-07
 43 0.575E+09 0.244E-05 0.377E-07
 44 0.575E+09 0.244E-05 0.377E-07
 45 0.575E+09 0.244E-05 0.377E-07
  iunt=           0  aintb=   0.0000000000000000     
  lambda=   24991.660897620044     
 id  ophbf     ophff     opth      ophrs     ophn      opmieb    opmiej    oplin     opmol
  1  2.69E-27  1.13E-12  1.83E-16  1.41E-15  6.30E-15  0.00E+00  0.00E+00  5.32E-29  0.00E+00
  2  2.69E-27  1.13E-12  1.83E-16  1.41E-15  6.30E-15  0.00E+00  0.00E+00  5.32E-29  0.00E+00
  3  6.72E-28  1.72E-12  2.00E-16  1.32E-15  6.39E-15  0.00E+00  0.00E+00  2.22E-29  0.00E+00
  4  7.27E-28  2.28E-12  2.26E-16  1.42E-15  7.82E-15  0.00E+00  0.00E+00  2.53E-29  0.00E+00
  5  1.40E-28  3.03E-12  2.40E-16  1.22E-15  7.08E-15  0.00E+00  0.00E+00  8.68E-30  0.00E+00
  6  1.62E-28  3.02E-12  2.40E-16  1.25E-15  7.25E-15  0.00E+00  0.00E+00  9.58E-30  0.00E+00
  7  3.05E-29  3.71E-12  2.51E-16  1.04E-15  6.27E-15  0.00E+00  0.00E+00  3.21E-30  0.00E+00
  8  3.45E-29  4.32E-12  2.70E-16  1.09E-15  7.10E-15  0.00E+00  0.00E+00  3.65E-30  0.00E+00
  9  6.38E-30  4.77E-12  2.72E-16  8.83E-16  5.73E-15  0.00E+00  0.00E+00  1.18E-30  0.00E+00
 10  6.38E-30  4.77E-12  2.72E-16  8.83E-16  5.73E-15  0.00E+00  0.00E+00  1.18E-30  0.00E+00
 11  1.21E-30  5.00E-12  2.70E-16  7.05E-16  4.50E-15  0.00E+00  0.00E+00  3.88E-31  0.00E+00
 12  1.23E-30  5.30E-12  2.78E-16  7.15E-16  4.70E-15  0.00E+00  0.00E+00  3.99E-31  0.00E+00
 13  2.20E-31  5.18E-12  2.67E-16  5.57E-16  3.49E-15  0.00E+00  0.00E+00  1.24E-31  0.00E+00
 14  2.20E-31  5.23E-12  2.68E-16  5.58E-16  3.52E-15  0.00E+00  0.00E+00  1.25E-31  0.00E+00
 15  4.06E-32  4.91E-12  2.54E-16  4.32E-16  2.56E-15  0.00E+00  0.00E+00  3.93E-32  0.00E+00
 16  3.76E-32  4.84E-12  2.52E-16  4.26E-16  2.50E-15  0.00E+00  0.00E+00  3.73E-32  0.00E+00
 17  6.99E-33  4.39E-12  2.35E-16  3.28E-16  1.78E-15  0.00E+00  0.00E+00  1.17E-32  0.00E+00
 18  6.15E-33  4.17E-12  2.28E-16  3.18E-16  1.68E-15  0.00E+00  0.00E+00  1.06E-32  0.00E+00
 19  1.17E-33  3.87E-12  2.15E-16  2.47E-16  1.22E-15  0.00E+00  0.00E+00  3.43E-33  0.00E+00
 20  1.15E-33  3.65E-12  2.09E-16  2.43E-16  1.17E-15  0.00E+00  0.00E+00  3.33E-33  0.00E+00
 21  1.87E-34  3.12E-12  1.88E-16  1.81E-16  7.77E-16  0.00E+00  0.00E+00  9.53E-34  0.00E+00
 22  1.83E-34  2.86E-12  1.80E-16  1.77E-16  7.29E-16  0.00E+00  0.00E+00  9.11E-34  0.00E+00
 23  2.99E-35  2.61E-12  1.67E-16  1.35E-16  5.08E-16  0.00E+00  0.00E+00  2.68E-34  0.00E+00
 24  2.91E-35  2.37E-12  1.60E-16  1.31E-16  4.74E-16  0.00E+00  0.00E+00  2.56E-34  0.00E+00
 25  4.55E-36  1.93E-12  1.39E-16  9.68E-17  3.02E-16  0.00E+00  0.00E+00  7.09E-35  0.00E+00
 26  4.42E-36  1.73E-12  1.32E-16  9.39E-17  2.78E-16  0.00E+00  0.00E+00  6.68E-35  0.00E+00
 27  9.02E-37  1.57E-12  1.21E-16  7.39E-17  1.99E-16  0.00E+00  0.00E+00  2.31E-35  0.00E+00
 28  6.80E-37  1.38E-12  1.13E-16  6.89E-17  1.73E-16  0.00E+00  0.00E+00  1.83E-35  0.00E+00
 29  1.37E-37  1.10E-12  9.68E-17  5.27E-17  1.13E-16  0.00E+00  0.00E+00  6.02E-36  0.00E+00
 30  9.99E-38  9.46E-13  8.97E-17  4.87E-17  9.65E-17  0.00E+00  0.00E+00  4.66E-36  0.00E+00
 31  2.04E-38  7.43E-13  7.58E-17  3.73E-17  6.20E-17  0.00E+00  0.00E+00  1.55E-36  0.00E+00
 32  2.04E-38  7.43E-13  7.58E-17  3.73E-17  6.20E-17  0.00E+00  0.00E+00  1.55E-36  0.00E+00
 33  3.14E-39  5.63E-13  6.18E-17  2.74E-17  3.68E-17  0.00E+00  0.00E+00  4.25E-37  0.00E+00
 34  3.02E-39  4.90E-13  5.83E-17  2.63E-17  3.33E-17  0.00E+00  0.00E+00  3.92E-37  0.00E+00
 35  4.61E-40  3.66E-13  4.69E-17  1.93E-17  1.95E-17  0.00E+00  0.00E+00  1.08E-37  0.00E+00
 36  4.61E-40  3.66E-13  4.69E-17  1.93E-17  1.95E-17  0.00E+00  0.00E+00  1.08E-37  0.00E+00
 37  9.87E-41  2.78E-13  3.84E-17  1.49E-17  1.22E-17  0.00E+00  0.00E+00  3.69E-38  0.00E+00
 38  6.72E-41  2.34E-13  3.50E-17  1.36E-17  1.01E-17  0.00E+00  0.00E+00  2.71E-38  0.00E+00
 39  1.46E-41  1.76E-13  2.85E-17  1.05E-17  6.33E-18  0.00E+00  0.00E+00  9.39E-39  0.00E+00
 40  1.02E-41  1.71E-13  2.74E-17  9.96E-18  5.78E-18  0.00E+00  0.00E+00  7.42E-39  0.00E+00
 41  2.26E-42  1.28E-13  2.22E-17  7.72E-18  3.60E-18  0.00E+00  0.00E+00  2.61E-39  0.00E+00
 42  1.48E-42  1.07E-13  2.01E-17  6.99E-18  2.95E-18  0.00E+00  0.00E+00  1.86E-39  0.00E+00
 43  3.33E-43  8.01E-14  1.62E-17  5.44E-18  1.83E-18  0.00E+00  0.00E+00  6.62E-40  0.00E+00
 44  3.33E-43  8.01E-14  1.62E-17  5.44E-18  1.83E-18  0.00E+00  0.00E+00  6.62E-40  0.00E+00
 45  5.14E-44  5.76E-14  1.24E-17  4.02E-18  1.03E-18  0.00E+00  0.00E+00  1.84E-40  0.00E+00
 id   opdep     contrib.f   aint 
 44  2.794E-03  2.224E-09  2.224E-09
 43  6.044E-03  2.658E-09  4.882E-09
 42  9.837E-03  3.167E-09  8.049E-09
 41  1.461E-02  4.086E-09  1.213E-08
 40  2.067E-02  5.329E-09  1.746E-08
 39  2.772E-02  6.336E-09  2.380E-08
 38  3.604E-02  7.661E-09  3.146E-08
 37  4.643E-02  9.760E-09  4.122E-08
 36  5.950E-02  1.252E-08  5.374E-08
 35  7.435E-02  1.438E-08  6.811E-08
 34  9.171E-02  1.706E-08  8.517E-08
 33  1.131E-01  2.121E-08  1.064E-07
 32  1.396E-01  2.650E-08  1.329E-07
 31  1.697E-01  3.021E-08  1.631E-07
 30  2.040E-01  3.413E-08  1.972E-07
 29  2.455E-01  4.101E-08  2.382E-07
 28  2.957E-01  4.890E-08  2.871E-07
 27  3.556E-01  5.687E-08  3.440E-07
 26  4.226E-01  6.157E-08  4.056E-07
 25  4.969E-01  6.543E-08  4.710E-07
 24  5.843E-01  7.315E-08  5.442E-07
 23  6.854E-01  7.945E-08  6.236E-07
 22  7.963E-01  8.076E-08  7.044E-07
 21  9.176E-01  8.115E-08  7.855E-07
 20  1.055E+00  8.317E-08  8.687E-07
 19  1.208E+00  8.265E-08  9.513E-07
 18  1.371E+00  7.750E-08  1.029E-06
 17  1.545E+00  7.196E-08  1.101E-06
 16  1.732E+00  6.669E-08  1.167E-06
 15  1.930E+00  6.000E-08  1.227E-06
 14  2.136E+00  5.244E-08  1.280E-06
 13  2.348E+00  4.511E-08  1.325E-06
 12  2.560E+00  3.773E-08  1.363E-06
 11  2.769E+00  3.101E-08  1.394E-06
 10  2.968E+00  2.463E-08  1.418E-06
  9  3.162E+00  2.040E-08  1.439E-06
  8  3.346E+00  1.654E-08  1.455E-06
  7  3.509E+00  1.267E-08  1.468E-06
  6  3.646E+00  9.388E-09  1.477E-06
  5  3.770E+00  7.632E-09  1.485E-06
  4  3.878E+00  6.128E-09  1.491E-06
  3  3.959E+00  4.338E-09  1.496E-06
  2  4.018E+00  2.962E-09  1.498E-06
  1  4.064E+00  2.291E-09  1.501E-06
 iunt+1  opdep   aintbt    aint
  1  4.064E+00  0.000E+00  1.501E-06
 id    opac2     emis2     bnu       bnud      ejnu1     ejnu2     sf2       az        vz
  1  1.14E-12  3.21E-18  2.83E-06  8.06E-08  4.61E-07  0.00E+00  2.82E-06  1.62E+11  9.11E+06
  2  1.14E-12  3.21E-18  2.83E-06  8.06E-08  4.57E-07  0.00E+00  2.82E-06  2.03E+11  9.11E+06
  3  1.73E-12  4.63E-18  2.68E-06  7.12E-08  4.50E-07  0.00E+00  2.67E-06  2.43E+11  9.85E+06
  4  2.29E-12  6.12E-18  2.68E-06  7.12E-08  0.00E+00  0.00E+00  2.67E-06  2.84E+11  1.04E+07
  5  3.04E-12  7.64E-18  2.52E-06  6.19E-08  0.00E+00  0.00E+00  2.51E-06  3.25E+11  1.10E+07
  6  3.03E-12  7.66E-18  2.53E-06  6.26E-08  0.00E+00  0.00E+00  2.53E-06  3.65E+11  1.11E+07
  7  3.72E-12  8.85E-18  2.38E-06  5.45E-08  0.00E+00  0.00E+00  2.38E-06  4.06E+11  1.16E+07
  8  4.33E-12  1.03E-17  2.39E-06  5.49E-08  0.00E+00  0.00E+00  2.39E-06  4.46E+11  1.23E+07
  9  4.77E-12  1.07E-17  2.25E-06  4.78E-08  0.00E+00  0.00E+00  2.25E-06  4.87E+11  1.28E+07
 10  4.77E-12  1.07E-17  2.25E-06  4.78E-08  0.00E+00  0.00E+00  2.25E-06  5.28E+11  1.28E+07
 11  5.00E-12  1.06E-17  2.12E-06  4.18E-08  0.00E+00  0.00E+00  2.12E-06  5.68E+11  1.33E+07
 12  5.30E-12  1.12E-17  2.12E-06  4.18E-08  0.00E+00  0.00E+00  2.12E-06  6.09E+11  1.38E+07
 13  5.18E-12  1.03E-17  2.00E-06  3.64E-08  0.00E+00  0.00E+00  2.00E-06  6.49E+11  1.43E+07
 14  5.24E-12  1.05E-17  2.00E-06  3.64E-08  0.00E+00  0.00E+00  2.00E-06  6.90E+11  4.60E+06
 15  4.91E-12  9.25E-18  1.88E-06  3.18E-08  0.00E+00  0.00E+00  1.88E-06  7.30E+11  4.54E+06
 16  4.85E-12  9.11E-18  1.88E-06  3.16E-08  0.00E+00  0.00E+00  1.88E-06  7.71E+11  4.37E+06
 17  4.39E-12  7.80E-18  1.78E-06  2.77E-08  0.00E+00  0.00E+00  1.78E-06  8.12E+11  1.55E+07
 18  4.17E-12  7.38E-18  1.77E-06  2.74E-08  0.00E+00  0.00E+00  1.77E-06  8.52E+11  1.59E+07
 19  3.88E-12  6.48E-18  1.67E-06  2.41E-08  0.00E+00  0.00E+00  1.67E-06  8.93E+11  1.58E+07
 20  3.65E-12  6.11E-18  1.67E-06  2.41E-08  0.00E+00  0.00E+00  1.67E-06  9.33E+11  1.62E+07
 21  3.12E-12  4.91E-18  1.57E-06  2.09E-08  0.00E+00  0.00E+00  1.57E-06  9.74E+11  1.65E+07
 22  2.86E-12  4.50E-18  1.57E-06  2.09E-08  0.00E+00  0.00E+00  1.57E-06  1.01E+12  1.69E+07
 23  2.61E-12  3.86E-18  1.48E-06  1.81E-08  0.00E+00  0.00E+00  1.48E-06  1.06E+12  1.68E+07
 24  2.37E-12  3.52E-18  1.48E-06  1.81E-08  0.00E+00  0.00E+00  1.48E-06  1.10E+12  1.71E+07
 25  1.94E-12  2.70E-18  1.39E-06  1.56E-08  0.00E+00  0.00E+00  1.39E-06  1.14E+12  1.73E+07
 26  1.73E-12  2.41E-18  1.39E-06  1.56E-08  0.00E+00  0.00E+00  1.39E-06  1.18E+12  1.76E+07
 27  1.57E-12  2.08E-18  1.32E-06  1.38E-08  0.00E+00  0.00E+00  1.32E-06  1.22E+12  1.75E+07
 28  1.38E-12  1.80E-18  1.31E-06  1.35E-08  0.00E+00  0.00E+00  1.31E-06  1.26E+12  1.78E+07
 29  1.10E-12  1.37E-18  1.24E-06  1.19E-08  0.00E+00  0.00E+00  1.24E-06  1.30E+12  1.80E+07
 30  9.47E-13  1.17E-18  1.23E-06  1.17E-08  0.00E+00  0.00E+00  1.23E-06  1.34E+12  1.82E+07
 31  7.43E-13  8.69E-19  1.17E-06  1.03E-08  0.00E+00  0.00E+00  1.17E-06  1.38E+12  1.83E+07
 32  7.43E-13  8.69E-19  1.17E-06  1.03E-08  0.00E+00  0.00E+00  1.17E-06  1.42E+12  1.83E+07
 33  5.63E-13  6.19E-19  1.10E-06  8.90E-09  1.86E-07  0.00E+00  1.10E-06  1.46E+12  1.85E+07
 34  4.90E-13  5.39E-19  1.10E-06  8.90E-09  1.80E-07  0.00E+00  1.10E-06  1.50E+12  1.87E+07
 35  3.66E-13  3.79E-19  1.04E-06  7.69E-09  1.74E-07  0.00E+00  1.04E-06  1.54E+12  1.88E+07
 36  3.66E-13  3.79E-19  1.04E-06  7.69E-09  1.68E-07  0.00E+00  1.04E-06  1.58E+12  1.88E+07
 37  2.78E-13  2.74E-19  9.85E-07  6.82E-09  1.63E-07  0.00E+00  9.85E-07  1.62E+12  1.89E+07
 38  2.34E-13  2.28E-19  9.74E-07  6.64E-09  1.58E-07  0.00E+00  9.74E-07  1.66E+12  1.90E+07
 39  1.77E-13  1.64E-19  9.27E-07  5.90E-09  1.53E-07  0.00E+00  9.27E-07  1.70E+12  1.91E+07
 40  1.71E-13  1.56E-19  9.16E-07  5.73E-09  1.48E-07  0.00E+00  9.16E-07  1.75E+12  1.91E+07
 41  1.28E-13  1.12E-19  8.73E-07  5.09E-09  1.43E-07  0.00E+00  8.73E-07  1.79E+12  1.92E+07
 42  1.07E-13  9.21E-20  8.62E-07  4.94E-09  1.39E-07  0.00E+00  8.62E-07  1.83E+12  1.93E+07
 43  8.01E-14  6.58E-20  8.22E-07  4.40E-09  1.35E-07  0.00E+00  8.21E-07  1.87E+12  1.94E+07
 44  8.01E-14  6.58E-20  8.22E-07  4.40E-09  1.31E-07  0.00E+00  8.21E-07  1.91E+12  1.94E+07
 45  5.76E-14  4.45E-20  7.73E-07  3.80E-09  1.27E-07  0.00E+00  7.73E-07  1.95E+12  1.94E+07
  max optical depth for this view angle
 is:   4.88E+00

i=  40.00  alpha=  50.76
  iunt=           0
  ivac1=          65 ivacn=         109  nivac=          45
 vel.  vx        vy        vz        dens      dustd     dustt
   1 -5.23E+06 -2.13E+07  9.14E+06  4.49E-09  0.00E+00  1.00E+03
   2 -5.23E+06 -2.13E+07  9.14E+06  4.49E-09  0.00E+00  1.00E+03
   3 -5.46E+06 -2.08E+07  9.77E+06  5.19E-09  0.00E+00  9.76E+02
   4 -4.81E+06 -2.06E+07  1.04E+07  5.89E-09  0.00E+00  9.79E+02
   5 -5.01E+06 -2.02E+07  1.10E+07  6.41E-09  0.00E+00  9.56E+02
   6 -4.25E+06 -2.03E+07  1.11E+07  6.43E-09  0.00E+00  9.58E+02
   7 -4.46E+06 -1.98E+07  1.17E+07  6.79E-09  0.00E+00  9.36E+02
   8 -4.53E+06 -1.95E+07  1.22E+07  7.29E-09  0.00E+00  9.36E+02
   9 -3.98E+06 -1.91E+07  1.28E+07  7.40E-09  0.00E+00  9.17E+02
  10 -3.98E+06 -1.91E+07  1.28E+07  7.40E-09  0.00E+00  9.17E+02
  11 -3.45E+06 -1.87E+07  1.33E+07  7.37E-09  0.00E+00  8.98E+02
  12 -3.48E+06 -1.83E+07  1.38E+07  7.58E-09  0.00E+00  8.98E+02
  13 -3.63E+06 -1.79E+07  1.42E+07  7.34E-09  0.00E+00  8.79E+02
  14  9.23E+06 -5.44E+06  4.56E+06  7.37E-09  0.00E+00  8.79E+02
  15  9.09E+06 -5.36E+06  4.50E+06  7.03E-09  0.00E+00  8.61E+02
  16  9.28E+06 -5.16E+06  4.33E+06  6.98E-09  0.00E+00  8.60E+02
  17 -2.62E+06 -1.68E+07  1.55E+07  6.58E-09  0.00E+00  8.44E+02
  18 -2.59E+06 -1.64E+07  1.59E+07  6.43E-09  0.00E+00  8.44E+02
  19 -2.15E+06 -1.64E+07  1.58E+07  6.14E-09  0.00E+00  8.27E+02
  20 -2.12E+06 -1.60E+07  1.62E+07  5.96E-09  0.00E+00  8.27E+02
  21 -1.68E+06 -1.57E+07  1.65E+07  5.50E-09  0.00E+00  8.10E+02
  22 -1.64E+06 -1.53E+07  1.69E+07  5.27E-09  0.00E+00  8.10E+02
  23 -1.83E+06 -1.53E+07  1.68E+07  5.09E-09  0.00E+00  7.96E+02
  24 -1.23E+06 -1.49E+07  1.71E+07  4.83E-09  0.00E+00  7.94E+02
  25 -1.37E+06 -1.46E+07  1.73E+07  4.44E-09  0.00E+00  7.80E+02
  26 -7.93E+05 -1.42E+07  1.76E+07  4.17E-09  0.00E+00  7.78E+02
  27 -9.93E+05 -1.43E+07  1.75E+07  4.07E-09  0.00E+00  7.65E+02
  28 -4.34E+05 -1.39E+07  1.78E+07  3.80E-09  0.00E+00  7.63E+02
  29 -5.87E+05 -1.36E+07  1.80E+07  3.49E-09  0.00E+00  7.51E+02
  30 -5.30E+05 -1.33E+07  1.82E+07  3.24E-09  0.00E+00  7.51E+02
  31 -2.03E+05 -1.30E+07  1.83E+07  2.96E-09  0.00E+00  7.37E+02
  32 -2.03E+05 -1.30E+07  1.83E+07  2.96E-09  0.00E+00  7.37E+02
  33  1.01E+05 -1.27E+07  1.85E+07  2.71E-09  0.00E+00  7.23E+02
  34  1.59E+05 -1.24E+07  1.87E+07  2.50E-09  0.00E+00  7.23E+02
  35  8.50E+03 -1.21E+07  1.88E+07  2.29E-09  0.00E+00  7.13E+02
  36  4.39E+05 -1.22E+07  1.88E+07  2.29E-09  0.00E+00  7.10E+02
  37  2.86E+05 -1.19E+07  1.89E+07  2.10E-09  0.00E+00  7.00E+02
  38  7.55E+05 -1.16E+07  1.90E+07  1.93E-09  0.00E+00  6.98E+02
  39  6.00E+05 -1.14E+07  1.91E+07  1.78E-09  0.00E+00  6.88E+02
  40  6.00E+05 -1.14E+07  1.91E+07  1.78E-09  0.00E+00  6.88E+02
  41  8.37E+05 -1.12E+07  1.92E+07  1.64E-09  0.00E+00  6.76E+02
  42  8.93E+05 -1.09E+07  1.93E+07  1.50E-09  0.00E+00  6.76E+02
  43  1.11E+06 -1.07E+07  1.94E+07  1.39E-09  0.00E+00  6.65E+02
  44  1.11E+06 -1.07E+07  1.94E+07  1.39E-09  0.00E+00  6.65E+02
  45  9.59E+05 -1.05E+07  1.94E+07  1.28E-09  0.00E+00  6.56E+02
       akonc      ekonc      temp       az      mshade
   1  2.078E+15  2.752E+08  2.500E+03  1.623E+11  1
   2  2.078E+15  2.752E+08  2.500E+03  2.029E+11  1
   3  2.402E+15  2.986E+08  2.440E+03  2.435E+11  1
   4  2.731E+15  3.392E+08  2.447E+03  2.841E+11  0
   5  2.970E+15  3.603E+08  2.390E+03  3.247E+11  0
   6  2.977E+15  3.615E+08  2.395E+03  3.652E+11  0
   7  3.144E+15  3.779E+08  2.341E+03  4.058E+11  0
   8  3.376E+15  4.054E+08  2.341E+03  4.464E+11  0
   9  3.428E+15  4.095E+08  2.292E+03  4.870E+11  0
  10  3.428E+15  4.095E+08  2.292E+03  5.276E+11  0
  11  3.414E+15  4.059E+08  2.244E+03  5.682E+11  0
  12  3.511E+15  4.174E+08  2.244E+03  6.087E+11  0
  13  3.400E+15  4.019E+08  2.197E+03  6.493E+11  0
  14  3.416E+15  4.036E+08  2.197E+03  6.899E+11  0
  15  3.256E+15  3.816E+08  2.153E+03  7.305E+11  0
  16  3.234E+15  3.789E+08  2.151E+03  7.711E+11  0
  17  3.046E+15  3.527E+08  2.109E+03  8.116E+11  0
  18  2.977E+15  3.449E+08  2.109E+03  8.522E+11  0
  19  2.845E+15  3.234E+08  2.066E+03  8.928E+11  0
  20  2.761E+15  3.143E+08  2.066E+03  9.334E+11  0
  21  2.550E+15  2.828E+08  2.025E+03  9.740E+11  0
  22  2.440E+15  2.714E+08  2.025E+03  1.015E+12  0
  23  2.358E+15  2.531E+08  1.989E+03  1.055E+12  0
  24  2.237E+15  2.401E+08  1.985E+03  1.096E+12  0
  25  2.057E+15  2.115E+08  1.951E+03  1.136E+12  0
  26  1.930E+15  1.985E+08  1.946E+03  1.177E+12  0
  27  1.883E+15  1.818E+08  1.913E+03  1.217E+12  0
  28  1.762E+15  1.699E+08  1.908E+03  1.258E+12  0
  29  1.615E+15  1.455E+08  1.877E+03  1.299E+12  0
  30  1.503E+15  1.373E+08  1.877E+03  1.339E+12  0
  31  1.373E+15  1.140E+08  1.842E+03  1.380E+12  0
  32  1.373E+15  1.140E+08  1.842E+03  1.420E+12  0
  33  1.256E+15  9.297E+07  1.808E+03  1.461E+12  1
  34  1.159E+15  8.770E+07  1.808E+03  1.502E+12  1
  35  1.062E+15  7.255E+07  1.781E+03  1.542E+12  1
  36  1.062E+15  7.049E+07  1.776E+03  1.583E+12  1
  37  9.751E+14  5.771E+07  1.750E+03  1.623E+12  1
  38  8.948E+14  5.271E+07  1.744E+03  1.664E+12  1
  39  8.228E+14  4.286E+07  1.719E+03  1.704E+12  1
  40  8.228E+14  4.286E+07  1.719E+03  1.745E+12  1
  41  7.592E+14  3.333E+07  1.690E+03  1.786E+12  1
  42  6.934E+14  3.152E+07  1.690E+03  1.826E+12  1
  43  6.420E+14  2.433E+07  1.661E+03  1.867E+12  1
  44  6.420E+14  2.433E+07  1.661E+03  1.907E+12  1
  45  5.936E+14  1.951E+07  1.640E+03  1.948E+12  1
       AKONC      HI         H-         H2         HEI        HIPF       HIIPF
   1  2.078E+15  9.417E+14  7.153E+03  4.728E+14  1.887E+14  2.000E+00  1.000E+00
   2  2.078E+15  9.417E+14  7.153E+03  4.728E+14  1.887E+14  2.000E+00  1.000E+00
   3  2.402E+15  8.606E+14  8.011E+03  6.603E+14  2.181E+14  2.000E+00  1.000E+00
   4  2.731E+15  9.540E+14  9.942E+03  7.627E+14  2.479E+14  2.000E+00  1.000E+00
   5  2.970E+15  8.193E+14  1.023E+04  9.386E+14  2.696E+14  2.000E+00  1.000E+00
   6  2.977E+15  8.349E+14  1.035E+04  9.340E+14  2.703E+14  2.000E+00  1.000E+00
   7  3.144E+15  6.960E+14  1.016E+04  1.080E+15  2.855E+14  2.000E+00  1.000E+00
   8  3.376E+15  7.247E+14  1.135E+04  1.170E+15  3.065E+14  2.000E+00  1.000E+00
   9  3.428E+15  5.915E+14  1.046E+04  1.260E+15  3.112E+14  2.000E+00  1.000E+00
  10  3.428E+15  5.915E+14  1.046E+04  1.260E+15  3.112E+14  2.000E+00  1.000E+00
  11  3.414E+15  4.721E+14  9.275E+03  1.314E+15  3.100E+14  2.000E+00  1.000E+00
  12  3.511E+15  4.794E+14  9.683E+03  1.354E+15  3.188E+14  2.000E+00  1.000E+00
  13  3.400E+15  3.745E+14  8.161E+03  1.356E+15  3.087E+14  2.000E+00  1.000E+00
  14  3.416E+15  3.741E+14  8.202E+03  1.364E+15  3.101E+14  2.000E+00  1.000E+00
  15  3.256E+15  2.894E+14  6.712E+03  1.334E+15  2.957E+14  2.000E+00  1.000E+00
  16  3.234E+15  2.856E+14  6.606E+03  1.325E+15  2.936E+14  2.000E+00  1.000E+00
  17  3.046E+15  2.195E+14  5.279E+03  1.273E+15  2.766E+14  2.000E+00  1.000E+00
  18  2.977E+15  2.169E+14  5.102E+03  1.243E+15  2.703E+14  2.000E+00  1.000E+00
  19  2.845E+15  1.654E+14  4.097E+03  1.209E+15  2.583E+14  2.000E+00  1.000E+00
  20  2.761E+15  1.629E+14  3.920E+03  1.172E+15  2.507E+14  2.000E+00  1.000E+00
  21  2.550E+15  1.215E+14  2.958E+03  1.097E+15  2.316E+14  2.000E+00  1.000E+00
  22  2.440E+15  1.188E+14  2.775E+03  1.048E+15  2.216E+14  2.000E+00  1.000E+00
  23  2.358E+15  9.274E+13  2.246E+03  1.024E+15  2.141E+14  2.000E+00  1.000E+00
  24  2.237E+15  8.791E+13  2.044E+03  9.717E+14  2.031E+14  2.000E+00  1.000E+00
  25  2.057E+15  6.703E+13  1.523E+03  9.003E+14  1.868E+14  2.000E+00  1.000E+00
  26  1.930E+15  6.289E+13  1.360E+03  8.448E+14  1.752E+14  2.000E+00  1.000E+00
  27  1.883E+15  4.952E+13  1.086E+03  8.303E+14  1.710E+14  2.000E+00  1.000E+00
  28  1.762E+15  4.619E+13  9.623E+02  7.769E+14  1.600E+14  2.000E+00  1.000E+00
  29  1.615E+15  3.530E+13  6.967E+02  7.156E+14  1.467E+14  2.000E+00  1.000E+00
  30  1.503E+15  3.404E+13  6.340E+02  6.654E+14  1.365E+14  2.000E+00  1.000E+00
  31  1.373E+15  2.500E+13  4.345E+02  6.107E+14  1.246E+14  2.000E+00  1.000E+00
  32  1.373E+15  2.500E+13  4.345E+02  6.107E+14  1.246E+14  2.000E+00  1.000E+00
  33  1.256E+15  1.835E+13  2.923E+02  5.609E+14  1.140E+14  2.000E+00  1.000E+00
  34  1.159E+15  1.763E+13  2.648E+02  5.173E+14  1.052E+14  2.000E+00  1.000E+00
  35  1.062E+15  1.354E+13  1.854E+02  4.755E+14  9.645E+13  2.000E+00  1.000E+00
  36  1.062E+15  1.293E+13  1.754E+02  4.756E+14  9.641E+13  2.000E+00  1.000E+00
  37  9.751E+14  9.968E+12  1.218E+02  4.377E+14  8.854E+13  2.000E+00  1.000E+00
  38  8.948E+14  9.087E+12  1.036E+02  4.017E+14  8.125E+13  2.000E+00  1.000E+00
  39  8.228E+14  7.025E+12  7.150E+01  3.700E+14  7.471E+13  2.000E+00  1.000E+00
  40  8.228E+14  7.025E+12  7.150E+01  3.700E+14  7.471E+13  2.000E+00  1.000E+00
  41  7.592E+14  5.175E+12  4.594E+01  3.421E+14  6.894E+13  2.000E+00  1.000E+00
  42  6.934E+14  4.945E+12  4.151E+01  3.123E+14  6.296E+13  2.000E+00  1.000E+00
  43  6.420E+14  3.647E+12  2.651E+01  2.896E+14  5.829E+13  2.000E+00  1.000E+00
  44  6.420E+14  3.647E+12  2.651E+01  2.896E+14  5.829E+13  2.000E+00  1.000E+00
  45  5.936E+14  2.843E+12  1.813E+01  2.681E+14  5.390E+13  2.000E+00  1.000E+00
  ilin=           1
 PARTITION FUNCTIONS
 TEMP         1         2
  2500. 0.200E+01 0.100E+01
  2500. 0.200E+01 0.100E+01
  2440. 0.200E+01 0.100E+01
  2447. 0.200E+01 0.100E+01
  2390. 0.200E+01 0.100E+01
  2395. 0.200E+01 0.100E+01
  2341. 0.200E+01 0.100E+01
  2341. 0.200E+01 0.100E+01
  2292. 0.200E+01 0.100E+01
  2292. 0.200E+01 0.100E+01
  2244. 0.200E+01 0.100E+01
  2244. 0.200E+01 0.100E+01
  2197. 0.200E+01 0.100E+01
  2197. 0.200E+01 0.100E+01
  2153. 0.200E+01 0.100E+01
  2151. 0.200E+01 0.100E+01
  2109. 0.200E+01 0.100E+01
  2109. 0.200E+01 0.100E+01
  2066. 0.200E+01 0.100E+01
  2066. 0.200E+01 0.100E+01
  2025. 0.200E+01 0.100E+01
  2025. 0.200E+01 0.100E+01
  1989. 0.200E+01 0.100E+01
  1985. 0.200E+01 0.100E+01
  1951. 0.200E+01 0.100E+01
  1946. 0.200E+01 0.100E+01
  1913. 0.200E+01 0.100E+01
  1908. 0.200E+01 0.100E+01
  1877. 0.200E+01 0.100E+01
  1877. 0.200E+01 0.100E+01
  1842. 0.200E+01 0.100E+01
  1842. 0.200E+01 0.100E+01
  1808. 0.200E+01 0.100E+01
  1808. 0.200E+01 0.100E+01
  1781. 0.200E+01 0.100E+01
  1776. 0.200E+01 0.100E+01
  1750. 0.200E+01 0.100E+01
  1744. 0.200E+01 0.100E+01
  1719. 0.200E+01 0.100E+01
  1719. 0.200E+01 0.100E+01
  1690. 0.200E+01 0.100E+01
  1690. 0.200E+01 0.100E+01
  1661. 0.200E+01 0.100E+01
  1661. 0.200E+01 0.100E+01
  1640. 0.200E+01 0.100E+01
    N(J)/N  ION POPULATIONS
 z          1          2
 0.162D+12  0.100D+01  0.426D-15
 0.203D+12  0.100D+01  0.426D-15
 0.243D+12  0.100D+01  0.812D-16
 0.284D+12  0.100D+01  0.864D-16
 0.325D+12  0.100D+01  0.170D-16
 0.365D+12  0.100D+01  0.193D-16
 0.406D+12  0.100D+01  0.389D-17
 0.446D+12  0.100D+01  0.362D-17
 0.487D+12  0.100D+01  0.825D-18
 0.528D+12  0.100D+01  0.825D-18
 0.568D+12  0.100D+01  0.184D-18
 0.609D+12  0.100D+01  0.179D-18
 0.649D+12  0.100D+01  0.409D-19
 0.690D+12  0.100D+01  0.398D-19
 0.730D+12  0.100D+01  0.939D-20
 0.771D+12  0.100D+01  0.887D-20
 0.812D+12  0.100D+01  0.216D-20
 0.852D+12  0.100D+01  0.221D-20
 0.893D+12  0.100D+01  0.488D-21
 0.933D+12  0.100D+01  0.503D-21
 0.974D+12  0.100D+01  0.114D-21
 0.101D+13  0.100D+01  0.119D-21
 0.106D+13  0.100D+01  0.301D-22
 0.110D+13  0.100D+01  0.269D-22
 0.114D+13  0.100D+01  0.734D-23
 0.118D+13  0.100D+01  0.644D-23
 0.122D+13  0.100D+01  0.172D-23
 0.126D+13  0.100D+01  0.147D-23
 0.130D+13  0.100D+01  0.428D-24
 0.134D+13  0.100D+01  0.453D-24
 0.138D+13  0.100D+01  0.108D-24
 0.142D+13  0.100D+01  0.108D-24
 0.146D+13  0.100D+01  0.259D-25
 0.150D+13  0.100D+01  0.275D-25
 0.154D+13  0.100D+01  0.860D-26
 0.158D+13  0.100D+01  0.667D-26
 0.162D+13  0.100D+01  0.214D-26
 0.166D+13  0.100D+01  0.173D-26
 0.170D+13  0.100D+01  0.569D-27
 0.175D+13  0.100D+01  0.569D-27
 0.179D+13  0.100D+01  0.144D-27
 0.183D+13  0.100D+01  0.152D-27
 0.187D+13  0.100D+01  0.387D-28
 0.191D+13  0.100D+01  0.387D-28
 0.195D+13  0.100D+01  0.134D-28
 i   GR        GS        GW        
  1 0.617E+09 0.313E-04 0.853E-07
  2 0.617E+09 0.313E-04 0.853E-07
  3 0.617E+09 0.313E-04 0.853E-07
  4 0.617E+09 0.313E-04 0.853E-07
  5 0.617E+09 0.313E-04 0.853E-07
  6 0.617E+09 0.313E-04 0.853E-07
  7 0.617E+09 0.313E-04 0.853E-07
  8 0.617E+09 0.313E-04 0.853E-07
  9 0.617E+09 0.313E-04 0.853E-07
 10 0.617E+09 0.313E-04 0.853E-07
 11 0.617E+09 0.313E-04 0.853E-07
 12 0.617E+09 0.313E-04 0.853E-07
 13 0.617E+09 0.313E-04 0.853E-07
 14 0.617E+09 0.313E-04 0.853E-07
 15 0.617E+09 0.313E-04 0.853E-07
 16 0.617E+09 0.313E-04 0.853E-07
 17 0.617E+09 0.313E-04 0.853E-07
 18 0.617E+09 0.313E-04 0.853E-07
 19 0.617E+09 0.313E-04 0.853E-07
 20 0.617E+09 0.313E-04 0.853E-07
 21 0.617E+09 0.313E-04 0.853E-07
 22 0.617E+09 0.313E-04 0.853E-07
 23 0.617E+09 0.313E-04 0.853E-07
 24 0.617E+09 0.313E-04 0.853E-07
 25 0.617E+09 0.313E-04 0.853E-07
 26 0.617E+09 0.313E-04 0.853E-07
 27 0.617E+09 0.313E-04 0.853E-07
 28 0.617E+09 0.313E-04 0.853E-07
 29 0.617E+09 0.313E-04 0.853E-07
 30 0.617E+09 0.313E-04 0.853E-07
 31 0.617E+09 0.313E-04 0.853E-07
 32 0.617E+09 0.313E-04 0.853E-07
 33 0.617E+09 0.313E-04 0.853E-07
 34 0.617E+09 0.313E-04 0.853E-07
 35 0.617E+09 0.313E-04 0.853E-07
 36 0.617E+09 0.313E-04 0.853E-07
 37 0.617E+09 0.313E-04 0.853E-07
 38 0.617E+09 0.313E-04 0.853E-07
 39 0.617E+09 0.313E-04 0.853E-07
 40 0.617E+09 0.313E-04 0.853E-07
 41 0.617E+09 0.313E-04 0.853E-07
 42 0.617E+09 0.313E-04 0.853E-07
 43 0.617E+09 0.313E-04 0.853E-07
 44 0.617E+09 0.313E-04 0.853E-07
 45 0.617E+09 0.313E-04 0.853E-07
  ilin=           2
 PARTITION FUNCTIONS
 TEMP         1         2
  2500. 0.200E+01 0.100E+01
  2500. 0.200E+01 0.100E+01
  2440. 0.200E+01 0.100E+01
  2447. 0.200E+01 0.100E+01
  2390. 0.200E+01 0.100E+01
  2395. 0.200E+01 0.100E+01
  2341. 0.200E+01 0.100E+01
  2341. 0.200E+01 0.100E+01
  2292. 0.200E+01 0.100E+01
  2292. 0.200E+01 0.100E+01
  2244. 0.200E+01 0.100E+01
  2244. 0.200E+01 0.100E+01
  2197. 0.200E+01 0.100E+01
  2197. 0.200E+01 0.100E+01
  2153. 0.200E+01 0.100E+01
  2151. 0.200E+01 0.100E+01
  2109. 0.200E+01 0.100E+01
  2109. 0.200E+01 0.100E+01
  2066. 0.200E+01 0.100E+01
  2066. 0.200E+01 0.100E+01
  2025. 0.200E+01 0.100E+01
  2025. 0.200E+01 0.100E+01
  1989. 0.200E+01 0.100E+01
  1985. 0.200E+01 0.100E+01
  1951. 0.200E+01 0.100E+01
  1946. 0.200E+01 0.100E+01
  1913. 0.200E+01 0.100E+01
  1908. 0.200E+01 0.100E+01
  1877. 0.200E+01 0.100E+01
  1877. 0.200E+01 0.100E+01
  1842. 0.200E+01 0.100E+01
  1842. 0.200E+01 0.100E+01
  1808. 0.200E+01 0.100E+01
  1808. 0.200E+01 0.100E+01
  1781. 0.200E+01 0.100E+01
  1776. 0.200E+01 0.100E+01
  1750. 0.200E+01 0.100E+01
  1744. 0.200E+01 0.100E+01
  1719. 0.200E+01 0.100E+01
  1719. 0.200E+01 0.100E+01
  1690. 0.200E+01 0.100E+01
  1690. 0.200E+01 0.100E+01
  1661. 0.200E+01 0.100E+01
  1661. 0.200E+01 0.100E+01
  1640. 0.200E+01 0.100E+01
    N(J)/N  ION POPULATIONS
 z          1          2
 0.162D+12  0.100D+01  0.426D-15
 0.203D+12  0.100D+01  0.426D-15
 0.243D+12  0.100D+01  0.812D-16
 0.284D+12  0.100D+01  0.864D-16
 0.325D+12  0.100D+01  0.170D-16
 0.365D+12  0.100D+01  0.193D-16
 0.406D+12  0.100D+01  0.389D-17
 0.446D+12  0.100D+01  0.362D-17
 0.487D+12  0.100D+01  0.825D-18
 0.528D+12  0.100D+01  0.825D-18
 0.568D+12  0.100D+01  0.184D-18
 0.609D+12  0.100D+01  0.179D-18
 0.649D+12  0.100D+01  0.409D-19
 0.690D+12  0.100D+01  0.398D-19
 0.730D+12  0.100D+01  0.939D-20
 0.771D+12  0.100D+01  0.887D-20
 0.812D+12  0.100D+01  0.216D-20
 0.852D+12  0.100D+01  0.221D-20
 0.893D+12  0.100D+01  0.488D-21
 0.933D+12  0.100D+01  0.503D-21
 0.974D+12  0.100D+01  0.114D-21
 0.101D+13  0.100D+01  0.119D-21
 0.106D+13  0.100D+01  0.301D-22
 0.110D+13  0.100D+01  0.269D-22
 0.114D+13  0.100D+01  0.734D-23
 0.118D+13  0.100D+01  0.644D-23
 0.122D+13  0.100D+01  0.172D-23
 0.126D+13  0.100D+01  0.147D-23
 0.130D+13  0.100D+01  0.428D-24
 0.134D+13  0.100D+01  0.453D-24
 0.138D+13  0.100D+01  0.108D-24
 0.142D+13  0.100D+01  0.108D-24
 0.146D+13  0.100D+01  0.259D-25
 0.150D+13  0.100D+01  0.275D-25
 0.154D+13  0.100D+01  0.860D-26
 0.158D+13  0.100D+01  0.667D-26
 0.162D+13  0.100D+01  0.214D-26
 0.166D+13  0.100D+01  0.173D-26
 0.170D+13  0.100D+01  0.569D-27
 0.175D+13  0.100D+01  0.569D-27
 0.179D+13  0.100D+01  0.144D-27
 0.183D+13  0.100D+01  0.152D-27
 0.187D+13  0.100D+01  0.387D-28
 0.191D+13  0.100D+01  0.387D-28
 0.195D+13  0.100D+01  0.134D-28
 i   GR        GS        GW        
  1 0.617E+09 0.313E-04 0.853E-07
  2 0.617E+09 0.313E-04 0.853E-07
  3 0.617E+09 0.313E-04 0.853E-07
  4 0.617E+09 0.313E-04 0.853E-07
  5 0.617E+09 0.313E-04 0.853E-07
  6 0.617E+09 0.313E-04 0.853E-07
  7 0.617E+09 0.313E-04 0.853E-07
  8 0.617E+09 0.313E-04 0.853E-07
  9 0.617E+09 0.313E-04 0.853E-07
 10 0.617E+09 0.313E-04 0.853E-07
 11 0.617E+09 0.313E-04 0.853E-07
 12 0.617E+09 0.313E-04 0.853E-07
 13 0.617E+09 0.313E-04 0.853E-07
 14 0.617E+09 0.313E-04 0.853E-07
 15 0.617E+09 0.313E-04 0.853E-07
 16 0.617E+09 0.313E-04 0.853E-07
 17 0.617E+09 0.313E-04 0.853E-07
 18 0.617E+09 0.313E-04 0.853E-07
 19 0.617E+09 0.313E-04 0.853E-07
 20 0.617E+09 0.313E-04 0.853E-07
 21 0.617E+09 0.313E-04 0.853E-07
 22 0.617E+09 0.313E-04 0.853E-07
 23 0.617E+09 0.313E-04 0.853E-07
 24 0.617E+09 0.313E-04 0.853E-07
 25 0.617E+09 0.313E-04 0.853E-07
 26 0.617E+09 0.313E-04 0.853E-07
 27 0.617E+09 0.313E-04 0.853E-07
 28 0.617E+09 0.313E-04 0.853E-07
 29 0.617E+09 0.313E-04 0.853E-07
 30 0.617E+09 0.313E-04 0.853E-07
 31 0.617E+09 0.313E-04 0.853E-07
 32 0.617E+09 0.313E-04 0.853E-07
 33 0.617E+09 0.313E-04 0.853E-07
 34 0.617E+09 0.313E-04 0.853E-07
 35 0.617E+09 0.313E-04 0.853E-07
 36 0.617E+09 0.313E-04 0.853E-07
 37 0.617E+09 0.313E-04 0.853E-07
 38 0.617E+09 0.313E-04 0.853E-07
 39 0.617E+09 0.313E-04 0.853E-07
 40 0.617E+09 0.313E-04 0.853E-07
 41 0.617E+09 0.313E-04 0.853E-07
 42 0.617E+09 0.313E-04 0.853E-07
 43 0.617E+09 0.313E-04 0.853E-07
 44 0.617E+09 0.313E-04 0.853E-07
 45 0.617E+09 0.313E-04 0.853E-07
  ilin=           3
 PARTITION FUNCTIONS
 TEMP         1         2
  2500. 0.200E+01 0.100E+01
  2500. 0.200E+01 0.100E+01
  2440. 0.200E+01 0.100E+01
  2447. 0.200E+01 0.100E+01
  2390. 0.200E+01 0.100E+01
  2395. 0.200E+01 0.100E+01
  2341. 0.200E+01 0.100E+01
  2341. 0.200E+01 0.100E+01
  2292. 0.200E+01 0.100E+01
  2292. 0.200E+01 0.100E+01
  2244. 0.200E+01 0.100E+01
  2244. 0.200E+01 0.100E+01
  2197. 0.200E+01 0.100E+01
  2197. 0.200E+01 0.100E+01
  2153. 0.200E+01 0.100E+01
  2151. 0.200E+01 0.100E+01
  2109. 0.200E+01 0.100E+01
  2109. 0.200E+01 0.100E+01
  2066. 0.200E+01 0.100E+01
  2066. 0.200E+01 0.100E+01
  2025. 0.200E+01 0.100E+01
  2025. 0.200E+01 0.100E+01
  1989. 0.200E+01 0.100E+01
  1985. 0.200E+01 0.100E+01
  1951. 0.200E+01 0.100E+01
  1946. 0.200E+01 0.100E+01
  1913. 0.200E+01 0.100E+01
  1908. 0.200E+01 0.100E+01
  1877. 0.200E+01 0.100E+01
  1877. 0.200E+01 0.100E+01
  1842. 0.200E+01 0.100E+01
  1842. 0.200E+01 0.100E+01
  1808. 0.200E+01 0.100E+01
  1808. 0.200E+01 0.100E+01
  1781. 0.200E+01 0.100E+01
  1776. 0.200E+01 0.100E+01
  1750. 0.200E+01 0.100E+01
  1744. 0.200E+01 0.100E+01
  1719. 0.200E+01 0.100E+01
  1719. 0.200E+01 0.100E+01
  1690. 0.200E+01 0.100E+01
  1690. 0.200E+01 0.100E+01
  1661. 0.200E+01 0.100E+01
  1661. 0.200E+01 0.100E+01
  1640. 0.200E+01 0.100E+01
    N(J)/N  ION POPULATIONS
 z          1          2
 0.162D+12  0.100D+01  0.426D-15
 0.203D+12  0.100D+01  0.426D-15
 0.243D+12  0.100D+01  0.812D-16
 0.284D+12  0.100D+01  0.864D-16
 0.325D+12  0.100D+01  0.170D-16
 0.365D+12  0.100D+01  0.193D-16
 0.406D+12  0.100D+01  0.389D-17
 0.446D+12  0.100D+01  0.362D-17
 0.487D+12  0.100D+01  0.825D-18
 0.528D+12  0.100D+01  0.825D-18
 0.568D+12  0.100D+01  0.184D-18
 0.609D+12  0.100D+01  0.179D-18
 0.649D+12  0.100D+01  0.409D-19
 0.690D+12  0.100D+01  0.398D-19
 0.730D+12  0.100D+01  0.939D-20
 0.771D+12  0.100D+01  0.887D-20
 0.812D+12  0.100D+01  0.216D-20
 0.852D+12  0.100D+01  0.221D-20
 0.893D+12  0.100D+01  0.488D-21
 0.933D+12  0.100D+01  0.503D-21
 0.974D+12  0.100D+01  0.114D-21
 0.101D+13  0.100D+01  0.119D-21
 0.106D+13  0.100D+01  0.301D-22
 0.110D+13  0.100D+01  0.269D-22
 0.114D+13  0.100D+01  0.734D-23
 0.118D+13  0.100D+01  0.644D-23
 0.122D+13  0.100D+01  0.172D-23
 0.126D+13  0.100D+01  0.147D-23
 0.130D+13  0.100D+01  0.428D-24
 0.134D+13  0.100D+01  0.453D-24
 0.138D+13  0.100D+01  0.108D-24
 0.142D+13  0.100D+01  0.108D-24
 0.146D+13  0.100D+01  0.259D-25
 0.150D+13  0.100D+01  0.275D-25
 0.154D+13  0.100D+01  0.860D-26
 0.158D+13  0.100D+01  0.667D-26
 0.162D+13  0.100D+01  0.214D-26
 0.166D+13  0.100D+01  0.173D-26
 0.170D+13  0.100D+01  0.569D-27
 0.175D+13  0.100D+01  0.569D-27
 0.179D+13  0.100D+01  0.144D-27
 0.183D+13  0.100D+01  0.152D-27
 0.187D+13  0.100D+01  0.387D-28
 0.191D+13  0.100D+01  0.387D-28
 0.195D+13  0.100D+01  0.134D-28
 i   GR        GS        GW        
  1 0.603E+09 0.103E-04 0.598E-07
  2 0.603E+09 0.103E-04 0.598E-07
  3 0.603E+09 0.103E-04 0.598E-07
  4 0.603E+09 0.103E-04 0.598E-07
  5 0.603E+09 0.103E-04 0.598E-07
  6 0.603E+09 0.103E-04 0.598E-07
  7 0.603E+09 0.103E-04 0.598E-07
  8 0.603E+09 0.103E-04 0.598E-07
  9 0.603E+09 0.103E-04 0.598E-07
 10 0.603E+09 0.103E-04 0.598E-07
 11 0.603E+09 0.103E-04 0.598E-07
 12 0.603E+09 0.103E-04 0.598E-07
 13 0.603E+09 0.103E-04 0.598E-07
 14 0.603E+09 0.103E-04 0.598E-07
 15 0.603E+09 0.103E-04 0.598E-07
 16 0.603E+09 0.103E-04 0.598E-07
 17 0.603E+09 0.103E-04 0.598E-07
 18 0.603E+09 0.103E-04 0.598E-07
 19 0.603E+09 0.103E-04 0.598E-07
 20 0.603E+09 0.103E-04 0.598E-07
 21 0.603E+09 0.103E-04 0.598E-07
 22 0.603E+09 0.103E-04 0.598E-07
 23 0.603E+09 0.103E-04 0.598E-07
 24 0.603E+09 0.103E-04 0.598E-07
 25 0.603E+09 0.103E-04 0.598E-07
 26 0.603E+09 0.103E-04 0.598E-07
 27 0.603E+09 0.103E-04 0.598E-07
 28 0.603E+09 0.103E-04 0.598E-07
 29 0.603E+09 0.103E-04 0.598E-07
 30 0.603E+09 0.103E-04 0.598E-07
 31 0.603E+09 0.103E-04 0.598E-07
 32 0.603E+09 0.103E-04 0.598E-07
 33 0.603E+09 0.103E-04 0.598E-07
 34 0.603E+09 0.103E-04 0.598E-07
 35 0.603E+09 0.103E-04 0.598E-07
 36 0.603E+09 0.103E-04 0.598E-07
 37 0.603E+09 0.103E-04 0.598E-07
 38 0.603E+09 0.103E-04 0.598E-07
 39 0.603E+09 0.103E-04 0.598E-07
 40 0.603E+09 0.103E-04 0.598E-07
 41 0.603E+09 0.103E-04 0.598E-07
 42 0.603E+09 0.103E-04 0.598E-07
 43 0.603E+09 0.103E-04 0.598E-07
 44 0.603E+09 0.103E-04 0.598E-07
 45 0.603E+09 0.103E-04 0.598E-07
  ilin=           4
 PARTITION FUNCTIONS
 TEMP         1         2
  2500. 0.200E+01 0.100E+01
  2500. 0.200E+01 0.100E+01
  2440. 0.200E+01 0.100E+01
  2447. 0.200E+01 0.100E+01
  2390. 0.200E+01 0.100E+01
  2395. 0.200E+01 0.100E+01
  2341. 0.200E+01 0.100E+01
  2341. 0.200E+01 0.100E+01
  2292. 0.200E+01 0.100E+01
  2292. 0.200E+01 0.100E+01
  2244. 0.200E+01 0.100E+01
  2244. 0.200E+01 0.100E+01
  2197. 0.200E+01 0.100E+01
  2197. 0.200E+01 0.100E+01
  2153. 0.200E+01 0.100E+01
  2151. 0.200E+01 0.100E+01
  2109. 0.200E+01 0.100E+01
  2109. 0.200E+01 0.100E+01
  2066. 0.200E+01 0.100E+01
  2066. 0.200E+01 0.100E+01
  2025. 0.200E+01 0.100E+01
  2025. 0.200E+01 0.100E+01
  1989. 0.200E+01 0.100E+01
  1985. 0.200E+01 0.100E+01
  1951. 0.200E+01 0.100E+01
  1946. 0.200E+01 0.100E+01
  1913. 0.200E+01 0.100E+01
  1908. 0.200E+01 0.100E+01
  1877. 0.200E+01 0.100E+01
  1877. 0.200E+01 0.100E+01
  1842. 0.200E+01 0.100E+01
  1842. 0.200E+01 0.100E+01
  1808. 0.200E+01 0.100E+01
  1808. 0.200E+01 0.100E+01
  1781. 0.200E+01 0.100E+01
  1776. 0.200E+01 0.100E+01
  1750. 0.200E+01 0.100E+01
  1744. 0.200E+01 0.100E+01
  1719. 0.200E+01 0.100E+01
  1719. 0.200E+01 0.100E+01
  1690. 0.200E+01 0.100E+01
  1690. 0.200E+01 0.100E+01
  1661. 0.200E+01 0.100E+01
  1661. 0.200E+01 0.100E+01
  1640. 0.200E+01 0.100E+01
    N(J)/N  ION POPULATIONS
 z          1          2
 0.162D+12  0.100D+01  0.426D-15
 0.203D+12  0.100D+01  0.426D-15
 0.243D+12  0.100D+01  0.812D-16
 0.284D+12  0.100D+01  0.864D-16
 0.325D+12  0.100D+01  0.170D-16
 0.365D+12  0.100D+01  0.193D-16
 0.406D+12  0.100D+01  0.389D-17
 0.446D+12  0.100D+01  0.362D-17
 0.487D+12  0.100D+01  0.825D-18
 0.528D+12  0.100D+01  0.825D-18
 0.568D+12  0.100D+01  0.184D-18
 0.609D+12  0.100D+01  0.179D-18
 0.649D+12  0.100D+01  0.409D-19
 0.690D+12  0.100D+01  0.398D-19
 0.730D+12  0.100D+01  0.939D-20
 0.771D+12  0.100D+01  0.887D-20
 0.812D+12  0.100D+01  0.216D-20
 0.852D+12  0.100D+01  0.221D-20
 0.893D+12  0.100D+01  0.488D-21
 0.933D+12  0.100D+01  0.503D-21
 0.974D+12  0.100D+01  0.114D-21
 0.101D+13  0.100D+01  0.119D-21
 0.106D+13  0.100D+01  0.301D-22
 0.110D+13  0.100D+01  0.269D-22
 0.114D+13  0.100D+01  0.734D-23
 0.118D+13  0.100D+01  0.644D-23
 0.122D+13  0.100D+01  0.172D-23
 0.126D+13  0.100D+01  0.147D-23
 0.130D+13  0.100D+01  0.428D-24
 0.134D+13  0.100D+01  0.453D-24
 0.138D+13  0.100D+01  0.108D-24
 0.142D+13  0.100D+01  0.108D-24
 0.146D+13  0.100D+01  0.259D-25
 0.150D+13  0.100D+01  0.275D-25
 0.154D+13  0.100D+01  0.860D-26
 0.158D+13  0.100D+01  0.667D-26
 0.162D+13  0.100D+01  0.214D-26
 0.166D+13  0.100D+01  0.173D-26
 0.170D+13  0.100D+01  0.569D-27
 0.175D+13  0.100D+01  0.569D-27
 0.179D+13  0.100D+01  0.144D-27
 0.183D+13  0.100D+01  0.152D-27
 0.187D+13  0.100D+01  0.387D-28
 0.191D+13  0.100D+01  0.387D-28
 0.195D+13  0.100D+01  0.134D-28
 i   GR        GS        GW        
  1 0.575E+09 0.244E-05 0.377E-07
  2 0.575E+09 0.244E-05 0.377E-07
  3 0.575E+09 0.244E-05 0.377E-07
  4 0.575E+09 0.244E-05 0.377E-07
  5 0.575E+09 0.244E-05 0.377E-07
  6 0.575E+09 0.244E-05 0.377E-07
  7 0.575E+09 0.244E-05 0.377E-07
  8 0.575E+09 0.244E-05 0.377E-07
  9 0.575E+09 0.244E-05 0.377E-07
 10 0.575E+09 0.244E-05 0.377E-07
 11 0.575E+09 0.244E-05 0.377E-07
 12 0.575E+09 0.244E-05 0.377E-07
 13 0.575E+09 0.244E-05 0.377E-07
 14 0.575E+09 0.244E-05 0.377E-07
 15 0.575E+09 0.244E-05 0.377E-07
 16 0.575E+09 0.244E-05 0.377E-07
 17 0.575E+09 0.244E-05 0.377E-07
 18 0.575E+09 0.244E-05 0.377E-07
 19 0.575E+09 0.244E-05 0.377E-07
 20 0.575E+09 0.244E-05 0.377E-07
 21 0.575E+09 0.244E-05 0.377E-07
 22 0.575E+09 0.244E-05 0.377E-07
 23 0.575E+09 0.244E-05 0.377E-07
 24 0.575E+09 0.244E-05 0.377E-07
 25 0.575E+09 0.244E-05 0.377E-07
 26 0.575E+09 0.244E-05 0.377E-07
 27 0.575E+09 0.244E-05 0.377E-07
 28 0.575E+09 0.244E-05 0.377E-07
 29 0.575E+09 0.244E-05 0.377E-07
 30 0.575E+09 0.244E-05 0.377E-07
 31 0.575E+09 0.244E-05 0.377E-07
 32 0.575E+09 0.244E-05 0.377E-07
 33 0.575E+09 0.244E-05 0.377E-07
 34 0.575E+09 0.244E-05 0.377E-07
 35 0.575E+09 0.244E-05 0.377E-07
 36 0.575E+09 0.244E-05 0.377E-07
 37 0.575E+09 0.244E-05 0.377E-07
 38 0.575E+09 0.244E-05 0.377E-07
 39 0.575E+09 0.244E-05 0.377E-07
 40 0.575E+09 0.244E-05 0.377E-07
 41 0.575E+09 0.244E-05 0.377E-07
 42 0.575E+09 0.244E-05 0.377E-07
 43 0.575E+09 0.244E-05 0.377E-07
 44 0.575E+09 0.244E-05 0.377E-07
 45 0.575E+09 0.244E-05 0.377E-07
  iunt=           0  aintb=   0.0000000000000000     
  lambda=   24991.660897620044     
 id  ophbf     ophff     opth      ophrs     ophn      opmieb    opmiej    oplin     opmol
  1  2.69E-27  1.13E-12  1.83E-16  1.41E-15  6.30E-15  0.00E+00  0.00E+00  5.32E-29  0.00E+00
  2  2.69E-27  1.13E-12  1.83E-16  1.41E-15  6.30E-15  0.00E+00  0.00E+00  5.32E-29  0.00E+00
  3  5.47E-28  1.74E-12  1.99E-16  1.28E-15  6.20E-15  0.00E+00  0.00E+00  1.93E-29  0.00E+00
  4  7.27E-28  2.28E-12  2.26E-16  1.42E-15  7.82E-15  0.00E+00  0.00E+00  2.53E-29  0.00E+00
  5  1.40E-28  3.03E-12  2.40E-16  1.22E-15  7.08E-15  0.00E+00  0.00E+00  8.68E-30  0.00E+00
  6  1.62E-28  3.02E-12  2.40E-16  1.25E-15  7.25E-15  0.00E+00  0.00E+00  9.58E-30  0.00E+00
  7  3.05E-29  3.71E-12  2.51E-16  1.04E-15  6.27E-15  0.00E+00  0.00E+00  3.21E-30  0.00E+00
  8  3.18E-29  4.32E-12  2.70E-16  1.08E-15  7.00E-15  0.00E+00  0.00E+00  3.45E-30  0.00E+00
  9  6.38E-30  4.77E-12  2.72E-16  8.83E-16  5.73E-15  0.00E+00  0.00E+00  1.18E-30  0.00E+00
 10  6.38E-30  4.77E-12  2.72E-16  8.83E-16  5.73E-15  0.00E+00  0.00E+00  1.18E-30  0.00E+00
 11  1.21E-30  5.00E-12  2.70E-16  7.05E-16  4.50E-15  0.00E+00  0.00E+00  3.88E-31  0.00E+00
 12  1.23E-30  5.30E-12  2.78E-16  7.15E-16  4.70E-15  0.00E+00  0.00E+00  3.99E-31  0.00E+00
 13  2.25E-31  5.18E-12  2.67E-16  5.59E-16  3.51E-15  0.00E+00  0.00E+00  1.26E-31  0.00E+00
 14  2.20E-31  5.23E-12  2.68E-16  5.58E-16  3.52E-15  0.00E+00  0.00E+00  1.25E-31  0.00E+00
 15  4.06E-32  4.91E-12  2.54E-16  4.32E-16  2.56E-15  0.00E+00  0.00E+00  3.93E-32  0.00E+00
 16  3.76E-32  4.84E-12  2.52E-16  4.26E-16  2.50E-15  0.00E+00  0.00E+00  3.73E-32  0.00E+00
 17  6.99E-33  4.39E-12  2.35E-16  3.28E-16  1.78E-15  0.00E+00  0.00E+00  1.17E-32  0.00E+00
 18  6.90E-33  4.19E-12  2.29E-16  3.24E-16  1.72E-15  0.00E+00  0.00E+00  1.15E-32  0.00E+00
 19  1.17E-33  3.87E-12  2.15E-16  2.47E-16  1.22E-15  0.00E+00  0.00E+00  3.43E-33  0.00E+00
 20  1.15E-33  3.65E-12  2.09E-16  2.43E-16  1.17E-15  0.00E+00  0.00E+00  3.33E-33  0.00E+00
 21  1.87E-34  3.12E-12  1.88E-16  1.81E-16  7.77E-16  0.00E+00  0.00E+00  9.53E-34  0.00E+00
 22  1.83E-34  2.86E-12  1.80E-16  1.77E-16  7.29E-16  0.00E+00  0.00E+00  9.11E-34  0.00E+00
 23  3.60E-35  2.63E-12  1.68E-16  1.38E-16  5.27E-16  0.00E+00  0.00E+00  3.04E-34  0.00E+00
 24  2.91E-35  2.37E-12  1.60E-16  1.31E-16  4.74E-16  0.00E+00  0.00E+00  2.56E-34  0.00E+00
 25  5.67E-36  1.96E-12  1.41E-16  1.00E-16  3.16E-16  0.00E+00  0.00E+00  8.22E-35  0.00E+00
 26  4.42E-36  1.73E-12  1.32E-16  9.39E-17  2.78E-16  0.00E+00  0.00E+00  6.68E-35  0.00E+00
 27  9.02E-37  1.57E-12  1.21E-16  7.39E-17  1.99E-16  0.00E+00  0.00E+00  2.31E-35  0.00E+00
 28  6.80E-37  1.38E-12  1.13E-16  6.89E-17  1.73E-16  0.00E+00  0.00E+00  1.83E-35  0.00E+00
 29  1.37E-37  1.10E-12  9.68E-17  5.27E-17  1.13E-16  0.00E+00  0.00E+00  6.02E-36  0.00E+00
 30  1.32E-37  9.63E-13  9.13E-17  5.08E-17  1.02E-16  0.00E+00  0.00E+00  5.60E-36  0.00E+00
 31  2.04E-38  7.43E-13  7.58E-17  3.73E-17  6.20E-17  0.00E+00  0.00E+00  1.55E-36  0.00E+00
 32  2.04E-38  7.43E-13  7.58E-17  3.73E-17  6.20E-17  0.00E+00  0.00E+00  1.55E-36  0.00E+00
 33  3.14E-39  5.63E-13  6.18E-17  2.74E-17  3.68E-17  0.00E+00  0.00E+00  4.25E-37  0.00E+00
 34  3.02E-39  4.90E-13  5.83E-17  2.63E-17  3.33E-17  0.00E+00  0.00E+00  3.92E-37  0.00E+00
 35  6.34E-40  3.76E-13  4.82E-17  2.02E-17  2.10E-17  0.00E+00  0.00E+00  1.33E-37  0.00E+00
 36  4.61E-40  3.66E-13  4.69E-17  1.93E-17  1.95E-17  0.00E+00  0.00E+00  1.08E-37  0.00E+00
 37  9.87E-41  2.78E-13  3.84E-17  1.49E-17  1.22E-17  0.00E+00  0.00E+00  3.69E-38  0.00E+00
 38  6.72E-41  2.34E-13  3.50E-17  1.36E-17  1.01E-17  0.00E+00  0.00E+00  2.71E-38  0.00E+00
 39  1.46E-41  1.76E-13  2.85E-17  1.05E-17  6.33E-18  0.00E+00  0.00E+00  9.39E-39  0.00E+00
 40  1.46E-41  1.76E-13  2.85E-17  1.05E-17  6.33E-18  0.00E+00  0.00E+00  9.39E-39  0.00E+00
 41  2.26E-42  1.28E-13  2.22E-17  7.72E-18  3.60E-18  0.00E+00  0.00E+00  2.61E-39  0.00E+00
 42  2.16E-42  1.11E-13  2.10E-17  7.38E-18  3.25E-18  0.00E+00  0.00E+00  2.38E-39  0.00E+00
 43  3.33E-43  8.01E-14  1.62E-17  5.44E-18  1.83E-18  0.00E+00  0.00E+00  6.62E-40  0.00E+00
 44  3.33E-43  8.01E-14  1.62E-17  5.44E-18  1.83E-18  0.00E+00  0.00E+00  6.62E-40  0.00E+00
 45  7.56E-44  5.99E-14  1.30E-17  4.24E-18  1.14E-18  0.00E+00  0.00E+00  2.37E-40  0.00E+00
 id   opdep     contrib.f   aint 
 44  2.841E-03  2.276E-09  2.276E-09
 43  6.091E-03  2.658E-09  4.933E-09
 42  9.963E-03  3.253E-09  8.186E-09
 41  1.481E-02  4.179E-09  1.237E-08
 40  2.100E-02  5.465E-09  1.783E-08
 39  2.816E-02  6.480E-09  2.431E-08
 38  3.648E-02  7.657E-09  3.197E-08
 37  4.687E-02  9.756E-09  4.172E-08
 36  5.994E-02  1.251E-08  5.424E-08
 35  7.499E-02  1.464E-08  6.888E-08
 34  9.256E-02  1.733E-08  8.621E-08
 33  1.139E-01  2.120E-08  1.074E-07
 32  1.404E-01  2.647E-08  1.339E-07
 31  1.706E-01  3.019E-08  1.641E-07
 30  2.052E-01  3.461E-08  1.987E-07
 29  2.470E-01  4.149E-08  2.402E-07
 28  2.973E-01  4.882E-08  2.890E-07
 27  3.571E-01  5.678E-08  3.458E-07
 26  4.241E-01  6.147E-08  4.072E-07
 25  4.989E-01  6.599E-08  4.732E-07
 24  5.869E-01  7.368E-08  5.469E-07
 23  6.885E-01  7.989E-08  6.268E-07
 22  8.000E-01  8.115E-08  7.079E-07
 21  9.212E-01  8.086E-08  7.888E-07
 20  1.059E+00  8.287E-08  8.717E-07
 19  1.211E+00  8.235E-08  9.540E-07
 18  1.375E+00  7.754E-08  1.032E-06
 17  1.549E+00  7.198E-08  1.104E-06
 16  1.737E+00  6.640E-08  1.170E-06
 15  1.935E+00  5.973E-08  1.230E-06
 14  2.141E+00  5.221E-08  1.282E-06
 13  2.352E+00  4.495E-08  1.327E-06
 12  2.565E+00  3.759E-08  1.364E-06
 11  2.774E+00  3.087E-08  1.395E-06
 10  2.972E+00  2.452E-08  1.420E-06
  9  3.166E+00  2.031E-08  1.440E-06
  8  3.351E+00  1.644E-08  1.457E-06
  7  3.514E+00  1.258E-08  1.469E-06
  6  3.651E+00  9.345E-09  1.478E-06
  5  3.774E+00  7.598E-09  1.486E-06
  4  3.882E+00  6.100E-09  1.492E-06
  3  3.964E+00  4.322E-09  1.497E-06
  2  4.023E+00  2.955E-09  1.499E-06
  1  4.069E+00  2.279E-09  1.502E-06
 iunt+1  opdep   aintbt    aint
  1  4.069E+00  0.000E+00  1.502E-06
 id    opac2     emis2     bnu       bnud      ejnu1     ejnu2     sf2       az        vz
  1  1.14E-12  3.21E-18  2.83E-06  8.06E-08  4.61E-07  0.00E+00  2.82E-06  1.62E+11  9.14E+06
  2  1.14E-12  3.21E-18  2.83E-06  8.06E-08  4.57E-07  0.00E+00  2.82E-06  2.03E+11  9.14E+06
  3  1.75E-12  4.64E-18  2.66E-06  7.00E-08  4.51E-07  0.00E+00  2.65E-06  2.43E+11  9.77E+06
  4  2.29E-12  6.12E-18  2.68E-06  7.12E-08  0.00E+00  0.00E+00  2.67E-06  2.84E+11  1.04E+07
  5  3.04E-12  7.64E-18  2.52E-06  6.19E-08  0.00E+00  0.00E+00  2.51E-06  3.25E+11  1.10E+07
  6  3.03E-12  7.66E-18  2.53E-06  6.26E-08  0.00E+00  0.00E+00  2.53E-06  3.65E+11  1.11E+07
  7  3.72E-12  8.85E-18  2.38E-06  5.45E-08  0.00E+00  0.00E+00  2.38E-06  4.06E+11  1.17E+07
  8  4.33E-12  1.03E-17  2.38E-06  5.45E-08  0.00E+00  0.00E+00  2.38E-06  4.46E+11  1.22E+07
  9  4.77E-12  1.07E-17  2.25E-06  4.78E-08  0.00E+00  0.00E+00  2.25E-06  4.87E+11  1.28E+07
 10  4.77E-12  1.07E-17  2.25E-06  4.78E-08  0.00E+00  0.00E+00  2.25E-06  5.28E+11  1.28E+07
 11  5.00E-12  1.06E-17  2.12E-06  4.18E-08  0.00E+00  0.00E+00  2.12E-06  5.68E+11  1.33E+07
 12  5.30E-12  1.12E-17  2.12E-06  4.18E-08  0.00E+00  0.00E+00  2.12E-06  6.09E+11  1.38E+07
 13  5.19E-12  1.04E-17  2.00E-06  3.65E-08  0.00E+00  0.00E+00  2.00E-06  6.49E+11  1.42E+07
 14  5.24E-12  1.05E-17  2.00E-06  3.64E-08  0.00E+00  0.00E+00  2.00E-06  6.90E+11  4.56E+06
 15  4.91E-12  9.25E-18  1.88E-06  3.18E-08  0.00E+00  0.00E+00  1.88E-06  7.30E+11  4.50E+06
 16  4.85E-12  9.11E-18  1.88E-06  3.16E-08  0.00E+00  0.00E+00  1.88E-06  7.71E+11  4.33E+06
 17  4.39E-12  7.80E-18  1.78E-06  2.77E-08  0.00E+00  0.00E+00  1.78E-06  8.12E+11  1.55E+07
 18  4.19E-12  7.45E-18  1.78E-06  2.77E-08  0.00E+00  0.00E+00  1.78E-06  8.52E+11  1.59E+07
 19  3.88E-12  6.48E-18  1.67E-06  2.41E-08  0.00E+00  0.00E+00  1.67E-06  8.93E+11  1.58E+07
 20  3.65E-12  6.11E-18  1.67E-06  2.41E-08  0.00E+00  0.00E+00  1.67E-06  9.33E+11  1.62E+07
 21  3.12E-12  4.91E-18  1.57E-06  2.09E-08  0.00E+00  0.00E+00  1.57E-06  9.74E+11  1.65E+07
 22  2.86E-12  4.50E-18  1.57E-06  2.09E-08  0.00E+00  0.00E+00  1.57E-06  1.01E+12  1.69E+07
 23  2.63E-12  3.93E-18  1.49E-06  1.83E-08  0.00E+00  0.00E+00  1.49E-06  1.06E+12  1.68E+07
 24  2.37E-12  3.52E-18  1.48E-06  1.81E-08  0.00E+00  0.00E+00  1.48E-06  1.10E+12  1.71E+07
 25  1.96E-12  2.75E-18  1.40E-06  1.59E-08  0.00E+00  0.00E+00  1.40E-06  1.14E+12  1.73E+07
 26  1.73E-12  2.41E-18  1.39E-06  1.56E-08  0.00E+00  0.00E+00  1.39E-06  1.18E+12  1.76E+07
 27  1.57E-12  2.08E-18  1.32E-06  1.38E-08  0.00E+00  0.00E+00  1.32E-06  1.22E+12  1.75E+07
 28  1.38E-12  1.80E-18  1.31E-06  1.35E-08  0.00E+00  0.00E+00  1.31E-06  1.26E+12  1.78E+07
 29  1.10E-12  1.37E-18  1.24E-06  1.19E-08  0.00E+00  0.00E+00  1.24E-06  1.30E+12  1.80E+07
 30  9.64E-13  1.20E-18  1.24E-06  1.19E-08  0.00E+00  0.00E+00  1.24E-06  1.34E+12  1.82E+07
 31  7.43E-13  8.69E-19  1.17E-06  1.03E-08  0.00E+00  0.00E+00  1.17E-06  1.38E+12  1.83E+07
 32  7.43E-13  8.69E-19  1.17E-06  1.03E-08  0.00E+00  0.00E+00  1.17E-06  1.42E+12  1.83E+07
 33  5.63E-13  6.19E-19  1.10E-06  8.90E-09  1.86E-07  0.00E+00  1.10E-06  1.46E+12  1.85E+07
 34  4.90E-13  5.39E-19  1.10E-06  8.90E-09  1.80E-07  0.00E+00  1.10E-06  1.50E+12  1.87E+07
 35  3.76E-13  3.93E-19  1.05E-06  7.89E-09  1.74E-07  0.00E+00  1.05E-06  1.54E+12  1.88E+07
 36  3.66E-13  3.79E-19  1.04E-06  7.69E-09  1.68E-07  0.00E+00  1.04E-06  1.58E+12  1.88E+07
 37  2.78E-13  2.74E-19  9.85E-07  6.82E-09  1.63E-07  0.00E+00  9.85E-07  1.62E+12  1.89E+07
 38  2.34E-13  2.28E-19  9.74E-07  6.64E-09  1.58E-07  0.00E+00  9.74E-07  1.66E+12  1.90E+07
 39  1.77E-13  1.64E-19  9.27E-07  5.90E-09  1.53E-07  0.00E+00  9.27E-07  1.70E+12  1.91E+07
 40  1.77E-13  1.64E-19  9.27E-07  5.90E-09  1.48E-07  0.00E+00  9.27E-07  1.75E+12  1.91E+07
 41  1.28E-13  1.12E-19  8.73E-07  5.09E-09  1.43E-07  0.00E+00  8.73E-07  1.79E+12  1.92E+07
 42  1.11E-13  9.66E-20  8.73E-07  5.09E-09  1.39E-07  0.00E+00  8.73E-07  1.83E+12  1.93E+07
 43  8.01E-14  6.58E-20  8.22E-07  4.40E-09  1.35E-07  0.00E+00  8.21E-07  1.87E+12  1.94E+07
 44  8.01E-14  6.58E-20  8.22E-07  4.40E-09  1.31E-07  0.00E+00  8.21E-07  1.91E+12  1.94E+07
 45  5.99E-14  4.69E-20  7.83E-07  3.92E-09  1.27E-07  0.00E+00  7.83E-07  1.95E+12  1.94E+07
  max optical depth for this view angle
 is:   4.87E+00

