  Porbst[d]  istar  icomp
   0.0000000000000000                1           0
     xstar      ystar      zstar      vxst       vyst       vzst
  0.000E+00  0.000E+00  0.100E+01  0.000E+00 -0.228E+05  0.000E+00
     vrxcp      vrycp      vrzcp      vxcp       vycp       vzcp
  0.000E+00  0.000E+00  0.100E+01  0.000E+00  0.228E+07  0.000E+00
       xcp        ycp        zcp      
  0.150E+14  0.000E+00  0.000E+00
 inebl=1= pp-disk
 H_scale_in H_scale_out [Rsol] sound_out [km/s]
  4.61E+00  1.09E+01  2.28E+00
 Surfdens_in Surfdens_out [g/cm^2]
   8.04E+03   5.52E+03
  No. of sp. lines considered:           4
 elem= H   iat=  1 hmc=  1.0080 nion=  2 abund=0.100E+01
 elem= H   iat=  1 hmc=  1.0080 nion=  2 abund=0.100E+01
 elem= H   iat=  1 hmc=  1.0080 nion=  2 abund=0.100E+01
 elem= H   iat=  1 hmc=  1.0080 nion=  2 abund=0.100E+01
 abhyd=0.908 abhel=0.100 wm=0.130E+01
 nbod1= 201 nbod2= 201 nbod3= 201 nfreq=   2
 output for:  ionu=  1 ior= 40 iot= 40
i=  40.50  alpha=  50.40
  iunt=           0
  ivac1=         107 ivacn=         150  nivac=          44
 vel.  vx        vy        vz        dens      dustd     dustt
   1 -7.86E+06 -1.99E+07  6.36E+06  1.46E-09  0.00E+00  6.94E+02
   2 -7.92E+06 -1.98E+07  6.54E+06  1.55E-09  0.00E+00  6.94E+02
   3 -7.69E+06 -1.98E+07  6.65E+06  1.56E-09  0.00E+00  6.89E+02
   4 -7.76E+06 -1.97E+07  6.84E+06  1.65E-09  0.00E+00  6.89E+02
   5 -7.59E+06 -1.97E+07  7.13E+06  1.75E-09  0.00E+00  6.84E+02
   6 -7.65E+06 -1.96E+07  7.31E+06  1.84E-09  0.00E+00  6.84E+02
   7 -7.48E+06 -1.95E+07  7.60E+06  1.94E-09  0.00E+00  6.79E+02
   8 -7.48E+06 -1.95E+07  7.60E+06  1.94E-09  0.00E+00  6.79E+02
   9 -7.56E+06 -1.93E+07  7.83E+06  2.03E-09  0.00E+00  6.74E+02
  10 -7.36E+06 -1.93E+07  8.07E+06  2.13E-09  0.00E+00  6.74E+02
  11 -7.44E+06 -1.92E+07  8.30E+06  2.21E-09  0.00E+00  6.69E+02
  12 -7.19E+06 -1.92E+07  8.35E+06  2.21E-09  0.00E+00  6.70E+02
  13 -7.26E+06 -1.91E+07  8.58E+06  2.29E-09  0.00E+00  6.64E+02
  14 -7.31E+06 -1.90E+07  8.76E+06  2.38E-09  0.00E+00  6.64E+02
  15 -7.14E+06 -1.89E+07  9.03E+06  2.45E-09  0.00E+00  6.59E+02
  16 -7.14E+06 -1.89E+07  9.03E+06  2.45E-09  0.00E+00  6.59E+02
  17 -6.96E+06 -1.88E+07  9.30E+06  2.52E-09  0.00E+00  6.54E+02
  18 -7.00E+06 -1.87E+07  9.48E+06  2.60E-09  0.00E+00  6.54E+02
  19 -6.83E+06 -1.86E+07  9.74E+06  2.66E-09  0.00E+00  6.50E+02
  20 -6.83E+06 -1.86E+07  9.74E+06  2.66E-09  0.00E+00  6.50E+02
  21 -6.89E+06 -1.85E+07  9.95E+06  2.70E-09  0.00E+00  6.44E+02
  22 -6.69E+06 -1.84E+07  1.02E+07  2.78E-09  0.00E+00  6.45E+02
  23 -6.74E+06 -1.82E+07  1.04E+07  2.81E-09  0.00E+00  6.40E+02
  24 -6.51E+06 -1.83E+07  1.04E+07  2.82E-09  0.00E+00  6.40E+02
  25 -6.57E+06 -1.81E+07  1.06E+07  2.84E-09  0.00E+00  6.35E+02
  26 -6.59E+06 -1.80E+07  1.08E+07  2.90E-09  0.00E+00  6.35E+02
  27 -6.42E+06 -1.79E+07  1.10E+07  2.92E-09  0.00E+00  6.30E+02
  28 -6.42E+06 -1.79E+07  1.10E+07  2.92E-09  0.00E+00  6.30E+02
  29 -6.24E+06 -1.78E+07  1.13E+07  2.94E-09  0.00E+00  6.26E+02
  30 -6.26E+06 -1.77E+07  1.14E+07  2.98E-09  0.00E+00  6.26E+02
  31 -6.32E+06 -1.75E+07  1.16E+07  2.98E-09  0.00E+00  6.21E+02
  32 -6.11E+06 -1.75E+07  1.18E+07  3.03E-09  0.00E+00  6.21E+02
  33 -6.14E+06 -1.74E+07  1.18E+07  2.98E-09  0.00E+00  6.17E+02
  34 -5.93E+06 -1.74E+07  1.20E+07  3.02E-09  0.00E+00  6.17E+02
  35 -5.98E+06 -1.72E+07  1.22E+07  3.00E-09  0.00E+00  6.12E+02
  36 -5.77E+06 -1.71E+07  1.24E+07  3.03E-09  0.00E+00  6.12E+02
  37 -5.81E+06 -1.71E+07  1.24E+07  2.98E-09  0.00E+00  6.08E+02
  38 -5.82E+06 -1.70E+07  1.26E+07  3.01E-09  0.00E+00  6.08E+02
  39 -5.65E+06 -1.69E+07  1.28E+07  2.98E-09  0.00E+00  6.03E+02
  40 -5.65E+06 -1.67E+07  1.29E+07  3.00E-09  0.00E+00  6.03E+02
  41 -5.48E+06 -1.67E+07  1.30E+07  2.95E-09  0.00E+00  5.99E+02
  42 -5.48E+06 -1.66E+07  1.31E+07  2.96E-09  0.00E+00  5.99E+02
  43  6.90E+06 -4.17E+06  3.56E+06  2.92E-09  0.00E+00  5.95E+02
  44  6.96E+06 -4.11E+06  3.51E+06  2.93E-09  0.00E+00  5.95E+02
       akonc      ekonc      temp       az      mshade
   1  6.755E+14  4.140E+07  1.735E+03  1.461E+11  1
   2  7.173E+14  4.310E+07  1.735E+03  1.704E+11  1
   3  7.218E+14  4.022E+07  1.723E+03  1.948E+11  1
   4  7.641E+14  4.173E+07  1.723E+03  2.191E+11  1
   5  8.101E+14  4.002E+07  1.710E+03  2.435E+11  1
   6  8.536E+14  4.135E+07  1.710E+03  2.678E+11  1
   7  8.983E+14  3.921E+07  1.698E+03  2.922E+11  1
   8  8.983E+14  3.921E+07  1.698E+03  3.165E+11  1
   9  9.411E+14  3.633E+07  1.684E+03  3.409E+11  1
  10  9.847E+14  3.789E+07  1.686E+03  3.652E+11  1
  11  1.024E+15  3.481E+07  1.672E+03  3.896E+11  1
  12  1.025E+15  3.531E+07  1.674E+03  4.139E+11  1
  13  1.062E+15  3.227E+07  1.660E+03  4.383E+11  1
  14  1.103E+15  3.298E+07  1.660E+03  4.626E+11  0
  15  1.137E+15  3.034E+07  1.648E+03  4.870E+11  0
  16  1.137E+15  3.034E+07  1.648E+03  5.113E+11  0
  17  1.167E+15  2.776E+07  1.636E+03  5.357E+11  0
  18  1.206E+15  2.826E+07  1.636E+03  5.600E+11  0
  19  1.231E+15  2.570E+07  1.624E+03  5.844E+11  0
  20  1.231E+15  2.570E+07  1.624E+03  6.087E+11  0
  21  1.252E+15  2.305E+07  1.611E+03  6.331E+11  0
  22  1.287E+15  2.360E+07  1.612E+03  6.574E+11  0
  23  1.303E+15  2.109E+07  1.599E+03  6.818E+11  0
  24  1.304E+15  2.125E+07  1.600E+03  7.061E+11  0
  25  1.317E+15  1.894E+07  1.588E+03  7.305E+11  0
  26  1.346E+15  1.916E+07  1.588E+03  7.548E+11  0
  27  1.354E+15  1.714E+07  1.576E+03  7.792E+11  0
  28  1.354E+15  1.714E+07  1.576E+03  8.035E+11  0
  29  1.360E+15  1.528E+07  1.565E+03  8.279E+11  0
  30  1.383E+15  1.542E+07  1.565E+03  8.522E+11  0
  31  1.382E+15  1.364E+07  1.553E+03  8.766E+11  0
  32  1.402E+15  1.379E+07  1.553E+03  9.009E+11  0
  33  1.380E+15  1.211E+07  1.542E+03  9.253E+11  0
  34  1.398E+15  1.221E+07  1.542E+03  9.496E+11  0
  35  1.391E+15  1.077E+07  1.530E+03  9.740E+11  0
  36  1.405E+15  1.084E+07  1.531E+03  9.983E+11  0
  37  1.382E+15  9.505E+06  1.519E+03  1.023E+12  0
  38  1.393E+15  9.546E+06  1.519E+03  1.047E+12  0
  39  1.380E+15  8.399E+06  1.508E+03  1.071E+12  0
  40  1.389E+15  8.425E+06  1.508E+03  1.096E+12  0
  41  1.366E+15  7.375E+06  1.497E+03  1.120E+12  0
  42  1.372E+15  7.393E+06  1.497E+03  1.144E+12  0
  43  1.355E+15  6.498E+06  1.487E+03  1.169E+12  0
  44  1.358E+15  6.485E+06  1.486E+03  1.193E+12  0
       AKONC      HI         H-         H2         HEI        HIPF       HIIPF
   1  6.755E+14  7.284E+12  6.752E+01  3.030E+14  6.134E+13  2.000E+00  1.000E+00
   2  7.173E+14  7.507E+12  7.244E+01  3.219E+14  6.513E+13  2.000E+00  1.000E+00
   3  7.218E+14  6.772E+12  6.386E+01  3.243E+14  6.554E+13  2.000E+00  1.000E+00
   4  7.641E+14  6.968E+12  6.819E+01  3.434E+14  6.938E+13  2.000E+00  1.000E+00
   5  8.101E+14  6.440E+12  6.334E+01  3.646E+14  7.356E+13  2.000E+00  1.000E+00
   6  8.536E+14  6.611E+12  6.719E+01  3.842E+14  7.750E+13  2.000E+00  1.000E+00
   7  8.983E+14  6.076E+12  6.141E+01  4.048E+14  8.156E+13  2.000E+00  1.000E+00
   8  8.983E+14  6.076E+12  6.141E+01  4.048E+14  8.156E+13  2.000E+00  1.000E+00
   9  9.411E+14  5.461E+12  5.410E+01  4.245E+14  8.545E+13  2.000E+00  1.000E+00
  10  9.847E+14  5.689E+12  5.831E+01  4.442E+14  8.941E+13  2.000E+00  1.000E+00
  11  1.024E+15  5.095E+12  5.075E+01  4.625E+14  9.300E+13  2.000E+00  1.000E+00
  12  1.025E+15  5.181E+12  5.197E+01  4.627E+14  9.305E+13  2.000E+00  1.000E+00
  13  1.062E+15  4.632E+12  4.489E+01  4.797E+14  9.641E+13  2.000E+00  1.000E+00
  14  1.103E+15  4.722E+12  4.678E+01  4.985E+14  1.002E+14  2.000E+00  1.000E+00
  15  1.137E+15  4.272E+12  4.091E+01  5.139E+14  1.032E+14  2.000E+00  1.000E+00
  16  1.137E+15  4.272E+12  4.091E+01  5.139E+14  1.032E+14  2.000E+00  1.000E+00
  17  1.167E+15  3.853E+12  3.549E+01  5.280E+14  1.060E+14  2.000E+00  1.000E+00
  18  1.206E+15  3.916E+12  3.671E+01  5.453E+14  1.095E+14  2.000E+00  1.000E+00
  19  1.231E+15  3.517E+12  3.153E+01  5.572E+14  1.118E+14  2.000E+00  1.000E+00
  20  1.231E+15  3.517E+12  3.153E+01  5.572E+14  1.118E+14  2.000E+00  1.000E+00
  21  1.252E+15  3.119E+12  2.650E+01  5.670E+14  1.137E+14  2.000E+00  1.000E+00
  22  1.287E+15  3.192E+12  2.766E+01  5.828E+14  1.169E+14  2.000E+00  1.000E+00
  23  1.303E+15  2.824E+12  2.310E+01  5.903E+14  1.183E+14  2.000E+00  1.000E+00
  24  1.304E+15  2.848E+12  2.339E+01  5.908E+14  1.184E+14  2.000E+00  1.000E+00
  25  1.317E+15  2.517E+12  1.947E+01  5.968E+14  1.196E+14  2.000E+00  1.000E+00
  26  1.346E+15  2.545E+12  1.990E+01  6.097E+14  1.222E+14  2.000E+00  1.000E+00
  27  1.354E+15  2.260E+12  1.665E+01  6.137E+14  1.230E+14  2.000E+00  1.000E+00
  28  1.354E+15  2.260E+12  1.665E+01  6.137E+14  1.230E+14  2.000E+00  1.000E+00
  29  1.360E+15  2.004E+12  1.386E+01  6.163E+14  1.235E+14  2.000E+00  1.000E+00
  30  1.383E+15  2.020E+12  1.410E+01  6.267E+14  1.255E+14  2.000E+00  1.000E+00
  31  1.382E+15  1.779E+12  1.160E+01  6.267E+14  1.255E+14  2.000E+00  1.000E+00
  32  1.402E+15  1.798E+12  1.183E+01  6.358E+14  1.273E+14  2.000E+00  1.000E+00
  33  1.380E+15  1.571E+12  9.574E+00  6.259E+14  1.253E+14  2.000E+00  1.000E+00
  34  1.398E+15  1.584E+12  9.728E+00  6.338E+14  1.269E+14  2.000E+00  1.000E+00
  35  1.391E+15  1.392E+12  7.959E+00  6.307E+14  1.263E+14  2.000E+00  1.000E+00
  36  1.405E+15  1.400E+12  8.047E+00  6.370E+14  1.275E+14  2.000E+00  1.000E+00
  37  1.382E+15  1.224E+12  6.509E+00  6.267E+14  1.255E+14  2.000E+00  1.000E+00
  38  1.393E+15  1.229E+12  6.565E+00  6.320E+14  1.265E+14  2.000E+00  1.000E+00
  39  1.380E+15  1.078E+12  5.343E+00  6.261E+14  1.253E+14  2.000E+00  1.000E+00
  40  1.389E+15  1.082E+12  5.376E+00  6.299E+14  1.261E+14  2.000E+00  1.000E+00
  41  1.366E+15  9.445E+11  4.334E+00  6.195E+14  1.240E+14  2.000E+00  1.000E+00
  42  1.372E+15  9.468E+11  4.356E+00  6.224E+14  1.246E+14  2.000E+00  1.000E+00
  43  1.355E+15  8.303E+11  3.538E+00  6.145E+14  1.230E+14  2.000E+00  1.000E+00
  44  1.358E+15  8.286E+11  3.528E+00  6.159E+14  1.233E+14  2.000E+00  1.000E+00
  ilin=           1
 PARTITION FUNCTIONS
 TEMP         1         2
  1735. 0.200E+01 0.100E+01
  1735. 0.200E+01 0.100E+01
  1723. 0.200E+01 0.100E+01
  1723. 0.200E+01 0.100E+01
  1710. 0.200E+01 0.100E+01
  1710. 0.200E+01 0.100E+01
  1698. 0.200E+01 0.100E+01
  1698. 0.200E+01 0.100E+01
  1684. 0.200E+01 0.100E+01
  1686. 0.200E+01 0.100E+01
  1672. 0.200E+01 0.100E+01
  1674. 0.200E+01 0.100E+01
  1660. 0.200E+01 0.100E+01
  1660. 0.200E+01 0.100E+01
  1648. 0.200E+01 0.100E+01
  1648. 0.200E+01 0.100E+01
  1636. 0.200E+01 0.100E+01
  1636. 0.200E+01 0.100E+01
  1624. 0.200E+01 0.100E+01
  1624. 0.200E+01 0.100E+01
  1611. 0.200E+01 0.100E+01
  1612. 0.200E+01 0.100E+01
  1599. 0.200E+01 0.100E+01
  1600. 0.200E+01 0.100E+01
  1588. 0.200E+01 0.100E+01
  1588. 0.200E+01 0.100E+01
  1576. 0.200E+01 0.100E+01
  1576. 0.200E+01 0.100E+01
  1565. 0.200E+01 0.100E+01
  1565. 0.200E+01 0.100E+01
  1553. 0.200E+01 0.100E+01
  1553. 0.200E+01 0.100E+01
  1542. 0.200E+01 0.100E+01
  1542. 0.200E+01 0.100E+01
  1530. 0.200E+01 0.100E+01
  1531. 0.200E+01 0.100E+01
  1519. 0.200E+01 0.100E+01
  1519. 0.200E+01 0.100E+01
  1508. 0.200E+01 0.100E+01
  1508. 0.200E+01 0.100E+01
  1497. 0.200E+01 0.100E+01
  1497. 0.200E+01 0.100E+01
  1487. 0.200E+01 0.100E+01
  1486. 0.200E+01 0.100E+01
    N(J)/N  ION POPULATIONS
 z          1          2
 0.146D+12  0.100D+01  0.135D-26
 0.170D+12  0.100D+01  0.130D-26
 0.195D+12  0.100D+01  0.725D-27
 0.219D+12  0.100D+01  0.698D-27
 0.243D+12  0.100D+01  0.375D-27
 0.268D+12  0.100D+01  0.363D-27
 0.292D+12  0.100D+01  0.195D-27
 0.317D+12  0.100D+01  0.195D-27
 0.341D+12  0.100D+01  0.948D-28
 0.365D+12  0.100D+01  0.102D-27
 0.390D+12  0.100D+01  0.499D-28
 0.414D+12  0.100D+01  0.544D-28
 0.438D+12  0.100D+01  0.269D-28
 0.463D+12  0.100D+01  0.263D-28
 0.487D+12  0.100D+01  0.142D-28
 0.511D+12  0.100D+01  0.142D-28
 0.536D+12  0.100D+01  0.759D-29
 0.560D+12  0.100D+01  0.746D-29
 0.584D+12  0.100D+01  0.399D-29
 0.609D+12  0.100D+01  0.399D-29
 0.633D+12  0.100D+01  0.202D-29
 0.657D+12  0.100D+01  0.209D-29
 0.682D+12  0.100D+01  0.107D-29
 0.706D+12  0.100D+01  0.111D-29
 0.730D+12  0.100D+01  0.571D-30
 0.755D+12  0.100D+01  0.564D-30
 0.779D+12  0.100D+01  0.300D-30
 0.804D+12  0.100D+01  0.300D-30
 0.828D+12  0.100D+01  0.159D-30
 0.852D+12  0.100D+01  0.158D-30
 0.877D+12  0.100D+01  0.820D-31
 0.901D+12  0.100D+01  0.829D-31
 0.925D+12  0.100D+01  0.435D-31
 0.950D+12  0.100D+01  0.437D-31
 0.974D+12  0.100D+01  0.229D-31
 0.998D+12  0.100D+01  0.228D-31
 0.102D+13  0.100D+01  0.121D-31
 0.105D+13  0.100D+01  0.120D-31
 0.107D+13  0.100D+01  0.632D-32
 0.110D+13  0.100D+01  0.630D-32
 0.112D+13  0.100D+01  0.331D-32
 0.114D+13  0.100D+01  0.330D-32
 0.117D+13  0.100D+01  0.175D-32
 0.119D+13  0.100D+01  0.172D-32
 i   GR        GS        GW        
  1 0.617E+09 0.313E-04 0.853E-07
  2 0.617E+09 0.313E-04 0.853E-07
  3 0.617E+09 0.313E-04 0.853E-07
  4 0.617E+09 0.313E-04 0.853E-07
  5 0.617E+09 0.313E-04 0.853E-07
  6 0.617E+09 0.313E-04 0.853E-07
  7 0.617E+09 0.313E-04 0.853E-07
  8 0.617E+09 0.313E-04 0.853E-07
  9 0.617E+09 0.313E-04 0.853E-07
 10 0.617E+09 0.313E-04 0.853E-07
 11 0.617E+09 0.313E-04 0.853E-07
 12 0.617E+09 0.313E-04 0.853E-07
 13 0.617E+09 0.313E-04 0.853E-07
 14 0.617E+09 0.313E-04 0.853E-07
 15 0.617E+09 0.313E-04 0.853E-07
 16 0.617E+09 0.313E-04 0.853E-07
 17 0.617E+09 0.313E-04 0.853E-07
 18 0.617E+09 0.313E-04 0.853E-07
 19 0.617E+09 0.313E-04 0.853E-07
 20 0.617E+09 0.313E-04 0.853E-07
 21 0.617E+09 0.313E-04 0.853E-07
 22 0.617E+09 0.313E-04 0.853E-07
 23 0.617E+09 0.313E-04 0.853E-07
 24 0.617E+09 0.313E-04 0.853E-07
 25 0.617E+09 0.313E-04 0.853E-07
 26 0.617E+09 0.313E-04 0.853E-07
 27 0.617E+09 0.313E-04 0.853E-07
 28 0.617E+09 0.313E-04 0.853E-07
 29 0.617E+09 0.313E-04 0.853E-07
 30 0.617E+09 0.313E-04 0.853E-07
 31 0.617E+09 0.313E-04 0.853E-07
 32 0.617E+09 0.313E-04 0.853E-07
 33 0.617E+09 0.313E-04 0.853E-07
 34 0.617E+09 0.313E-04 0.853E-07
 35 0.617E+09 0.313E-04 0.853E-07
 36 0.617E+09 0.313E-04 0.853E-07
 37 0.617E+09 0.313E-04 0.853E-07
 38 0.617E+09 0.313E-04 0.853E-07
 39 0.617E+09 0.313E-04 0.853E-07
 40 0.617E+09 0.313E-04 0.853E-07
 41 0.617E+09 0.313E-04 0.853E-07
 42 0.617E+09 0.313E-04 0.853E-07
 43 0.617E+09 0.313E-04 0.853E-07
 44 0.617E+09 0.313E-04 0.853E-07
  ilin=           2
 PARTITION FUNCTIONS
 TEMP         1         2
  1735. 0.200E+01 0.100E+01
  1735. 0.200E+01 0.100E+01
  1723. 0.200E+01 0.100E+01
  1723. 0.200E+01 0.100E+01
  1710. 0.200E+01 0.100E+01
  1710. 0.200E+01 0.100E+01
  1698. 0.200E+01 0.100E+01
  1698. 0.200E+01 0.100E+01
  1684. 0.200E+01 0.100E+01
  1686. 0.200E+01 0.100E+01
  1672. 0.200E+01 0.100E+01
  1674. 0.200E+01 0.100E+01
  1660. 0.200E+01 0.100E+01
  1660. 0.200E+01 0.100E+01
  1648. 0.200E+01 0.100E+01
  1648. 0.200E+01 0.100E+01
  1636. 0.200E+01 0.100E+01
  1636. 0.200E+01 0.100E+01
  1624. 0.200E+01 0.100E+01
  1624. 0.200E+01 0.100E+01
  1611. 0.200E+01 0.100E+01
  1612. 0.200E+01 0.100E+01
  1599. 0.200E+01 0.100E+01
  1600. 0.200E+01 0.100E+01
  1588. 0.200E+01 0.100E+01
  1588. 0.200E+01 0.100E+01
  1576. 0.200E+01 0.100E+01
  1576. 0.200E+01 0.100E+01
  1565. 0.200E+01 0.100E+01
  1565. 0.200E+01 0.100E+01
  1553. 0.200E+01 0.100E+01
  1553. 0.200E+01 0.100E+01
  1542. 0.200E+01 0.100E+01
  1542. 0.200E+01 0.100E+01
  1530. 0.200E+01 0.100E+01
  1531. 0.200E+01 0.100E+01
  1519. 0.200E+01 0.100E+01
  1519. 0.200E+01 0.100E+01
  1508. 0.200E+01 0.100E+01
  1508. 0.200E+01 0.100E+01
  1497. 0.200E+01 0.100E+01
  1497. 0.200E+01 0.100E+01
  1487. 0.200E+01 0.100E+01
  1486. 0.200E+01 0.100E+01
    N(J)/N  ION POPULATIONS
 z          1          2
 0.146D+12  0.100D+01  0.135D-26
 0.170D+12  0.100D+01  0.130D-26
 0.195D+12  0.100D+01  0.725D-27
 0.219D+12  0.100D+01  0.698D-27
 0.243D+12  0.100D+01  0.375D-27
 0.268D+12  0.100D+01  0.363D-27
 0.292D+12  0.100D+01  0.195D-27
 0.317D+12  0.100D+01  0.195D-27
 0.341D+12  0.100D+01  0.948D-28
 0.365D+12  0.100D+01  0.102D-27
 0.390D+12  0.100D+01  0.499D-28
 0.414D+12  0.100D+01  0.544D-28
 0.438D+12  0.100D+01  0.269D-28
 0.463D+12  0.100D+01  0.263D-28
 0.487D+12  0.100D+01  0.142D-28
 0.511D+12  0.100D+01  0.142D-28
 0.536D+12  0.100D+01  0.759D-29
 0.560D+12  0.100D+01  0.746D-29
 0.584D+12  0.100D+01  0.399D-29
 0.609D+12  0.100D+01  0.399D-29
 0.633D+12  0.100D+01  0.202D-29
 0.657D+12  0.100D+01  0.209D-29
 0.682D+12  0.100D+01  0.107D-29
 0.706D+12  0.100D+01  0.111D-29
 0.730D+12  0.100D+01  0.571D-30
 0.755D+12  0.100D+01  0.564D-30
 0.779D+12  0.100D+01  0.300D-30
 0.804D+12  0.100D+01  0.300D-30
 0.828D+12  0.100D+01  0.159D-30
 0.852D+12  0.100D+01  0.158D-30
 0.877D+12  0.100D+01  0.820D-31
 0.901D+12  0.100D+01  0.829D-31
 0.925D+12  0.100D+01  0.435D-31
 0.950D+12  0.100D+01  0.437D-31
 0.974D+12  0.100D+01  0.229D-31
 0.998D+12  0.100D+01  0.228D-31
 0.102D+13  0.100D+01  0.121D-31
 0.105D+13  0.100D+01  0.120D-31
 0.107D+13  0.100D+01  0.632D-32
 0.110D+13  0.100D+01  0.630D-32
 0.112D+13  0.100D+01  0.331D-32
 0.114D+13  0.100D+01  0.330D-32
 0.117D+13  0.100D+01  0.175D-32
 0.119D+13  0.100D+01  0.172D-32
 i   GR        GS        GW        
  1 0.617E+09 0.313E-04 0.853E-07
  2 0.617E+09 0.313E-04 0.853E-07
  3 0.617E+09 0.313E-04 0.853E-07
  4 0.617E+09 0.313E-04 0.853E-07
  5 0.617E+09 0.313E-04 0.853E-07
  6 0.617E+09 0.313E-04 0.853E-07
  7 0.617E+09 0.313E-04 0.853E-07
  8 0.617E+09 0.313E-04 0.853E-07
  9 0.617E+09 0.313E-04 0.853E-07
 10 0.617E+09 0.313E-04 0.853E-07
 11 0.617E+09 0.313E-04 0.853E-07
 12 0.617E+09 0.313E-04 0.853E-07
 13 0.617E+09 0.313E-04 0.853E-07
 14 0.617E+09 0.313E-04 0.853E-07
 15 0.617E+09 0.313E-04 0.853E-07
 16 0.617E+09 0.313E-04 0.853E-07
 17 0.617E+09 0.313E-04 0.853E-07
 18 0.617E+09 0.313E-04 0.853E-07
 19 0.617E+09 0.313E-04 0.853E-07
 20 0.617E+09 0.313E-04 0.853E-07
 21 0.617E+09 0.313E-04 0.853E-07
 22 0.617E+09 0.313E-04 0.853E-07
 23 0.617E+09 0.313E-04 0.853E-07
 24 0.617E+09 0.313E-04 0.853E-07
 25 0.617E+09 0.313E-04 0.853E-07
 26 0.617E+09 0.313E-04 0.853E-07
 27 0.617E+09 0.313E-04 0.853E-07
 28 0.617E+09 0.313E-04 0.853E-07
 29 0.617E+09 0.313E-04 0.853E-07
 30 0.617E+09 0.313E-04 0.853E-07
 31 0.617E+09 0.313E-04 0.853E-07
 32 0.617E+09 0.313E-04 0.853E-07
 33 0.617E+09 0.313E-04 0.853E-07
 34 0.617E+09 0.313E-04 0.853E-07
 35 0.617E+09 0.313E-04 0.853E-07
 36 0.617E+09 0.313E-04 0.853E-07
 37 0.617E+09 0.313E-04 0.853E-07
 38 0.617E+09 0.313E-04 0.853E-07
 39 0.617E+09 0.313E-04 0.853E-07
 40 0.617E+09 0.313E-04 0.853E-07
 41 0.617E+09 0.313E-04 0.853E-07
 42 0.617E+09 0.313E-04 0.853E-07
 43 0.617E+09 0.313E-04 0.853E-07
 44 0.617E+09 0.313E-04 0.853E-07
  ilin=           3
 PARTITION FUNCTIONS
 TEMP         1         2
  1735. 0.200E+01 0.100E+01
  1735. 0.200E+01 0.100E+01
  1723. 0.200E+01 0.100E+01
  1723. 0.200E+01 0.100E+01
  1710. 0.200E+01 0.100E+01
  1710. 0.200E+01 0.100E+01
  1698. 0.200E+01 0.100E+01
  1698. 0.200E+01 0.100E+01
  1684. 0.200E+01 0.100E+01
  1686. 0.200E+01 0.100E+01
  1672. 0.200E+01 0.100E+01
  1674. 0.200E+01 0.100E+01
  1660. 0.200E+01 0.100E+01
  1660. 0.200E+01 0.100E+01
  1648. 0.200E+01 0.100E+01
  1648. 0.200E+01 0.100E+01
  1636. 0.200E+01 0.100E+01
  1636. 0.200E+01 0.100E+01
  1624. 0.200E+01 0.100E+01
  1624. 0.200E+01 0.100E+01
  1611. 0.200E+01 0.100E+01
  1612. 0.200E+01 0.100E+01
  1599. 0.200E+01 0.100E+01
  1600. 0.200E+01 0.100E+01
  1588. 0.200E+01 0.100E+01
  1588. 0.200E+01 0.100E+01
  1576. 0.200E+01 0.100E+01
  1576. 0.200E+01 0.100E+01
  1565. 0.200E+01 0.100E+01
  1565. 0.200E+01 0.100E+01
  1553. 0.200E+01 0.100E+01
  1553. 0.200E+01 0.100E+01
  1542. 0.200E+01 0.100E+01
  1542. 0.200E+01 0.100E+01
  1530. 0.200E+01 0.100E+01
  1531. 0.200E+01 0.100E+01
  1519. 0.200E+01 0.100E+01
  1519. 0.200E+01 0.100E+01
  1508. 0.200E+01 0.100E+01
  1508. 0.200E+01 0.100E+01
  1497. 0.200E+01 0.100E+01
  1497. 0.200E+01 0.100E+01
  1487. 0.200E+01 0.100E+01
  1486. 0.200E+01 0.100E+01
    N(J)/N  ION POPULATIONS
 z          1          2
 0.146D+12  0.100D+01  0.135D-26
 0.170D+12  0.100D+01  0.130D-26
 0.195D+12  0.100D+01  0.725D-27
 0.219D+12  0.100D+01  0.698D-27
 0.243D+12  0.100D+01  0.375D-27
 0.268D+12  0.100D+01  0.363D-27
 0.292D+12  0.100D+01  0.195D-27
 0.317D+12  0.100D+01  0.195D-27
 0.341D+12  0.100D+01  0.948D-28
 0.365D+12  0.100D+01  0.102D-27
 0.390D+12  0.100D+01  0.499D-28
 0.414D+12  0.100D+01  0.544D-28
 0.438D+12  0.100D+01  0.269D-28
 0.463D+12  0.100D+01  0.263D-28
 0.487D+12  0.100D+01  0.142D-28
 0.511D+12  0.100D+01  0.142D-28
 0.536D+12  0.100D+01  0.759D-29
 0.560D+12  0.100D+01  0.746D-29
 0.584D+12  0.100D+01  0.399D-29
 0.609D+12  0.100D+01  0.399D-29
 0.633D+12  0.100D+01  0.202D-29
 0.657D+12  0.100D+01  0.209D-29
 0.682D+12  0.100D+01  0.107D-29
 0.706D+12  0.100D+01  0.111D-29
 0.730D+12  0.100D+01  0.571D-30
 0.755D+12  0.100D+01  0.564D-30
 0.779D+12  0.100D+01  0.300D-30
 0.804D+12  0.100D+01  0.300D-30
 0.828D+12  0.100D+01  0.159D-30
 0.852D+12  0.100D+01  0.158D-30
 0.877D+12  0.100D+01  0.820D-31
 0.901D+12  0.100D+01  0.829D-31
 0.925D+12  0.100D+01  0.435D-31
 0.950D+12  0.100D+01  0.437D-31
 0.974D+12  0.100D+01  0.229D-31
 0.998D+12  0.100D+01  0.228D-31
 0.102D+13  0.100D+01  0.121D-31
 0.105D+13  0.100D+01  0.120D-31
 0.107D+13  0.100D+01  0.632D-32
 0.110D+13  0.100D+01  0.630D-32
 0.112D+13  0.100D+01  0.331D-32
 0.114D+13  0.100D+01  0.330D-32
 0.117D+13  0.100D+01  0.175D-32
 0.119D+13  0.100D+01  0.172D-32
 i   GR        GS        GW        
  1 0.603E+09 0.103E-04 0.598E-07
  2 0.603E+09 0.103E-04 0.598E-07
  3 0.603E+09 0.103E-04 0.598E-07
  4 0.603E+09 0.103E-04 0.598E-07
  5 0.603E+09 0.103E-04 0.598E-07
  6 0.603E+09 0.103E-04 0.598E-07
  7 0.603E+09 0.103E-04 0.598E-07
  8 0.603E+09 0.103E-04 0.598E-07
  9 0.603E+09 0.103E-04 0.598E-07
 10 0.603E+09 0.103E-04 0.598E-07
 11 0.603E+09 0.103E-04 0.598E-07
 12 0.603E+09 0.103E-04 0.598E-07
 13 0.603E+09 0.103E-04 0.598E-07
 14 0.603E+09 0.103E-04 0.598E-07
 15 0.603E+09 0.103E-04 0.598E-07
 16 0.603E+09 0.103E-04 0.598E-07
 17 0.603E+09 0.103E-04 0.598E-07
 18 0.603E+09 0.103E-04 0.598E-07
 19 0.603E+09 0.103E-04 0.598E-07
 20 0.603E+09 0.103E-04 0.598E-07
 21 0.603E+09 0.103E-04 0.598E-07
 22 0.603E+09 0.103E-04 0.598E-07
 23 0.603E+09 0.103E-04 0.598E-07
 24 0.603E+09 0.103E-04 0.598E-07
 25 0.603E+09 0.103E-04 0.598E-07
 26 0.603E+09 0.103E-04 0.598E-07
 27 0.603E+09 0.103E-04 0.598E-07
 28 0.603E+09 0.103E-04 0.598E-07
 29 0.603E+09 0.103E-04 0.598E-07
 30 0.603E+09 0.103E-04 0.598E-07
 31 0.603E+09 0.103E-04 0.598E-07
 32 0.603E+09 0.103E-04 0.598E-07
 33 0.603E+09 0.103E-04 0.598E-07
 34 0.603E+09 0.103E-04 0.598E-07
 35 0.603E+09 0.103E-04 0.598E-07
 36 0.603E+09 0.103E-04 0.598E-07
 37 0.603E+09 0.103E-04 0.598E-07
 38 0.603E+09 0.103E-04 0.598E-07
 39 0.603E+09 0.103E-04 0.598E-07
 40 0.603E+09 0.103E-04 0.598E-07
 41 0.603E+09 0.103E-04 0.598E-07
 42 0.603E+09 0.103E-04 0.598E-07
 43 0.603E+09 0.103E-04 0.598E-07
 44 0.603E+09 0.103E-04 0.598E-07
  ilin=           4
 PARTITION FUNCTIONS
 TEMP         1         2
  1735. 0.200E+01 0.100E+01
  1735. 0.200E+01 0.100E+01
  1723. 0.200E+01 0.100E+01
  1723. 0.200E+01 0.100E+01
  1710. 0.200E+01 0.100E+01
  1710. 0.200E+01 0.100E+01
  1698. 0.200E+01 0.100E+01
  1698. 0.200E+01 0.100E+01
  1684. 0.200E+01 0.100E+01
  1686. 0.200E+01 0.100E+01
  1672. 0.200E+01 0.100E+01
  1674. 0.200E+01 0.100E+01
  1660. 0.200E+01 0.100E+01
  1660. 0.200E+01 0.100E+01
  1648. 0.200E+01 0.100E+01
  1648. 0.200E+01 0.100E+01
  1636. 0.200E+01 0.100E+01
  1636. 0.200E+01 0.100E+01
  1624. 0.200E+01 0.100E+01
  1624. 0.200E+01 0.100E+01
  1611. 0.200E+01 0.100E+01
  1612. 0.200E+01 0.100E+01
  1599. 0.200E+01 0.100E+01
  1600. 0.200E+01 0.100E+01
  1588. 0.200E+01 0.100E+01
  1588. 0.200E+01 0.100E+01
  1576. 0.200E+01 0.100E+01
  1576. 0.200E+01 0.100E+01
  1565. 0.200E+01 0.100E+01
  1565. 0.200E+01 0.100E+01
  1553. 0.200E+01 0.100E+01
  1553. 0.200E+01 0.100E+01
  1542. 0.200E+01 0.100E+01
  1542. 0.200E+01 0.100E+01
  1530. 0.200E+01 0.100E+01
  1531. 0.200E+01 0.100E+01
  1519. 0.200E+01 0.100E+01
  1519. 0.200E+01 0.100E+01
  1508. 0.200E+01 0.100E+01
  1508. 0.200E+01 0.100E+01
  1497. 0.200E+01 0.100E+01
  1497. 0.200E+01 0.100E+01
  1487. 0.200E+01 0.100E+01
  1486. 0.200E+01 0.100E+01
    N(J)/N  ION POPULATIONS
 z          1          2
 0.146D+12  0.100D+01  0.135D-26
 0.170D+12  0.100D+01  0.130D-26
 0.195D+12  0.100D+01  0.725D-27
 0.219D+12  0.100D+01  0.698D-27
 0.243D+12  0.100D+01  0.375D-27
 0.268D+12  0.100D+01  0.363D-27
 0.292D+12  0.100D+01  0.195D-27
 0.317D+12  0.100D+01  0.195D-27
 0.341D+12  0.100D+01  0.948D-28
 0.365D+12  0.100D+01  0.102D-27
 0.390D+12  0.100D+01  0.499D-28
 0.414D+12  0.100D+01  0.544D-28
 0.438D+12  0.100D+01  0.269D-28
 0.463D+12  0.100D+01  0.263D-28
 0.487D+12  0.100D+01  0.142D-28
 0.511D+12  0.100D+01  0.142D-28
 0.536D+12  0.100D+01  0.759D-29
 0.560D+12  0.100D+01  0.746D-29
 0.584D+12  0.100D+01  0.399D-29
 0.609D+12  0.100D+01  0.399D-29
 0.633D+12  0.100D+01  0.202D-29
 0.657D+12  0.100D+01  0.209D-29
 0.682D+12  0.100D+01  0.107D-29
 0.706D+12  0.100D+01  0.111D-29
 0.730D+12  0.100D+01  0.571D-30
 0.755D+12  0.100D+01  0.564D-30
 0.779D+12  0.100D+01  0.300D-30
 0.804D+12  0.100D+01  0.300D-30
 0.828D+12  0.100D+01  0.159D-30
 0.852D+12  0.100D+01  0.158D-30
 0.877D+12  0.100D+01  0.820D-31
 0.901D+12  0.100D+01  0.829D-31
 0.925D+12  0.100D+01  0.435D-31
 0.950D+12  0.100D+01  0.437D-31
 0.974D+12  0.100D+01  0.229D-31
 0.998D+12  0.100D+01  0.228D-31
 0.102D+13  0.100D+01  0.121D-31
 0.105D+13  0.100D+01  0.120D-31
 0.107D+13  0.100D+01  0.632D-32
 0.110D+13  0.100D+01  0.630D-32
 0.112D+13  0.100D+01  0.331D-32
 0.114D+13  0.100D+01  0.330D-32
 0.117D+13  0.100D+01  0.175D-32
 0.119D+13  0.100D+01  0.172D-32
 i   GR        GS        GW        
  1 0.575E+09 0.244E-05 0.377E-07
  2 0.575E+09 0.244E-05 0.377E-07
  3 0.575E+09 0.244E-05 0.377E-07
  4 0.575E+09 0.244E-05 0.377E-07
  5 0.575E+09 0.244E-05 0.377E-07
  6 0.575E+09 0.244E-05 0.377E-07
  7 0.575E+09 0.244E-05 0.377E-07
  8 0.575E+09 0.244E-05 0.377E-07
  9 0.575E+09 0.244E-05 0.377E-07
 10 0.575E+09 0.244E-05 0.377E-07
 11 0.575E+09 0.244E-05 0.377E-07
 12 0.575E+09 0.244E-05 0.377E-07
 13 0.575E+09 0.244E-05 0.377E-07
 14 0.575E+09 0.244E-05 0.377E-07
 15 0.575E+09 0.244E-05 0.377E-07
 16 0.575E+09 0.244E-05 0.377E-07
 17 0.575E+09 0.244E-05 0.377E-07
 18 0.575E+09 0.244E-05 0.377E-07
 19 0.575E+09 0.244E-05 0.377E-07
 20 0.575E+09 0.244E-05 0.377E-07
 21 0.575E+09 0.244E-05 0.377E-07
 22 0.575E+09 0.244E-05 0.377E-07
 23 0.575E+09 0.244E-05 0.377E-07
 24 0.575E+09 0.244E-05 0.377E-07
 25 0.575E+09 0.244E-05 0.377E-07
 26 0.575E+09 0.244E-05 0.377E-07
 27 0.575E+09 0.244E-05 0.377E-07
 28 0.575E+09 0.244E-05 0.377E-07
 29 0.575E+09 0.244E-05 0.377E-07
 30 0.575E+09 0.244E-05 0.377E-07
 31 0.575E+09 0.244E-05 0.377E-07
 32 0.575E+09 0.244E-05 0.377E-07
 33 0.575E+09 0.244E-05 0.377E-07
 34 0.575E+09 0.244E-05 0.377E-07
 35 0.575E+09 0.244E-05 0.377E-07
 36 0.575E+09 0.244E-05 0.377E-07
 37 0.575E+09 0.244E-05 0.377E-07
 38 0.575E+09 0.244E-05 0.377E-07
 39 0.575E+09 0.244E-05 0.377E-07
 40 0.575E+09 0.244E-05 0.377E-07
 41 0.575E+09 0.244E-05 0.377E-07
 42 0.575E+09 0.244E-05 0.377E-07
 43 0.575E+09 0.244E-05 0.377E-07
 44 0.575E+09 0.244E-05 0.377E-07
  iunt=           0  aintb=   0.0000000000000000     
  lambda=   20994.046581385304     
 id  ophbf     ophff     opth      ophrs     ophn      opmieb    opmiej    oplin     opmol
  1  8.22E-41  8.35E-14  2.75E-17  2.19E-17  4.54E-18  0.00E+00  0.00E+00  1.63E-38  0.00E+00
  2  8.47E-41  9.23E-14  2.87E-17  2.25E-17  4.87E-18  0.00E+00  0.00E+00  1.73E-38  0.00E+00
  3  4.12E-41  8.71E-14  2.67E-17  2.03E-17  4.09E-18  0.00E+00  0.00E+00  1.08E-38  0.00E+00
  4  4.24E-41  9.57E-14  2.77E-17  2.09E-17  4.37E-18  0.00E+00  0.00E+00  1.14E-38  0.00E+00
  5  2.09E-41  9.78E-14  2.66E-17  1.93E-17  3.86E-18  0.00E+00  0.00E+00  7.40E-39  0.00E+00
  6  2.14E-41  1.07E-13  2.75E-17  1.98E-17  4.09E-18  0.00E+00  0.00E+00  7.79E-39  0.00E+00
  7  1.04E-41  1.07E-13  2.61E-17  1.82E-17  3.55E-18  0.00E+00  0.00E+00  4.99E-39  0.00E+00
  8  1.04E-41  1.07E-13  2.61E-17  1.82E-17  3.55E-18  0.00E+00  0.00E+00  4.99E-39  0.00E+00
  9  4.39E-42  1.04E-13  2.42E-17  1.64E-17  2.95E-18  0.00E+00  0.00E+00  2.90E-39  0.00E+00
 10  5.08E-42  1.14E-13  2.52E-17  1.71E-17  3.20E-18  0.00E+00  0.00E+00  3.30E-39  0.00E+00
 11  2.14E-42  1.09E-13  2.31E-17  1.53E-17  2.62E-18  0.00E+00  0.00E+00  1.90E-39  0.00E+00
 12  2.39E-42  1.11E-13  2.35E-17  1.56E-17  2.71E-18  0.00E+00  0.00E+00  2.05E-39  0.00E+00
 13  1.01E-42  1.06E-13  2.15E-17  1.39E-17  2.20E-18  0.00E+00  0.00E+00  1.18E-39  0.00E+00
 14  1.03E-42  1.12E-13  2.19E-17  1.42E-17  2.29E-18  0.00E+00  0.00E+00  1.23E-39  0.00E+00
 15  4.77E-43  1.07E-13  2.02E-17  1.28E-17  1.90E-18  0.00E+00  0.00E+00  7.53E-40  0.00E+00
 16  4.77E-43  1.07E-13  2.02E-17  1.28E-17  1.90E-18  0.00E+00  0.00E+00  7.53E-40  0.00E+00
 17  2.19E-43  1.01E-13  1.85E-17  1.16E-17  1.56E-18  0.00E+00  0.00E+00  4.57E-40  0.00E+00
 18  2.22E-43  1.06E-13  1.88E-17  1.18E-17  1.62E-18  0.00E+00  0.00E+00  4.72E-40  0.00E+00
 19  1.01E-43  9.88E-14  1.71E-17  1.06E-17  1.32E-18  0.00E+00  0.00E+00  2.83E-40  0.00E+00
 20  1.01E-43  9.88E-14  1.71E-17  1.06E-17  1.32E-18  0.00E+00  0.00E+00  2.83E-40  0.00E+00
 21  4.23E-44  9.06E-14  1.53E-17  9.36E-18  1.04E-18  0.00E+00  0.00E+00  1.61E-40  0.00E+00
 22  4.58E-44  9.53E-14  1.57E-17  9.58E-18  1.09E-18  0.00E+00  0.00E+00  1.73E-40  0.00E+00
 23  1.92E-44  8.66E-14  1.40E-17  8.48E-18  8.60E-19  0.00E+00  0.00E+00  9.78E-41  0.00E+00
 24  2.03E-44  8.73E-14  1.41E-17  8.55E-18  8.75E-19  0.00E+00  0.00E+00  1.01E-40  0.00E+00
 25  8.53E-45  7.90E-14  1.26E-17  7.56E-18  6.86E-19  0.00E+00  0.00E+00  5.74E-41  0.00E+00
 26  8.62E-45  8.16E-14  1.27E-17  7.64E-18  7.01E-19  0.00E+00  0.00E+00  5.87E-41  0.00E+00
 27  3.79E-45  7.38E-14  1.14E-17  6.79E-18  5.55E-19  0.00E+00  0.00E+00  3.41E-41  0.00E+00
 28  3.79E-45  7.38E-14  1.14E-17  6.79E-18  5.55E-19  0.00E+00  0.00E+00  3.41E-41  0.00E+00
 29  1.65E-45  6.63E-14  1.02E-17  6.01E-18  4.37E-19  0.00E+00  0.00E+00  1.97E-41  0.00E+00
 30  1.66E-45  6.80E-14  1.03E-17  6.06E-18  4.44E-19  0.00E+00  0.00E+00  2.00E-41  0.00E+00
 31  7.01E-46  6.05E-14  9.07E-18  5.34E-18  3.45E-19  0.00E+00  0.00E+00  1.13E-41  0.00E+00
 32  7.22E-46  6.20E-14  9.17E-18  5.40E-18  3.52E-19  0.00E+00  0.00E+00  1.16E-41  0.00E+00
 33  3.03E-46  5.38E-14  8.05E-18  4.72E-18  2.69E-19  0.00E+00  0.00E+00  6.45E-42  0.00E+00
 34  3.09E-46  5.49E-14  8.12E-18  4.76E-18  2.74E-19  0.00E+00  0.00E+00  6.59E-42  0.00E+00
 35  1.30E-46  4.84E-14  7.16E-18  4.18E-18  2.11E-19  0.00E+00  0.00E+00  3.71E-42  0.00E+00
 36  1.32E-46  4.92E-14  7.21E-18  4.20E-18  2.14E-19  0.00E+00  0.00E+00  3.76E-42  0.00E+00
 37  5.55E-47  4.26E-14  6.32E-18  3.68E-18  1.63E-19  0.00E+00  0.00E+00  2.09E-42  0.00E+00
 38  5.57E-47  4.32E-14  6.35E-18  3.69E-18  1.65E-19  0.00E+00  0.00E+00  2.11E-42  0.00E+00
 39  2.35E-47  3.78E-14  5.59E-18  3.24E-18  1.26E-19  0.00E+00  0.00E+00  1.18E-42  0.00E+00
 40  2.36E-47  3.81E-14  5.60E-18  3.25E-18  1.27E-19  0.00E+00  0.00E+00  1.19E-42  0.00E+00
 41  9.85E-48  3.29E-14  4.90E-18  2.84E-18  9.68E-20  0.00E+00  0.00E+00  6.58E-43  0.00E+00
 42  9.88E-48  3.32E-14  4.92E-18  2.84E-18  9.73E-20  0.00E+00  0.00E+00  6.62E-43  0.00E+00
 43  4.20E-48  2.89E-14  4.32E-18  2.49E-18  7.47E-20  0.00E+00  0.00E+00  3.72E-43  0.00E+00
 44  4.12E-48  2.89E-14  4.31E-18  2.49E-18  7.44E-20  0.00E+00  0.00E+00  3.68E-43  0.00E+00
 id   opdep     contrib.f   aint 
 43  7.040E-04  3.037E-10  3.037E-10
 42  1.460E-03  3.315E-10  6.351E-10
 41  2.265E-03  3.586E-10  9.937E-10
 40  3.130E-03  3.916E-10  1.385E-09
 39  4.054E-03  4.248E-10  1.810E-09
 38  5.040E-03  4.603E-10  2.270E-09
 37  6.084E-03  4.955E-10  2.766E-09
 36  7.202E-03  5.387E-10  3.305E-09
 35  8.391E-03  5.816E-10  3.886E-09
 34  9.649E-03  6.254E-10  4.512E-09
 33  1.097E-02  6.678E-10  5.179E-09
 32  1.238E-02  7.222E-10  5.902E-09
 31  1.387E-02  7.753E-10  6.677E-09
 30  1.544E-02  8.257E-10  7.503E-09
 29  1.707E-02  8.765E-10  8.379E-09
 28  1.878E-02  9.275E-10  9.306E-09
 27  2.058E-02  9.909E-10  1.030E-08
 26  2.247E-02  1.059E-09  1.136E-08
 25  2.442E-02  1.110E-09  1.247E-08
 24  2.645E-02  1.167E-09  1.363E-08
 23  2.857E-02  1.237E-09  1.487E-08
 22  3.078E-02  1.312E-09  1.618E-08
 21  3.305E-02  1.359E-09  1.754E-08
 20  3.535E-02  1.403E-09  1.894E-08
 19  3.776E-02  1.486E-09  2.043E-08
 18  4.025E-02  1.560E-09  2.199E-08
 17  4.277E-02  1.595E-09  2.358E-08
 16  4.530E-02  1.623E-09  2.521E-08
 15  4.790E-02  1.691E-09  2.690E-08
 14  5.056E-02  1.756E-09  2.865E-08
 13  5.321E-02  1.768E-09  3.042E-08
 12  5.585E-02  1.785E-09  3.221E-08
 11  5.853E-02  1.838E-09  3.405E-08
 10  6.124E-02  1.886E-09  3.593E-08
  9  6.390E-02  1.866E-09  3.780E-08
  8  6.647E-02  1.830E-09  3.963E-08
  7  6.908E-02  1.879E-09  4.151E-08
  6  7.167E-02  1.899E-09  4.340E-08
  5  7.416E-02  1.841E-09  4.525E-08
  4  7.652E-02  1.764E-09  4.701E-08
  3  7.875E-02  1.687E-09  4.870E-08
  2  8.093E-02  1.676E-09  5.037E-08
  1  8.307E-02  1.661E-09  5.203E-08
 iunt+1  opdep   aintbt    aint
  1  8.307E-02  0.000E+00  5.203E-08
 id    opac2     emis2     bnu       bnud      ejnu1     ejnu2     sf2       az        vz
  1  8.35E-14  7.03E-20  8.43E-07  2.21E-09  2.24E-07  0.00E+00  8.42E-07  1.46E+11  6.36E+06
  2  9.23E-14  7.78E-20  8.43E-07  2.21E-09  2.24E-07  0.00E+00  8.42E-07  1.70E+11  6.54E+06
  3  8.72E-14  7.14E-20  8.19E-07  2.06E-09  2.23E-07  0.00E+00  8.19E-07  1.95E+11  6.65E+06
  4  9.58E-14  7.84E-20  8.19E-07  2.06E-09  2.23E-07  0.00E+00  8.19E-07  2.19E+11  6.84E+06
  5  9.79E-14  7.78E-20  7.96E-07  1.92E-09  2.22E-07  0.00E+00  7.95E-07  2.43E+11  7.13E+06
  6  1.07E-13  8.48E-20  7.96E-07  1.92E-09  2.21E-07  0.00E+00  7.95E-07  2.68E+11  7.31E+06
  7  1.07E-13  8.26E-20  7.73E-07  1.78E-09  2.21E-07  0.00E+00  7.72E-07  2.92E+11  7.60E+06
  8  1.07E-13  8.26E-20  7.73E-07  1.78E-09  2.20E-07  0.00E+00  7.72E-07  3.17E+11  7.60E+06
  9  1.04E-13  7.79E-20  7.46E-07  1.64E-09  2.19E-07  0.00E+00  7.46E-07  3.41E+11  7.83E+06
 10  1.14E-13  8.53E-20  7.50E-07  1.66E-09  2.18E-07  0.00E+00  7.50E-07  3.65E+11  8.07E+06
 11  1.09E-13  7.92E-20  7.24E-07  1.52E-09  2.17E-07  0.00E+00  7.24E-07  3.90E+11  8.30E+06
 12  1.11E-13  8.07E-20  7.28E-07  1.54E-09  2.16E-07  0.00E+00  7.27E-07  4.14E+11  8.35E+06
 13  1.06E-13  7.42E-20  7.03E-07  1.41E-09  2.15E-07  0.00E+00  7.03E-07  4.38E+11  8.58E+06
 14  1.12E-13  7.88E-20  7.03E-07  1.41E-09  0.00E+00  0.00E+00  7.03E-07  4.63E+11  8.76E+06
 15  1.07E-13  7.28E-20  6.82E-07  1.31E-09  0.00E+00  0.00E+00  6.82E-07  4.87E+11  9.03E+06
 16  1.07E-13  7.28E-20  6.82E-07  1.31E-09  0.00E+00  0.00E+00  6.82E-07  5.11E+11  9.03E+06
 17  1.01E-13  6.66E-20  6.61E-07  1.22E-09  0.00E+00  0.00E+00  6.61E-07  5.36E+11  9.30E+06
 18  1.06E-13  7.00E-20  6.61E-07  1.22E-09  0.00E+00  0.00E+00  6.61E-07  5.60E+11  9.48E+06
 19  9.88E-14  6.33E-20  6.41E-07  1.13E-09  0.00E+00  0.00E+00  6.40E-07  5.84E+11  9.74E+06
 20  9.88E-14  6.33E-20  6.41E-07  1.13E-09  0.00E+00  0.00E+00  6.40E-07  6.09E+11  9.74E+06
 21  9.06E-14  5.61E-20  6.19E-07  1.03E-09  0.00E+00  0.00E+00  6.19E-07  6.33E+11  9.95E+06
 22  9.53E-14  5.91E-20  6.21E-07  1.04E-09  0.00E+00  0.00E+00  6.20E-07  6.57E+11  1.02E+07
 23  8.66E-14  5.19E-20  6.00E-07  9.57E-10  0.00E+00  0.00E+00  6.00E-07  6.82E+11  1.04E+07
 24  8.74E-14  5.25E-20  6.01E-07  9.62E-10  0.00E+00  0.00E+00  6.01E-07  7.06E+11  1.04E+07
 25  7.90E-14  4.59E-20  5.81E-07  8.85E-10  0.00E+00  0.00E+00  5.81E-07  7.30E+11  1.06E+07
 26  8.16E-14  4.74E-20  5.81E-07  8.85E-10  0.00E+00  0.00E+00  5.81E-07  7.55E+11  1.08E+07
 27  7.38E-14  4.15E-20  5.63E-07  8.17E-10  0.00E+00  0.00E+00  5.63E-07  7.79E+11  1.10E+07
 28  7.38E-14  4.15E-20  5.63E-07  8.17E-10  0.00E+00  0.00E+00  5.63E-07  8.04E+11  1.10E+07
 29  6.63E-14  3.61E-20  5.45E-07  7.54E-10  0.00E+00  0.00E+00  5.45E-07  8.28E+11  1.13E+07
 30  6.80E-14  3.71E-20  5.45E-07  7.54E-10  0.00E+00  0.00E+00  5.45E-07  8.52E+11  1.14E+07
 31  6.05E-14  3.18E-20  5.27E-07  6.94E-10  0.00E+00  0.00E+00  5.27E-07  8.77E+11  1.16E+07
 32  6.20E-14  3.27E-20  5.27E-07  6.96E-10  0.00E+00  0.00E+00  5.27E-07  9.01E+11  1.18E+07
 33  5.38E-14  2.74E-20  5.10E-07  6.40E-10  0.00E+00  0.00E+00  5.10E-07  9.25E+11  1.18E+07
 34  5.49E-14  2.80E-20  5.10E-07  6.41E-10  0.00E+00  0.00E+00  5.10E-07  9.50E+11  1.20E+07
 35  4.84E-14  2.39E-20  4.93E-07  5.90E-10  0.00E+00  0.00E+00  4.93E-07  9.74E+11  1.22E+07
 36  4.92E-14  2.43E-20  4.93E-07  5.90E-10  0.00E+00  0.00E+00  4.93E-07  9.98E+11  1.24E+07
 37  4.26E-14  2.03E-20  4.77E-07  5.44E-10  0.00E+00  0.00E+00  4.77E-07  1.02E+12  1.24E+07
 38  4.32E-14  2.06E-20  4.77E-07  5.44E-10  0.00E+00  0.00E+00  4.77E-07  1.05E+12  1.26E+07
 39  3.78E-14  1.74E-20  4.61E-07  5.01E-10  0.00E+00  0.00E+00  4.61E-07  1.07E+12  1.28E+07
 40  3.81E-14  1.76E-20  4.61E-07  5.01E-10  0.00E+00  0.00E+00  4.61E-07  1.10E+12  1.29E+07
 41  3.29E-14  1.47E-20  4.46E-07  4.61E-10  0.00E+00  0.00E+00  4.46E-07  1.12E+12  1.30E+07
 42  3.32E-14  1.48E-20  4.46E-07  4.61E-10  0.00E+00  0.00E+00  4.46E-07  1.14E+12  1.31E+07
 43  2.89E-14  1.25E-20  4.32E-07  4.25E-10  0.00E+00  0.00E+00  4.32E-07  1.17E+12  3.56E+06
 44  2.89E-14  1.25E-20  4.31E-07  4.24E-10  0.00E+00  0.00E+00  4.31E-07  1.19E+12  3.51E+06
  max optical depth for this view angle
 is:   3.02E+00

i=  40.50  alpha=  50.76
  iunt=           0
  ivac1=         107 ivacn=         150  nivac=          44
 vel.  vx        vy        vz        dens      dustd     dustt
   1 -7.74E+06 -1.99E+07  6.39E+06  1.46E-09  0.00E+00  6.94E+02
   2 -7.80E+06 -1.98E+07  6.57E+06  1.55E-09  0.00E+00  6.94E+02
   3 -7.82E+06 -1.98E+07  6.63E+06  1.56E-09  0.00E+00  6.88E+02
   4 -7.63E+06 -1.98E+07  6.87E+06  1.65E-09  0.00E+00  6.89E+02
   5 -7.71E+06 -1.96E+07  7.11E+06  1.75E-09  0.00E+00  6.83E+02
   6 -7.52E+06 -1.96E+07  7.34E+06  1.84E-09  0.00E+00  6.84E+02
   7 -7.60E+06 -1.95E+07  7.58E+06  1.94E-09  0.00E+00  6.78E+02
   8 -7.60E+06 -1.95E+07  7.58E+06  1.94E-09  0.00E+00  6.78E+02
   9 -7.43E+06 -1.94E+07  7.86E+06  2.03E-09  0.00E+00  6.74E+02
  10 -7.48E+06 -1.93E+07  8.05E+06  2.12E-09  0.00E+00  6.74E+02
  11 -7.31E+06 -1.92E+07  8.33E+06  2.21E-09  0.00E+00  6.69E+02
  12 -7.31E+06 -1.92E+07  8.33E+06  2.21E-09  0.00E+00  6.69E+02
  13 -7.38E+06 -1.91E+07  8.56E+06  2.29E-09  0.00E+00  6.63E+02
  14 -7.18E+06 -1.90E+07  8.79E+06  2.38E-09  0.00E+00  6.64E+02
  15 -7.25E+06 -1.89E+07  9.01E+06  2.45E-09  0.00E+00  6.59E+02
  16 -7.01E+06 -1.89E+07  9.06E+06  2.45E-09  0.00E+00  6.59E+02
  17 -7.07E+06 -1.88E+07  9.28E+06  2.52E-09  0.00E+00  6.54E+02
  18 -6.87E+06 -1.87E+07  9.51E+06  2.60E-09  0.00E+00  6.54E+02
  19 -6.94E+06 -1.86E+07  9.72E+06  2.65E-09  0.00E+00  6.49E+02
  20 -6.94E+06 -1.86E+07  9.72E+06  2.65E-09  0.00E+00  6.49E+02
  21 -6.76E+06 -1.85E+07  9.98E+06  2.70E-09  0.00E+00  6.44E+02
  22 -6.79E+06 -1.84E+07  1.02E+07  2.78E-09  0.00E+00  6.44E+02
  23 -6.61E+06 -1.83E+07  1.04E+07  2.81E-09  0.00E+00  6.40E+02
  24 -6.61E+06 -1.83E+07  1.04E+07  2.81E-09  0.00E+00  6.40E+02
  25 -6.67E+06 -1.81E+07  1.06E+07  2.84E-09  0.00E+00  6.35E+02
  26 -6.46E+06 -1.81E+07  1.08E+07  2.90E-09  0.00E+00  6.35E+02
  27 -6.52E+06 -1.79E+07  1.10E+07  2.92E-09  0.00E+00  6.30E+02
  28 -6.29E+06 -1.80E+07  1.11E+07  2.92E-09  0.00E+00  6.30E+02
  29 -6.34E+06 -1.78E+07  1.12E+07  2.93E-09  0.00E+00  6.26E+02
  30 -6.36E+06 -1.77E+07  1.14E+07  2.98E-09  0.00E+00  6.26E+02
  31 -6.18E+06 -1.76E+07  1.16E+07  2.98E-09  0.00E+00  6.21E+02
  32 -6.20E+06 -1.75E+07  1.18E+07  3.03E-09  0.00E+00  6.21E+02
  33 -6.01E+06 -1.75E+07  1.19E+07  2.98E-09  0.00E+00  6.17E+02
  34 -6.02E+06 -1.73E+07  1.20E+07  3.02E-09  0.00E+00  6.17E+02
  35 -5.85E+06 -1.72E+07  1.22E+07  3.00E-09  0.00E+00  6.12E+02
  36 -5.86E+06 -1.71E+07  1.24E+07  3.03E-09  0.00E+00  6.12E+02
  37 -5.90E+06 -1.71E+07  1.24E+07  2.98E-09  0.00E+00  6.08E+02
  38 -5.69E+06 -1.70E+07  1.26E+07  3.01E-09  0.00E+00  6.08E+02
  39 -5.73E+06 -1.68E+07  1.28E+07  2.98E-09  0.00E+00  6.03E+02
  40 -5.52E+06 -1.68E+07  1.30E+07  3.00E-09  0.00E+00  6.03E+02
  41 -5.56E+06 -1.67E+07  1.29E+07  2.95E-09  0.00E+00  5.99E+02
  42 -5.56E+06 -1.66E+07  1.31E+07  2.96E-09  0.00E+00  5.99E+02
  43  6.94E+06 -4.13E+06  3.53E+06  2.92E-09  0.00E+00  5.95E+02
  44  6.94E+06 -4.13E+06  3.53E+06  2.93E-09  0.00E+00  5.95E+02
       akonc      ekonc      temp       az      mshade
   1  6.755E+14  4.140E+07  1.735E+03  1.461E+11  1
   2  7.173E+14  4.310E+07  1.735E+03  1.704E+11  1
   3  7.228E+14  3.957E+07  1.720E+03  1.948E+11  1
   4  7.641E+14  4.173E+07  1.723E+03  2.191E+11  1
   5  8.106E+14  3.938E+07  1.708E+03  2.435E+11  1
   6  8.536E+14  4.135E+07  1.710E+03  2.678E+11  1
   7  8.983E+14  3.859E+07  1.696E+03  2.922E+11  1
   8  8.983E+14  3.859E+07  1.696E+03  3.165E+11  1
   9  9.411E+14  3.633E+07  1.684E+03  3.409E+11  1
  10  9.843E+14  3.732E+07  1.684E+03  3.652E+11  1
  11  1.024E+15  3.481E+07  1.672E+03  3.896E+11  1
  12  1.024E+15  3.481E+07  1.672E+03  4.139E+11  1
  13  1.061E+15  3.181E+07  1.658E+03  4.383E+11  1
  14  1.103E+15  3.298E+07  1.660E+03  4.626E+11  0
  15  1.136E+15  2.994E+07  1.646E+03  4.870E+11  0
  16  1.137E+15  3.034E+07  1.648E+03  5.113E+11  0
  17  1.166E+15  2.743E+07  1.635E+03  5.357E+11  0
  18  1.206E+15  2.826E+07  1.636E+03  5.600E+11  0
  19  1.230E+15  2.543E+07  1.623E+03  5.844E+11  0
  20  1.230E+15  2.543E+07  1.623E+03  6.087E+11  0
  21  1.252E+15  2.305E+07  1.611E+03  6.331E+11  0
  22  1.286E+15  2.338E+07  1.611E+03  6.574E+11  0
  23  1.303E+15  2.109E+07  1.599E+03  6.818E+11  0
  24  1.303E+15  2.109E+07  1.599E+03  7.061E+11  0
  25  1.316E+15  1.880E+07  1.587E+03  7.305E+11  0
  26  1.346E+15  1.916E+07  1.588E+03  7.548E+11  0
  27  1.353E+15  1.703E+07  1.576E+03  7.792E+11  0
  28  1.354E+15  1.714E+07  1.576E+03  8.035E+11  0
  29  1.359E+15  1.521E+07  1.564E+03  8.279E+11  0
  30  1.382E+15  1.534E+07  1.564E+03  8.522E+11  0
  31  1.382E+15  1.364E+07  1.553E+03  8.766E+11  0
  32  1.402E+15  1.374E+07  1.553E+03  9.009E+11  0
  33  1.380E+15  1.211E+07  1.542E+03  9.253E+11  0
  34  1.398E+15  1.218E+07  1.542E+03  9.496E+11  0
  35  1.391E+15  1.077E+07  1.530E+03  9.740E+11  0
  36  1.404E+15  1.083E+07  1.530E+03  9.983E+11  0
  37  1.382E+15  9.498E+06  1.519E+03  1.023E+12  0
  38  1.393E+15  9.546E+06  1.519E+03  1.047E+12  0
  39  1.380E+15  8.405E+06  1.508E+03  1.071E+12  0
  40  1.389E+15  8.425E+06  1.508E+03  1.096E+12  0
  41  1.366E+15  7.390E+06  1.498E+03  1.120E+12  0
  42  1.372E+15  7.408E+06  1.498E+03  1.144E+12  0
  43  1.355E+15  6.498E+06  1.487E+03  1.169E+12  0
  44  1.358E+15  6.507E+06  1.487E+03  1.193E+12  0
       AKONC      HI         H-         H2         HEI        HIPF       HIIPF
   1  6.755E+14  7.284E+12  6.752E+01  3.030E+14  6.134E+13  2.000E+00  1.000E+00
   2  7.173E+14  7.507E+12  7.244E+01  3.219E+14  6.513E+13  2.000E+00  1.000E+00
   3  7.228E+14  6.616E+12  6.204E+01  3.248E+14  6.563E+13  2.000E+00  1.000E+00
   4  7.641E+14  6.968E+12  6.819E+01  3.434E+14  6.938E+13  2.000E+00  1.000E+00
   5  8.106E+14  6.302E+12  6.157E+01  3.649E+14  7.360E+13  2.000E+00  1.000E+00
   6  8.536E+14  6.611E+12  6.719E+01  3.842E+14  7.750E+13  2.000E+00  1.000E+00
   7  8.983E+14  5.955E+12  5.976E+01  4.048E+14  8.157E+13  2.000E+00  1.000E+00
   8  8.983E+14  5.955E+12  5.976E+01  4.048E+14  8.157E+13  2.000E+00  1.000E+00
   9  9.411E+14  5.461E+12  5.410E+01  4.245E+14  8.545E+13  2.000E+00  1.000E+00
  10  9.843E+14  5.585E+12  5.683E+01  4.441E+14  8.937E+13  2.000E+00  1.000E+00
  11  1.024E+15  5.095E+12  5.075E+01  4.625E+14  9.300E+13  2.000E+00  1.000E+00
  12  1.024E+15  5.095E+12  5.075E+01  4.625E+14  9.300E+13  2.000E+00  1.000E+00
  13  1.061E+15  4.556E+12  4.383E+01  4.794E+14  9.634E+13  2.000E+00  1.000E+00
  14  1.103E+15  4.722E+12  4.678E+01  4.985E+14  1.002E+14  2.000E+00  1.000E+00
  15  1.136E+15  4.209E+12  4.002E+01  5.135E+14  1.031E+14  2.000E+00  1.000E+00
  16  1.137E+15  4.272E+12  4.091E+01  5.139E+14  1.032E+14  2.000E+00  1.000E+00
  17  1.166E+15  3.802E+12  3.479E+01  5.276E+14  1.059E+14  2.000E+00  1.000E+00
  18  1.206E+15  3.916E+12  3.671E+01  5.453E+14  1.095E+14  2.000E+00  1.000E+00
  19  1.230E+15  3.476E+12  3.099E+01  5.567E+14  1.117E+14  2.000E+00  1.000E+00
  20  1.230E+15  3.476E+12  3.099E+01  5.567E+14  1.117E+14  2.000E+00  1.000E+00
  21  1.252E+15  3.119E+12  2.650E+01  5.670E+14  1.137E+14  2.000E+00  1.000E+00
  22  1.286E+15  3.160E+12  2.724E+01  5.823E+14  1.168E+14  2.000E+00  1.000E+00
  23  1.303E+15  2.824E+12  2.310E+01  5.903E+14  1.183E+14  2.000E+00  1.000E+00
  24  1.303E+15  2.824E+12  2.310E+01  5.903E+14  1.183E+14  2.000E+00  1.000E+00
  25  1.316E+15  2.497E+12  1.922E+01  5.963E+14  1.195E+14  2.000E+00  1.000E+00
  26  1.346E+15  2.545E+12  1.990E+01  6.097E+14  1.222E+14  2.000E+00  1.000E+00
  27  1.353E+15  2.245E+12  1.648E+01  6.133E+14  1.229E+14  2.000E+00  1.000E+00
  28  1.354E+15  2.260E+12  1.665E+01  6.137E+14  1.230E+14  2.000E+00  1.000E+00
  29  1.359E+15  1.993E+12  1.375E+01  6.160E+14  1.234E+14  2.000E+00  1.000E+00
  30  1.382E+15  2.010E+12  1.399E+01  6.264E+14  1.255E+14  2.000E+00  1.000E+00
  31  1.382E+15  1.779E+12  1.160E+01  6.267E+14  1.255E+14  2.000E+00  1.000E+00
  32  1.402E+15  1.791E+12  1.176E+01  6.355E+14  1.273E+14  2.000E+00  1.000E+00
  33  1.380E+15  1.571E+12  9.574E+00  6.259E+14  1.253E+14  2.000E+00  1.000E+00
  34  1.398E+15  1.581E+12  9.695E+00  6.337E+14  1.269E+14  2.000E+00  1.000E+00
  35  1.391E+15  1.392E+12  7.959E+00  6.307E+14  1.263E+14  2.000E+00  1.000E+00
  36  1.404E+15  1.399E+12  8.038E+00  6.369E+14  1.275E+14  2.000E+00  1.000E+00
  37  1.382E+15  1.223E+12  6.502E+00  6.266E+14  1.254E+14  2.000E+00  1.000E+00
  38  1.393E+15  1.229E+12  6.565E+00  6.320E+14  1.265E+14  2.000E+00  1.000E+00
  39  1.380E+15  1.079E+12  5.349E+00  6.262E+14  1.253E+14  2.000E+00  1.000E+00
  40  1.389E+15  1.082E+12  5.376E+00  6.299E+14  1.261E+14  2.000E+00  1.000E+00
  41  1.366E+15  9.464E+11  4.348E+00  6.196E+14  1.240E+14  2.000E+00  1.000E+00
  42  1.372E+15  9.487E+11  4.370E+00  6.226E+14  1.246E+14  2.000E+00  1.000E+00
  43  1.355E+15  8.303E+11  3.538E+00  6.145E+14  1.230E+14  2.000E+00  1.000E+00
  44  1.358E+15  8.313E+11  3.547E+00  6.161E+14  1.233E+14  2.000E+00  1.000E+00
  ilin=           1
 PARTITION FUNCTIONS
 TEMP         1         2
  1735. 0.200E+01 0.100E+01
  1735. 0.200E+01 0.100E+01
  1720. 0.200E+01 0.100E+01
  1723. 0.200E+01 0.100E+01
  1708. 0.200E+01 0.100E+01
  1710. 0.200E+01 0.100E+01
  1696. 0.200E+01 0.100E+01
  1696. 0.200E+01 0.100E+01
  1684. 0.200E+01 0.100E+01
  1684. 0.200E+01 0.100E+01
  1672. 0.200E+01 0.100E+01
  1672. 0.200E+01 0.100E+01
  1658. 0.200E+01 0.100E+01
  1660. 0.200E+01 0.100E+01
  1646. 0.200E+01 0.100E+01
  1648. 0.200E+01 0.100E+01
  1635. 0.200E+01 0.100E+01
  1636. 0.200E+01 0.100E+01
  1623. 0.200E+01 0.100E+01
  1623. 0.200E+01 0.100E+01
  1611. 0.200E+01 0.100E+01
  1611. 0.200E+01 0.100E+01
  1599. 0.200E+01 0.100E+01
  1599. 0.200E+01 0.100E+01
  1587. 0.200E+01 0.100E+01
  1588. 0.200E+01 0.100E+01
  1576. 0.200E+01 0.100E+01
  1576. 0.200E+01 0.100E+01
  1564. 0.200E+01 0.100E+01
  1564. 0.200E+01 0.100E+01
  1553. 0.200E+01 0.100E+01
  1553. 0.200E+01 0.100E+01
  1542. 0.200E+01 0.100E+01
  1542. 0.200E+01 0.100E+01
  1530. 0.200E+01 0.100E+01
  1530. 0.200E+01 0.100E+01
  1519. 0.200E+01 0.100E+01
  1519. 0.200E+01 0.100E+01
  1508. 0.200E+01 0.100E+01
  1508. 0.200E+01 0.100E+01
  1498. 0.200E+01 0.100E+01
  1498. 0.200E+01 0.100E+01
  1487. 0.200E+01 0.100E+01
  1487. 0.200E+01 0.100E+01
    N(J)/N  ION POPULATIONS
 z          1          2
 0.146D+12  0.100D+01  0.135D-26
 0.170D+12  0.100D+01  0.130D-26
 0.195D+12  0.100D+01  0.636D-27
 0.219D+12  0.100D+01  0.698D-27
 0.243D+12  0.100D+01  0.333D-27
 0.268D+12  0.100D+01  0.363D-27
 0.292D+12  0.100D+01  0.175D-27
 0.317D+12  0.100D+01  0.175D-27
 0.341D+12  0.100D+01  0.948D-28
 0.365D+12  0.100D+01  0.923D-28
 0.390D+12  0.100D+01  0.499D-28
 0.414D+12  0.100D+01  0.499D-28
 0.438D+12  0.100D+01  0.247D-28
 0.463D+12  0.100D+01  0.263D-28
 0.487D+12  0.100D+01  0.131D-28
 0.511D+12  0.100D+01  0.142D-28
 0.536D+12  0.100D+01  0.711D-29
 0.560D+12  0.100D+01  0.746D-29
 0.584D+12  0.100D+01  0.377D-29
 0.609D+12  0.100D+01  0.377D-29
 0.633D+12  0.100D+01  0.202D-29
 0.657D+12  0.100D+01  0.199D-29
 0.682D+12  0.100D+01  0.107D-29
 0.706D+12  0.100D+01  0.107D-29
 0.730D+12  0.100D+01  0.548D-30
 0.755D+12  0.100D+01  0.564D-30
 0.779D+12  0.100D+01  0.291D-30
 0.804D+12  0.100D+01  0.300D-30
 0.828D+12  0.100D+01  0.155D-30
 0.852D+12  0.100D+01  0.154D-30
 0.877D+12  0.100D+01  0.820D-31
 0.901D+12  0.100D+01  0.814D-31
 0.925D+12  0.100D+01  0.435D-31
 0.950D+12  0.100D+01  0.433D-31
 0.974D+12  0.100D+01  0.229D-31
 0.998D+12  0.100D+01  0.228D-31
 0.102D+13  0.100D+01  0.120D-31
 0.105D+13  0.100D+01  0.120D-31
 0.107D+13  0.100D+01  0.634D-32
 0.110D+13  0.100D+01  0.630D-32
 0.112D+13  0.100D+01  0.334D-32
 0.114D+13  0.100D+01  0.334D-32
 0.117D+13  0.100D+01  0.175D-32
 0.119D+13  0.100D+01  0.175D-32
 i   GR        GS        GW        
  1 0.617E+09 0.313E-04 0.853E-07
  2 0.617E+09 0.313E-04 0.853E-07
  3 0.617E+09 0.313E-04 0.853E-07
  4 0.617E+09 0.313E-04 0.853E-07
  5 0.617E+09 0.313E-04 0.853E-07
  6 0.617E+09 0.313E-04 0.853E-07
  7 0.617E+09 0.313E-04 0.853E-07
  8 0.617E+09 0.313E-04 0.853E-07
  9 0.617E+09 0.313E-04 0.853E-07
 10 0.617E+09 0.313E-04 0.853E-07
 11 0.617E+09 0.313E-04 0.853E-07
 12 0.617E+09 0.313E-04 0.853E-07
 13 0.617E+09 0.313E-04 0.853E-07
 14 0.617E+09 0.313E-04 0.853E-07
 15 0.617E+09 0.313E-04 0.853E-07
 16 0.617E+09 0.313E-04 0.853E-07
 17 0.617E+09 0.313E-04 0.853E-07
 18 0.617E+09 0.313E-04 0.853E-07
 19 0.617E+09 0.313E-04 0.853E-07
 20 0.617E+09 0.313E-04 0.853E-07
 21 0.617E+09 0.313E-04 0.853E-07
 22 0.617E+09 0.313E-04 0.853E-07
 23 0.617E+09 0.313E-04 0.853E-07
 24 0.617E+09 0.313E-04 0.853E-07
 25 0.617E+09 0.313E-04 0.853E-07
 26 0.617E+09 0.313E-04 0.853E-07
 27 0.617E+09 0.313E-04 0.853E-07
 28 0.617E+09 0.313E-04 0.853E-07
 29 0.617E+09 0.313E-04 0.853E-07
 30 0.617E+09 0.313E-04 0.853E-07
 31 0.617E+09 0.313E-04 0.853E-07
 32 0.617E+09 0.313E-04 0.853E-07
 33 0.617E+09 0.313E-04 0.853E-07
 34 0.617E+09 0.313E-04 0.853E-07
 35 0.617E+09 0.313E-04 0.853E-07
 36 0.617E+09 0.313E-04 0.853E-07
 37 0.617E+09 0.313E-04 0.853E-07
 38 0.617E+09 0.313E-04 0.853E-07
 39 0.617E+09 0.313E-04 0.853E-07
 40 0.617E+09 0.313E-04 0.853E-07
 41 0.617E+09 0.313E-04 0.853E-07
 42 0.617E+09 0.313E-04 0.853E-07
 43 0.617E+09 0.313E-04 0.853E-07
 44 0.617E+09 0.313E-04 0.853E-07
  ilin=           2
 PARTITION FUNCTIONS
 TEMP         1         2
  1735. 0.200E+01 0.100E+01
  1735. 0.200E+01 0.100E+01
  1720. 0.200E+01 0.100E+01
  1723. 0.200E+01 0.100E+01
  1708. 0.200E+01 0.100E+01
  1710. 0.200E+01 0.100E+01
  1696. 0.200E+01 0.100E+01
  1696. 0.200E+01 0.100E+01
  1684. 0.200E+01 0.100E+01
  1684. 0.200E+01 0.100E+01
  1672. 0.200E+01 0.100E+01
  1672. 0.200E+01 0.100E+01
  1658. 0.200E+01 0.100E+01
  1660. 0.200E+01 0.100E+01
  1646. 0.200E+01 0.100E+01
  1648. 0.200E+01 0.100E+01
  1635. 0.200E+01 0.100E+01
  1636. 0.200E+01 0.100E+01
  1623. 0.200E+01 0.100E+01
  1623. 0.200E+01 0.100E+01
  1611. 0.200E+01 0.100E+01
  1611. 0.200E+01 0.100E+01
  1599. 0.200E+01 0.100E+01
  1599. 0.200E+01 0.100E+01
  1587. 0.200E+01 0.100E+01
  1588. 0.200E+01 0.100E+01
  1576. 0.200E+01 0.100E+01
  1576. 0.200E+01 0.100E+01
  1564. 0.200E+01 0.100E+01
  1564. 0.200E+01 0.100E+01
  1553. 0.200E+01 0.100E+01
  1553. 0.200E+01 0.100E+01
  1542. 0.200E+01 0.100E+01
  1542. 0.200E+01 0.100E+01
  1530. 0.200E+01 0.100E+01
  1530. 0.200E+01 0.100E+01
  1519. 0.200E+01 0.100E+01
  1519. 0.200E+01 0.100E+01
  1508. 0.200E+01 0.100E+01
  1508. 0.200E+01 0.100E+01
  1498. 0.200E+01 0.100E+01
  1498. 0.200E+01 0.100E+01
  1487. 0.200E+01 0.100E+01
  1487. 0.200E+01 0.100E+01
    N(J)/N  ION POPULATIONS
 z          1          2
 0.146D+12  0.100D+01  0.135D-26
 0.170D+12  0.100D+01  0.130D-26
 0.195D+12  0.100D+01  0.636D-27
 0.219D+12  0.100D+01  0.698D-27
 0.243D+12  0.100D+01  0.333D-27
 0.268D+12  0.100D+01  0.363D-27
 0.292D+12  0.100D+01  0.175D-27
 0.317D+12  0.100D+01  0.175D-27
 0.341D+12  0.100D+01  0.948D-28
 0.365D+12  0.100D+01  0.923D-28
 0.390D+12  0.100D+01  0.499D-28
 0.414D+12  0.100D+01  0.499D-28
 0.438D+12  0.100D+01  0.247D-28
 0.463D+12  0.100D+01  0.263D-28
 0.487D+12  0.100D+01  0.131D-28
 0.511D+12  0.100D+01  0.142D-28
 0.536D+12  0.100D+01  0.711D-29
 0.560D+12  0.100D+01  0.746D-29
 0.584D+12  0.100D+01  0.377D-29
 0.609D+12  0.100D+01  0.377D-29
 0.633D+12  0.100D+01  0.202D-29
 0.657D+12  0.100D+01  0.199D-29
 0.682D+12  0.100D+01  0.107D-29
 0.706D+12  0.100D+01  0.107D-29
 0.730D+12  0.100D+01  0.548D-30
 0.755D+12  0.100D+01  0.564D-30
 0.779D+12  0.100D+01  0.291D-30
 0.804D+12  0.100D+01  0.300D-30
 0.828D+12  0.100D+01  0.155D-30
 0.852D+12  0.100D+01  0.154D-30
 0.877D+12  0.100D+01  0.820D-31
 0.901D+12  0.100D+01  0.814D-31
 0.925D+12  0.100D+01  0.435D-31
 0.950D+12  0.100D+01  0.433D-31
 0.974D+12  0.100D+01  0.229D-31
 0.998D+12  0.100D+01  0.228D-31
 0.102D+13  0.100D+01  0.120D-31
 0.105D+13  0.100D+01  0.120D-31
 0.107D+13  0.100D+01  0.634D-32
 0.110D+13  0.100D+01  0.630D-32
 0.112D+13  0.100D+01  0.334D-32
 0.114D+13  0.100D+01  0.334D-32
 0.117D+13  0.100D+01  0.175D-32
 0.119D+13  0.100D+01  0.175D-32
 i   GR        GS        GW        
  1 0.617E+09 0.313E-04 0.853E-07
  2 0.617E+09 0.313E-04 0.853E-07
  3 0.617E+09 0.313E-04 0.853E-07
  4 0.617E+09 0.313E-04 0.853E-07
  5 0.617E+09 0.313E-04 0.853E-07
  6 0.617E+09 0.313E-04 0.853E-07
  7 0.617E+09 0.313E-04 0.853E-07
  8 0.617E+09 0.313E-04 0.853E-07
  9 0.617E+09 0.313E-04 0.853E-07
 10 0.617E+09 0.313E-04 0.853E-07
 11 0.617E+09 0.313E-04 0.853E-07
 12 0.617E+09 0.313E-04 0.853E-07
 13 0.617E+09 0.313E-04 0.853E-07
 14 0.617E+09 0.313E-04 0.853E-07
 15 0.617E+09 0.313E-04 0.853E-07
 16 0.617E+09 0.313E-04 0.853E-07
 17 0.617E+09 0.313E-04 0.853E-07
 18 0.617E+09 0.313E-04 0.853E-07
 19 0.617E+09 0.313E-04 0.853E-07
 20 0.617E+09 0.313E-04 0.853E-07
 21 0.617E+09 0.313E-04 0.853E-07
 22 0.617E+09 0.313E-04 0.853E-07
 23 0.617E+09 0.313E-04 0.853E-07
 24 0.617E+09 0.313E-04 0.853E-07
 25 0.617E+09 0.313E-04 0.853E-07
 26 0.617E+09 0.313E-04 0.853E-07
 27 0.617E+09 0.313E-04 0.853E-07
 28 0.617E+09 0.313E-04 0.853E-07
 29 0.617E+09 0.313E-04 0.853E-07
 30 0.617E+09 0.313E-04 0.853E-07
 31 0.617E+09 0.313E-04 0.853E-07
 32 0.617E+09 0.313E-04 0.853E-07
 33 0.617E+09 0.313E-04 0.853E-07
 34 0.617E+09 0.313E-04 0.853E-07
 35 0.617E+09 0.313E-04 0.853E-07
 36 0.617E+09 0.313E-04 0.853E-07
 37 0.617E+09 0.313E-04 0.853E-07
 38 0.617E+09 0.313E-04 0.853E-07
 39 0.617E+09 0.313E-04 0.853E-07
 40 0.617E+09 0.313E-04 0.853E-07
 41 0.617E+09 0.313E-04 0.853E-07
 42 0.617E+09 0.313E-04 0.853E-07
 43 0.617E+09 0.313E-04 0.853E-07
 44 0.617E+09 0.313E-04 0.853E-07
  ilin=           3
 PARTITION FUNCTIONS
 TEMP         1         2
  1735. 0.200E+01 0.100E+01
  1735. 0.200E+01 0.100E+01
  1720. 0.200E+01 0.100E+01
  1723. 0.200E+01 0.100E+01
  1708. 0.200E+01 0.100E+01
  1710. 0.200E+01 0.100E+01
  1696. 0.200E+01 0.100E+01
  1696. 0.200E+01 0.100E+01
  1684. 0.200E+01 0.100E+01
  1684. 0.200E+01 0.100E+01
  1672. 0.200E+01 0.100E+01
  1672. 0.200E+01 0.100E+01
  1658. 0.200E+01 0.100E+01
  1660. 0.200E+01 0.100E+01
  1646. 0.200E+01 0.100E+01
  1648. 0.200E+01 0.100E+01
  1635. 0.200E+01 0.100E+01
  1636. 0.200E+01 0.100E+01
  1623. 0.200E+01 0.100E+01
  1623. 0.200E+01 0.100E+01
  1611. 0.200E+01 0.100E+01
  1611. 0.200E+01 0.100E+01
  1599. 0.200E+01 0.100E+01
  1599. 0.200E+01 0.100E+01
  1587. 0.200E+01 0.100E+01
  1588. 0.200E+01 0.100E+01
  1576. 0.200E+01 0.100E+01
  1576. 0.200E+01 0.100E+01
  1564. 0.200E+01 0.100E+01
  1564. 0.200E+01 0.100E+01
  1553. 0.200E+01 0.100E+01
  1553. 0.200E+01 0.100E+01
  1542. 0.200E+01 0.100E+01
  1542. 0.200E+01 0.100E+01
  1530. 0.200E+01 0.100E+01
  1530. 0.200E+01 0.100E+01
  1519. 0.200E+01 0.100E+01
  1519. 0.200E+01 0.100E+01
  1508. 0.200E+01 0.100E+01
  1508. 0.200E+01 0.100E+01
  1498. 0.200E+01 0.100E+01
  1498. 0.200E+01 0.100E+01
  1487. 0.200E+01 0.100E+01
  1487. 0.200E+01 0.100E+01
    N(J)/N  ION POPULATIONS
 z          1          2
 0.146D+12  0.100D+01  0.135D-26
 0.170D+12  0.100D+01  0.130D-26
 0.195D+12  0.100D+01  0.636D-27
 0.219D+12  0.100D+01  0.698D-27
 0.243D+12  0.100D+01  0.333D-27
 0.268D+12  0.100D+01  0.363D-27
 0.292D+12  0.100D+01  0.175D-27
 0.317D+12  0.100D+01  0.175D-27
 0.341D+12  0.100D+01  0.948D-28
 0.365D+12  0.100D+01  0.923D-28
 0.390D+12  0.100D+01  0.499D-28
 0.414D+12  0.100D+01  0.499D-28
 0.438D+12  0.100D+01  0.247D-28
 0.463D+12  0.100D+01  0.263D-28
 0.487D+12  0.100D+01  0.131D-28
 0.511D+12  0.100D+01  0.142D-28
 0.536D+12  0.100D+01  0.711D-29
 0.560D+12  0.100D+01  0.746D-29
 0.584D+12  0.100D+01  0.377D-29
 0.609D+12  0.100D+01  0.377D-29
 0.633D+12  0.100D+01  0.202D-29
 0.657D+12  0.100D+01  0.199D-29
 0.682D+12  0.100D+01  0.107D-29
 0.706D+12  0.100D+01  0.107D-29
 0.730D+12  0.100D+01  0.548D-30
 0.755D+12  0.100D+01  0.564D-30
 0.779D+12  0.100D+01  0.291D-30
 0.804D+12  0.100D+01  0.300D-30
 0.828D+12  0.100D+01  0.155D-30
 0.852D+12  0.100D+01  0.154D-30
 0.877D+12  0.100D+01  0.820D-31
 0.901D+12  0.100D+01  0.814D-31
 0.925D+12  0.100D+01  0.435D-31
 0.950D+12  0.100D+01  0.433D-31
 0.974D+12  0.100D+01  0.229D-31
 0.998D+12  0.100D+01  0.228D-31
 0.102D+13  0.100D+01  0.120D-31
 0.105D+13  0.100D+01  0.120D-31
 0.107D+13  0.100D+01  0.634D-32
 0.110D+13  0.100D+01  0.630D-32
 0.112D+13  0.100D+01  0.334D-32
 0.114D+13  0.100D+01  0.334D-32
 0.117D+13  0.100D+01  0.175D-32
 0.119D+13  0.100D+01  0.175D-32
 i   GR        GS        GW        
  1 0.603E+09 0.103E-04 0.598E-07
  2 0.603E+09 0.103E-04 0.598E-07
  3 0.603E+09 0.103E-04 0.598E-07
  4 0.603E+09 0.103E-04 0.598E-07
  5 0.603E+09 0.103E-04 0.598E-07
  6 0.603E+09 0.103E-04 0.598E-07
  7 0.603E+09 0.103E-04 0.598E-07
  8 0.603E+09 0.103E-04 0.598E-07
  9 0.603E+09 0.103E-04 0.598E-07
 10 0.603E+09 0.103E-04 0.598E-07
 11 0.603E+09 0.103E-04 0.598E-07
 12 0.603E+09 0.103E-04 0.598E-07
 13 0.603E+09 0.103E-04 0.598E-07
 14 0.603E+09 0.103E-04 0.598E-07
 15 0.603E+09 0.103E-04 0.598E-07
 16 0.603E+09 0.103E-04 0.598E-07
 17 0.603E+09 0.103E-04 0.598E-07
 18 0.603E+09 0.103E-04 0.598E-07
 19 0.603E+09 0.103E-04 0.598E-07
 20 0.603E+09 0.103E-04 0.598E-07
 21 0.603E+09 0.103E-04 0.598E-07
 22 0.603E+09 0.103E-04 0.598E-07
 23 0.603E+09 0.103E-04 0.598E-07
 24 0.603E+09 0.103E-04 0.598E-07
 25 0.603E+09 0.103E-04 0.598E-07
 26 0.603E+09 0.103E-04 0.598E-07
 27 0.603E+09 0.103E-04 0.598E-07
 28 0.603E+09 0.103E-04 0.598E-07
 29 0.603E+09 0.103E-04 0.598E-07
 30 0.603E+09 0.103E-04 0.598E-07
 31 0.603E+09 0.103E-04 0.598E-07
 32 0.603E+09 0.103E-04 0.598E-07
 33 0.603E+09 0.103E-04 0.598E-07
 34 0.603E+09 0.103E-04 0.598E-07
 35 0.603E+09 0.103E-04 0.598E-07
 36 0.603E+09 0.103E-04 0.598E-07
 37 0.603E+09 0.103E-04 0.598E-07
 38 0.603E+09 0.103E-04 0.598E-07
 39 0.603E+09 0.103E-04 0.598E-07
 40 0.603E+09 0.103E-04 0.598E-07
 41 0.603E+09 0.103E-04 0.598E-07
 42 0.603E+09 0.103E-04 0.598E-07
 43 0.603E+09 0.103E-04 0.598E-07
 44 0.603E+09 0.103E-04 0.598E-07
  ilin=           4
 PARTITION FUNCTIONS
 TEMP         1         2
  1735. 0.200E+01 0.100E+01
  1735. 0.200E+01 0.100E+01
  1720. 0.200E+01 0.100E+01
  1723. 0.200E+01 0.100E+01
  1708. 0.200E+01 0.100E+01
  1710. 0.200E+01 0.100E+01
  1696. 0.200E+01 0.100E+01
  1696. 0.200E+01 0.100E+01
  1684. 0.200E+01 0.100E+01
  1684. 0.200E+01 0.100E+01
  1672. 0.200E+01 0.100E+01
  1672. 0.200E+01 0.100E+01
  1658. 0.200E+01 0.100E+01
  1660. 0.200E+01 0.100E+01
  1646. 0.200E+01 0.100E+01
  1648. 0.200E+01 0.100E+01
  1635. 0.200E+01 0.100E+01
  1636. 0.200E+01 0.100E+01
  1623. 0.200E+01 0.100E+01
  1623. 0.200E+01 0.100E+01
  1611. 0.200E+01 0.100E+01
  1611. 0.200E+01 0.100E+01
  1599. 0.200E+01 0.100E+01
  1599. 0.200E+01 0.100E+01
  1587. 0.200E+01 0.100E+01
  1588. 0.200E+01 0.100E+01
  1576. 0.200E+01 0.100E+01
  1576. 0.200E+01 0.100E+01
  1564. 0.200E+01 0.100E+01
  1564. 0.200E+01 0.100E+01
  1553. 0.200E+01 0.100E+01
  1553. 0.200E+01 0.100E+01
  1542. 0.200E+01 0.100E+01
  1542. 0.200E+01 0.100E+01
  1530. 0.200E+01 0.100E+01
  1530. 0.200E+01 0.100E+01
  1519. 0.200E+01 0.100E+01
  1519. 0.200E+01 0.100E+01
  1508. 0.200E+01 0.100E+01
  1508. 0.200E+01 0.100E+01
  1498. 0.200E+01 0.100E+01
  1498. 0.200E+01 0.100E+01
  1487. 0.200E+01 0.100E+01
  1487. 0.200E+01 0.100E+01
    N(J)/N  ION POPULATIONS
 z          1          2
 0.146D+12  0.100D+01  0.135D-26
 0.170D+12  0.100D+01  0.130D-26
 0.195D+12  0.100D+01  0.636D-27
 0.219D+12  0.100D+01  0.698D-27
 0.243D+12  0.100D+01  0.333D-27
 0.268D+12  0.100D+01  0.363D-27
 0.292D+12  0.100D+01  0.175D-27
 0.317D+12  0.100D+01  0.175D-27
 0.341D+12  0.100D+01  0.948D-28
 0.365D+12  0.100D+01  0.923D-28
 0.390D+12  0.100D+01  0.499D-28
 0.414D+12  0.100D+01  0.499D-28
 0.438D+12  0.100D+01  0.247D-28
 0.463D+12  0.100D+01  0.263D-28
 0.487D+12  0.100D+01  0.131D-28
 0.511D+12  0.100D+01  0.142D-28
 0.536D+12  0.100D+01  0.711D-29
 0.560D+12  0.100D+01  0.746D-29
 0.584D+12  0.100D+01  0.377D-29
 0.609D+12  0.100D+01  0.377D-29
 0.633D+12  0.100D+01  0.202D-29
 0.657D+12  0.100D+01  0.199D-29
 0.682D+12  0.100D+01  0.107D-29
 0.706D+12  0.100D+01  0.107D-29
 0.730D+12  0.100D+01  0.548D-30
 0.755D+12  0.100D+01  0.564D-30
 0.779D+12  0.100D+01  0.291D-30
 0.804D+12  0.100D+01  0.300D-30
 0.828D+12  0.100D+01  0.155D-30
 0.852D+12  0.100D+01  0.154D-30
 0.877D+12  0.100D+01  0.820D-31
 0.901D+12  0.100D+01  0.814D-31
 0.925D+12  0.100D+01  0.435D-31
 0.950D+12  0.100D+01  0.433D-31
 0.974D+12  0.100D+01  0.229D-31
 0.998D+12  0.100D+01  0.228D-31
 0.102D+13  0.100D+01  0.120D-31
 0.105D+13  0.100D+01  0.120D-31
 0.107D+13  0.100D+01  0.634D-32
 0.110D+13  0.100D+01  0.630D-32
 0.112D+13  0.100D+01  0.334D-32
 0.114D+13  0.100D+01  0.334D-32
 0.117D+13  0.100D+01  0.175D-32
 0.119D+13  0.100D+01  0.175D-32
 i   GR        GS        GW        
  1 0.575E+09 0.244E-05 0.377E-07
  2 0.575E+09 0.244E-05 0.377E-07
  3 0.575E+09 0.244E-05 0.377E-07
  4 0.575E+09 0.244E-05 0.377E-07
  5 0.575E+09 0.244E-05 0.377E-07
  6 0.575E+09 0.244E-05 0.377E-07
  7 0.575E+09 0.244E-05 0.377E-07
  8 0.575E+09 0.244E-05 0.377E-07
  9 0.575E+09 0.244E-05 0.377E-07
 10 0.575E+09 0.244E-05 0.377E-07
 11 0.575E+09 0.244E-05 0.377E-07
 12 0.575E+09 0.244E-05 0.377E-07
 13 0.575E+09 0.244E-05 0.377E-07
 14 0.575E+09 0.244E-05 0.377E-07
 15 0.575E+09 0.244E-05 0.377E-07
 16 0.575E+09 0.244E-05 0.377E-07
 17 0.575E+09 0.244E-05 0.377E-07
 18 0.575E+09 0.244E-05 0.377E-07
 19 0.575E+09 0.244E-05 0.377E-07
 20 0.575E+09 0.244E-05 0.377E-07
 21 0.575E+09 0.244E-05 0.377E-07
 22 0.575E+09 0.244E-05 0.377E-07
 23 0.575E+09 0.244E-05 0.377E-07
 24 0.575E+09 0.244E-05 0.377E-07
 25 0.575E+09 0.244E-05 0.377E-07
 26 0.575E+09 0.244E-05 0.377E-07
 27 0.575E+09 0.244E-05 0.377E-07
 28 0.575E+09 0.244E-05 0.377E-07
 29 0.575E+09 0.244E-05 0.377E-07
 30 0.575E+09 0.244E-05 0.377E-07
 31 0.575E+09 0.244E-05 0.377E-07
 32 0.575E+09 0.244E-05 0.377E-07
 33 0.575E+09 0.244E-05 0.377E-07
 34 0.575E+09 0.244E-05 0.377E-07
 35 0.575E+09 0.244E-05 0.377E-07
 36 0.575E+09 0.244E-05 0.377E-07
 37 0.575E+09 0.244E-05 0.377E-07
 38 0.575E+09 0.244E-05 0.377E-07
 39 0.575E+09 0.244E-05 0.377E-07
 40 0.575E+09 0.244E-05 0.377E-07
 41 0.575E+09 0.244E-05 0.377E-07
 42 0.575E+09 0.244E-05 0.377E-07
 43 0.575E+09 0.244E-05 0.377E-07
 44 0.575E+09 0.244E-05 0.377E-07
  iunt=           0  aintb=   0.0000000000000000     
  lambda=   20994.046581385304     
 id  ophbf     ophff     opth      ophrs     ophn      opmieb    opmiej    oplin     opmol
  1  8.22E-41  8.35E-14  2.75E-17  2.19E-17  4.54E-18  0.00E+00  0.00E+00  1.63E-38  0.00E+00
  2  8.47E-41  9.23E-14  2.87E-17  2.25E-17  4.87E-18  0.00E+00  0.00E+00  1.73E-38  0.00E+00
  3  3.50E-41  8.59E-14  2.63E-17  1.99E-17  3.93E-18  0.00E+00  0.00E+00  9.67E-39  0.00E+00
  4  4.24E-41  9.57E-14  2.77E-17  2.09E-17  4.37E-18  0.00E+00  0.00E+00  1.14E-38  0.00E+00
  5  1.80E-41  9.64E-14  2.62E-17  1.89E-17  3.71E-18  0.00E+00  0.00E+00  6.70E-39  0.00E+00
  6  2.14E-41  1.07E-13  2.75E-17  1.98E-17  4.09E-18  0.00E+00  0.00E+00  7.79E-39  0.00E+00
  7  9.06E-42  1.05E-13  2.57E-17  1.79E-17  3.42E-18  0.00E+00  0.00E+00  4.55E-39  0.00E+00
  8  9.06E-42  1.05E-13  2.57E-17  1.79E-17  3.42E-18  0.00E+00  0.00E+00  4.55E-39  0.00E+00
  9  4.39E-42  1.04E-13  2.42E-17  1.64E-17  2.95E-18  0.00E+00  0.00E+00  2.90E-39  0.00E+00
 10  4.49E-42  1.12E-13  2.48E-17  1.68E-17  3.09E-18  0.00E+00  0.00E+00  3.03E-39  0.00E+00
 11  2.14E-42  1.09E-13  2.31E-17  1.53E-17  2.62E-18  0.00E+00  0.00E+00  1.90E-39  0.00E+00
 12  2.14E-42  1.09E-13  2.31E-17  1.53E-17  2.62E-18  0.00E+00  0.00E+00  1.90E-39  0.00E+00
 13  9.02E-43  1.04E-13  2.12E-17  1.37E-17  2.13E-18  0.00E+00  0.00E+00  1.10E-39  0.00E+00
 14  1.03E-42  1.12E-13  2.19E-17  1.42E-17  2.29E-18  0.00E+00  0.00E+00  1.23E-39  0.00E+00
 15  4.32E-43  1.05E-13  1.99E-17  1.26E-17  1.85E-18  0.00E+00  0.00E+00  7.05E-40  0.00E+00
 16  4.77E-43  1.07E-13  2.02E-17  1.28E-17  1.90E-18  0.00E+00  0.00E+00  7.53E-40  0.00E+00
 17  2.00E-43  9.95E-14  1.82E-17  1.14E-17  1.52E-18  0.00E+00  0.00E+00  4.31E-40  0.00E+00
 18  2.22E-43  1.06E-13  1.88E-17  1.18E-17  1.62E-18  0.00E+00  0.00E+00  4.72E-40  0.00E+00
 19  9.33E-44  9.77E-14  1.69E-17  1.04E-17  1.29E-18  0.00E+00  0.00E+00  2.69E-40  0.00E+00
 20  9.33E-44  9.77E-14  1.69E-17  1.04E-17  1.29E-18  0.00E+00  0.00E+00  2.69E-40  0.00E+00
 21  4.23E-44  9.06E-14  1.53E-17  9.36E-18  1.04E-18  0.00E+00  0.00E+00  1.61E-40  0.00E+00
 22  4.29E-44  9.44E-14  1.55E-17  9.49E-18  1.07E-18  0.00E+00  0.00E+00  1.65E-40  0.00E+00
 23  1.92E-44  8.66E-14  1.40E-17  8.48E-18  8.60E-19  0.00E+00  0.00E+00  9.78E-41  0.00E+00
 24  1.92E-44  8.66E-14  1.40E-17  8.48E-18  8.60E-19  0.00E+00  0.00E+00  9.78E-41  0.00E+00
 25  8.09E-45  7.83E-14  1.25E-17  7.49E-18  6.75E-19  0.00E+00  0.00E+00  5.54E-41  0.00E+00
 26  8.62E-45  8.16E-14  1.27E-17  7.64E-18  7.01E-19  0.00E+00  0.00E+00  5.87E-41  0.00E+00
 27  3.63E-45  7.33E-14  1.13E-17  6.74E-18  5.48E-19  0.00E+00  0.00E+00  3.31E-41  0.00E+00
 28  3.79E-45  7.38E-14  1.14E-17  6.79E-18  5.55E-19  0.00E+00  0.00E+00  3.41E-41  0.00E+00
 29  1.60E-45  6.60E-14  1.01E-17  5.98E-18  4.32E-19  0.00E+00  0.00E+00  1.93E-41  0.00E+00
 30  1.61E-45  6.77E-14  1.02E-17  6.03E-18  4.40E-19  0.00E+00  0.00E+00  1.96E-41  0.00E+00
 31  7.01E-46  6.05E-14  9.07E-18  5.34E-18  3.45E-19  0.00E+00  0.00E+00  1.13E-41  0.00E+00
 32  7.06E-46  6.18E-14  9.14E-18  5.38E-18  3.50E-19  0.00E+00  0.00E+00  1.14E-41  0.00E+00
 33  3.03E-46  5.38E-14  8.05E-18  4.72E-18  2.69E-19  0.00E+00  0.00E+00  6.45E-42  0.00E+00
 34  3.05E-46  5.48E-14  8.10E-18  4.75E-18  2.72E-19  0.00E+00  0.00E+00  6.53E-42  0.00E+00
 35  1.30E-46  4.84E-14  7.16E-18  4.18E-18  2.11E-19  0.00E+00  0.00E+00  3.71E-42  0.00E+00
 36  1.31E-46  4.91E-14  7.20E-18  4.20E-18  2.13E-19  0.00E+00  0.00E+00  3.74E-42  0.00E+00
 37  5.52E-47  4.26E-14  6.32E-18  3.67E-18  1.63E-19  0.00E+00  0.00E+00  2.09E-42  0.00E+00
 38  5.57E-47  4.32E-14  6.35E-18  3.69E-18  1.65E-19  0.00E+00  0.00E+00  2.11E-42  0.00E+00
 39  2.36E-47  3.78E-14  5.59E-18  3.24E-18  1.27E-19  0.00E+00  0.00E+00  1.19E-42  0.00E+00
 40  2.36E-47  3.81E-14  5.60E-18  3.25E-18  1.27E-19  0.00E+00  0.00E+00  1.19E-42  0.00E+00
 41  9.98E-48  3.30E-14  4.91E-18  2.84E-18  9.72E-20  0.00E+00  0.00E+00  6.64E-43  0.00E+00
 42  1.00E-47  3.33E-14  4.93E-18  2.85E-18  9.77E-20  0.00E+00  0.00E+00  6.67E-43  0.00E+00
 43  4.20E-48  2.89E-14  4.32E-18  2.49E-18  7.47E-20  0.00E+00  0.00E+00  3.72E-43  0.00E+00
 44  4.21E-48  2.90E-14  4.33E-18  2.50E-18  7.49E-20  0.00E+00  0.00E+00  3.73E-43  0.00E+00
 id   opdep     contrib.f   aint 
 43  7.053E-04  3.043E-10  3.043E-10
 42  1.462E-03  3.319E-10  6.363E-10
 41  2.269E-03  3.595E-10  9.958E-10
 40  3.135E-03  3.921E-10  1.388E-09
 39  4.060E-03  4.250E-10  1.813E-09
 38  5.045E-03  4.605E-10  2.273E-09
 37  6.089E-03  4.953E-10  2.769E-09
 36  7.206E-03  5.382E-10  3.307E-09
 35  8.394E-03  5.813E-10  3.888E-09
 34  9.651E-03  6.245E-10  4.513E-09
 33  1.097E-02  6.669E-10  5.179E-09
 32  1.238E-02  7.204E-10  5.900E-09
 31  1.387E-02  7.734E-10  6.673E-09
 30  1.543E-02  8.229E-10  7.496E-09
 29  1.706E-02  8.707E-10  8.367E-09
 28  1.876E-02  9.246E-10  9.291E-09
 27  2.055E-02  9.867E-10  1.028E-08
 26  2.243E-02  1.054E-09  1.133E-08
 25  2.438E-02  1.104E-09  1.244E-08
 24  2.639E-02  1.155E-09  1.359E-08
 23  2.850E-02  1.231E-09  1.482E-08
 22  3.070E-02  1.304E-09  1.613E-08
 21  3.296E-02  1.350E-09  1.748E-08
 20  3.525E-02  1.393E-09  1.887E-08
 19  3.763E-02  1.465E-09  2.033E-08
 18  4.011E-02  1.550E-09  2.188E-08
 17  4.261E-02  1.583E-09  2.347E-08
 16  4.512E-02  1.611E-09  2.508E-08
 15  4.770E-02  1.677E-09  2.675E-08
 14  5.035E-02  1.741E-09  2.850E-08
 13  5.298E-02  1.753E-09  3.025E-08
 12  5.558E-02  1.752E-09  3.200E-08
 11  5.824E-02  1.822E-09  3.382E-08
 10  6.094E-02  1.868E-09  3.569E-08
  9  6.358E-02  1.848E-09  3.754E-08
  8  6.613E-02  1.812E-09  3.935E-08
  7  6.869E-02  1.842E-09  4.119E-08
  6  7.127E-02  1.881E-09  4.307E-08
  5  7.374E-02  1.823E-09  4.490E-08
  4  7.608E-02  1.747E-09  4.664E-08
  3  7.830E-02  1.672E-09  4.831E-08
  2  8.047E-02  1.660E-09  4.997E-08
  1  8.261E-02  1.662E-09  5.164E-08
 iunt+1  opdep   aintbt    aint
  1  8.261E-02  0.000E+00  5.164E-08
 id    opac2     emis2     bnu       bnud      ejnu1     ejnu2     sf2       az        vz
  1  8.35E-14  7.03E-20  8.43E-07  2.21E-09  2.24E-07  0.00E+00  8.42E-07  1.46E+11  6.39E+06
  2  9.23E-14  7.78E-20  8.43E-07  2.21E-09  2.24E-07  0.00E+00  8.42E-07  1.70E+11  6.57E+06
  3  8.60E-14  6.99E-20  8.14E-07  2.03E-09  2.23E-07  0.00E+00  8.13E-07  1.95E+11  6.63E+06
  4  9.58E-14  7.84E-20  8.19E-07  2.06E-09  2.23E-07  0.00E+00  8.19E-07  2.19E+11  6.87E+06
  5  9.65E-14  7.63E-20  7.91E-07  1.89E-09  2.22E-07  0.00E+00  7.91E-07  2.43E+11  7.11E+06
  6  1.07E-13  8.48E-20  7.96E-07  1.92E-09  2.21E-07  0.00E+00  7.95E-07  2.68E+11  7.34E+06
  7  1.05E-13  8.09E-20  7.69E-07  1.76E-09  2.21E-07  0.00E+00  7.68E-07  2.92E+11  7.58E+06
  8  1.05E-13  8.09E-20  7.69E-07  1.76E-09  2.20E-07  0.00E+00  7.68E-07  3.17E+11  7.58E+06
  9  1.04E-13  7.79E-20  7.46E-07  1.64E-09  2.19E-07  0.00E+00  7.46E-07  3.41E+11  7.86E+06
 10  1.12E-13  8.37E-20  7.46E-07  1.64E-09  2.18E-07  0.00E+00  7.46E-07  3.65E+11  8.05E+06
 11  1.09E-13  7.92E-20  7.24E-07  1.52E-09  2.17E-07  0.00E+00  7.24E-07  3.90E+11  8.33E+06
 12  1.09E-13  7.92E-20  7.24E-07  1.52E-09  2.16E-07  0.00E+00  7.24E-07  4.14E+11  8.33E+06
 13  1.04E-13  7.28E-20  7.00E-07  1.40E-09  2.15E-07  0.00E+00  7.00E-07  4.38E+11  8.56E+06
 14  1.12E-13  7.88E-20  7.03E-07  1.41E-09  0.00E+00  0.00E+00  7.03E-07  4.63E+11  8.79E+06
 15  1.05E-13  7.15E-20  6.79E-07  1.30E-09  0.00E+00  0.00E+00  6.79E-07  4.87E+11  9.01E+06
 16  1.07E-13  7.28E-20  6.82E-07  1.31E-09  0.00E+00  0.00E+00  6.82E-07  5.11E+11  9.06E+06
 17  9.95E-14  6.55E-20  6.59E-07  1.21E-09  0.00E+00  0.00E+00  6.59E-07  5.36E+11  9.28E+06
 18  1.06E-13  7.00E-20  6.61E-07  1.22E-09  0.00E+00  0.00E+00  6.61E-07  5.60E+11  9.51E+06
 19  9.77E-14  6.24E-20  6.39E-07  1.12E-09  0.00E+00  0.00E+00  6.39E-07  5.84E+11  9.72E+06
 20  9.77E-14  6.24E-20  6.39E-07  1.12E-09  0.00E+00  0.00E+00  6.39E-07  6.09E+11  9.72E+06
 21  9.06E-14  5.61E-20  6.19E-07  1.03E-09  0.00E+00  0.00E+00  6.19E-07  6.33E+11  9.98E+06
 22  9.44E-14  5.84E-20  6.19E-07  1.03E-09  0.00E+00  0.00E+00  6.19E-07  6.57E+11  1.02E+07
 23  8.66E-14  5.19E-20  6.00E-07  9.57E-10  0.00E+00  0.00E+00  6.00E-07  6.82E+11  1.04E+07
 24  8.66E-14  5.19E-20  6.00E-07  9.57E-10  0.00E+00  0.00E+00  6.00E-07  7.06E+11  1.04E+07
 25  7.83E-14  4.54E-20  5.80E-07  8.80E-10  0.00E+00  0.00E+00  5.80E-07  7.30E+11  1.06E+07
 26  8.16E-14  4.74E-20  5.81E-07  8.85E-10  0.00E+00  0.00E+00  5.81E-07  7.55E+11  1.08E+07
 27  7.33E-14  4.12E-20  5.62E-07  8.14E-10  0.00E+00  0.00E+00  5.62E-07  7.79E+11  1.10E+07
 28  7.38E-14  4.15E-20  5.63E-07  8.17E-10  0.00E+00  0.00E+00  5.63E-07  8.04E+11  1.11E+07
 29  6.60E-14  3.59E-20  5.44E-07  7.52E-10  0.00E+00  0.00E+00  5.44E-07  8.28E+11  1.12E+07
 30  6.77E-14  3.68E-20  5.44E-07  7.52E-10  0.00E+00  0.00E+00  5.44E-07  8.52E+11  1.14E+07
 31  6.05E-14  3.18E-20  5.27E-07  6.94E-10  0.00E+00  0.00E+00  5.27E-07  8.77E+11  1.16E+07
 32  6.18E-14  3.25E-20  5.27E-07  6.94E-10  0.00E+00  0.00E+00  5.27E-07  9.01E+11  1.18E+07
 33  5.38E-14  2.74E-20  5.10E-07  6.40E-10  0.00E+00  0.00E+00  5.10E-07  9.25E+11  1.19E+07
 34  5.48E-14  2.79E-20  5.10E-07  6.40E-10  0.00E+00  0.00E+00  5.10E-07  9.50E+11  1.20E+07
 35  4.84E-14  2.39E-20  4.93E-07  5.90E-10  0.00E+00  0.00E+00  4.93E-07  9.74E+11  1.22E+07
 36  4.92E-14  2.42E-20  4.93E-07  5.90E-10  0.00E+00  0.00E+00  4.93E-07  9.98E+11  1.24E+07
 37  4.26E-14  2.03E-20  4.77E-07  5.44E-10  0.00E+00  0.00E+00  4.77E-07  1.02E+12  1.24E+07
 38  4.32E-14  2.06E-20  4.77E-07  5.44E-10  0.00E+00  0.00E+00  4.77E-07  1.05E+12  1.26E+07
 39  3.78E-14  1.74E-20  4.62E-07  5.01E-10  0.00E+00  0.00E+00  4.61E-07  1.07E+12  1.28E+07
 40  3.81E-14  1.76E-20  4.61E-07  5.01E-10  0.00E+00  0.00E+00  4.61E-07  1.10E+12  1.30E+07
 41  3.30E-14  1.47E-20  4.46E-07  4.61E-10  0.00E+00  0.00E+00  4.46E-07  1.12E+12  1.29E+07
 42  3.33E-14  1.48E-20  4.46E-07  4.61E-10  0.00E+00  0.00E+00  4.46E-07  1.14E+12  1.31E+07
 43  2.89E-14  1.25E-20  4.32E-07  4.25E-10  0.00E+00  0.00E+00  4.32E-07  1.17E+12  3.53E+06
 44  2.90E-14  1.25E-20  4.32E-07  4.25E-10  0.00E+00  0.00E+00  4.32E-07  1.19E+12  3.53E+06
  max optical depth for this view angle
 is:   3.03E+00

