  Porbst[d]  istar  icomp
   0.0000000000000000                1           0
     xstar      ystar      zstar      vxst       vyst       vzst
  0.000E+00  0.000E+00  0.100E+01  0.000E+00 -0.228E+05  0.000E+00
     vrxcp      vrycp      vrzcp      vxcp       vycp       vzcp
  0.000E+00  0.000E+00  0.100E+01  0.000E+00  0.228E+07  0.000E+00
       xcp        ycp        zcp      
  0.150E+14  0.000E+00  0.000E+00
 inebl=1= pp-disk
 H_scale_in H_scale_out [Rsol] sound_out [km/s]
  4.61E+00  1.09E+01  2.28E+00
 Surfdens_in Surfdens_out [g/cm^2]
   8.04E+03   5.52E+03
  No. of sp. lines considered:           4
 elem= H   iat=  1 hmc=  1.0080 nion=  2 abund=0.100E+01
 elem= H   iat=  1 hmc=  1.0080 nion=  2 abund=0.100E+01
 elem= H   iat=  1 hmc=  1.0080 nion=  2 abund=0.100E+01
 elem= H   iat=  1 hmc=  1.0080 nion=  2 abund=0.100E+01
 abhyd=0.908 abhel=0.100 wm=0.130E+01
 nbod1= 201 nbod2= 201 nbod3= 201 nfreq=   2
 output for:  ionu=  1 ior= 40 iot= 40
i=  40.50  alpha=  50.40
  iunt=           0
  ivac1=         107 ivacn=         150  nivac=          44
 vel.  vx        vy        vz        dens      dustd     dustt
   1 -7.86E+06 -1.99E+07  6.36E+06  1.46E-09  0.00E+00  6.94E+02
   2 -7.92E+06 -1.98E+07  6.54E+06  1.55E-09  0.00E+00  6.94E+02
   3 -7.69E+06 -1.98E+07  6.65E+06  1.56E-09  0.00E+00  6.89E+02
   4 -7.76E+06 -1.97E+07  6.84E+06  1.65E-09  0.00E+00  6.89E+02
   5 -7.59E+06 -1.97E+07  7.13E+06  1.75E-09  0.00E+00  6.84E+02
   6 -7.65E+06 -1.96E+07  7.31E+06  1.84E-09  0.00E+00  6.84E+02
   7 -7.48E+06 -1.95E+07  7.60E+06  1.94E-09  0.00E+00  6.79E+02
   8 -7.48E+06 -1.95E+07  7.60E+06  1.94E-09  0.00E+00  6.79E+02
   9 -7.56E+06 -1.93E+07  7.83E+06  2.03E-09  0.00E+00  6.74E+02
  10 -7.36E+06 -1.93E+07  8.07E+06  2.13E-09  0.00E+00  6.74E+02
  11 -7.44E+06 -1.92E+07  8.30E+06  2.21E-09  0.00E+00  6.69E+02
  12 -7.19E+06 -1.92E+07  8.35E+06  2.21E-09  0.00E+00  6.70E+02
  13 -7.26E+06 -1.91E+07  8.58E+06  2.29E-09  0.00E+00  6.64E+02
  14 -7.31E+06 -1.90E+07  8.76E+06  2.38E-09  0.00E+00  6.64E+02
  15 -7.14E+06 -1.89E+07  9.03E+06  2.45E-09  0.00E+00  6.59E+02
  16 -7.14E+06 -1.89E+07  9.03E+06  2.45E-09  0.00E+00  6.59E+02
  17 -6.96E+06 -1.88E+07  9.30E+06  2.52E-09  0.00E+00  6.54E+02
  18 -7.00E+06 -1.87E+07  9.48E+06  2.60E-09  0.00E+00  6.54E+02
  19 -6.83E+06 -1.86E+07  9.74E+06  2.66E-09  0.00E+00  6.50E+02
  20 -6.83E+06 -1.86E+07  9.74E+06  2.66E-09  0.00E+00  6.50E+02
  21 -6.89E+06 -1.85E+07  9.95E+06  2.70E-09  0.00E+00  6.44E+02
  22 -6.69E+06 -1.84E+07  1.02E+07  2.78E-09  0.00E+00  6.45E+02
  23 -6.74E+06 -1.82E+07  1.04E+07  2.81E-09  0.00E+00  6.40E+02
  24 -6.51E+06 -1.83E+07  1.04E+07  2.82E-09  0.00E+00  6.40E+02
  25 -6.57E+06 -1.81E+07  1.06E+07  2.84E-09  0.00E+00  6.35E+02
  26 -6.59E+06 -1.80E+07  1.08E+07  2.90E-09  0.00E+00  6.35E+02
  27 -6.42E+06 -1.79E+07  1.10E+07  2.92E-09  0.00E+00  6.30E+02
  28 -6.42E+06 -1.79E+07  1.10E+07  2.92E-09  0.00E+00  6.30E+02
  29 -6.24E+06 -1.78E+07  1.13E+07  2.94E-09  0.00E+00  6.26E+02
  30 -6.26E+06 -1.77E+07  1.14E+07  2.98E-09  0.00E+00  6.26E+02
  31 -6.32E+06 -1.75E+07  1.16E+07  2.98E-09  0.00E+00  6.21E+02
  32 -6.11E+06 -1.75E+07  1.18E+07  3.03E-09  0.00E+00  6.21E+02
  33 -6.14E+06 -1.74E+07  1.18E+07  2.98E-09  0.00E+00  6.17E+02
  34 -5.93E+06 -1.74E+07  1.20E+07  3.02E-09  0.00E+00  6.17E+02
  35 -5.98E+06 -1.72E+07  1.22E+07  3.00E-09  0.00E+00  6.12E+02
  36 -5.77E+06 -1.71E+07  1.24E+07  3.03E-09  0.00E+00  6.12E+02
  37 -5.81E+06 -1.71E+07  1.24E+07  2.98E-09  0.00E+00  6.08E+02
  38 -5.82E+06 -1.70E+07  1.26E+07  3.01E-09  0.00E+00  6.08E+02
  39 -5.65E+06 -1.69E+07  1.28E+07  2.98E-09  0.00E+00  6.03E+02
  40 -5.65E+06 -1.67E+07  1.29E+07  3.00E-09  0.00E+00  6.03E+02
  41 -5.48E+06 -1.67E+07  1.30E+07  2.95E-09  0.00E+00  5.99E+02
  42 -5.48E+06 -1.66E+07  1.31E+07  2.96E-09  0.00E+00  5.99E+02
  43  6.90E+06 -4.17E+06  3.56E+06  2.92E-09  0.00E+00  5.95E+02
  44  6.96E+06 -4.11E+06  3.51E+06  2.93E-09  0.00E+00  5.95E+02
       akonc      ekonc      temp       az      mshade
   1  6.755E+14  4.140E+07  1.735E+03  1.461E+11  1
   2  7.173E+14  4.310E+07  1.735E+03  1.704E+11  1
   3  7.218E+14  4.022E+07  1.723E+03  1.948E+11  1
   4  7.641E+14  4.173E+07  1.723E+03  2.191E+11  1
   5  8.101E+14  4.002E+07  1.710E+03  2.435E+11  1
   6  8.536E+14  4.135E+07  1.710E+03  2.678E+11  1
   7  8.983E+14  3.921E+07  1.698E+03  2.922E+11  1
   8  8.983E+14  3.921E+07  1.698E+03  3.165E+11  1
   9  9.411E+14  3.633E+07  1.684E+03  3.409E+11  1
  10  9.847E+14  3.789E+07  1.686E+03  3.652E+11  1
  11  1.024E+15  3.481E+07  1.672E+03  3.896E+11  1
  12  1.025E+15  3.531E+07  1.674E+03  4.139E+11  1
  13  1.062E+15  3.227E+07  1.660E+03  4.383E+11  1
  14  1.103E+15  3.298E+07  1.660E+03  4.626E+11  0
  15  1.137E+15  3.034E+07  1.648E+03  4.870E+11  0
  16  1.137E+15  3.034E+07  1.648E+03  5.113E+11  0
  17  1.167E+15  2.776E+07  1.636E+03  5.357E+11  0
  18  1.206E+15  2.826E+07  1.636E+03  5.600E+11  0
  19  1.231E+15  2.570E+07  1.624E+03  5.844E+11  0
  20  1.231E+15  2.570E+07  1.624E+03  6.087E+11  0
  21  1.252E+15  2.305E+07  1.611E+03  6.331E+11  0
  22  1.287E+15  2.360E+07  1.612E+03  6.574E+11  0
  23  1.303E+15  2.109E+07  1.599E+03  6.818E+11  0
  24  1.304E+15  2.125E+07  1.600E+03  7.061E+11  0
  25  1.317E+15  1.894E+07  1.588E+03  7.305E+11  0
  26  1.346E+15  1.916E+07  1.588E+03  7.548E+11  0
  27  1.354E+15  1.714E+07  1.576E+03  7.792E+11  0
  28  1.354E+15  1.714E+07  1.576E+03  8.035E+11  0
  29  1.360E+15  1.528E+07  1.565E+03  8.279E+11  0
  30  1.383E+15  1.542E+07  1.565E+03  8.522E+11  0
  31  1.382E+15  1.364E+07  1.553E+03  8.766E+11  0
  32  1.402E+15  1.379E+07  1.553E+03  9.009E+11  0
  33  1.380E+15  1.211E+07  1.542E+03  9.253E+11  0
  34  1.398E+15  1.221E+07  1.542E+03  9.496E+11  0
  35  1.391E+15  1.077E+07  1.530E+03  9.740E+11  0
  36  1.405E+15  1.084E+07  1.531E+03  9.983E+11  0
  37  1.382E+15  9.505E+06  1.519E+03  1.023E+12  0
  38  1.393E+15  9.546E+06  1.519E+03  1.047E+12  0
  39  1.380E+15  8.399E+06  1.508E+03  1.071E+12  0
  40  1.389E+15  8.425E+06  1.508E+03  1.096E+12  0
  41  1.366E+15  7.375E+06  1.497E+03  1.120E+12  0
  42  1.372E+15  7.393E+06  1.497E+03  1.144E+12  0
  43  1.355E+15  6.498E+06  1.487E+03  1.169E+12  0
  44  1.358E+15  6.485E+06  1.486E+03  1.193E+12  0
       AKONC      HI         H-         H2         HEI        HIPF       HIIPF
   1  6.755E+14  7.284E+12  6.752E+01  3.030E+14  6.134E+13  2.000E+00  1.000E+00
   2  7.173E+14  7.507E+12  7.244E+01  3.219E+14  6.513E+13  2.000E+00  1.000E+00
   3  7.218E+14  6.772E+12  6.386E+01  3.243E+14  6.554E+13  2.000E+00  1.000E+00
   4  7.641E+14  6.968E+12  6.819E+01  3.434E+14  6.938E+13  2.000E+00  1.000E+00
   5  8.101E+14  6.440E+12  6.334E+01  3.646E+14  7.356E+13  2.000E+00  1.000E+00
   6  8.536E+14  6.611E+12  6.719E+01  3.842E+14  7.750E+13  2.000E+00  1.000E+00
   7  8.983E+14  6.076E+12  6.141E+01  4.048E+14  8.156E+13  2.000E+00  1.000E+00
   8  8.983E+14  6.076E+12  6.141E+01  4.048E+14  8.156E+13  2.000E+00  1.000E+00
   9  9.411E+14  5.461E+12  5.410E+01  4.245E+14  8.545E+13  2.000E+00  1.000E+00
  10  9.847E+14  5.689E+12  5.831E+01  4.442E+14  8.941E+13  2.000E+00  1.000E+00
  11  1.024E+15  5.095E+12  5.075E+01  4.625E+14  9.300E+13  2.000E+00  1.000E+00
  12  1.025E+15  5.181E+12  5.197E+01  4.627E+14  9.305E+13  2.000E+00  1.000E+00
  13  1.062E+15  4.632E+12  4.489E+01  4.797E+14  9.641E+13  2.000E+00  1.000E+00
  14  1.103E+15  4.722E+12  4.678E+01  4.985E+14  1.002E+14  2.000E+00  1.000E+00
  15  1.137E+15  4.272E+12  4.091E+01  5.139E+14  1.032E+14  2.000E+00  1.000E+00
  16  1.137E+15  4.272E+12  4.091E+01  5.139E+14  1.032E+14  2.000E+00  1.000E+00
  17  1.167E+15  3.853E+12  3.549E+01  5.280E+14  1.060E+14  2.000E+00  1.000E+00
  18  1.206E+15  3.916E+12  3.671E+01  5.453E+14  1.095E+14  2.000E+00  1.000E+00
  19  1.231E+15  3.517E+12  3.153E+01  5.572E+14  1.118E+14  2.000E+00  1.000E+00
  20  1.231E+15  3.517E+12  3.153E+01  5.572E+14  1.118E+14  2.000E+00  1.000E+00
  21  1.252E+15  3.119E+12  2.650E+01  5.670E+14  1.137E+14  2.000E+00  1.000E+00
  22  1.287E+15  3.192E+12  2.766E+01  5.828E+14  1.169E+14  2.000E+00  1.000E+00
  23  1.303E+15  2.824E+12  2.310E+01  5.903E+14  1.183E+14  2.000E+00  1.000E+00
  24  1.304E+15  2.848E+12  2.339E+01  5.908E+14  1.184E+14  2.000E+00  1.000E+00
  25  1.317E+15  2.517E+12  1.947E+01  5.968E+14  1.196E+14  2.000E+00  1.000E+00
  26  1.346E+15  2.545E+12  1.990E+01  6.097E+14  1.222E+14  2.000E+00  1.000E+00
  27  1.354E+15  2.260E+12  1.665E+01  6.137E+14  1.230E+14  2.000E+00  1.000E+00
  28  1.354E+15  2.260E+12  1.665E+01  6.137E+14  1.230E+14  2.000E+00  1.000E+00
  29  1.360E+15  2.004E+12  1.386E+01  6.163E+14  1.235E+14  2.000E+00  1.000E+00
  30  1.383E+15  2.020E+12  1.410E+01  6.267E+14  1.255E+14  2.000E+00  1.000E+00
  31  1.382E+15  1.779E+12  1.160E+01  6.267E+14  1.255E+14  2.000E+00  1.000E+00
  32  1.402E+15  1.798E+12  1.183E+01  6.358E+14  1.273E+14  2.000E+00  1.000E+00
  33  1.380E+15  1.571E+12  9.574E+00  6.259E+14  1.253E+14  2.000E+00  1.000E+00
  34  1.398E+15  1.584E+12  9.728E+00  6.338E+14  1.269E+14  2.000E+00  1.000E+00
  35  1.391E+15  1.392E+12  7.959E+00  6.307E+14  1.263E+14  2.000E+00  1.000E+00
  36  1.405E+15  1.400E+12  8.047E+00  6.370E+14  1.275E+14  2.000E+00  1.000E+00
  37  1.382E+15  1.224E+12  6.509E+00  6.267E+14  1.255E+14  2.000E+00  1.000E+00
  38  1.393E+15  1.229E+12  6.565E+00  6.320E+14  1.265E+14  2.000E+00  1.000E+00
  39  1.380E+15  1.078E+12  5.343E+00  6.261E+14  1.253E+14  2.000E+00  1.000E+00
  40  1.389E+15  1.082E+12  5.376E+00  6.299E+14  1.261E+14  2.000E+00  1.000E+00
  41  1.366E+15  9.445E+11  4.334E+00  6.195E+14  1.240E+14  2.000E+00  1.000E+00
  42  1.372E+15  9.468E+11  4.356E+00  6.224E+14  1.246E+14  2.000E+00  1.000E+00
  43  1.355E+15  8.303E+11  3.538E+00  6.145E+14  1.230E+14  2.000E+00  1.000E+00
  44  1.358E+15  8.286E+11  3.528E+00  6.159E+14  1.233E+14  2.000E+00  1.000E+00
  ilin=           1
 PARTITION FUNCTIONS
 TEMP         1         2
  1735. 0.200E+01 0.100E+01
  1735. 0.200E+01 0.100E+01
  1723. 0.200E+01 0.100E+01
  1723. 0.200E+01 0.100E+01
  1710. 0.200E+01 0.100E+01
  1710. 0.200E+01 0.100E+01
  1698. 0.200E+01 0.100E+01
  1698. 0.200E+01 0.100E+01
  1684. 0.200E+01 0.100E+01
  1686. 0.200E+01 0.100E+01
  1672. 0.200E+01 0.100E+01
  1674. 0.200E+01 0.100E+01
  1660. 0.200E+01 0.100E+01
  1660. 0.200E+01 0.100E+01
  1648. 0.200E+01 0.100E+01
  1648. 0.200E+01 0.100E+01
  1636. 0.200E+01 0.100E+01
  1636. 0.200E+01 0.100E+01
  1624. 0.200E+01 0.100E+01
  1624. 0.200E+01 0.100E+01
  1611. 0.200E+01 0.100E+01
  1612. 0.200E+01 0.100E+01
  1599. 0.200E+01 0.100E+01
  1600. 0.200E+01 0.100E+01
  1588. 0.200E+01 0.100E+01
  1588. 0.200E+01 0.100E+01
  1576. 0.200E+01 0.100E+01
  1576. 0.200E+01 0.100E+01
  1565. 0.200E+01 0.100E+01
  1565. 0.200E+01 0.100E+01
  1553. 0.200E+01 0.100E+01
  1553. 0.200E+01 0.100E+01
  1542. 0.200E+01 0.100E+01
  1542. 0.200E+01 0.100E+01
  1530. 0.200E+01 0.100E+01
  1531. 0.200E+01 0.100E+01
  1519. 0.200E+01 0.100E+01
  1519. 0.200E+01 0.100E+01
  1508. 0.200E+01 0.100E+01
  1508. 0.200E+01 0.100E+01
  1497. 0.200E+01 0.100E+01
  1497. 0.200E+01 0.100E+01
  1487. 0.200E+01 0.100E+01
  1486. 0.200E+01 0.100E+01
    N(J)/N  ION POPULATIONS
 z          1          2
 0.146D+12  0.100D+01  0.135D-26
 0.170D+12  0.100D+01  0.130D-26
 0.195D+12  0.100D+01  0.725D-27
 0.219D+12  0.100D+01  0.698D-27
 0.243D+12  0.100D+01  0.375D-27
 0.268D+12  0.100D+01  0.363D-27
 0.292D+12  0.100D+01  0.195D-27
 0.317D+12  0.100D+01  0.195D-27
 0.341D+12  0.100D+01  0.948D-28
 0.365D+12  0.100D+01  0.102D-27
 0.390D+12  0.100D+01  0.499D-28
 0.414D+12  0.100D+01  0.544D-28
 0.438D+12  0.100D+01  0.269D-28
 0.463D+12  0.100D+01  0.263D-28
 0.487D+12  0.100D+01  0.142D-28
 0.511D+12  0.100D+01  0.142D-28
 0.536D+12  0.100D+01  0.759D-29
 0.560D+12  0.100D+01  0.746D-29
 0.584D+12  0.100D+01  0.399D-29
 0.609D+12  0.100D+01  0.399D-29
 0.633D+12  0.100D+01  0.202D-29
 0.657D+12  0.100D+01  0.209D-29
 0.682D+12  0.100D+01  0.107D-29
 0.706D+12  0.100D+01  0.111D-29
 0.730D+12  0.100D+01  0.571D-30
 0.755D+12  0.100D+01  0.564D-30
 0.779D+12  0.100D+01  0.300D-30
 0.804D+12  0.100D+01  0.300D-30
 0.828D+12  0.100D+01  0.159D-30
 0.852D+12  0.100D+01  0.158D-30
 0.877D+12  0.100D+01  0.820D-31
 0.901D+12  0.100D+01  0.829D-31
 0.925D+12  0.100D+01  0.435D-31
 0.950D+12  0.100D+01  0.437D-31
 0.974D+12  0.100D+01  0.229D-31
 0.998D+12  0.100D+01  0.228D-31
 0.102D+13  0.100D+01  0.121D-31
 0.105D+13  0.100D+01  0.120D-31
 0.107D+13  0.100D+01  0.632D-32
 0.110D+13  0.100D+01  0.630D-32
 0.112D+13  0.100D+01  0.331D-32
 0.114D+13  0.100D+01  0.330D-32
 0.117D+13  0.100D+01  0.175D-32
 0.119D+13  0.100D+01  0.172D-32
 i   GR        GS        GW        
  1 0.617E+09 0.313E-04 0.853E-07
  2 0.617E+09 0.313E-04 0.853E-07
  3 0.617E+09 0.313E-04 0.853E-07
  4 0.617E+09 0.313E-04 0.853E-07
  5 0.617E+09 0.313E-04 0.853E-07
  6 0.617E+09 0.313E-04 0.853E-07
  7 0.617E+09 0.313E-04 0.853E-07
  8 0.617E+09 0.313E-04 0.853E-07
  9 0.617E+09 0.313E-04 0.853E-07
 10 0.617E+09 0.313E-04 0.853E-07
 11 0.617E+09 0.313E-04 0.853E-07
 12 0.617E+09 0.313E-04 0.853E-07
 13 0.617E+09 0.313E-04 0.853E-07
 14 0.617E+09 0.313E-04 0.853E-07
 15 0.617E+09 0.313E-04 0.853E-07
 16 0.617E+09 0.313E-04 0.853E-07
 17 0.617E+09 0.313E-04 0.853E-07
 18 0.617E+09 0.313E-04 0.853E-07
 19 0.617E+09 0.313E-04 0.853E-07
 20 0.617E+09 0.313E-04 0.853E-07
 21 0.617E+09 0.313E-04 0.853E-07
 22 0.617E+09 0.313E-04 0.853E-07
 23 0.617E+09 0.313E-04 0.853E-07
 24 0.617E+09 0.313E-04 0.853E-07
 25 0.617E+09 0.313E-04 0.853E-07
 26 0.617E+09 0.313E-04 0.853E-07
 27 0.617E+09 0.313E-04 0.853E-07
 28 0.617E+09 0.313E-04 0.853E-07
 29 0.617E+09 0.313E-04 0.853E-07
 30 0.617E+09 0.313E-04 0.853E-07
 31 0.617E+09 0.313E-04 0.853E-07
 32 0.617E+09 0.313E-04 0.853E-07
 33 0.617E+09 0.313E-04 0.853E-07
 34 0.617E+09 0.313E-04 0.853E-07
 35 0.617E+09 0.313E-04 0.853E-07
 36 0.617E+09 0.313E-04 0.853E-07
 37 0.617E+09 0.313E-04 0.853E-07
 38 0.617E+09 0.313E-04 0.853E-07
 39 0.617E+09 0.313E-04 0.853E-07
 40 0.617E+09 0.313E-04 0.853E-07
 41 0.617E+09 0.313E-04 0.853E-07
 42 0.617E+09 0.313E-04 0.853E-07
 43 0.617E+09 0.313E-04 0.853E-07
 44 0.617E+09 0.313E-04 0.853E-07
  ilin=           2
 PARTITION FUNCTIONS
 TEMP         1         2
  1735. 0.200E+01 0.100E+01
  1735. 0.200E+01 0.100E+01
  1723. 0.200E+01 0.100E+01
  1723. 0.200E+01 0.100E+01
  1710. 0.200E+01 0.100E+01
  1710. 0.200E+01 0.100E+01
  1698. 0.200E+01 0.100E+01
  1698. 0.200E+01 0.100E+01
  1684. 0.200E+01 0.100E+01
  1686. 0.200E+01 0.100E+01
  1672. 0.200E+01 0.100E+01
  1674. 0.200E+01 0.100E+01
  1660. 0.200E+01 0.100E+01
  1660. 0.200E+01 0.100E+01
  1648. 0.200E+01 0.100E+01
  1648. 0.200E+01 0.100E+01
  1636. 0.200E+01 0.100E+01
  1636. 0.200E+01 0.100E+01
  1624. 0.200E+01 0.100E+01
  1624. 0.200E+01 0.100E+01
  1611. 0.200E+01 0.100E+01
  1612. 0.200E+01 0.100E+01
  1599. 0.200E+01 0.100E+01
  1600. 0.200E+01 0.100E+01
  1588. 0.200E+01 0.100E+01
  1588. 0.200E+01 0.100E+01
  1576. 0.200E+01 0.100E+01
  1576. 0.200E+01 0.100E+01
  1565. 0.200E+01 0.100E+01
  1565. 0.200E+01 0.100E+01
  1553. 0.200E+01 0.100E+01
  1553. 0.200E+01 0.100E+01
  1542. 0.200E+01 0.100E+01
  1542. 0.200E+01 0.100E+01
  1530. 0.200E+01 0.100E+01
  1531. 0.200E+01 0.100E+01
  1519. 0.200E+01 0.100E+01
  1519. 0.200E+01 0.100E+01
  1508. 0.200E+01 0.100E+01
  1508. 0.200E+01 0.100E+01
  1497. 0.200E+01 0.100E+01
  1497. 0.200E+01 0.100E+01
  1487. 0.200E+01 0.100E+01
  1486. 0.200E+01 0.100E+01
    N(J)/N  ION POPULATIONS
 z          1          2
 0.146D+12  0.100D+01  0.135D-26
 0.170D+12  0.100D+01  0.130D-26
 0.195D+12  0.100D+01  0.725D-27
 0.219D+12  0.100D+01  0.698D-27
 0.243D+12  0.100D+01  0.375D-27
 0.268D+12  0.100D+01  0.363D-27
 0.292D+12  0.100D+01  0.195D-27
 0.317D+12  0.100D+01  0.195D-27
 0.341D+12  0.100D+01  0.948D-28
 0.365D+12  0.100D+01  0.102D-27
 0.390D+12  0.100D+01  0.499D-28
 0.414D+12  0.100D+01  0.544D-28
 0.438D+12  0.100D+01  0.269D-28
 0.463D+12  0.100D+01  0.263D-28
 0.487D+12  0.100D+01  0.142D-28
 0.511D+12  0.100D+01  0.142D-28
 0.536D+12  0.100D+01  0.759D-29
 0.560D+12  0.100D+01  0.746D-29
 0.584D+12  0.100D+01  0.399D-29
 0.609D+12  0.100D+01  0.399D-29
 0.633D+12  0.100D+01  0.202D-29
 0.657D+12  0.100D+01  0.209D-29
 0.682D+12  0.100D+01  0.107D-29
 0.706D+12  0.100D+01  0.111D-29
 0.730D+12  0.100D+01  0.571D-30
 0.755D+12  0.100D+01  0.564D-30
 0.779D+12  0.100D+01  0.300D-30
 0.804D+12  0.100D+01  0.300D-30
 0.828D+12  0.100D+01  0.159D-30
 0.852D+12  0.100D+01  0.158D-30
 0.877D+12  0.100D+01  0.820D-31
 0.901D+12  0.100D+01  0.829D-31
 0.925D+12  0.100D+01  0.435D-31
 0.950D+12  0.100D+01  0.437D-31
 0.974D+12  0.100D+01  0.229D-31
 0.998D+12  0.100D+01  0.228D-31
 0.102D+13  0.100D+01  0.121D-31
 0.105D+13  0.100D+01  0.120D-31
 0.107D+13  0.100D+01  0.632D-32
 0.110D+13  0.100D+01  0.630D-32
 0.112D+13  0.100D+01  0.331D-32
 0.114D+13  0.100D+01  0.330D-32
 0.117D+13  0.100D+01  0.175D-32
 0.119D+13  0.100D+01  0.172D-32
 i   GR        GS        GW        
  1 0.617E+09 0.313E-04 0.853E-07
  2 0.617E+09 0.313E-04 0.853E-07
  3 0.617E+09 0.313E-04 0.853E-07
  4 0.617E+09 0.313E-04 0.853E-07
  5 0.617E+09 0.313E-04 0.853E-07
  6 0.617E+09 0.313E-04 0.853E-07
  7 0.617E+09 0.313E-04 0.853E-07
  8 0.617E+09 0.313E-04 0.853E-07
  9 0.617E+09 0.313E-04 0.853E-07
 10 0.617E+09 0.313E-04 0.853E-07
 11 0.617E+09 0.313E-04 0.853E-07
 12 0.617E+09 0.313E-04 0.853E-07
 13 0.617E+09 0.313E-04 0.853E-07
 14 0.617E+09 0.313E-04 0.853E-07
 15 0.617E+09 0.313E-04 0.853E-07
 16 0.617E+09 0.313E-04 0.853E-07
 17 0.617E+09 0.313E-04 0.853E-07
 18 0.617E+09 0.313E-04 0.853E-07
 19 0.617E+09 0.313E-04 0.853E-07
 20 0.617E+09 0.313E-04 0.853E-07
 21 0.617E+09 0.313E-04 0.853E-07
 22 0.617E+09 0.313E-04 0.853E-07
 23 0.617E+09 0.313E-04 0.853E-07
 24 0.617E+09 0.313E-04 0.853E-07
 25 0.617E+09 0.313E-04 0.853E-07
 26 0.617E+09 0.313E-04 0.853E-07
 27 0.617E+09 0.313E-04 0.853E-07
 28 0.617E+09 0.313E-04 0.853E-07
 29 0.617E+09 0.313E-04 0.853E-07
 30 0.617E+09 0.313E-04 0.853E-07
 31 0.617E+09 0.313E-04 0.853E-07
 32 0.617E+09 0.313E-04 0.853E-07
 33 0.617E+09 0.313E-04 0.853E-07
 34 0.617E+09 0.313E-04 0.853E-07
 35 0.617E+09 0.313E-04 0.853E-07
 36 0.617E+09 0.313E-04 0.853E-07
 37 0.617E+09 0.313E-04 0.853E-07
 38 0.617E+09 0.313E-04 0.853E-07
 39 0.617E+09 0.313E-04 0.853E-07
 40 0.617E+09 0.313E-04 0.853E-07
 41 0.617E+09 0.313E-04 0.853E-07
 42 0.617E+09 0.313E-04 0.853E-07
 43 0.617E+09 0.313E-04 0.853E-07
 44 0.617E+09 0.313E-04 0.853E-07
  ilin=           3
 PARTITION FUNCTIONS
 TEMP         1         2
  1735. 0.200E+01 0.100E+01
  1735. 0.200E+01 0.100E+01
  1723. 0.200E+01 0.100E+01
  1723. 0.200E+01 0.100E+01
  1710. 0.200E+01 0.100E+01
  1710. 0.200E+01 0.100E+01
  1698. 0.200E+01 0.100E+01
  1698. 0.200E+01 0.100E+01
  1684. 0.200E+01 0.100E+01
  1686. 0.200E+01 0.100E+01
  1672. 0.200E+01 0.100E+01
  1674. 0.200E+01 0.100E+01
  1660. 0.200E+01 0.100E+01
  1660. 0.200E+01 0.100E+01
  1648. 0.200E+01 0.100E+01
  1648. 0.200E+01 0.100E+01
  1636. 0.200E+01 0.100E+01
  1636. 0.200E+01 0.100E+01
  1624. 0.200E+01 0.100E+01
  1624. 0.200E+01 0.100E+01
  1611. 0.200E+01 0.100E+01
  1612. 0.200E+01 0.100E+01
  1599. 0.200E+01 0.100E+01
  1600. 0.200E+01 0.100E+01
  1588. 0.200E+01 0.100E+01
  1588. 0.200E+01 0.100E+01
  1576. 0.200E+01 0.100E+01
  1576. 0.200E+01 0.100E+01
  1565. 0.200E+01 0.100E+01
  1565. 0.200E+01 0.100E+01
  1553. 0.200E+01 0.100E+01
  1553. 0.200E+01 0.100E+01
  1542. 0.200E+01 0.100E+01
  1542. 0.200E+01 0.100E+01
  1530. 0.200E+01 0.100E+01
  1531. 0.200E+01 0.100E+01
  1519. 0.200E+01 0.100E+01
  1519. 0.200E+01 0.100E+01
  1508. 0.200E+01 0.100E+01
  1508. 0.200E+01 0.100E+01
  1497. 0.200E+01 0.100E+01
  1497. 0.200E+01 0.100E+01
  1487. 0.200E+01 0.100E+01
  1486. 0.200E+01 0.100E+01
    N(J)/N  ION POPULATIONS
 z          1          2
 0.146D+12  0.100D+01  0.135D-26
 0.170D+12  0.100D+01  0.130D-26
 0.195D+12  0.100D+01  0.725D-27
 0.219D+12  0.100D+01  0.698D-27
 0.243D+12  0.100D+01  0.375D-27
 0.268D+12  0.100D+01  0.363D-27
 0.292D+12  0.100D+01  0.195D-27
 0.317D+12  0.100D+01  0.195D-27
 0.341D+12  0.100D+01  0.948D-28
 0.365D+12  0.100D+01  0.102D-27
 0.390D+12  0.100D+01  0.499D-28
 0.414D+12  0.100D+01  0.544D-28
 0.438D+12  0.100D+01  0.269D-28
 0.463D+12  0.100D+01  0.263D-28
 0.487D+12  0.100D+01  0.142D-28
 0.511D+12  0.100D+01  0.142D-28
 0.536D+12  0.100D+01  0.759D-29
 0.560D+12  0.100D+01  0.746D-29
 0.584D+12  0.100D+01  0.399D-29
 0.609D+12  0.100D+01  0.399D-29
 0.633D+12  0.100D+01  0.202D-29
 0.657D+12  0.100D+01  0.209D-29
 0.682D+12  0.100D+01  0.107D-29
 0.706D+12  0.100D+01  0.111D-29
 0.730D+12  0.100D+01  0.571D-30
 0.755D+12  0.100D+01  0.564D-30
 0.779D+12  0.100D+01  0.300D-30
 0.804D+12  0.100D+01  0.300D-30
 0.828D+12  0.100D+01  0.159D-30
 0.852D+12  0.100D+01  0.158D-30
 0.877D+12  0.100D+01  0.820D-31
 0.901D+12  0.100D+01  0.829D-31
 0.925D+12  0.100D+01  0.435D-31
 0.950D+12  0.100D+01  0.437D-31
 0.974D+12  0.100D+01  0.229D-31
 0.998D+12  0.100D+01  0.228D-31
 0.102D+13  0.100D+01  0.121D-31
 0.105D+13  0.100D+01  0.120D-31
 0.107D+13  0.100D+01  0.632D-32
 0.110D+13  0.100D+01  0.630D-32
 0.112D+13  0.100D+01  0.331D-32
 0.114D+13  0.100D+01  0.330D-32
 0.117D+13  0.100D+01  0.175D-32
 0.119D+13  0.100D+01  0.172D-32
 i   GR        GS        GW        
  1 0.603E+09 0.103E-04 0.598E-07
  2 0.603E+09 0.103E-04 0.598E-07
  3 0.603E+09 0.103E-04 0.598E-07
  4 0.603E+09 0.103E-04 0.598E-07
  5 0.603E+09 0.103E-04 0.598E-07
  6 0.603E+09 0.103E-04 0.598E-07
  7 0.603E+09 0.103E-04 0.598E-07
  8 0.603E+09 0.103E-04 0.598E-07
  9 0.603E+09 0.103E-04 0.598E-07
 10 0.603E+09 0.103E-04 0.598E-07
 11 0.603E+09 0.103E-04 0.598E-07
 12 0.603E+09 0.103E-04 0.598E-07
 13 0.603E+09 0.103E-04 0.598E-07
 14 0.603E+09 0.103E-04 0.598E-07
 15 0.603E+09 0.103E-04 0.598E-07
 16 0.603E+09 0.103E-04 0.598E-07
 17 0.603E+09 0.103E-04 0.598E-07
 18 0.603E+09 0.103E-04 0.598E-07
 19 0.603E+09 0.103E-04 0.598E-07
 20 0.603E+09 0.103E-04 0.598E-07
 21 0.603E+09 0.103E-04 0.598E-07
 22 0.603E+09 0.103E-04 0.598E-07
 23 0.603E+09 0.103E-04 0.598E-07
 24 0.603E+09 0.103E-04 0.598E-07
 25 0.603E+09 0.103E-04 0.598E-07
 26 0.603E+09 0.103E-04 0.598E-07
 27 0.603E+09 0.103E-04 0.598E-07
 28 0.603E+09 0.103E-04 0.598E-07
 29 0.603E+09 0.103E-04 0.598E-07
 30 0.603E+09 0.103E-04 0.598E-07
 31 0.603E+09 0.103E-04 0.598E-07
 32 0.603E+09 0.103E-04 0.598E-07
 33 0.603E+09 0.103E-04 0.598E-07
 34 0.603E+09 0.103E-04 0.598E-07
 35 0.603E+09 0.103E-04 0.598E-07
 36 0.603E+09 0.103E-04 0.598E-07
 37 0.603E+09 0.103E-04 0.598E-07
 38 0.603E+09 0.103E-04 0.598E-07
 39 0.603E+09 0.103E-04 0.598E-07
 40 0.603E+09 0.103E-04 0.598E-07
 41 0.603E+09 0.103E-04 0.598E-07
 42 0.603E+09 0.103E-04 0.598E-07
 43 0.603E+09 0.103E-04 0.598E-07
 44 0.603E+09 0.103E-04 0.598E-07
  ilin=           4
 PARTITION FUNCTIONS
 TEMP         1         2
  1735. 0.200E+01 0.100E+01
  1735. 0.200E+01 0.100E+01
  1723. 0.200E+01 0.100E+01
  1723. 0.200E+01 0.100E+01
  1710. 0.200E+01 0.100E+01
  1710. 0.200E+01 0.100E+01
  1698. 0.200E+01 0.100E+01
  1698. 0.200E+01 0.100E+01
  1684. 0.200E+01 0.100E+01
  1686. 0.200E+01 0.100E+01
  1672. 0.200E+01 0.100E+01
  1674. 0.200E+01 0.100E+01
  1660. 0.200E+01 0.100E+01
  1660. 0.200E+01 0.100E+01
  1648. 0.200E+01 0.100E+01
  1648. 0.200E+01 0.100E+01
  1636. 0.200E+01 0.100E+01
  1636. 0.200E+01 0.100E+01
  1624. 0.200E+01 0.100E+01
  1624. 0.200E+01 0.100E+01
  1611. 0.200E+01 0.100E+01
  1612. 0.200E+01 0.100E+01
  1599. 0.200E+01 0.100E+01
  1600. 0.200E+01 0.100E+01
  1588. 0.200E+01 0.100E+01
  1588. 0.200E+01 0.100E+01
  1576. 0.200E+01 0.100E+01
  1576. 0.200E+01 0.100E+01
  1565. 0.200E+01 0.100E+01
  1565. 0.200E+01 0.100E+01
  1553. 0.200E+01 0.100E+01
  1553. 0.200E+01 0.100E+01
  1542. 0.200E+01 0.100E+01
  1542. 0.200E+01 0.100E+01
  1530. 0.200E+01 0.100E+01
  1531. 0.200E+01 0.100E+01
  1519. 0.200E+01 0.100E+01
  1519. 0.200E+01 0.100E+01
  1508. 0.200E+01 0.100E+01
  1508. 0.200E+01 0.100E+01
  1497. 0.200E+01 0.100E+01
  1497. 0.200E+01 0.100E+01
  1487. 0.200E+01 0.100E+01
  1486. 0.200E+01 0.100E+01
    N(J)/N  ION POPULATIONS
 z          1          2
 0.146D+12  0.100D+01  0.135D-26
 0.170D+12  0.100D+01  0.130D-26
 0.195D+12  0.100D+01  0.725D-27
 0.219D+12  0.100D+01  0.698D-27
 0.243D+12  0.100D+01  0.375D-27
 0.268D+12  0.100D+01  0.363D-27
 0.292D+12  0.100D+01  0.195D-27
 0.317D+12  0.100D+01  0.195D-27
 0.341D+12  0.100D+01  0.948D-28
 0.365D+12  0.100D+01  0.102D-27
 0.390D+12  0.100D+01  0.499D-28
 0.414D+12  0.100D+01  0.544D-28
 0.438D+12  0.100D+01  0.269D-28
 0.463D+12  0.100D+01  0.263D-28
 0.487D+12  0.100D+01  0.142D-28
 0.511D+12  0.100D+01  0.142D-28
 0.536D+12  0.100D+01  0.759D-29
 0.560D+12  0.100D+01  0.746D-29
 0.584D+12  0.100D+01  0.399D-29
 0.609D+12  0.100D+01  0.399D-29
 0.633D+12  0.100D+01  0.202D-29
 0.657D+12  0.100D+01  0.209D-29
 0.682D+12  0.100D+01  0.107D-29
 0.706D+12  0.100D+01  0.111D-29
 0.730D+12  0.100D+01  0.571D-30
 0.755D+12  0.100D+01  0.564D-30
 0.779D+12  0.100D+01  0.300D-30
 0.804D+12  0.100D+01  0.300D-30
 0.828D+12  0.100D+01  0.159D-30
 0.852D+12  0.100D+01  0.158D-30
 0.877D+12  0.100D+01  0.820D-31
 0.901D+12  0.100D+01  0.829D-31
 0.925D+12  0.100D+01  0.435D-31
 0.950D+12  0.100D+01  0.437D-31
 0.974D+12  0.100D+01  0.229D-31
 0.998D+12  0.100D+01  0.228D-31
 0.102D+13  0.100D+01  0.121D-31
 0.105D+13  0.100D+01  0.120D-31
 0.107D+13  0.100D+01  0.632D-32
 0.110D+13  0.100D+01  0.630D-32
 0.112D+13  0.100D+01  0.331D-32
 0.114D+13  0.100D+01  0.330D-32
 0.117D+13  0.100D+01  0.175D-32
 0.119D+13  0.100D+01  0.172D-32
 i   GR        GS        GW        
  1 0.575E+09 0.244E-05 0.377E-07
  2 0.575E+09 0.244E-05 0.377E-07
  3 0.575E+09 0.244E-05 0.377E-07
  4 0.575E+09 0.244E-05 0.377E-07
  5 0.575E+09 0.244E-05 0.377E-07
  6 0.575E+09 0.244E-05 0.377E-07
  7 0.575E+09 0.244E-05 0.377E-07
  8 0.575E+09 0.244E-05 0.377E-07
  9 0.575E+09 0.244E-05 0.377E-07
 10 0.575E+09 0.244E-05 0.377E-07
 11 0.575E+09 0.244E-05 0.377E-07
 12 0.575E+09 0.244E-05 0.377E-07
 13 0.575E+09 0.244E-05 0.377E-07
 14 0.575E+09 0.244E-05 0.377E-07
 15 0.575E+09 0.244E-05 0.377E-07
 16 0.575E+09 0.244E-05 0.377E-07
 17 0.575E+09 0.244E-05 0.377E-07
 18 0.575E+09 0.244E-05 0.377E-07
 19 0.575E+09 0.244E-05 0.377E-07
 20 0.575E+09 0.244E-05 0.377E-07
 21 0.575E+09 0.244E-05 0.377E-07
 22 0.575E+09 0.244E-05 0.377E-07
 23 0.575E+09 0.244E-05 0.377E-07
 24 0.575E+09 0.244E-05 0.377E-07
 25 0.575E+09 0.244E-05 0.377E-07
 26 0.575E+09 0.244E-05 0.377E-07
 27 0.575E+09 0.244E-05 0.377E-07
 28 0.575E+09 0.244E-05 0.377E-07
 29 0.575E+09 0.244E-05 0.377E-07
 30 0.575E+09 0.244E-05 0.377E-07
 31 0.575E+09 0.244E-05 0.377E-07
 32 0.575E+09 0.244E-05 0.377E-07
 33 0.575E+09 0.244E-05 0.377E-07
 34 0.575E+09 0.244E-05 0.377E-07
 35 0.575E+09 0.244E-05 0.377E-07
 36 0.575E+09 0.244E-05 0.377E-07
 37 0.575E+09 0.244E-05 0.377E-07
 38 0.575E+09 0.244E-05 0.377E-07
 39 0.575E+09 0.244E-05 0.377E-07
 40 0.575E+09 0.244E-05 0.377E-07
 41 0.575E+09 0.244E-05 0.377E-07
 42 0.575E+09 0.244E-05 0.377E-07
 43 0.575E+09 0.244E-05 0.377E-07
 44 0.575E+09 0.244E-05 0.377E-07
  iunt=           0  aintb=   0.0000000000000000     
  lambda=   21993.763085260802     
 id  ophbf     ophff     opth      ophrs     ophn      opmieb    opmiej    oplin     opmol
  1  9.38E-41  9.57E-14  2.75E-17  1.81E-17  4.97E-18  0.00E+00  0.00E+00  1.57E-38  0.00E+00
  2  9.66E-41  1.06E-13  2.87E-17  1.87E-17  5.33E-18  0.00E+00  0.00E+00  1.66E-38  0.00E+00
  3  4.70E-41  9.99E-14  2.67E-17  1.69E-17  4.47E-18  0.00E+00  0.00E+00  1.03E-38  0.00E+00
  4  4.83E-41  1.10E-13  2.77E-17  1.74E-17  4.78E-18  0.00E+00  0.00E+00  1.09E-38  0.00E+00
  5  2.38E-41  1.12E-13  2.66E-17  1.60E-17  4.22E-18  0.00E+00  0.00E+00  7.11E-39  0.00E+00
  6  2.45E-41  1.22E-13  2.75E-17  1.65E-17  4.48E-18  0.00E+00  0.00E+00  7.49E-39  0.00E+00
  7  1.19E-41  1.23E-13  2.61E-17  1.51E-17  3.89E-18  0.00E+00  0.00E+00  4.79E-39  0.00E+00
  8  1.19E-41  1.23E-13  2.61E-17  1.51E-17  3.89E-18  0.00E+00  0.00E+00  4.79E-39  0.00E+00
  9  5.00E-42  1.20E-13  2.42E-17  1.36E-17  3.22E-18  0.00E+00  0.00E+00  2.79E-39  0.00E+00
 10  5.80E-42  1.30E-13  2.52E-17  1.42E-17  3.50E-18  0.00E+00  0.00E+00  3.17E-39  0.00E+00
 11  2.44E-42  1.25E-13  2.31E-17  1.27E-17  2.87E-18  0.00E+00  0.00E+00  1.83E-39  0.00E+00
 12  2.73E-42  1.27E-13  2.35E-17  1.29E-17  2.96E-18  0.00E+00  0.00E+00  1.97E-39  0.00E+00
 13  1.15E-42  1.21E-13  2.15E-17  1.15E-17  2.41E-18  0.00E+00  0.00E+00  1.14E-39  0.00E+00
 14  1.17E-42  1.29E-13  2.19E-17  1.18E-17  2.51E-18  0.00E+00  0.00E+00  1.18E-39  0.00E+00
 15  5.44E-43  1.22E-13  2.02E-17  1.06E-17  2.08E-18  0.00E+00  0.00E+00  7.24E-40  0.00E+00
 16  5.44E-43  1.22E-13  2.02E-17  1.06E-17  2.08E-18  0.00E+00  0.00E+00  7.24E-40  0.00E+00
 17  2.50E-43  1.16E-13  1.85E-17  9.60E-18  1.71E-18  0.00E+00  0.00E+00  4.39E-40  0.00E+00
 18  2.54E-43  1.22E-13  1.88E-17  9.75E-18  1.77E-18  0.00E+00  0.00E+00  4.54E-40  0.00E+00
 19  1.15E-43  1.13E-13  1.71E-17  8.76E-18  1.44E-18  0.00E+00  0.00E+00  2.72E-40  0.00E+00
 20  1.15E-43  1.13E-13  1.71E-17  8.76E-18  1.44E-18  0.00E+00  0.00E+00  2.72E-40  0.00E+00
 21  4.83E-44  1.04E-13  1.53E-17  7.77E-18  1.14E-18  0.00E+00  0.00E+00  1.55E-40  0.00E+00
 22  5.22E-44  1.09E-13  1.57E-17  7.95E-18  1.20E-18  0.00E+00  0.00E+00  1.66E-40  0.00E+00
 23  2.19E-44  9.94E-14  1.40E-17  7.03E-18  9.41E-19  0.00E+00  0.00E+00  9.41E-41  0.00E+00
 24  2.32E-44  1.00E-13  1.41E-17  7.09E-18  9.57E-19  0.00E+00  0.00E+00  9.76E-41  0.00E+00
 25  9.74E-45  9.06E-14  1.26E-17  6.27E-18  7.51E-19  0.00E+00  0.00E+00  5.52E-41  0.00E+00
 26  9.84E-45  9.36E-14  1.27E-17  6.34E-18  7.68E-19  0.00E+00  0.00E+00  5.64E-41  0.00E+00
 27  4.32E-45  8.46E-14  1.14E-17  5.63E-18  6.07E-19  0.00E+00  0.00E+00  3.28E-41  0.00E+00
 28  4.32E-45  8.46E-14  1.14E-17  5.63E-18  6.07E-19  0.00E+00  0.00E+00  3.28E-41  0.00E+00
 29  1.88E-45  7.61E-14  1.02E-17  4.99E-18  4.78E-19  0.00E+00  0.00E+00  1.89E-41  0.00E+00
 30  1.90E-45  7.81E-14  1.03E-17  5.03E-18  4.86E-19  0.00E+00  0.00E+00  1.93E-41  0.00E+00
 31  8.00E-46  6.94E-14  9.07E-18  4.43E-18  3.77E-19  0.00E+00  0.00E+00  1.08E-41  0.00E+00
 32  8.25E-46  7.11E-14  9.17E-18  4.48E-18  3.85E-19  0.00E+00  0.00E+00  1.12E-41  0.00E+00
 33  3.46E-46  6.17E-14  8.05E-18  3.91E-18  2.94E-19  0.00E+00  0.00E+00  6.20E-42  0.00E+00
 34  3.53E-46  6.30E-14  8.12E-18  3.95E-18  2.99E-19  0.00E+00  0.00E+00  6.34E-42  0.00E+00
 35  1.49E-46  5.56E-14  7.16E-18  3.47E-18  2.31E-19  0.00E+00  0.00E+00  3.56E-42  0.00E+00
 36  1.50E-46  5.64E-14  7.21E-18  3.49E-18  2.34E-19  0.00E+00  0.00E+00  3.61E-42  0.00E+00
 37  6.33E-47  4.89E-14  6.32E-18  3.05E-18  1.79E-19  0.00E+00  0.00E+00  2.01E-42  0.00E+00
 38  6.36E-47  4.95E-14  6.35E-18  3.06E-18  1.80E-19  0.00E+00  0.00E+00  2.03E-42  0.00E+00
 39  2.68E-47  4.34E-14  5.59E-18  2.69E-18  1.38E-19  0.00E+00  0.00E+00  1.14E-42  0.00E+00
 40  2.69E-47  4.38E-14  5.60E-18  2.69E-18  1.39E-19  0.00E+00  0.00E+00  1.14E-42  0.00E+00
 41  1.13E-47  3.78E-14  4.90E-18  2.35E-18  1.06E-19  0.00E+00  0.00E+00  6.33E-43  0.00E+00
 42  1.13E-47  3.81E-14  4.92E-18  2.36E-18  1.06E-19  0.00E+00  0.00E+00  6.36E-43  0.00E+00
 43  4.80E-48  3.32E-14  4.32E-18  2.07E-18  8.17E-20  0.00E+00  0.00E+00  3.58E-43  0.00E+00
 44  4.70E-48  3.32E-14  4.31E-18  2.06E-18  8.14E-20  0.00E+00  0.00E+00  3.53E-43  0.00E+00
 id   opdep     contrib.f   aint 
 43  8.082E-04  3.748E-10  3.748E-10
 42  1.676E-03  4.087E-10  7.835E-10
 41  2.600E-03  4.417E-10  1.225E-09
 40  3.594E-03  4.820E-10  1.707E-09
 39  4.654E-03  5.225E-10  2.230E-09
 38  5.786E-03  5.656E-10  2.795E-09
 37  6.984E-03  6.083E-10  3.404E-09
 36  8.267E-03  6.607E-10  4.064E-09
 35  9.632E-03  7.127E-10  4.777E-09
 34  1.108E-02  7.657E-10  5.543E-09
 33  1.260E-02  8.169E-10  6.359E-09
 32  1.421E-02  8.825E-10  7.242E-09
 31  1.592E-02  9.465E-10  8.188E-09
 30  1.772E-02  1.007E-09  9.196E-09
 29  1.960E-02  1.068E-09  1.026E-08
 28  2.155E-02  1.129E-09  1.139E-08
 27  2.362E-02  1.205E-09  1.260E-08
 26  2.579E-02  1.286E-09  1.388E-08
 25  2.803E-02  1.347E-09  1.523E-08
 24  3.035E-02  1.414E-09  1.664E-08
 23  3.279E-02  1.498E-09  1.814E-08
 22  3.533E-02  1.587E-09  1.973E-08
 21  3.792E-02  1.642E-09  2.137E-08
 20  4.057E-02  1.694E-09  2.307E-08
 19  4.333E-02  1.792E-09  2.486E-08
 18  4.619E-02  1.879E-09  2.674E-08
 17  4.908E-02  1.920E-09  2.866E-08
 16  5.197E-02  1.951E-09  3.061E-08
 15  5.496E-02  2.031E-09  3.264E-08
 14  5.801E-02  2.106E-09  3.475E-08
 13  6.105E-02  2.119E-09  3.687E-08
 12  6.407E-02  2.136E-09  3.900E-08
 11  6.715E-02  2.198E-09  4.120E-08
 10  7.027E-02  2.252E-09  4.345E-08
  9  7.331E-02  2.226E-09  4.568E-08
  8  7.626E-02  2.181E-09  4.786E-08
  7  7.924E-02  2.237E-09  5.010E-08
  6  8.222E-02  2.258E-09  5.235E-08
  5  8.508E-02  2.187E-09  5.454E-08
  4  8.778E-02  2.094E-09  5.663E-08
  3  9.033E-02  2.000E-09  5.864E-08
  2  9.284E-02  1.985E-09  6.062E-08
  1  9.529E-02  1.966E-09  6.259E-08
 iunt+1  opdep   aintbt    aint
  1  9.529E-02  0.000E+00  6.259E-08
 id    opac2     emis2     bnu       bnud      ejnu1     ejnu2     sf2       az        vz
  1  9.57E-14  8.43E-20  8.80E-07  3.01E-09  2.10E-07  0.00E+00  8.80E-07  1.46E+11  6.36E+06
  2  1.06E-13  9.32E-20  8.80E-07  3.01E-09  2.09E-07  0.00E+00  8.80E-07  1.70E+11  6.54E+06
  3  9.99E-14  8.56E-20  8.57E-07  2.81E-09  2.09E-07  0.00E+00  8.56E-07  1.95E+11  6.65E+06
  4  1.10E-13  9.40E-20  8.57E-07  2.81E-09  2.08E-07  0.00E+00  8.56E-07  2.19E+11  6.84E+06
  5  1.12E-13  9.35E-20  8.33E-07  2.63E-09  2.08E-07  0.00E+00  8.33E-07  2.43E+11  7.13E+06
  6  1.22E-13  1.02E-19  8.33E-07  2.63E-09  2.07E-07  0.00E+00  8.33E-07  2.68E+11  7.31E+06
  7  1.23E-13  9.93E-20  8.10E-07  2.45E-09  2.07E-07  0.00E+00  8.10E-07  2.92E+11  7.60E+06
  8  1.23E-13  9.93E-20  8.10E-07  2.45E-09  2.06E-07  0.00E+00  8.10E-07  3.17E+11  7.60E+06
  9  1.20E-13  9.38E-20  7.84E-07  2.26E-09  2.05E-07  0.00E+00  7.84E-07  3.41E+11  7.83E+06
 10  1.30E-13  1.03E-19  7.87E-07  2.29E-09  2.04E-07  0.00E+00  7.87E-07  3.65E+11  8.07E+06
 11  1.25E-13  9.55E-20  7.62E-07  2.11E-09  2.04E-07  0.00E+00  7.62E-07  3.90E+11  8.30E+06
 12  1.27E-13  9.73E-20  7.65E-07  2.13E-09  2.03E-07  0.00E+00  7.65E-07  4.14E+11  8.35E+06
 13  1.21E-13  8.96E-20  7.40E-07  1.97E-09  2.02E-07  0.00E+00  7.40E-07  4.38E+11  8.58E+06
 14  1.29E-13  9.51E-20  7.40E-07  1.97E-09  0.00E+00  0.00E+00  7.40E-07  4.63E+11  8.76E+06
 15  1.22E-13  8.80E-20  7.19E-07  1.83E-09  0.00E+00  0.00E+00  7.19E-07  4.87E+11  9.03E+06
 16  1.22E-13  8.80E-20  7.19E-07  1.83E-09  0.00E+00  0.00E+00  7.19E-07  5.11E+11  9.03E+06
 17  1.16E-13  8.06E-20  6.98E-07  1.70E-09  0.00E+00  0.00E+00  6.98E-07  5.36E+11  9.30E+06
 18  1.22E-13  8.48E-20  6.98E-07  1.70E-09  0.00E+00  0.00E+00  6.98E-07  5.60E+11  9.48E+06
 19  1.13E-13  7.67E-20  6.77E-07  1.58E-09  0.00E+00  0.00E+00  6.77E-07  5.84E+11  9.74E+06
 20  1.13E-13  7.67E-20  6.77E-07  1.58E-09  0.00E+00  0.00E+00  6.77E-07  6.09E+11  9.74E+06
 21  1.04E-13  6.81E-20  6.55E-07  1.46E-09  0.00E+00  0.00E+00  6.55E-07  6.33E+11  9.95E+06
 22  1.09E-13  7.18E-20  6.57E-07  1.47E-09  0.00E+00  0.00E+00  6.57E-07  6.57E+11  1.02E+07
 23  9.94E-14  6.32E-20  6.36E-07  1.35E-09  0.00E+00  0.00E+00  6.36E-07  6.82E+11  1.04E+07
 24  1.00E-13  6.38E-20  6.37E-07  1.36E-09  0.00E+00  0.00E+00  6.37E-07  7.06E+11  1.04E+07
 25  9.06E-14  5.59E-20  6.17E-07  1.26E-09  0.00E+00  0.00E+00  6.17E-07  7.30E+11  1.06E+07
 26  9.37E-14  5.77E-20  6.17E-07  1.26E-09  0.00E+00  0.00E+00  6.17E-07  7.55E+11  1.08E+07
 27  8.47E-14  5.06E-20  5.98E-07  1.16E-09  0.00E+00  0.00E+00  5.98E-07  7.79E+11  1.10E+07
 28  8.47E-14  5.06E-20  5.98E-07  1.16E-09  0.00E+00  0.00E+00  5.98E-07  8.04E+11  1.10E+07
 29  7.61E-14  4.41E-20  5.80E-07  1.08E-09  0.00E+00  0.00E+00  5.80E-07  8.28E+11  1.13E+07
 30  7.81E-14  4.53E-20  5.80E-07  1.08E-09  0.00E+00  0.00E+00  5.80E-07  8.52E+11  1.14E+07
 31  6.94E-14  3.90E-20  5.61E-07  9.97E-10  0.00E+00  0.00E+00  5.61E-07  8.77E+11  1.16E+07
 32  7.12E-14  4.00E-20  5.62E-07  9.99E-10  0.00E+00  0.00E+00  5.62E-07  9.01E+11  1.18E+07
 33  6.17E-14  3.36E-20  5.44E-07  9.23E-10  0.00E+00  0.00E+00  5.44E-07  9.25E+11  1.18E+07
 34  6.30E-14  3.43E-20  5.44E-07  9.24E-10  0.00E+00  0.00E+00  5.44E-07  9.50E+11  1.20E+07
 35  5.56E-14  2.93E-20  5.27E-07  8.54E-10  0.00E+00  0.00E+00  5.27E-07  9.74E+11  1.22E+07
 36  5.65E-14  2.98E-20  5.27E-07  8.54E-10  0.00E+00  0.00E+00  5.27E-07  9.98E+11  1.24E+07
 37  4.89E-14  2.50E-20  5.11E-07  7.90E-10  0.00E+00  0.00E+00  5.11E-07  1.02E+12  1.24E+07
 38  4.96E-14  2.53E-20  5.11E-07  7.90E-10  0.00E+00  0.00E+00  5.11E-07  1.05E+12  1.26E+07
 39  4.34E-14  2.14E-20  4.95E-07  7.30E-10  0.00E+00  0.00E+00  4.95E-07  1.07E+12  1.28E+07
 40  4.38E-14  2.16E-20  4.95E-07  7.30E-10  0.00E+00  0.00E+00  4.95E-07  1.10E+12  1.29E+07
 41  3.78E-14  1.81E-20  4.79E-07  6.74E-10  0.00E+00  0.00E+00  4.79E-07  1.12E+12  1.30E+07
 42  3.81E-14  1.82E-20  4.79E-07  6.74E-10  0.00E+00  0.00E+00  4.79E-07  1.14E+12  1.31E+07
 43  3.32E-14  1.54E-20  4.64E-07  6.24E-10  0.00E+00  0.00E+00  4.64E-07  1.17E+12  3.56E+06
 44  3.32E-14  1.54E-20  4.64E-07  6.22E-10  0.00E+00  0.00E+00  4.64E-07  1.19E+12  3.51E+06
  max optical depth for this view angle
 is:   3.45E+00

i=  40.50  alpha=  50.76
  iunt=           0
  ivac1=         107 ivacn=         150  nivac=          44
 vel.  vx        vy        vz        dens      dustd     dustt
   1 -7.74E+06 -1.99E+07  6.39E+06  1.46E-09  0.00E+00  6.94E+02
   2 -7.80E+06 -1.98E+07  6.57E+06  1.55E-09  0.00E+00  6.94E+02
   3 -7.82E+06 -1.98E+07  6.63E+06  1.56E-09  0.00E+00  6.88E+02
   4 -7.63E+06 -1.98E+07  6.87E+06  1.65E-09  0.00E+00  6.89E+02
   5 -7.71E+06 -1.96E+07  7.11E+06  1.75E-09  0.00E+00  6.83E+02
   6 -7.52E+06 -1.96E+07  7.34E+06  1.84E-09  0.00E+00  6.84E+02
   7 -7.60E+06 -1.95E+07  7.58E+06  1.94E-09  0.00E+00  6.78E+02
   8 -7.60E+06 -1.95E+07  7.58E+06  1.94E-09  0.00E+00  6.78E+02
   9 -7.43E+06 -1.94E+07  7.86E+06  2.03E-09  0.00E+00  6.74E+02
  10 -7.48E+06 -1.93E+07  8.05E+06  2.12E-09  0.00E+00  6.74E+02
  11 -7.31E+06 -1.92E+07  8.33E+06  2.21E-09  0.00E+00  6.69E+02
  12 -7.31E+06 -1.92E+07  8.33E+06  2.21E-09  0.00E+00  6.69E+02
  13 -7.38E+06 -1.91E+07  8.56E+06  2.29E-09  0.00E+00  6.63E+02
  14 -7.18E+06 -1.90E+07  8.79E+06  2.38E-09  0.00E+00  6.64E+02
  15 -7.25E+06 -1.89E+07  9.01E+06  2.45E-09  0.00E+00  6.59E+02
  16 -7.01E+06 -1.89E+07  9.06E+06  2.45E-09  0.00E+00  6.59E+02
  17 -7.07E+06 -1.88E+07  9.28E+06  2.52E-09  0.00E+00  6.54E+02
  18 -6.87E+06 -1.87E+07  9.51E+06  2.60E-09  0.00E+00  6.54E+02
  19 -6.94E+06 -1.86E+07  9.72E+06  2.65E-09  0.00E+00  6.49E+02
  20 -6.94E+06 -1.86E+07  9.72E+06  2.65E-09  0.00E+00  6.49E+02
  21 -6.76E+06 -1.85E+07  9.98E+06  2.70E-09  0.00E+00  6.44E+02
  22 -6.79E+06 -1.84E+07  1.02E+07  2.78E-09  0.00E+00  6.44E+02
  23 -6.61E+06 -1.83E+07  1.04E+07  2.81E-09  0.00E+00  6.40E+02
  24 -6.61E+06 -1.83E+07  1.04E+07  2.81E-09  0.00E+00  6.40E+02
  25 -6.67E+06 -1.81E+07  1.06E+07  2.84E-09  0.00E+00  6.35E+02
  26 -6.46E+06 -1.81E+07  1.08E+07  2.90E-09  0.00E+00  6.35E+02
  27 -6.52E+06 -1.79E+07  1.10E+07  2.92E-09  0.00E+00  6.30E+02
  28 -6.29E+06 -1.80E+07  1.11E+07  2.92E-09  0.00E+00  6.30E+02
  29 -6.34E+06 -1.78E+07  1.12E+07  2.93E-09  0.00E+00  6.26E+02
  30 -6.36E+06 -1.77E+07  1.14E+07  2.98E-09  0.00E+00  6.26E+02
  31 -6.18E+06 -1.76E+07  1.16E+07  2.98E-09  0.00E+00  6.21E+02
  32 -6.20E+06 -1.75E+07  1.18E+07  3.03E-09  0.00E+00  6.21E+02
  33 -6.01E+06 -1.75E+07  1.19E+07  2.98E-09  0.00E+00  6.17E+02
  34 -6.02E+06 -1.73E+07  1.20E+07  3.02E-09  0.00E+00  6.17E+02
  35 -5.85E+06 -1.72E+07  1.22E+07  3.00E-09  0.00E+00  6.12E+02
  36 -5.86E+06 -1.71E+07  1.24E+07  3.03E-09  0.00E+00  6.12E+02
  37 -5.90E+06 -1.71E+07  1.24E+07  2.98E-09  0.00E+00  6.08E+02
  38 -5.69E+06 -1.70E+07  1.26E+07  3.01E-09  0.00E+00  6.08E+02
  39 -5.73E+06 -1.68E+07  1.28E+07  2.98E-09  0.00E+00  6.03E+02
  40 -5.52E+06 -1.68E+07  1.30E+07  3.00E-09  0.00E+00  6.03E+02
  41 -5.56E+06 -1.67E+07  1.29E+07  2.95E-09  0.00E+00  5.99E+02
  42 -5.56E+06 -1.66E+07  1.31E+07  2.96E-09  0.00E+00  5.99E+02
  43  6.94E+06 -4.13E+06  3.53E+06  2.92E-09  0.00E+00  5.95E+02
  44  6.94E+06 -4.13E+06  3.53E+06  2.93E-09  0.00E+00  5.95E+02
       akonc      ekonc      temp       az      mshade
   1  6.755E+14  4.140E+07  1.735E+03  1.461E+11  1
   2  7.173E+14  4.310E+07  1.735E+03  1.704E+11  1
   3  7.228E+14  3.957E+07  1.720E+03  1.948E+11  1
   4  7.641E+14  4.173E+07  1.723E+03  2.191E+11  1
   5  8.106E+14  3.938E+07  1.708E+03  2.435E+11  1
   6  8.536E+14  4.135E+07  1.710E+03  2.678E+11  1
   7  8.983E+14  3.859E+07  1.696E+03  2.922E+11  1
   8  8.983E+14  3.859E+07  1.696E+03  3.165E+11  1
   9  9.411E+14  3.633E+07  1.684E+03  3.409E+11  1
  10  9.843E+14  3.732E+07  1.684E+03  3.652E+11  1
  11  1.024E+15  3.481E+07  1.672E+03  3.896E+11  1
  12  1.024E+15  3.481E+07  1.672E+03  4.139E+11  1
  13  1.061E+15  3.181E+07  1.658E+03  4.383E+11  1
  14  1.103E+15  3.298E+07  1.660E+03  4.626E+11  0
  15  1.136E+15  2.994E+07  1.646E+03  4.870E+11  0
  16  1.137E+15  3.034E+07  1.648E+03  5.113E+11  0
  17  1.166E+15  2.743E+07  1.635E+03  5.357E+11  0
  18  1.206E+15  2.826E+07  1.636E+03  5.600E+11  0
  19  1.230E+15  2.543E+07  1.623E+03  5.844E+11  0
  20  1.230E+15  2.543E+07  1.623E+03  6.087E+11  0
  21  1.252E+15  2.305E+07  1.611E+03  6.331E+11  0
  22  1.286E+15  2.338E+07  1.611E+03  6.574E+11  0
  23  1.303E+15  2.109E+07  1.599E+03  6.818E+11  0
  24  1.303E+15  2.109E+07  1.599E+03  7.061E+11  0
  25  1.316E+15  1.880E+07  1.587E+03  7.305E+11  0
  26  1.346E+15  1.916E+07  1.588E+03  7.548E+11  0
  27  1.353E+15  1.703E+07  1.576E+03  7.792E+11  0
  28  1.354E+15  1.714E+07  1.576E+03  8.035E+11  0
  29  1.359E+15  1.521E+07  1.564E+03  8.279E+11  0
  30  1.382E+15  1.534E+07  1.564E+03  8.522E+11  0
  31  1.382E+15  1.364E+07  1.553E+03  8.766E+11  0
  32  1.402E+15  1.374E+07  1.553E+03  9.009E+11  0
  33  1.380E+15  1.211E+07  1.542E+03  9.253E+11  0
  34  1.398E+15  1.218E+07  1.542E+03  9.496E+11  0
  35  1.391E+15  1.077E+07  1.530E+03  9.740E+11  0
  36  1.404E+15  1.083E+07  1.530E+03  9.983E+11  0
  37  1.382E+15  9.498E+06  1.519E+03  1.023E+12  0
  38  1.393E+15  9.546E+06  1.519E+03  1.047E+12  0
  39  1.380E+15  8.405E+06  1.508E+03  1.071E+12  0
  40  1.389E+15  8.425E+06  1.508E+03  1.096E+12  0
  41  1.366E+15  7.390E+06  1.498E+03  1.120E+12  0
  42  1.372E+15  7.408E+06  1.498E+03  1.144E+12  0
  43  1.355E+15  6.498E+06  1.487E+03  1.169E+12  0
  44  1.358E+15  6.507E+06  1.487E+03  1.193E+12  0
       AKONC      HI         H-         H2         HEI        HIPF       HIIPF
   1  6.755E+14  7.284E+12  6.752E+01  3.030E+14  6.134E+13  2.000E+00  1.000E+00
   2  7.173E+14  7.507E+12  7.244E+01  3.219E+14  6.513E+13  2.000E+00  1.000E+00
   3  7.228E+14  6.616E+12  6.204E+01  3.248E+14  6.563E+13  2.000E+00  1.000E+00
   4  7.641E+14  6.968E+12  6.819E+01  3.434E+14  6.938E+13  2.000E+00  1.000E+00
   5  8.106E+14  6.302E+12  6.157E+01  3.649E+14  7.360E+13  2.000E+00  1.000E+00
   6  8.536E+14  6.611E+12  6.719E+01  3.842E+14  7.750E+13  2.000E+00  1.000E+00
   7  8.983E+14  5.955E+12  5.976E+01  4.048E+14  8.157E+13  2.000E+00  1.000E+00
   8  8.983E+14  5.955E+12  5.976E+01  4.048E+14  8.157E+13  2.000E+00  1.000E+00
   9  9.411E+14  5.461E+12  5.410E+01  4.245E+14  8.545E+13  2.000E+00  1.000E+00
  10  9.843E+14  5.585E+12  5.683E+01  4.441E+14  8.937E+13  2.000E+00  1.000E+00
  11  1.024E+15  5.095E+12  5.075E+01  4.625E+14  9.300E+13  2.000E+00  1.000E+00
  12  1.024E+15  5.095E+12  5.075E+01  4.625E+14  9.300E+13  2.000E+00  1.000E+00
  13  1.061E+15  4.556E+12  4.383E+01  4.794E+14  9.634E+13  2.000E+00  1.000E+00
  14  1.103E+15  4.722E+12  4.678E+01  4.985E+14  1.002E+14  2.000E+00  1.000E+00
  15  1.136E+15  4.209E+12  4.002E+01  5.135E+14  1.031E+14  2.000E+00  1.000E+00
  16  1.137E+15  4.272E+12  4.091E+01  5.139E+14  1.032E+14  2.000E+00  1.000E+00
  17  1.166E+15  3.802E+12  3.479E+01  5.276E+14  1.059E+14  2.000E+00  1.000E+00
  18  1.206E+15  3.916E+12  3.671E+01  5.453E+14  1.095E+14  2.000E+00  1.000E+00
  19  1.230E+15  3.476E+12  3.099E+01  5.567E+14  1.117E+14  2.000E+00  1.000E+00
  20  1.230E+15  3.476E+12  3.099E+01  5.567E+14  1.117E+14  2.000E+00  1.000E+00
  21  1.252E+15  3.119E+12  2.650E+01  5.670E+14  1.137E+14  2.000E+00  1.000E+00
  22  1.286E+15  3.160E+12  2.724E+01  5.823E+14  1.168E+14  2.000E+00  1.000E+00
  23  1.303E+15  2.824E+12  2.310E+01  5.903E+14  1.183E+14  2.000E+00  1.000E+00
  24  1.303E+15  2.824E+12  2.310E+01  5.903E+14  1.183E+14  2.000E+00  1.000E+00
  25  1.316E+15  2.497E+12  1.922E+01  5.963E+14  1.195E+14  2.000E+00  1.000E+00
  26  1.346E+15  2.545E+12  1.990E+01  6.097E+14  1.222E+14  2.000E+00  1.000E+00
  27  1.353E+15  2.245E+12  1.648E+01  6.133E+14  1.229E+14  2.000E+00  1.000E+00
  28  1.354E+15  2.260E+12  1.665E+01  6.137E+14  1.230E+14  2.000E+00  1.000E+00
  29  1.359E+15  1.993E+12  1.375E+01  6.160E+14  1.234E+14  2.000E+00  1.000E+00
  30  1.382E+15  2.010E+12  1.399E+01  6.264E+14  1.255E+14  2.000E+00  1.000E+00
  31  1.382E+15  1.779E+12  1.160E+01  6.267E+14  1.255E+14  2.000E+00  1.000E+00
  32  1.402E+15  1.791E+12  1.176E+01  6.355E+14  1.273E+14  2.000E+00  1.000E+00
  33  1.380E+15  1.571E+12  9.574E+00  6.259E+14  1.253E+14  2.000E+00  1.000E+00
  34  1.398E+15  1.581E+12  9.695E+00  6.337E+14  1.269E+14  2.000E+00  1.000E+00
  35  1.391E+15  1.392E+12  7.959E+00  6.307E+14  1.263E+14  2.000E+00  1.000E+00
  36  1.404E+15  1.399E+12  8.038E+00  6.369E+14  1.275E+14  2.000E+00  1.000E+00
  37  1.382E+15  1.223E+12  6.502E+00  6.266E+14  1.254E+14  2.000E+00  1.000E+00
  38  1.393E+15  1.229E+12  6.565E+00  6.320E+14  1.265E+14  2.000E+00  1.000E+00
  39  1.380E+15  1.079E+12  5.349E+00  6.262E+14  1.253E+14  2.000E+00  1.000E+00
  40  1.389E+15  1.082E+12  5.376E+00  6.299E+14  1.261E+14  2.000E+00  1.000E+00
  41  1.366E+15  9.464E+11  4.348E+00  6.196E+14  1.240E+14  2.000E+00  1.000E+00
  42  1.372E+15  9.487E+11  4.370E+00  6.226E+14  1.246E+14  2.000E+00  1.000E+00
  43  1.355E+15  8.303E+11  3.538E+00  6.145E+14  1.230E+14  2.000E+00  1.000E+00
  44  1.358E+15  8.313E+11  3.547E+00  6.161E+14  1.233E+14  2.000E+00  1.000E+00
  ilin=           1
 PARTITION FUNCTIONS
 TEMP         1         2
  1735. 0.200E+01 0.100E+01
  1735. 0.200E+01 0.100E+01
  1720. 0.200E+01 0.100E+01
  1723. 0.200E+01 0.100E+01
  1708. 0.200E+01 0.100E+01
  1710. 0.200E+01 0.100E+01
  1696. 0.200E+01 0.100E+01
  1696. 0.200E+01 0.100E+01
  1684. 0.200E+01 0.100E+01
  1684. 0.200E+01 0.100E+01
  1672. 0.200E+01 0.100E+01
  1672. 0.200E+01 0.100E+01
  1658. 0.200E+01 0.100E+01
  1660. 0.200E+01 0.100E+01
  1646. 0.200E+01 0.100E+01
  1648. 0.200E+01 0.100E+01
  1635. 0.200E+01 0.100E+01
  1636. 0.200E+01 0.100E+01
  1623. 0.200E+01 0.100E+01
  1623. 0.200E+01 0.100E+01
  1611. 0.200E+01 0.100E+01
  1611. 0.200E+01 0.100E+01
  1599. 0.200E+01 0.100E+01
  1599. 0.200E+01 0.100E+01
  1587. 0.200E+01 0.100E+01
  1588. 0.200E+01 0.100E+01
  1576. 0.200E+01 0.100E+01
  1576. 0.200E+01 0.100E+01
  1564. 0.200E+01 0.100E+01
  1564. 0.200E+01 0.100E+01
  1553. 0.200E+01 0.100E+01
  1553. 0.200E+01 0.100E+01
  1542. 0.200E+01 0.100E+01
  1542. 0.200E+01 0.100E+01
  1530. 0.200E+01 0.100E+01
  1530. 0.200E+01 0.100E+01
  1519. 0.200E+01 0.100E+01
  1519. 0.200E+01 0.100E+01
  1508. 0.200E+01 0.100E+01
  1508. 0.200E+01 0.100E+01
  1498. 0.200E+01 0.100E+01
  1498. 0.200E+01 0.100E+01
  1487. 0.200E+01 0.100E+01
  1487. 0.200E+01 0.100E+01
    N(J)/N  ION POPULATIONS
 z          1          2
 0.146D+12  0.100D+01  0.135D-26
 0.170D+12  0.100D+01  0.130D-26
 0.195D+12  0.100D+01  0.636D-27
 0.219D+12  0.100D+01  0.698D-27
 0.243D+12  0.100D+01  0.333D-27
 0.268D+12  0.100D+01  0.363D-27
 0.292D+12  0.100D+01  0.175D-27
 0.317D+12  0.100D+01  0.175D-27
 0.341D+12  0.100D+01  0.948D-28
 0.365D+12  0.100D+01  0.923D-28
 0.390D+12  0.100D+01  0.499D-28
 0.414D+12  0.100D+01  0.499D-28
 0.438D+12  0.100D+01  0.247D-28
 0.463D+12  0.100D+01  0.263D-28
 0.487D+12  0.100D+01  0.131D-28
 0.511D+12  0.100D+01  0.142D-28
 0.536D+12  0.100D+01  0.711D-29
 0.560D+12  0.100D+01  0.746D-29
 0.584D+12  0.100D+01  0.377D-29
 0.609D+12  0.100D+01  0.377D-29
 0.633D+12  0.100D+01  0.202D-29
 0.657D+12  0.100D+01  0.199D-29
 0.682D+12  0.100D+01  0.107D-29
 0.706D+12  0.100D+01  0.107D-29
 0.730D+12  0.100D+01  0.548D-30
 0.755D+12  0.100D+01  0.564D-30
 0.779D+12  0.100D+01  0.291D-30
 0.804D+12  0.100D+01  0.300D-30
 0.828D+12  0.100D+01  0.155D-30
 0.852D+12  0.100D+01  0.154D-30
 0.877D+12  0.100D+01  0.820D-31
 0.901D+12  0.100D+01  0.814D-31
 0.925D+12  0.100D+01  0.435D-31
 0.950D+12  0.100D+01  0.433D-31
 0.974D+12  0.100D+01  0.229D-31
 0.998D+12  0.100D+01  0.228D-31
 0.102D+13  0.100D+01  0.120D-31
 0.105D+13  0.100D+01  0.120D-31
 0.107D+13  0.100D+01  0.634D-32
 0.110D+13  0.100D+01  0.630D-32
 0.112D+13  0.100D+01  0.334D-32
 0.114D+13  0.100D+01  0.334D-32
 0.117D+13  0.100D+01  0.175D-32
 0.119D+13  0.100D+01  0.175D-32
 i   GR        GS        GW        
  1 0.617E+09 0.313E-04 0.853E-07
  2 0.617E+09 0.313E-04 0.853E-07
  3 0.617E+09 0.313E-04 0.853E-07
  4 0.617E+09 0.313E-04 0.853E-07
  5 0.617E+09 0.313E-04 0.853E-07
  6 0.617E+09 0.313E-04 0.853E-07
  7 0.617E+09 0.313E-04 0.853E-07
  8 0.617E+09 0.313E-04 0.853E-07
  9 0.617E+09 0.313E-04 0.853E-07
 10 0.617E+09 0.313E-04 0.853E-07
 11 0.617E+09 0.313E-04 0.853E-07
 12 0.617E+09 0.313E-04 0.853E-07
 13 0.617E+09 0.313E-04 0.853E-07
 14 0.617E+09 0.313E-04 0.853E-07
 15 0.617E+09 0.313E-04 0.853E-07
 16 0.617E+09 0.313E-04 0.853E-07
 17 0.617E+09 0.313E-04 0.853E-07
 18 0.617E+09 0.313E-04 0.853E-07
 19 0.617E+09 0.313E-04 0.853E-07
 20 0.617E+09 0.313E-04 0.853E-07
 21 0.617E+09 0.313E-04 0.853E-07
 22 0.617E+09 0.313E-04 0.853E-07
 23 0.617E+09 0.313E-04 0.853E-07
 24 0.617E+09 0.313E-04 0.853E-07
 25 0.617E+09 0.313E-04 0.853E-07
 26 0.617E+09 0.313E-04 0.853E-07
 27 0.617E+09 0.313E-04 0.853E-07
 28 0.617E+09 0.313E-04 0.853E-07
 29 0.617E+09 0.313E-04 0.853E-07
 30 0.617E+09 0.313E-04 0.853E-07
 31 0.617E+09 0.313E-04 0.853E-07
 32 0.617E+09 0.313E-04 0.853E-07
 33 0.617E+09 0.313E-04 0.853E-07
 34 0.617E+09 0.313E-04 0.853E-07
 35 0.617E+09 0.313E-04 0.853E-07
 36 0.617E+09 0.313E-04 0.853E-07
 37 0.617E+09 0.313E-04 0.853E-07
 38 0.617E+09 0.313E-04 0.853E-07
 39 0.617E+09 0.313E-04 0.853E-07
 40 0.617E+09 0.313E-04 0.853E-07
 41 0.617E+09 0.313E-04 0.853E-07
 42 0.617E+09 0.313E-04 0.853E-07
 43 0.617E+09 0.313E-04 0.853E-07
 44 0.617E+09 0.313E-04 0.853E-07
  ilin=           2
 PARTITION FUNCTIONS
 TEMP         1         2
  1735. 0.200E+01 0.100E+01
  1735. 0.200E+01 0.100E+01
  1720. 0.200E+01 0.100E+01
  1723. 0.200E+01 0.100E+01
  1708. 0.200E+01 0.100E+01
  1710. 0.200E+01 0.100E+01
  1696. 0.200E+01 0.100E+01
  1696. 0.200E+01 0.100E+01
  1684. 0.200E+01 0.100E+01
  1684. 0.200E+01 0.100E+01
  1672. 0.200E+01 0.100E+01
  1672. 0.200E+01 0.100E+01
  1658. 0.200E+01 0.100E+01
  1660. 0.200E+01 0.100E+01
  1646. 0.200E+01 0.100E+01
  1648. 0.200E+01 0.100E+01
  1635. 0.200E+01 0.100E+01
  1636. 0.200E+01 0.100E+01
  1623. 0.200E+01 0.100E+01
  1623. 0.200E+01 0.100E+01
  1611. 0.200E+01 0.100E+01
  1611. 0.200E+01 0.100E+01
  1599. 0.200E+01 0.100E+01
  1599. 0.200E+01 0.100E+01
  1587. 0.200E+01 0.100E+01
  1588. 0.200E+01 0.100E+01
  1576. 0.200E+01 0.100E+01
  1576. 0.200E+01 0.100E+01
  1564. 0.200E+01 0.100E+01
  1564. 0.200E+01 0.100E+01
  1553. 0.200E+01 0.100E+01
  1553. 0.200E+01 0.100E+01
  1542. 0.200E+01 0.100E+01
  1542. 0.200E+01 0.100E+01
  1530. 0.200E+01 0.100E+01
  1530. 0.200E+01 0.100E+01
  1519. 0.200E+01 0.100E+01
  1519. 0.200E+01 0.100E+01
  1508. 0.200E+01 0.100E+01
  1508. 0.200E+01 0.100E+01
  1498. 0.200E+01 0.100E+01
  1498. 0.200E+01 0.100E+01
  1487. 0.200E+01 0.100E+01
  1487. 0.200E+01 0.100E+01
    N(J)/N  ION POPULATIONS
 z          1          2
 0.146D+12  0.100D+01  0.135D-26
 0.170D+12  0.100D+01  0.130D-26
 0.195D+12  0.100D+01  0.636D-27
 0.219D+12  0.100D+01  0.698D-27
 0.243D+12  0.100D+01  0.333D-27
 0.268D+12  0.100D+01  0.363D-27
 0.292D+12  0.100D+01  0.175D-27
 0.317D+12  0.100D+01  0.175D-27
 0.341D+12  0.100D+01  0.948D-28
 0.365D+12  0.100D+01  0.923D-28
 0.390D+12  0.100D+01  0.499D-28
 0.414D+12  0.100D+01  0.499D-28
 0.438D+12  0.100D+01  0.247D-28
 0.463D+12  0.100D+01  0.263D-28
 0.487D+12  0.100D+01  0.131D-28
 0.511D+12  0.100D+01  0.142D-28
 0.536D+12  0.100D+01  0.711D-29
 0.560D+12  0.100D+01  0.746D-29
 0.584D+12  0.100D+01  0.377D-29
 0.609D+12  0.100D+01  0.377D-29
 0.633D+12  0.100D+01  0.202D-29
 0.657D+12  0.100D+01  0.199D-29
 0.682D+12  0.100D+01  0.107D-29
 0.706D+12  0.100D+01  0.107D-29
 0.730D+12  0.100D+01  0.548D-30
 0.755D+12  0.100D+01  0.564D-30
 0.779D+12  0.100D+01  0.291D-30
 0.804D+12  0.100D+01  0.300D-30
 0.828D+12  0.100D+01  0.155D-30
 0.852D+12  0.100D+01  0.154D-30
 0.877D+12  0.100D+01  0.820D-31
 0.901D+12  0.100D+01  0.814D-31
 0.925D+12  0.100D+01  0.435D-31
 0.950D+12  0.100D+01  0.433D-31
 0.974D+12  0.100D+01  0.229D-31
 0.998D+12  0.100D+01  0.228D-31
 0.102D+13  0.100D+01  0.120D-31
 0.105D+13  0.100D+01  0.120D-31
 0.107D+13  0.100D+01  0.634D-32
 0.110D+13  0.100D+01  0.630D-32
 0.112D+13  0.100D+01  0.334D-32
 0.114D+13  0.100D+01  0.334D-32
 0.117D+13  0.100D+01  0.175D-32
 0.119D+13  0.100D+01  0.175D-32
 i   GR        GS        GW        
  1 0.617E+09 0.313E-04 0.853E-07
  2 0.617E+09 0.313E-04 0.853E-07
  3 0.617E+09 0.313E-04 0.853E-07
  4 0.617E+09 0.313E-04 0.853E-07
  5 0.617E+09 0.313E-04 0.853E-07
  6 0.617E+09 0.313E-04 0.853E-07
  7 0.617E+09 0.313E-04 0.853E-07
  8 0.617E+09 0.313E-04 0.853E-07
  9 0.617E+09 0.313E-04 0.853E-07
 10 0.617E+09 0.313E-04 0.853E-07
 11 0.617E+09 0.313E-04 0.853E-07
 12 0.617E+09 0.313E-04 0.853E-07
 13 0.617E+09 0.313E-04 0.853E-07
 14 0.617E+09 0.313E-04 0.853E-07
 15 0.617E+09 0.313E-04 0.853E-07
 16 0.617E+09 0.313E-04 0.853E-07
 17 0.617E+09 0.313E-04 0.853E-07
 18 0.617E+09 0.313E-04 0.853E-07
 19 0.617E+09 0.313E-04 0.853E-07
 20 0.617E+09 0.313E-04 0.853E-07
 21 0.617E+09 0.313E-04 0.853E-07
 22 0.617E+09 0.313E-04 0.853E-07
 23 0.617E+09 0.313E-04 0.853E-07
 24 0.617E+09 0.313E-04 0.853E-07
 25 0.617E+09 0.313E-04 0.853E-07
 26 0.617E+09 0.313E-04 0.853E-07
 27 0.617E+09 0.313E-04 0.853E-07
 28 0.617E+09 0.313E-04 0.853E-07
 29 0.617E+09 0.313E-04 0.853E-07
 30 0.617E+09 0.313E-04 0.853E-07
 31 0.617E+09 0.313E-04 0.853E-07
 32 0.617E+09 0.313E-04 0.853E-07
 33 0.617E+09 0.313E-04 0.853E-07
 34 0.617E+09 0.313E-04 0.853E-07
 35 0.617E+09 0.313E-04 0.853E-07
 36 0.617E+09 0.313E-04 0.853E-07
 37 0.617E+09 0.313E-04 0.853E-07
 38 0.617E+09 0.313E-04 0.853E-07
 39 0.617E+09 0.313E-04 0.853E-07
 40 0.617E+09 0.313E-04 0.853E-07
 41 0.617E+09 0.313E-04 0.853E-07
 42 0.617E+09 0.313E-04 0.853E-07
 43 0.617E+09 0.313E-04 0.853E-07
 44 0.617E+09 0.313E-04 0.853E-07
  ilin=           3
 PARTITION FUNCTIONS
 TEMP         1         2
  1735. 0.200E+01 0.100E+01
  1735. 0.200E+01 0.100E+01
  1720. 0.200E+01 0.100E+01
  1723. 0.200E+01 0.100E+01
  1708. 0.200E+01 0.100E+01
  1710. 0.200E+01 0.100E+01
  1696. 0.200E+01 0.100E+01
  1696. 0.200E+01 0.100E+01
  1684. 0.200E+01 0.100E+01
  1684. 0.200E+01 0.100E+01
  1672. 0.200E+01 0.100E+01
  1672. 0.200E+01 0.100E+01
  1658. 0.200E+01 0.100E+01
  1660. 0.200E+01 0.100E+01
  1646. 0.200E+01 0.100E+01
  1648. 0.200E+01 0.100E+01
  1635. 0.200E+01 0.100E+01
  1636. 0.200E+01 0.100E+01
  1623. 0.200E+01 0.100E+01
  1623. 0.200E+01 0.100E+01
  1611. 0.200E+01 0.100E+01
  1611. 0.200E+01 0.100E+01
  1599. 0.200E+01 0.100E+01
  1599. 0.200E+01 0.100E+01
  1587. 0.200E+01 0.100E+01
  1588. 0.200E+01 0.100E+01
  1576. 0.200E+01 0.100E+01
  1576. 0.200E+01 0.100E+01
  1564. 0.200E+01 0.100E+01
  1564. 0.200E+01 0.100E+01
  1553. 0.200E+01 0.100E+01
  1553. 0.200E+01 0.100E+01
  1542. 0.200E+01 0.100E+01
  1542. 0.200E+01 0.100E+01
  1530. 0.200E+01 0.100E+01
  1530. 0.200E+01 0.100E+01
  1519. 0.200E+01 0.100E+01
  1519. 0.200E+01 0.100E+01
  1508. 0.200E+01 0.100E+01
  1508. 0.200E+01 0.100E+01
  1498. 0.200E+01 0.100E+01
  1498. 0.200E+01 0.100E+01
  1487. 0.200E+01 0.100E+01
  1487. 0.200E+01 0.100E+01
    N(J)/N  ION POPULATIONS
 z          1          2
 0.146D+12  0.100D+01  0.135D-26
 0.170D+12  0.100D+01  0.130D-26
 0.195D+12  0.100D+01  0.636D-27
 0.219D+12  0.100D+01  0.698D-27
 0.243D+12  0.100D+01  0.333D-27
 0.268D+12  0.100D+01  0.363D-27
 0.292D+12  0.100D+01  0.175D-27
 0.317D+12  0.100D+01  0.175D-27
 0.341D+12  0.100D+01  0.948D-28
 0.365D+12  0.100D+01  0.923D-28
 0.390D+12  0.100D+01  0.499D-28
 0.414D+12  0.100D+01  0.499D-28
 0.438D+12  0.100D+01  0.247D-28
 0.463D+12  0.100D+01  0.263D-28
 0.487D+12  0.100D+01  0.131D-28
 0.511D+12  0.100D+01  0.142D-28
 0.536D+12  0.100D+01  0.711D-29
 0.560D+12  0.100D+01  0.746D-29
 0.584D+12  0.100D+01  0.377D-29
 0.609D+12  0.100D+01  0.377D-29
 0.633D+12  0.100D+01  0.202D-29
 0.657D+12  0.100D+01  0.199D-29
 0.682D+12  0.100D+01  0.107D-29
 0.706D+12  0.100D+01  0.107D-29
 0.730D+12  0.100D+01  0.548D-30
 0.755D+12  0.100D+01  0.564D-30
 0.779D+12  0.100D+01  0.291D-30
 0.804D+12  0.100D+01  0.300D-30
 0.828D+12  0.100D+01  0.155D-30
 0.852D+12  0.100D+01  0.154D-30
 0.877D+12  0.100D+01  0.820D-31
 0.901D+12  0.100D+01  0.814D-31
 0.925D+12  0.100D+01  0.435D-31
 0.950D+12  0.100D+01  0.433D-31
 0.974D+12  0.100D+01  0.229D-31
 0.998D+12  0.100D+01  0.228D-31
 0.102D+13  0.100D+01  0.120D-31
 0.105D+13  0.100D+01  0.120D-31
 0.107D+13  0.100D+01  0.634D-32
 0.110D+13  0.100D+01  0.630D-32
 0.112D+13  0.100D+01  0.334D-32
 0.114D+13  0.100D+01  0.334D-32
 0.117D+13  0.100D+01  0.175D-32
 0.119D+13  0.100D+01  0.175D-32
 i   GR        GS        GW        
  1 0.603E+09 0.103E-04 0.598E-07
  2 0.603E+09 0.103E-04 0.598E-07
  3 0.603E+09 0.103E-04 0.598E-07
  4 0.603E+09 0.103E-04 0.598E-07
  5 0.603E+09 0.103E-04 0.598E-07
  6 0.603E+09 0.103E-04 0.598E-07
  7 0.603E+09 0.103E-04 0.598E-07
  8 0.603E+09 0.103E-04 0.598E-07
  9 0.603E+09 0.103E-04 0.598E-07
 10 0.603E+09 0.103E-04 0.598E-07
 11 0.603E+09 0.103E-04 0.598E-07
 12 0.603E+09 0.103E-04 0.598E-07
 13 0.603E+09 0.103E-04 0.598E-07
 14 0.603E+09 0.103E-04 0.598E-07
 15 0.603E+09 0.103E-04 0.598E-07
 16 0.603E+09 0.103E-04 0.598E-07
 17 0.603E+09 0.103E-04 0.598E-07
 18 0.603E+09 0.103E-04 0.598E-07
 19 0.603E+09 0.103E-04 0.598E-07
 20 0.603E+09 0.103E-04 0.598E-07
 21 0.603E+09 0.103E-04 0.598E-07
 22 0.603E+09 0.103E-04 0.598E-07
 23 0.603E+09 0.103E-04 0.598E-07
 24 0.603E+09 0.103E-04 0.598E-07
 25 0.603E+09 0.103E-04 0.598E-07
 26 0.603E+09 0.103E-04 0.598E-07
 27 0.603E+09 0.103E-04 0.598E-07
 28 0.603E+09 0.103E-04 0.598E-07
 29 0.603E+09 0.103E-04 0.598E-07
 30 0.603E+09 0.103E-04 0.598E-07
 31 0.603E+09 0.103E-04 0.598E-07
 32 0.603E+09 0.103E-04 0.598E-07
 33 0.603E+09 0.103E-04 0.598E-07
 34 0.603E+09 0.103E-04 0.598E-07
 35 0.603E+09 0.103E-04 0.598E-07
 36 0.603E+09 0.103E-04 0.598E-07
 37 0.603E+09 0.103E-04 0.598E-07
 38 0.603E+09 0.103E-04 0.598E-07
 39 0.603E+09 0.103E-04 0.598E-07
 40 0.603E+09 0.103E-04 0.598E-07
 41 0.603E+09 0.103E-04 0.598E-07
 42 0.603E+09 0.103E-04 0.598E-07
 43 0.603E+09 0.103E-04 0.598E-07
 44 0.603E+09 0.103E-04 0.598E-07
  ilin=           4
 PARTITION FUNCTIONS
 TEMP         1         2
  1735. 0.200E+01 0.100E+01
  1735. 0.200E+01 0.100E+01
  1720. 0.200E+01 0.100E+01
  1723. 0.200E+01 0.100E+01
  1708. 0.200E+01 0.100E+01
  1710. 0.200E+01 0.100E+01
  1696. 0.200E+01 0.100E+01
  1696. 0.200E+01 0.100E+01
  1684. 0.200E+01 0.100E+01
  1684. 0.200E+01 0.100E+01
  1672. 0.200E+01 0.100E+01
  1672. 0.200E+01 0.100E+01
  1658. 0.200E+01 0.100E+01
  1660. 0.200E+01 0.100E+01
  1646. 0.200E+01 0.100E+01
  1648. 0.200E+01 0.100E+01
  1635. 0.200E+01 0.100E+01
  1636. 0.200E+01 0.100E+01
  1623. 0.200E+01 0.100E+01
  1623. 0.200E+01 0.100E+01
  1611. 0.200E+01 0.100E+01
  1611. 0.200E+01 0.100E+01
  1599. 0.200E+01 0.100E+01
  1599. 0.200E+01 0.100E+01
  1587. 0.200E+01 0.100E+01
  1588. 0.200E+01 0.100E+01
  1576. 0.200E+01 0.100E+01
  1576. 0.200E+01 0.100E+01
  1564. 0.200E+01 0.100E+01
  1564. 0.200E+01 0.100E+01
  1553. 0.200E+01 0.100E+01
  1553. 0.200E+01 0.100E+01
  1542. 0.200E+01 0.100E+01
  1542. 0.200E+01 0.100E+01
  1530. 0.200E+01 0.100E+01
  1530. 0.200E+01 0.100E+01
  1519. 0.200E+01 0.100E+01
  1519. 0.200E+01 0.100E+01
  1508. 0.200E+01 0.100E+01
  1508. 0.200E+01 0.100E+01
  1498. 0.200E+01 0.100E+01
  1498. 0.200E+01 0.100E+01
  1487. 0.200E+01 0.100E+01
  1487. 0.200E+01 0.100E+01
    N(J)/N  ION POPULATIONS
 z          1          2
 0.146D+12  0.100D+01  0.135D-26
 0.170D+12  0.100D+01  0.130D-26
 0.195D+12  0.100D+01  0.636D-27
 0.219D+12  0.100D+01  0.698D-27
 0.243D+12  0.100D+01  0.333D-27
 0.268D+12  0.100D+01  0.363D-27
 0.292D+12  0.100D+01  0.175D-27
 0.317D+12  0.100D+01  0.175D-27
 0.341D+12  0.100D+01  0.948D-28
 0.365D+12  0.100D+01  0.923D-28
 0.390D+12  0.100D+01  0.499D-28
 0.414D+12  0.100D+01  0.499D-28
 0.438D+12  0.100D+01  0.247D-28
 0.463D+12  0.100D+01  0.263D-28
 0.487D+12  0.100D+01  0.131D-28
 0.511D+12  0.100D+01  0.142D-28
 0.536D+12  0.100D+01  0.711D-29
 0.560D+12  0.100D+01  0.746D-29
 0.584D+12  0.100D+01  0.377D-29
 0.609D+12  0.100D+01  0.377D-29
 0.633D+12  0.100D+01  0.202D-29
 0.657D+12  0.100D+01  0.199D-29
 0.682D+12  0.100D+01  0.107D-29
 0.706D+12  0.100D+01  0.107D-29
 0.730D+12  0.100D+01  0.548D-30
 0.755D+12  0.100D+01  0.564D-30
 0.779D+12  0.100D+01  0.291D-30
 0.804D+12  0.100D+01  0.300D-30
 0.828D+12  0.100D+01  0.155D-30
 0.852D+12  0.100D+01  0.154D-30
 0.877D+12  0.100D+01  0.820D-31
 0.901D+12  0.100D+01  0.814D-31
 0.925D+12  0.100D+01  0.435D-31
 0.950D+12  0.100D+01  0.433D-31
 0.974D+12  0.100D+01  0.229D-31
 0.998D+12  0.100D+01  0.228D-31
 0.102D+13  0.100D+01  0.120D-31
 0.105D+13  0.100D+01  0.120D-31
 0.107D+13  0.100D+01  0.634D-32
 0.110D+13  0.100D+01  0.630D-32
 0.112D+13  0.100D+01  0.334D-32
 0.114D+13  0.100D+01  0.334D-32
 0.117D+13  0.100D+01  0.175D-32
 0.119D+13  0.100D+01  0.175D-32
 i   GR        GS        GW        
  1 0.575E+09 0.244E-05 0.377E-07
  2 0.575E+09 0.244E-05 0.377E-07
  3 0.575E+09 0.244E-05 0.377E-07
  4 0.575E+09 0.244E-05 0.377E-07
  5 0.575E+09 0.244E-05 0.377E-07
  6 0.575E+09 0.244E-05 0.377E-07
  7 0.575E+09 0.244E-05 0.377E-07
  8 0.575E+09 0.244E-05 0.377E-07
  9 0.575E+09 0.244E-05 0.377E-07
 10 0.575E+09 0.244E-05 0.377E-07
 11 0.575E+09 0.244E-05 0.377E-07
 12 0.575E+09 0.244E-05 0.377E-07
 13 0.575E+09 0.244E-05 0.377E-07
 14 0.575E+09 0.244E-05 0.377E-07
 15 0.575E+09 0.244E-05 0.377E-07
 16 0.575E+09 0.244E-05 0.377E-07
 17 0.575E+09 0.244E-05 0.377E-07
 18 0.575E+09 0.244E-05 0.377E-07
 19 0.575E+09 0.244E-05 0.377E-07
 20 0.575E+09 0.244E-05 0.377E-07
 21 0.575E+09 0.244E-05 0.377E-07
 22 0.575E+09 0.244E-05 0.377E-07
 23 0.575E+09 0.244E-05 0.377E-07
 24 0.575E+09 0.244E-05 0.377E-07
 25 0.575E+09 0.244E-05 0.377E-07
 26 0.575E+09 0.244E-05 0.377E-07
 27 0.575E+09 0.244E-05 0.377E-07
 28 0.575E+09 0.244E-05 0.377E-07
 29 0.575E+09 0.244E-05 0.377E-07
 30 0.575E+09 0.244E-05 0.377E-07
 31 0.575E+09 0.244E-05 0.377E-07
 32 0.575E+09 0.244E-05 0.377E-07
 33 0.575E+09 0.244E-05 0.377E-07
 34 0.575E+09 0.244E-05 0.377E-07
 35 0.575E+09 0.244E-05 0.377E-07
 36 0.575E+09 0.244E-05 0.377E-07
 37 0.575E+09 0.244E-05 0.377E-07
 38 0.575E+09 0.244E-05 0.377E-07
 39 0.575E+09 0.244E-05 0.377E-07
 40 0.575E+09 0.244E-05 0.377E-07
 41 0.575E+09 0.244E-05 0.377E-07
 42 0.575E+09 0.244E-05 0.377E-07
 43 0.575E+09 0.244E-05 0.377E-07
 44 0.575E+09 0.244E-05 0.377E-07
  iunt=           0  aintb=   0.0000000000000000     
  lambda=   21993.763085260802     
 id  ophbf     ophff     opth      ophrs     ophn      opmieb    opmiej    oplin     opmol
  1  9.38E-41  9.57E-14  2.75E-17  1.81E-17  4.97E-18  0.00E+00  0.00E+00  1.57E-38  0.00E+00
  2  9.66E-41  1.06E-13  2.87E-17  1.87E-17  5.33E-18  0.00E+00  0.00E+00  1.66E-38  0.00E+00
  3  3.99E-41  9.85E-14  2.63E-17  1.65E-17  4.30E-18  0.00E+00  0.00E+00  9.29E-39  0.00E+00
  4  4.83E-41  1.10E-13  2.77E-17  1.74E-17  4.78E-18  0.00E+00  0.00E+00  1.09E-38  0.00E+00
  5  2.05E-41  1.11E-13  2.62E-17  1.57E-17  4.06E-18  0.00E+00  0.00E+00  6.44E-39  0.00E+00
  6  2.45E-41  1.22E-13  2.75E-17  1.65E-17  4.48E-18  0.00E+00  0.00E+00  7.49E-39  0.00E+00
  7  1.03E-41  1.21E-13  2.57E-17  1.48E-17  3.75E-18  0.00E+00  0.00E+00  4.38E-39  0.00E+00
  8  1.03E-41  1.21E-13  2.57E-17  1.48E-17  3.75E-18  0.00E+00  0.00E+00  4.38E-39  0.00E+00
  9  5.00E-42  1.20E-13  2.42E-17  1.36E-17  3.22E-18  0.00E+00  0.00E+00  2.79E-39  0.00E+00
 10  5.12E-42  1.29E-13  2.48E-17  1.39E-17  3.39E-18  0.00E+00  0.00E+00  2.92E-39  0.00E+00
 11  2.44E-42  1.25E-13  2.31E-17  1.27E-17  2.87E-18  0.00E+00  0.00E+00  1.83E-39  0.00E+00
 12  2.44E-42  1.25E-13  2.31E-17  1.27E-17  2.87E-18  0.00E+00  0.00E+00  1.83E-39  0.00E+00
 13  1.03E-42  1.19E-13  2.12E-17  1.13E-17  2.34E-18  0.00E+00  0.00E+00  1.06E-39  0.00E+00
 14  1.17E-42  1.29E-13  2.19E-17  1.18E-17  2.51E-18  0.00E+00  0.00E+00  1.18E-39  0.00E+00
 15  4.93E-43  1.21E-13  1.99E-17  1.05E-17  2.02E-18  0.00E+00  0.00E+00  6.78E-40  0.00E+00
 16  5.44E-43  1.22E-13  2.02E-17  1.06E-17  2.08E-18  0.00E+00  0.00E+00  7.24E-40  0.00E+00
 17  2.29E-43  1.14E-13  1.82E-17  9.47E-18  1.67E-18  0.00E+00  0.00E+00  4.14E-40  0.00E+00
 18  2.54E-43  1.22E-13  1.88E-17  9.75E-18  1.77E-18  0.00E+00  0.00E+00  4.54E-40  0.00E+00
 19  1.07E-43  1.12E-13  1.69E-17  8.66E-18  1.41E-18  0.00E+00  0.00E+00  2.58E-40  0.00E+00
 20  1.07E-43  1.12E-13  1.69E-17  8.66E-18  1.41E-18  0.00E+00  0.00E+00  2.58E-40  0.00E+00
 21  4.83E-44  1.04E-13  1.53E-17  7.77E-18  1.14E-18  0.00E+00  0.00E+00  1.55E-40  0.00E+00
 22  4.90E-44  1.08E-13  1.55E-17  7.87E-18  1.17E-18  0.00E+00  0.00E+00  1.59E-40  0.00E+00
 23  2.19E-44  9.94E-14  1.40E-17  7.03E-18  9.41E-19  0.00E+00  0.00E+00  9.41E-41  0.00E+00
 24  2.19E-44  9.94E-14  1.40E-17  7.03E-18  9.41E-19  0.00E+00  0.00E+00  9.41E-41  0.00E+00
 25  9.23E-45  8.99E-14  1.25E-17  6.22E-18  7.39E-19  0.00E+00  0.00E+00  5.33E-41  0.00E+00
 26  9.84E-45  9.36E-14  1.27E-17  6.34E-18  7.68E-19  0.00E+00  0.00E+00  5.64E-41  0.00E+00
 27  4.14E-45  8.41E-14  1.13E-17  5.59E-18  5.99E-19  0.00E+00  0.00E+00  3.19E-41  0.00E+00
 28  4.32E-45  8.46E-14  1.14E-17  5.63E-18  6.07E-19  0.00E+00  0.00E+00  3.28E-41  0.00E+00
 29  1.82E-45  7.57E-14  1.01E-17  4.97E-18  4.73E-19  0.00E+00  0.00E+00  1.85E-41  0.00E+00
 30  1.84E-45  7.77E-14  1.02E-17  5.01E-18  4.81E-19  0.00E+00  0.00E+00  1.88E-41  0.00E+00
 31  8.00E-46  6.94E-14  9.07E-18  4.43E-18  3.77E-19  0.00E+00  0.00E+00  1.08E-41  0.00E+00
 32  8.06E-46  7.09E-14  9.14E-18  4.46E-18  3.83E-19  0.00E+00  0.00E+00  1.10E-41  0.00E+00
 33  3.46E-46  6.17E-14  8.05E-18  3.91E-18  2.94E-19  0.00E+00  0.00E+00  6.20E-42  0.00E+00
 34  3.48E-46  6.29E-14  8.10E-18  3.94E-18  2.98E-19  0.00E+00  0.00E+00  6.28E-42  0.00E+00
 35  1.49E-46  5.56E-14  7.16E-18  3.47E-18  2.31E-19  0.00E+00  0.00E+00  3.56E-42  0.00E+00
 36  1.50E-46  5.64E-14  7.20E-18  3.49E-18  2.34E-19  0.00E+00  0.00E+00  3.60E-42  0.00E+00
 37  6.31E-47  4.89E-14  6.32E-18  3.05E-18  1.78E-19  0.00E+00  0.00E+00  2.00E-42  0.00E+00
 38  6.36E-47  4.95E-14  6.35E-18  3.06E-18  1.80E-19  0.00E+00  0.00E+00  2.03E-42  0.00E+00
 39  2.70E-47  4.34E-14  5.59E-18  2.69E-18  1.39E-19  0.00E+00  0.00E+00  1.14E-42  0.00E+00
 40  2.69E-47  4.38E-14  5.60E-18  2.69E-18  1.39E-19  0.00E+00  0.00E+00  1.14E-42  0.00E+00
 41  1.14E-47  3.79E-14  4.91E-18  2.36E-18  1.06E-19  0.00E+00  0.00E+00  6.39E-43  0.00E+00
 42  1.14E-47  3.82E-14  4.93E-18  2.36E-18  1.07E-19  0.00E+00  0.00E+00  6.42E-43  0.00E+00
 43  4.80E-48  3.32E-14  4.32E-18  2.07E-18  8.17E-20  0.00E+00  0.00E+00  3.58E-43  0.00E+00
 44  4.80E-48  3.33E-14  4.33E-18  2.07E-18  8.19E-20  0.00E+00  0.00E+00  3.59E-43  0.00E+00
 id   opdep     contrib.f   aint 
 43  8.097E-04  3.756E-10  3.756E-10
 42  1.679E-03  4.093E-10  7.849E-10
 41  2.605E-03  4.429E-10  1.228E-09
 40  3.599E-03  4.826E-10  1.710E-09
 39  4.660E-03  5.227E-10  2.233E-09
 38  5.792E-03  5.658E-10  2.799E-09
 37  6.990E-03  6.080E-10  3.407E-09
 36  8.272E-03  6.601E-10  4.067E-09
 35  9.636E-03  7.123E-10  4.779E-09
 34  1.108E-02  7.646E-10  5.544E-09
 33  1.260E-02  8.157E-10  6.360E-09
 32  1.421E-02  8.803E-10  7.240E-09
 31  1.592E-02  9.442E-10  8.184E-09
 30  1.771E-02  1.004E-09  9.188E-09
 29  1.958E-02  1.061E-09  1.025E-08
 28  2.153E-02  1.125E-09  1.137E-08
 27  2.358E-02  1.200E-09  1.257E-08
 26  2.575E-02  1.281E-09  1.386E-08
 25  2.798E-02  1.340E-09  1.520E-08
 24  3.029E-02  1.400E-09  1.660E-08
 23  3.271E-02  1.491E-09  1.809E-08
 22  3.524E-02  1.577E-09  1.966E-08
 21  3.782E-02  1.632E-09  2.130E-08
 20  4.045E-02  1.682E-09  2.298E-08
 19  4.318E-02  1.767E-09  2.475E-08
 18  4.602E-02  1.867E-09  2.661E-08
 17  4.889E-02  1.906E-09  2.852E-08
 16  5.177E-02  1.937E-09  3.045E-08
 15  5.474E-02  2.014E-09  3.247E-08
 14  5.777E-02  2.089E-09  3.456E-08
 13  6.079E-02  2.101E-09  3.666E-08
 12  6.377E-02  2.098E-09  3.876E-08
 11  6.682E-02  2.179E-09  4.093E-08
 10  6.992E-02  2.231E-09  4.317E-08
  9  7.294E-02  2.205E-09  4.537E-08
  8  7.587E-02  2.159E-09  4.753E-08
  7  7.881E-02  2.193E-09  4.972E-08
  6  8.176E-02  2.237E-09  5.196E-08
  5  8.460E-02  2.167E-09  5.413E-08
  4  8.728E-02  2.074E-09  5.620E-08
  3  8.982E-02  1.982E-09  5.818E-08
  2  9.231E-02  1.967E-09  6.015E-08
  1  9.476E-02  1.967E-09  6.212E-08
 iunt+1  opdep   aintbt    aint
  1  9.476E-02  0.000E+00  6.212E-08
 id    opac2     emis2     bnu       bnud      ejnu1     ejnu2     sf2       az        vz
  1  9.57E-14  8.43E-20  8.80E-07  3.01E-09  2.10E-07  0.00E+00  8.80E-07  1.46E+11  6.39E+06
  2  1.06E-13  9.32E-20  8.80E-07  3.01E-09  2.09E-07  0.00E+00  8.80E-07  1.70E+11  6.57E+06
  3  9.86E-14  8.39E-20  8.52E-07  2.77E-09  2.09E-07  0.00E+00  8.51E-07  1.95E+11  6.63E+06
  4  1.10E-13  9.40E-20  8.57E-07  2.81E-09  2.08E-07  0.00E+00  8.56E-07  2.19E+11  6.87E+06
  5  1.11E-13  9.16E-20  8.29E-07  2.59E-09  2.08E-07  0.00E+00  8.28E-07  2.43E+11  7.11E+06
  6  1.22E-13  1.02E-19  8.33E-07  2.63E-09  2.07E-07  0.00E+00  8.33E-07  2.68E+11  7.34E+06
  7  1.21E-13  9.73E-20  8.06E-07  2.42E-09  2.07E-07  0.00E+00  8.06E-07  2.92E+11  7.58E+06
  8  1.21E-13  9.73E-20  8.06E-07  2.42E-09  2.06E-07  0.00E+00  8.06E-07  3.17E+11  7.58E+06
  9  1.20E-13  9.38E-20  7.84E-07  2.26E-09  2.05E-07  0.00E+00  7.84E-07  3.41E+11  7.86E+06
 10  1.29E-13  1.01E-19  7.84E-07  2.26E-09  2.05E-07  0.00E+00  7.84E-07  3.65E+11  8.05E+06
 11  1.25E-13  9.55E-20  7.62E-07  2.11E-09  2.04E-07  0.00E+00  7.62E-07  3.90E+11  8.33E+06
 12  1.25E-13  9.55E-20  7.62E-07  2.11E-09  2.03E-07  0.00E+00  7.62E-07  4.14E+11  8.33E+06
 13  1.19E-13  8.79E-20  7.37E-07  1.95E-09  2.02E-07  0.00E+00  7.37E-07  4.38E+11  8.56E+06
 14  1.29E-13  9.51E-20  7.40E-07  1.97E-09  0.00E+00  0.00E+00  7.40E-07  4.63E+11  8.79E+06
 15  1.21E-13  8.65E-20  7.16E-07  1.81E-09  0.00E+00  0.00E+00  7.16E-07  4.87E+11  9.01E+06
 16  1.22E-13  8.80E-20  7.19E-07  1.83E-09  0.00E+00  0.00E+00  7.19E-07  5.11E+11  9.06E+06
 17  1.14E-13  7.94E-20  6.95E-07  1.69E-09  0.00E+00  0.00E+00  6.95E-07  5.36E+11  9.28E+06
 18  1.22E-13  8.48E-20  6.98E-07  1.70E-09  0.00E+00  0.00E+00  6.98E-07  5.60E+11  9.51E+06
 19  1.12E-13  7.57E-20  6.75E-07  1.57E-09  0.00E+00  0.00E+00  6.75E-07  5.84E+11  9.72E+06
 20  1.12E-13  7.57E-20  6.75E-07  1.57E-09  0.00E+00  0.00E+00  6.75E-07  6.09E+11  9.72E+06
 21  1.04E-13  6.81E-20  6.55E-07  1.46E-09  0.00E+00  0.00E+00  6.55E-07  6.33E+11  9.98E+06
 22  1.08E-13  7.09E-20  6.55E-07  1.46E-09  0.00E+00  0.00E+00  6.55E-07  6.57E+11  1.02E+07
 23  9.94E-14  6.32E-20  6.36E-07  1.35E-09  0.00E+00  0.00E+00  6.36E-07  6.82E+11  1.04E+07
 24  9.94E-14  6.32E-20  6.36E-07  1.35E-09  0.00E+00  0.00E+00  6.36E-07  7.06E+11  1.04E+07
 25  8.99E-14  5.53E-20  6.15E-07  1.25E-09  0.00E+00  0.00E+00  6.15E-07  7.30E+11  1.06E+07
 26  9.37E-14  5.77E-20  6.17E-07  1.26E-09  0.00E+00  0.00E+00  6.17E-07  7.55E+11  1.08E+07
 27  8.41E-14  5.02E-20  5.97E-07  1.16E-09  0.00E+00  0.00E+00  5.97E-07  7.79E+11  1.10E+07
 28  8.47E-14  5.06E-20  5.98E-07  1.16E-09  0.00E+00  0.00E+00  5.98E-07  8.04E+11  1.11E+07
 29  7.57E-14  4.38E-20  5.79E-07  1.08E-09  0.00E+00  0.00E+00  5.79E-07  8.28E+11  1.12E+07
 30  7.77E-14  4.50E-20  5.79E-07  1.08E-09  0.00E+00  0.00E+00  5.79E-07  8.52E+11  1.14E+07
 31  6.94E-14  3.90E-20  5.61E-07  9.97E-10  0.00E+00  0.00E+00  5.61E-07  8.77E+11  1.16E+07
 32  7.09E-14  3.98E-20  5.61E-07  9.97E-10  0.00E+00  0.00E+00  5.61E-07  9.01E+11  1.18E+07
 33  6.17E-14  3.36E-20  5.44E-07  9.23E-10  0.00E+00  0.00E+00  5.44E-07  9.25E+11  1.19E+07
 34  6.29E-14  3.42E-20  5.44E-07  9.23E-10  0.00E+00  0.00E+00  5.44E-07  9.50E+11  1.20E+07
 35  5.56E-14  2.93E-20  5.27E-07  8.54E-10  0.00E+00  0.00E+00  5.27E-07  9.74E+11  1.22E+07
 36  5.64E-14  2.97E-20  5.27E-07  8.54E-10  0.00E+00  0.00E+00  5.27E-07  9.98E+11  1.24E+07
 37  4.89E-14  2.50E-20  5.11E-07  7.89E-10  0.00E+00  0.00E+00  5.11E-07  1.02E+12  1.24E+07
 38  4.96E-14  2.53E-20  5.11E-07  7.90E-10  0.00E+00  0.00E+00  5.11E-07  1.05E+12  1.26E+07
 39  4.34E-14  2.15E-20  4.95E-07  7.30E-10  0.00E+00  0.00E+00  4.95E-07  1.07E+12  1.28E+07
 40  4.38E-14  2.16E-20  4.95E-07  7.30E-10  0.00E+00  0.00E+00  4.95E-07  1.10E+12  1.30E+07
 41  3.79E-14  1.82E-20  4.79E-07  6.75E-10  0.00E+00  0.00E+00  4.79E-07  1.12E+12  1.29E+07
 42  3.82E-14  1.83E-20  4.79E-07  6.75E-10  0.00E+00  0.00E+00  4.79E-07  1.14E+12  1.31E+07
 43  3.32E-14  1.54E-20  4.64E-07  6.24E-10  0.00E+00  0.00E+00  4.64E-07  1.17E+12  3.53E+06
 44  3.33E-14  1.55E-20  4.64E-07  6.24E-10  0.00E+00  0.00E+00  4.64E-07  1.19E+12  3.53E+06
  max optical depth for this view angle
 is:   3.46E+00

