  Porbst[d]  istar  icomp
   0.0000000000000000                1           0
     xstar      ystar      zstar      vxst       vyst       vzst
  0.000E+00  0.000E+00  0.100E+01  0.000E+00 -0.226E+05  0.000E+00
     vrxcp      vrycp      vrzcp      vxcp       vycp       vzcp
  0.000E+00  0.000E+00  0.100E+01  0.000E+00  0.226E+07  0.000E+00
       xcp        ycp        zcp      
  0.150E+14  0.000E+00  0.000E+00
 inebl=1= pp-disk
 H_scale_in H_scale_out [Rsol] sound_out [km/s]
  4.61E+00  1.09E+01  2.28E+00
 Surfdens_in Surfdens_out [g/cm^2]
   8.04E+03   5.52E+03
  No. of sp. lines considered:           4
 elem= H   iat=  1 hmc=  1.0080 nion=  2 abund=0.100E+01
 elem= H   iat=  1 hmc=  1.0080 nion=  2 abund=0.100E+01
 elem= H   iat=  1 hmc=  1.0080 nion=  2 abund=0.100E+01
 elem= H   iat=  1 hmc=  1.0080 nion=  2 abund=0.100E+01
 abhyd=0.908 abhel=0.100 wm=0.130E+01
 nbod1= 121 nbod2= 121 nbod3= 121 nfreq=   2
 output for:  ionu=  1 ior= 40 iot= 40
i=  40.00  alpha=  50.40
  iunt=           0
  ivac1=          65 ivacn=         109  nivac=          45
 vel.  vx        vy        vz        dens      dustd     dustt
   1 -5.37E+06 -2.12E+07  9.11E+06  4.49E-09  0.00E+00  1.00E+03
   2 -5.37E+06 -2.12E+07  9.11E+06  4.49E-09  0.00E+00  1.00E+03
   3 -4.82E+06 -2.09E+07  9.85E+06  5.19E-09  0.00E+00  9.79E+02
   4 -4.95E+06 -2.06E+07  1.04E+07  5.89E-09  0.00E+00  9.79E+02
   5 -5.15E+06 -2.01E+07  1.10E+07  6.41E-09  0.00E+00  9.56E+02
   6 -4.39E+06 -2.03E+07  1.11E+07  6.43E-09  0.00E+00  9.58E+02
   7 -4.60E+06 -1.98E+07  1.16E+07  6.79E-09  0.00E+00  9.36E+02
   8 -3.93E+06 -1.96E+07  1.23E+07  7.30E-09  0.00E+00  9.37E+02
   9 -4.12E+06 -1.91E+07  1.28E+07  7.40E-09  0.00E+00  9.17E+02
  10 -4.12E+06 -1.91E+07  1.28E+07  7.40E-09  0.00E+00  9.17E+02
  11 -3.59E+06 -1.87E+07  1.33E+07  7.37E-09  0.00E+00  8.98E+02
  12 -3.62E+06 -1.83E+07  1.38E+07  7.58E-09  0.00E+00  8.98E+02
  13 -3.10E+06 -1.79E+07  1.43E+07  7.33E-09  0.00E+00  8.79E+02
  14  9.18E+06 -5.48E+06  4.60E+06  7.37E-09  0.00E+00  8.79E+02
  15  9.04E+06 -5.41E+06  4.54E+06  7.03E-09  0.00E+00  8.61E+02
  16  9.24E+06 -5.20E+06  4.37E+06  6.98E-09  0.00E+00  8.60E+02
  17 -2.76E+06 -1.67E+07  1.55E+07  6.58E-09  0.00E+00  8.44E+02
  18 -2.12E+06 -1.64E+07  1.59E+07  6.41E-09  0.00E+00  8.42E+02
  19 -2.29E+06 -1.64E+07  1.58E+07  6.14E-09  0.00E+00  8.27E+02
  20 -2.26E+06 -1.60E+07  1.62E+07  5.96E-09  0.00E+00  8.27E+02
  21 -1.82E+06 -1.56E+07  1.65E+07  5.50E-09  0.00E+00  8.10E+02
  22 -1.78E+06 -1.53E+07  1.69E+07  5.27E-09  0.00E+00  8.10E+02
  23 -1.41E+06 -1.53E+07  1.68E+07  5.07E-09  0.00E+00  7.94E+02
  24 -1.37E+06 -1.49E+07  1.71E+07  4.83E-09  0.00E+00  7.94E+02
  25 -9.83E+05 -1.46E+07  1.73E+07  4.42E-09  0.00E+00  7.78E+02
  26 -9.33E+05 -1.42E+07  1.76E+07  4.17E-09  0.00E+00  7.78E+02
  27 -1.13E+06 -1.43E+07  1.75E+07  4.07E-09  0.00E+00  7.65E+02
  28 -5.73E+05 -1.39E+07  1.78E+07  3.80E-09  0.00E+00  7.63E+02
  29 -7.25E+05 -1.36E+07  1.80E+07  3.49E-09  0.00E+00  7.51E+02
  30 -1.85E+05 -1.33E+07  1.82E+07  3.24E-09  0.00E+00  7.49E+02
  31 -3.40E+05 -1.30E+07  1.83E+07  2.96E-09  0.00E+00  7.37E+02
  32 -3.40E+05 -1.30E+07  1.83E+07  2.96E-09  0.00E+00  7.37E+02
  33 -3.48E+04 -1.27E+07  1.85E+07  2.71E-09  0.00E+00  7.23E+02
  34  2.34E+04 -1.24E+07  1.87E+07  2.50E-09  0.00E+00  7.23E+02
  35  3.05E+05 -1.22E+07  1.88E+07  2.29E-09  0.00E+00  7.10E+02
  36  3.05E+05 -1.22E+07  1.88E+07  2.29E-09  0.00E+00  7.10E+02
  37  1.52E+05 -1.19E+07  1.89E+07  2.10E-09  0.00E+00  7.00E+02
  38  6.22E+05 -1.16E+07  1.90E+07  1.93E-09  0.00E+00  6.98E+02
  39  4.68E+05 -1.14E+07  1.91E+07  1.78E-09  0.00E+00  6.88E+02
  40  8.62E+05 -1.14E+07  1.91E+07  1.78E-09  0.00E+00  6.85E+02
  41  7.06E+05 -1.12E+07  1.92E+07  1.64E-09  0.00E+00  6.76E+02
  42  1.14E+06 -1.09E+07  1.93E+07  1.50E-09  0.00E+00  6.74E+02
  43  9.81E+05 -1.07E+07  1.94E+07  1.39E-09  0.00E+00  6.65E+02
  44  9.81E+05 -1.07E+07  1.94E+07  1.39E-09  0.00E+00  6.65E+02
  45  1.18E+06 -1.05E+07  1.94E+07  1.29E-09  0.00E+00  6.54E+02
       akonc      ekonc      temp       az      mshade
   1  2.078E+15  2.752E+08  2.500E+03  1.623E+11  1
   2  2.078E+15  2.752E+08  2.500E+03  2.029E+11  1
   3  2.405E+15  3.002E+08  2.447E+03  2.435E+11  1
   4  2.731E+15  3.392E+08  2.447E+03  2.841E+11  0
   5  2.970E+15  3.603E+08  2.390E+03  3.247E+11  0
   6  2.977E+15  3.615E+08  2.395E+03  3.652E+11  0
   7  3.144E+15  3.779E+08  2.341E+03  4.058E+11  0
   8  3.383E+15  4.064E+08  2.343E+03  4.464E+11  0
   9  3.428E+15  4.095E+08  2.292E+03  4.870E+11  0
  10  3.428E+15  4.095E+08  2.292E+03  5.276E+11  0
  11  3.414E+15  4.059E+08  2.244E+03  5.682E+11  0
  12  3.511E+15  4.174E+08  2.244E+03  6.087E+11  0
  13  3.398E+15  4.015E+08  2.197E+03  6.493E+11  0
  14  3.416E+15  4.036E+08  2.197E+03  6.899E+11  0
  15  3.256E+15  3.816E+08  2.153E+03  7.305E+11  0
  16  3.234E+15  3.789E+08  2.151E+03  7.711E+11  0
  17  3.046E+15  3.527E+08  2.109E+03  8.116E+11  0
  18  2.968E+15  3.436E+08  2.106E+03  8.522E+11  0
  19  2.845E+15  3.234E+08  2.066E+03  8.928E+11  0
  20  2.761E+15  3.143E+08  2.066E+03  9.334E+11  0
  21  2.550E+15  2.828E+08  2.025E+03  9.740E+11  0
  22  2.440E+15  2.714E+08  2.025E+03  1.015E+12  0
  23  2.349E+15  2.509E+08  1.985E+03  1.055E+12  0
  24  2.237E+15  2.401E+08  1.985E+03  1.096E+12  0
  25  2.049E+15  2.091E+08  1.946E+03  1.136E+12  0
  26  1.930E+15  1.985E+08  1.946E+03  1.177E+12  0
  27  1.883E+15  1.818E+08  1.913E+03  1.217E+12  0
  28  1.762E+15  1.699E+08  1.908E+03  1.258E+12  0
  29  1.615E+15  1.455E+08  1.877E+03  1.299E+12  0
  30  1.499E+15  1.349E+08  1.872E+03  1.339E+12  0
  31  1.373E+15  1.140E+08  1.842E+03  1.380E+12  0
  32  1.373E+15  1.140E+08  1.842E+03  1.420E+12  0
  33  1.256E+15  9.297E+07  1.808E+03  1.461E+12  1
  34  1.159E+15  8.770E+07  1.808E+03  1.502E+12  1
  35  1.062E+15  7.049E+07  1.776E+03  1.542E+12  1
  36  1.062E+15  7.049E+07  1.776E+03  1.583E+12  1
  37  9.751E+14  5.771E+07  1.750E+03  1.623E+12  1
  38  8.948E+14  5.271E+07  1.744E+03  1.664E+12  1
  39  8.228E+14  4.286E+07  1.719E+03  1.704E+12  1
  40  8.239E+14  4.127E+07  1.713E+03  1.745E+12  1
  41  7.592E+14  3.333E+07  1.690E+03  1.786E+12  1
  42  6.954E+14  3.025E+07  1.684E+03  1.826E+12  1
  43  6.420E+14  2.433E+07  1.661E+03  1.867E+12  1
  44  6.420E+14  2.433E+07  1.661E+03  1.907E+12  1
  45  5.959E+14  1.864E+07  1.634E+03  1.948E+12  1
       AKONC      HI         H-         H2         HEI        HIPF       HIIPF
   1  2.078E+15  9.417E+14  7.153E+03  4.728E+14  1.887E+14  2.000E+00  1.000E+00
   2  2.078E+15  9.417E+14  7.153E+03  4.728E+14  1.887E+14  2.000E+00  1.000E+00
   3  2.405E+15  8.814E+14  8.129E+03  6.511E+14  2.184E+14  2.000E+00  1.000E+00
   4  2.731E+15  9.540E+14  9.942E+03  7.627E+14  2.479E+14  2.000E+00  1.000E+00
   5  2.970E+15  8.193E+14  1.023E+04  9.386E+14  2.696E+14  2.000E+00  1.000E+00
   6  2.977E+15  8.349E+14  1.035E+04  9.340E+14  2.703E+14  2.000E+00  1.000E+00
   7  3.144E+15  6.960E+14  1.016E+04  1.080E+15  2.855E+14  2.000E+00  1.000E+00
   8  3.383E+15  7.332E+14  1.145E+04  1.169E+15  3.071E+14  2.000E+00  1.000E+00
   9  3.428E+15  5.915E+14  1.046E+04  1.260E+15  3.112E+14  2.000E+00  1.000E+00
  10  3.428E+15  5.915E+14  1.046E+04  1.260E+15  3.112E+14  2.000E+00  1.000E+00
  11  3.414E+15  4.721E+14  9.275E+03  1.314E+15  3.100E+14  2.000E+00  1.000E+00
  12  3.511E+15  4.794E+14  9.683E+03  1.354E+15  3.188E+14  2.000E+00  1.000E+00
  13  3.398E+15  3.731E+14  8.137E+03  1.356E+15  3.085E+14  2.000E+00  1.000E+00
  14  3.416E+15  3.741E+14  8.202E+03  1.364E+15  3.101E+14  2.000E+00  1.000E+00
  15  3.256E+15  2.894E+14  6.712E+03  1.334E+15  2.957E+14  2.000E+00  1.000E+00
  16  3.234E+15  2.856E+14  6.606E+03  1.325E+15  2.936E+14  2.000E+00  1.000E+00
  17  3.046E+15  2.195E+14  5.279E+03  1.273E+15  2.766E+14  2.000E+00  1.000E+00
  18  2.968E+15  2.131E+14  5.031E+03  1.241E+15  2.695E+14  2.000E+00  1.000E+00
  19  2.845E+15  1.654E+14  4.097E+03  1.209E+15  2.583E+14  2.000E+00  1.000E+00
  20  2.761E+15  1.629E+14  3.920E+03  1.172E+15  2.507E+14  2.000E+00  1.000E+00
  21  2.550E+15  1.215E+14  2.958E+03  1.097E+15  2.316E+14  2.000E+00  1.000E+00
  22  2.440E+15  1.188E+14  2.775E+03  1.048E+15  2.216E+14  2.000E+00  1.000E+00
  23  2.349E+15  9.013E+13  2.190E+03  1.021E+15  2.133E+14  2.000E+00  1.000E+00
  24  2.237E+15  8.791E+13  2.044E+03  9.717E+14  2.031E+14  2.000E+00  1.000E+00
  25  2.049E+15  6.483E+13  1.477E+03  8.978E+14  1.860E+14  2.000E+00  1.000E+00
  26  1.930E+15  6.289E+13  1.360E+03  8.448E+14  1.752E+14  2.000E+00  1.000E+00
  27  1.883E+15  4.952E+13  1.086E+03  8.303E+14  1.710E+14  2.000E+00  1.000E+00
  28  1.762E+15  4.619E+13  9.623E+02  7.769E+14  1.600E+14  2.000E+00  1.000E+00
  29  1.615E+15  3.530E+13  6.967E+02  7.156E+14  1.467E+14  2.000E+00  1.000E+00
  30  1.499E+15  3.266E+13  6.082E+02  6.643E+14  1.361E+14  2.000E+00  1.000E+00
  31  1.373E+15  2.500E+13  4.345E+02  6.107E+14  1.246E+14  2.000E+00  1.000E+00
  32  1.373E+15  2.500E+13  4.345E+02  6.107E+14  1.246E+14  2.000E+00  1.000E+00
  33  1.256E+15  1.835E+13  2.923E+02  5.609E+14  1.140E+14  2.000E+00  1.000E+00
  34  1.159E+15  1.763E+13  2.648E+02  5.173E+14  1.052E+14  2.000E+00  1.000E+00
  35  1.062E+15  1.293E+13  1.754E+02  4.756E+14  9.641E+13  2.000E+00  1.000E+00
  36  1.062E+15  1.293E+13  1.754E+02  4.756E+14  9.641E+13  2.000E+00  1.000E+00
  37  9.751E+14  9.968E+12  1.218E+02  4.377E+14  8.854E+13  2.000E+00  1.000E+00
  38  8.948E+14  9.087E+12  1.036E+02  4.017E+14  8.125E+13  2.000E+00  1.000E+00
  39  8.228E+14  7.025E+12  7.150E+01  3.700E+14  7.471E+13  2.000E+00  1.000E+00
  40  8.239E+14  6.672E+12  6.688E+01  3.707E+14  7.481E+13  2.000E+00  1.000E+00
  41  7.592E+14  5.175E+12  4.594E+01  3.421E+14  6.894E+13  2.000E+00  1.000E+00
  42  6.954E+14  4.686E+12  3.867E+01  3.134E+14  6.314E+13  2.000E+00  1.000E+00
  43  6.420E+14  3.647E+12  2.651E+01  2.896E+14  5.829E+13  2.000E+00  1.000E+00
  44  6.420E+14  3.647E+12  2.651E+01  2.896E+14  5.829E+13  2.000E+00  1.000E+00
  45  5.959E+14  2.692E+12  1.680E+01  2.692E+14  5.411E+13  2.000E+00  1.000E+00
  ilin=           1
 PARTITION FUNCTIONS
 TEMP         1         2
  2500. 0.200E+01 0.100E+01
  2500. 0.200E+01 0.100E+01
  2447. 0.200E+01 0.100E+01
  2447. 0.200E+01 0.100E+01
  2390. 0.200E+01 0.100E+01
  2395. 0.200E+01 0.100E+01
  2341. 0.200E+01 0.100E+01
  2343. 0.200E+01 0.100E+01
  2292. 0.200E+01 0.100E+01
  2292. 0.200E+01 0.100E+01
  2244. 0.200E+01 0.100E+01
  2244. 0.200E+01 0.100E+01
  2197. 0.200E+01 0.100E+01
  2197. 0.200E+01 0.100E+01
  2153. 0.200E+01 0.100E+01
  2151. 0.200E+01 0.100E+01
  2109. 0.200E+01 0.100E+01
  2106. 0.200E+01 0.100E+01
  2066. 0.200E+01 0.100E+01
  2066. 0.200E+01 0.100E+01
  2025. 0.200E+01 0.100E+01
  2025. 0.200E+01 0.100E+01
  1985. 0.200E+01 0.100E+01
  1985. 0.200E+01 0.100E+01
  1946. 0.200E+01 0.100E+01
  1946. 0.200E+01 0.100E+01
  1913. 0.200E+01 0.100E+01
  1908. 0.200E+01 0.100E+01
  1877. 0.200E+01 0.100E+01
  1872. 0.200E+01 0.100E+01
  1842. 0.200E+01 0.100E+01
  1842. 0.200E+01 0.100E+01
  1808. 0.200E+01 0.100E+01
  1808. 0.200E+01 0.100E+01
  1776. 0.200E+01 0.100E+01
  1776. 0.200E+01 0.100E+01
  1750. 0.200E+01 0.100E+01
  1744. 0.200E+01 0.100E+01
  1719. 0.200E+01 0.100E+01
  1713. 0.200E+01 0.100E+01
  1690. 0.200E+01 0.100E+01
  1684. 0.200E+01 0.100E+01
  1661. 0.200E+01 0.100E+01
  1661. 0.200E+01 0.100E+01
  1634. 0.200E+01 0.100E+01
    N(J)/N  ION POPULATIONS
 z          1          2
 0.162D+12  0.100D+01  0.426D-15
 0.203D+12  0.100D+01  0.426D-15
 0.243D+12  0.100D+01  0.977D-16
 0.284D+12  0.100D+01  0.864D-16
 0.325D+12  0.100D+01  0.170D-16
 0.365D+12  0.100D+01  0.193D-16
 0.406D+12  0.100D+01  0.389D-17
 0.446D+12  0.100D+01  0.389D-17
 0.487D+12  0.100D+01  0.825D-18
 0.528D+12  0.100D+01  0.825D-18
 0.568D+12  0.100D+01  0.184D-18
 0.609D+12  0.100D+01  0.179D-18
 0.649D+12  0.100D+01  0.400D-19
 0.690D+12  0.100D+01  0.398D-19
 0.730D+12  0.100D+01  0.939D-20
 0.771D+12  0.100D+01  0.887D-20
 0.812D+12  0.100D+01  0.216D-20
 0.852D+12  0.100D+01  0.200D-20
 0.893D+12  0.100D+01  0.488D-21
 0.933D+12  0.100D+01  0.503D-21
 0.974D+12  0.100D+01  0.114D-21
 0.101D+13  0.100D+01  0.119D-21
 0.106D+13  0.100D+01  0.257D-22
 0.110D+13  0.100D+01  0.269D-22
 0.114D+13  0.100D+01  0.611D-23
 0.118D+13  0.100D+01  0.644D-23
 0.122D+13  0.100D+01  0.172D-23
 0.126D+13  0.100D+01  0.147D-23
 0.130D+13  0.100D+01  0.428D-24
 0.134D+13  0.100D+01  0.361D-24
 0.138D+13  0.100D+01  0.108D-24
 0.142D+13  0.100D+01  0.108D-24
 0.146D+13  0.100D+01  0.259D-25
 0.150D+13  0.100D+01  0.275D-25
 0.154D+13  0.100D+01  0.667D-26
 0.158D+13  0.100D+01  0.667D-26
 0.162D+13  0.100D+01  0.214D-26
 0.166D+13  0.100D+01  0.173D-26
 0.170D+13  0.100D+01  0.569D-27
 0.175D+13  0.100D+01  0.429D-27
 0.179D+13  0.100D+01  0.144D-27
 0.183D+13  0.100D+01  0.113D-27
 0.187D+13  0.100D+01  0.387D-28
 0.191D+13  0.100D+01  0.387D-28
 0.195D+13  0.100D+01  0.990D-29
 i   GR        GS        GW        
  1 0.617E+09 0.313E-04 0.853E-07
  2 0.617E+09 0.313E-04 0.853E-07
  3 0.617E+09 0.313E-04 0.853E-07
  4 0.617E+09 0.313E-04 0.853E-07
  5 0.617E+09 0.313E-04 0.853E-07
  6 0.617E+09 0.313E-04 0.853E-07
  7 0.617E+09 0.313E-04 0.853E-07
  8 0.617E+09 0.313E-04 0.853E-07
  9 0.617E+09 0.313E-04 0.853E-07
 10 0.617E+09 0.313E-04 0.853E-07
 11 0.617E+09 0.313E-04 0.853E-07
 12 0.617E+09 0.313E-04 0.853E-07
 13 0.617E+09 0.313E-04 0.853E-07
 14 0.617E+09 0.313E-04 0.853E-07
 15 0.617E+09 0.313E-04 0.853E-07
 16 0.617E+09 0.313E-04 0.853E-07
 17 0.617E+09 0.313E-04 0.853E-07
 18 0.617E+09 0.313E-04 0.853E-07
 19 0.617E+09 0.313E-04 0.853E-07
 20 0.617E+09 0.313E-04 0.853E-07
 21 0.617E+09 0.313E-04 0.853E-07
 22 0.617E+09 0.313E-04 0.853E-07
 23 0.617E+09 0.313E-04 0.853E-07
 24 0.617E+09 0.313E-04 0.853E-07
 25 0.617E+09 0.313E-04 0.853E-07
 26 0.617E+09 0.313E-04 0.853E-07
 27 0.617E+09 0.313E-04 0.853E-07
 28 0.617E+09 0.313E-04 0.853E-07
 29 0.617E+09 0.313E-04 0.853E-07
 30 0.617E+09 0.313E-04 0.853E-07
 31 0.617E+09 0.313E-04 0.853E-07
 32 0.617E+09 0.313E-04 0.853E-07
 33 0.617E+09 0.313E-04 0.853E-07
 34 0.617E+09 0.313E-04 0.853E-07
 35 0.617E+09 0.313E-04 0.853E-07
 36 0.617E+09 0.313E-04 0.853E-07
 37 0.617E+09 0.313E-04 0.853E-07
 38 0.617E+09 0.313E-04 0.853E-07
 39 0.617E+09 0.313E-04 0.853E-07
 40 0.617E+09 0.313E-04 0.853E-07
 41 0.617E+09 0.313E-04 0.853E-07
 42 0.617E+09 0.313E-04 0.853E-07
 43 0.617E+09 0.313E-04 0.853E-07
 44 0.617E+09 0.313E-04 0.853E-07
 45 0.617E+09 0.313E-04 0.853E-07
  ilin=           2
 PARTITION FUNCTIONS
 TEMP         1         2
  2500. 0.200E+01 0.100E+01
  2500. 0.200E+01 0.100E+01
  2447. 0.200E+01 0.100E+01
  2447. 0.200E+01 0.100E+01
  2390. 0.200E+01 0.100E+01
  2395. 0.200E+01 0.100E+01
  2341. 0.200E+01 0.100E+01
  2343. 0.200E+01 0.100E+01
  2292. 0.200E+01 0.100E+01
  2292. 0.200E+01 0.100E+01
  2244. 0.200E+01 0.100E+01
  2244. 0.200E+01 0.100E+01
  2197. 0.200E+01 0.100E+01
  2197. 0.200E+01 0.100E+01
  2153. 0.200E+01 0.100E+01
  2151. 0.200E+01 0.100E+01
  2109. 0.200E+01 0.100E+01
  2106. 0.200E+01 0.100E+01
  2066. 0.200E+01 0.100E+01
  2066. 0.200E+01 0.100E+01
  2025. 0.200E+01 0.100E+01
  2025. 0.200E+01 0.100E+01
  1985. 0.200E+01 0.100E+01
  1985. 0.200E+01 0.100E+01
  1946. 0.200E+01 0.100E+01
  1946. 0.200E+01 0.100E+01
  1913. 0.200E+01 0.100E+01
  1908. 0.200E+01 0.100E+01
  1877. 0.200E+01 0.100E+01
  1872. 0.200E+01 0.100E+01
  1842. 0.200E+01 0.100E+01
  1842. 0.200E+01 0.100E+01
  1808. 0.200E+01 0.100E+01
  1808. 0.200E+01 0.100E+01
  1776. 0.200E+01 0.100E+01
  1776. 0.200E+01 0.100E+01
  1750. 0.200E+01 0.100E+01
  1744. 0.200E+01 0.100E+01
  1719. 0.200E+01 0.100E+01
  1713. 0.200E+01 0.100E+01
  1690. 0.200E+01 0.100E+01
  1684. 0.200E+01 0.100E+01
  1661. 0.200E+01 0.100E+01
  1661. 0.200E+01 0.100E+01
  1634. 0.200E+01 0.100E+01
    N(J)/N  ION POPULATIONS
 z          1          2
 0.162D+12  0.100D+01  0.426D-15
 0.203D+12  0.100D+01  0.426D-15
 0.243D+12  0.100D+01  0.977D-16
 0.284D+12  0.100D+01  0.864D-16
 0.325D+12  0.100D+01  0.170D-16
 0.365D+12  0.100D+01  0.193D-16
 0.406D+12  0.100D+01  0.389D-17
 0.446D+12  0.100D+01  0.389D-17
 0.487D+12  0.100D+01  0.825D-18
 0.528D+12  0.100D+01  0.825D-18
 0.568D+12  0.100D+01  0.184D-18
 0.609D+12  0.100D+01  0.179D-18
 0.649D+12  0.100D+01  0.400D-19
 0.690D+12  0.100D+01  0.398D-19
 0.730D+12  0.100D+01  0.939D-20
 0.771D+12  0.100D+01  0.887D-20
 0.812D+12  0.100D+01  0.216D-20
 0.852D+12  0.100D+01  0.200D-20
 0.893D+12  0.100D+01  0.488D-21
 0.933D+12  0.100D+01  0.503D-21
 0.974D+12  0.100D+01  0.114D-21
 0.101D+13  0.100D+01  0.119D-21
 0.106D+13  0.100D+01  0.257D-22
 0.110D+13  0.100D+01  0.269D-22
 0.114D+13  0.100D+01  0.611D-23
 0.118D+13  0.100D+01  0.644D-23
 0.122D+13  0.100D+01  0.172D-23
 0.126D+13  0.100D+01  0.147D-23
 0.130D+13  0.100D+01  0.428D-24
 0.134D+13  0.100D+01  0.361D-24
 0.138D+13  0.100D+01  0.108D-24
 0.142D+13  0.100D+01  0.108D-24
 0.146D+13  0.100D+01  0.259D-25
 0.150D+13  0.100D+01  0.275D-25
 0.154D+13  0.100D+01  0.667D-26
 0.158D+13  0.100D+01  0.667D-26
 0.162D+13  0.100D+01  0.214D-26
 0.166D+13  0.100D+01  0.173D-26
 0.170D+13  0.100D+01  0.569D-27
 0.175D+13  0.100D+01  0.429D-27
 0.179D+13  0.100D+01  0.144D-27
 0.183D+13  0.100D+01  0.113D-27
 0.187D+13  0.100D+01  0.387D-28
 0.191D+13  0.100D+01  0.387D-28
 0.195D+13  0.100D+01  0.990D-29
 i   GR        GS        GW        
  1 0.617E+09 0.313E-04 0.853E-07
  2 0.617E+09 0.313E-04 0.853E-07
  3 0.617E+09 0.313E-04 0.853E-07
  4 0.617E+09 0.313E-04 0.853E-07
  5 0.617E+09 0.313E-04 0.853E-07
  6 0.617E+09 0.313E-04 0.853E-07
  7 0.617E+09 0.313E-04 0.853E-07
  8 0.617E+09 0.313E-04 0.853E-07
  9 0.617E+09 0.313E-04 0.853E-07
 10 0.617E+09 0.313E-04 0.853E-07
 11 0.617E+09 0.313E-04 0.853E-07
 12 0.617E+09 0.313E-04 0.853E-07
 13 0.617E+09 0.313E-04 0.853E-07
 14 0.617E+09 0.313E-04 0.853E-07
 15 0.617E+09 0.313E-04 0.853E-07
 16 0.617E+09 0.313E-04 0.853E-07
 17 0.617E+09 0.313E-04 0.853E-07
 18 0.617E+09 0.313E-04 0.853E-07
 19 0.617E+09 0.313E-04 0.853E-07
 20 0.617E+09 0.313E-04 0.853E-07
 21 0.617E+09 0.313E-04 0.853E-07
 22 0.617E+09 0.313E-04 0.853E-07
 23 0.617E+09 0.313E-04 0.853E-07
 24 0.617E+09 0.313E-04 0.853E-07
 25 0.617E+09 0.313E-04 0.853E-07
 26 0.617E+09 0.313E-04 0.853E-07
 27 0.617E+09 0.313E-04 0.853E-07
 28 0.617E+09 0.313E-04 0.853E-07
 29 0.617E+09 0.313E-04 0.853E-07
 30 0.617E+09 0.313E-04 0.853E-07
 31 0.617E+09 0.313E-04 0.853E-07
 32 0.617E+09 0.313E-04 0.853E-07
 33 0.617E+09 0.313E-04 0.853E-07
 34 0.617E+09 0.313E-04 0.853E-07
 35 0.617E+09 0.313E-04 0.853E-07
 36 0.617E+09 0.313E-04 0.853E-07
 37 0.617E+09 0.313E-04 0.853E-07
 38 0.617E+09 0.313E-04 0.853E-07
 39 0.617E+09 0.313E-04 0.853E-07
 40 0.617E+09 0.313E-04 0.853E-07
 41 0.617E+09 0.313E-04 0.853E-07
 42 0.617E+09 0.313E-04 0.853E-07
 43 0.617E+09 0.313E-04 0.853E-07
 44 0.617E+09 0.313E-04 0.853E-07
 45 0.617E+09 0.313E-04 0.853E-07
  ilin=           3
 PARTITION FUNCTIONS
 TEMP         1         2
  2500. 0.200E+01 0.100E+01
  2500. 0.200E+01 0.100E+01
  2447. 0.200E+01 0.100E+01
  2447. 0.200E+01 0.100E+01
  2390. 0.200E+01 0.100E+01
  2395. 0.200E+01 0.100E+01
  2341. 0.200E+01 0.100E+01
  2343. 0.200E+01 0.100E+01
  2292. 0.200E+01 0.100E+01
  2292. 0.200E+01 0.100E+01
  2244. 0.200E+01 0.100E+01
  2244. 0.200E+01 0.100E+01
  2197. 0.200E+01 0.100E+01
  2197. 0.200E+01 0.100E+01
  2153. 0.200E+01 0.100E+01
  2151. 0.200E+01 0.100E+01
  2109. 0.200E+01 0.100E+01
  2106. 0.200E+01 0.100E+01
  2066. 0.200E+01 0.100E+01
  2066. 0.200E+01 0.100E+01
  2025. 0.200E+01 0.100E+01
  2025. 0.200E+01 0.100E+01
  1985. 0.200E+01 0.100E+01
  1985. 0.200E+01 0.100E+01
  1946. 0.200E+01 0.100E+01
  1946. 0.200E+01 0.100E+01
  1913. 0.200E+01 0.100E+01
  1908. 0.200E+01 0.100E+01
  1877. 0.200E+01 0.100E+01
  1872. 0.200E+01 0.100E+01
  1842. 0.200E+01 0.100E+01
  1842. 0.200E+01 0.100E+01
  1808. 0.200E+01 0.100E+01
  1808. 0.200E+01 0.100E+01
  1776. 0.200E+01 0.100E+01
  1776. 0.200E+01 0.100E+01
  1750. 0.200E+01 0.100E+01
  1744. 0.200E+01 0.100E+01
  1719. 0.200E+01 0.100E+01
  1713. 0.200E+01 0.100E+01
  1690. 0.200E+01 0.100E+01
  1684. 0.200E+01 0.100E+01
  1661. 0.200E+01 0.100E+01
  1661. 0.200E+01 0.100E+01
  1634. 0.200E+01 0.100E+01
    N(J)/N  ION POPULATIONS
 z          1          2
 0.162D+12  0.100D+01  0.426D-15
 0.203D+12  0.100D+01  0.426D-15
 0.243D+12  0.100D+01  0.977D-16
 0.284D+12  0.100D+01  0.864D-16
 0.325D+12  0.100D+01  0.170D-16
 0.365D+12  0.100D+01  0.193D-16
 0.406D+12  0.100D+01  0.389D-17
 0.446D+12  0.100D+01  0.389D-17
 0.487D+12  0.100D+01  0.825D-18
 0.528D+12  0.100D+01  0.825D-18
 0.568D+12  0.100D+01  0.184D-18
 0.609D+12  0.100D+01  0.179D-18
 0.649D+12  0.100D+01  0.400D-19
 0.690D+12  0.100D+01  0.398D-19
 0.730D+12  0.100D+01  0.939D-20
 0.771D+12  0.100D+01  0.887D-20
 0.812D+12  0.100D+01  0.216D-20
 0.852D+12  0.100D+01  0.200D-20
 0.893D+12  0.100D+01  0.488D-21
 0.933D+12  0.100D+01  0.503D-21
 0.974D+12  0.100D+01  0.114D-21
 0.101D+13  0.100D+01  0.119D-21
 0.106D+13  0.100D+01  0.257D-22
 0.110D+13  0.100D+01  0.269D-22
 0.114D+13  0.100D+01  0.611D-23
 0.118D+13  0.100D+01  0.644D-23
 0.122D+13  0.100D+01  0.172D-23
 0.126D+13  0.100D+01  0.147D-23
 0.130D+13  0.100D+01  0.428D-24
 0.134D+13  0.100D+01  0.361D-24
 0.138D+13  0.100D+01  0.108D-24
 0.142D+13  0.100D+01  0.108D-24
 0.146D+13  0.100D+01  0.259D-25
 0.150D+13  0.100D+01  0.275D-25
 0.154D+13  0.100D+01  0.667D-26
 0.158D+13  0.100D+01  0.667D-26
 0.162D+13  0.100D+01  0.214D-26
 0.166D+13  0.100D+01  0.173D-26
 0.170D+13  0.100D+01  0.569D-27
 0.175D+13  0.100D+01  0.429D-27
 0.179D+13  0.100D+01  0.144D-27
 0.183D+13  0.100D+01  0.113D-27
 0.187D+13  0.100D+01  0.387D-28
 0.191D+13  0.100D+01  0.387D-28
 0.195D+13  0.100D+01  0.990D-29
 i   GR        GS        GW        
  1 0.603E+09 0.103E-04 0.598E-07
  2 0.603E+09 0.103E-04 0.598E-07
  3 0.603E+09 0.103E-04 0.598E-07
  4 0.603E+09 0.103E-04 0.598E-07
  5 0.603E+09 0.103E-04 0.598E-07
  6 0.603E+09 0.103E-04 0.598E-07
  7 0.603E+09 0.103E-04 0.598E-07
  8 0.603E+09 0.103E-04 0.598E-07
  9 0.603E+09 0.103E-04 0.598E-07
 10 0.603E+09 0.103E-04 0.598E-07
 11 0.603E+09 0.103E-04 0.598E-07
 12 0.603E+09 0.103E-04 0.598E-07
 13 0.603E+09 0.103E-04 0.598E-07
 14 0.603E+09 0.103E-04 0.598E-07
 15 0.603E+09 0.103E-04 0.598E-07
 16 0.603E+09 0.103E-04 0.598E-07
 17 0.603E+09 0.103E-04 0.598E-07
 18 0.603E+09 0.103E-04 0.598E-07
 19 0.603E+09 0.103E-04 0.598E-07
 20 0.603E+09 0.103E-04 0.598E-07
 21 0.603E+09 0.103E-04 0.598E-07
 22 0.603E+09 0.103E-04 0.598E-07
 23 0.603E+09 0.103E-04 0.598E-07
 24 0.603E+09 0.103E-04 0.598E-07
 25 0.603E+09 0.103E-04 0.598E-07
 26 0.603E+09 0.103E-04 0.598E-07
 27 0.603E+09 0.103E-04 0.598E-07
 28 0.603E+09 0.103E-04 0.598E-07
 29 0.603E+09 0.103E-04 0.598E-07
 30 0.603E+09 0.103E-04 0.598E-07
 31 0.603E+09 0.103E-04 0.598E-07
 32 0.603E+09 0.103E-04 0.598E-07
 33 0.603E+09 0.103E-04 0.598E-07
 34 0.603E+09 0.103E-04 0.598E-07
 35 0.603E+09 0.103E-04 0.598E-07
 36 0.603E+09 0.103E-04 0.598E-07
 37 0.603E+09 0.103E-04 0.598E-07
 38 0.603E+09 0.103E-04 0.598E-07
 39 0.603E+09 0.103E-04 0.598E-07
 40 0.603E+09 0.103E-04 0.598E-07
 41 0.603E+09 0.103E-04 0.598E-07
 42 0.603E+09 0.103E-04 0.598E-07
 43 0.603E+09 0.103E-04 0.598E-07
 44 0.603E+09 0.103E-04 0.598E-07
 45 0.603E+09 0.103E-04 0.598E-07
  ilin=           4
 PARTITION FUNCTIONS
 TEMP         1         2
  2500. 0.200E+01 0.100E+01
  2500. 0.200E+01 0.100E+01
  2447. 0.200E+01 0.100E+01
  2447. 0.200E+01 0.100E+01
  2390. 0.200E+01 0.100E+01
  2395. 0.200E+01 0.100E+01
  2341. 0.200E+01 0.100E+01
  2343. 0.200E+01 0.100E+01
  2292. 0.200E+01 0.100E+01
  2292. 0.200E+01 0.100E+01
  2244. 0.200E+01 0.100E+01
  2244. 0.200E+01 0.100E+01
  2197. 0.200E+01 0.100E+01
  2197. 0.200E+01 0.100E+01
  2153. 0.200E+01 0.100E+01
  2151. 0.200E+01 0.100E+01
  2109. 0.200E+01 0.100E+01
  2106. 0.200E+01 0.100E+01
  2066. 0.200E+01 0.100E+01
  2066. 0.200E+01 0.100E+01
  2025. 0.200E+01 0.100E+01
  2025. 0.200E+01 0.100E+01
  1985. 0.200E+01 0.100E+01
  1985. 0.200E+01 0.100E+01
  1946. 0.200E+01 0.100E+01
  1946. 0.200E+01 0.100E+01
  1913. 0.200E+01 0.100E+01
  1908. 0.200E+01 0.100E+01
  1877. 0.200E+01 0.100E+01
  1872. 0.200E+01 0.100E+01
  1842. 0.200E+01 0.100E+01
  1842. 0.200E+01 0.100E+01
  1808. 0.200E+01 0.100E+01
  1808. 0.200E+01 0.100E+01
  1776. 0.200E+01 0.100E+01
  1776. 0.200E+01 0.100E+01
  1750. 0.200E+01 0.100E+01
  1744. 0.200E+01 0.100E+01
  1719. 0.200E+01 0.100E+01
  1713. 0.200E+01 0.100E+01
  1690. 0.200E+01 0.100E+01
  1684. 0.200E+01 0.100E+01
  1661. 0.200E+01 0.100E+01
  1661. 0.200E+01 0.100E+01
  1634. 0.200E+01 0.100E+01
    N(J)/N  ION POPULATIONS
 z          1          2
 0.162D+12  0.100D+01  0.426D-15
 0.203D+12  0.100D+01  0.426D-15
 0.243D+12  0.100D+01  0.977D-16
 0.284D+12  0.100D+01  0.864D-16
 0.325D+12  0.100D+01  0.170D-16
 0.365D+12  0.100D+01  0.193D-16
 0.406D+12  0.100D+01  0.389D-17
 0.446D+12  0.100D+01  0.389D-17
 0.487D+12  0.100D+01  0.825D-18
 0.528D+12  0.100D+01  0.825D-18
 0.568D+12  0.100D+01  0.184D-18
 0.609D+12  0.100D+01  0.179D-18
 0.649D+12  0.100D+01  0.400D-19
 0.690D+12  0.100D+01  0.398D-19
 0.730D+12  0.100D+01  0.939D-20
 0.771D+12  0.100D+01  0.887D-20
 0.812D+12  0.100D+01  0.216D-20
 0.852D+12  0.100D+01  0.200D-20
 0.893D+12  0.100D+01  0.488D-21
 0.933D+12  0.100D+01  0.503D-21
 0.974D+12  0.100D+01  0.114D-21
 0.101D+13  0.100D+01  0.119D-21
 0.106D+13  0.100D+01  0.257D-22
 0.110D+13  0.100D+01  0.269D-22
 0.114D+13  0.100D+01  0.611D-23
 0.118D+13  0.100D+01  0.644D-23
 0.122D+13  0.100D+01  0.172D-23
 0.126D+13  0.100D+01  0.147D-23
 0.130D+13  0.100D+01  0.428D-24
 0.134D+13  0.100D+01  0.361D-24
 0.138D+13  0.100D+01  0.108D-24
 0.142D+13  0.100D+01  0.108D-24
 0.146D+13  0.100D+01  0.259D-25
 0.150D+13  0.100D+01  0.275D-25
 0.154D+13  0.100D+01  0.667D-26
 0.158D+13  0.100D+01  0.667D-26
 0.162D+13  0.100D+01  0.214D-26
 0.166D+13  0.100D+01  0.173D-26
 0.170D+13  0.100D+01  0.569D-27
 0.175D+13  0.100D+01  0.429D-27
 0.179D+13  0.100D+01  0.144D-27
 0.183D+13  0.100D+01  0.113D-27
 0.187D+13  0.100D+01  0.387D-28
 0.191D+13  0.100D+01  0.387D-28
 0.195D+13  0.100D+01  0.990D-29
 i   GR        GS        GW        
  1 0.575E+09 0.244E-05 0.377E-07
  2 0.575E+09 0.244E-05 0.377E-07
  3 0.575E+09 0.244E-05 0.377E-07
  4 0.575E+09 0.244E-05 0.377E-07
  5 0.575E+09 0.244E-05 0.377E-07
  6 0.575E+09 0.244E-05 0.377E-07
  7 0.575E+09 0.244E-05 0.377E-07
  8 0.575E+09 0.244E-05 0.377E-07
  9 0.575E+09 0.244E-05 0.377E-07
 10 0.575E+09 0.244E-05 0.377E-07
 11 0.575E+09 0.244E-05 0.377E-07
 12 0.575E+09 0.244E-05 0.377E-07
 13 0.575E+09 0.244E-05 0.377E-07
 14 0.575E+09 0.244E-05 0.377E-07
 15 0.575E+09 0.244E-05 0.377E-07
 16 0.575E+09 0.244E-05 0.377E-07
 17 0.575E+09 0.244E-05 0.377E-07
 18 0.575E+09 0.244E-05 0.377E-07
 19 0.575E+09 0.244E-05 0.377E-07
 20 0.575E+09 0.244E-05 0.377E-07
 21 0.575E+09 0.244E-05 0.377E-07
 22 0.575E+09 0.244E-05 0.377E-07
 23 0.575E+09 0.244E-05 0.377E-07
 24 0.575E+09 0.244E-05 0.377E-07
 25 0.575E+09 0.244E-05 0.377E-07
 26 0.575E+09 0.244E-05 0.377E-07
 27 0.575E+09 0.244E-05 0.377E-07
 28 0.575E+09 0.244E-05 0.377E-07
 29 0.575E+09 0.244E-05 0.377E-07
 30 0.575E+09 0.244E-05 0.377E-07
 31 0.575E+09 0.244E-05 0.377E-07
 32 0.575E+09 0.244E-05 0.377E-07
 33 0.575E+09 0.244E-05 0.377E-07
 34 0.575E+09 0.244E-05 0.377E-07
 35 0.575E+09 0.244E-05 0.377E-07
 36 0.575E+09 0.244E-05 0.377E-07
 37 0.575E+09 0.244E-05 0.377E-07
 38 0.575E+09 0.244E-05 0.377E-07
 39 0.575E+09 0.244E-05 0.377E-07
 40 0.575E+09 0.244E-05 0.377E-07
 41 0.575E+09 0.244E-05 0.377E-07
 42 0.575E+09 0.244E-05 0.377E-07
 43 0.575E+09 0.244E-05 0.377E-07
 44 0.575E+09 0.244E-05 0.377E-07
 45 0.575E+09 0.244E-05 0.377E-07
  iunt=           0  aintb=   0.0000000000000000     
  lambda=   19993.328718096032     
 id  ophbf     ophff     opth      ophrs     ophn      opmieb    opmiej    oplin     opmol
  1  4.11E-27  6.03E-13  1.83E-16  3.44E-15  4.08E-15  0.00E+00  0.00E+00  6.36E-29  0.00E+00
  2  4.11E-27  6.03E-13  1.83E-16  3.44E-15  4.08E-15  0.00E+00  0.00E+00  6.36E-29  0.00E+00
  3  1.04E-27  9.18E-13  2.00E-16  3.22E-15  4.14E-15  0.00E+00  0.00E+00  2.66E-29  0.00E+00
  4  1.13E-27  1.22E-12  2.26E-16  3.48E-15  5.06E-15  0.00E+00  0.00E+00  3.03E-29  0.00E+00
  5  2.21E-28  1.61E-12  2.40E-16  2.99E-15  4.59E-15  0.00E+00  0.00E+00  1.04E-29  0.00E+00
  6  2.55E-28  1.61E-12  2.40E-16  3.05E-15  4.69E-15  0.00E+00  0.00E+00  1.15E-29  0.00E+00
  7  4.90E-29  1.97E-12  2.51E-16  2.54E-15  4.06E-15  0.00E+00  0.00E+00  3.84E-30  0.00E+00
  8  5.54E-29  2.29E-12  2.70E-16  2.68E-15  4.60E-15  0.00E+00  0.00E+00  4.37E-30  0.00E+00
  9  1.04E-29  2.53E-12  2.72E-16  2.16E-15  3.71E-15  0.00E+00  0.00E+00  1.42E-30  0.00E+00
 10  1.04E-29  2.53E-12  2.72E-16  2.16E-15  3.71E-15  0.00E+00  0.00E+00  1.42E-30  0.00E+00
 11  2.00E-30  2.65E-12  2.70E-16  1.72E-15  2.92E-15  0.00E+00  0.00E+00  4.64E-31  0.00E+00
 12  2.04E-30  2.80E-12  2.78E-16  1.75E-15  3.05E-15  0.00E+00  0.00E+00  4.77E-31  0.00E+00
 13  3.71E-31  2.74E-12  2.67E-16  1.36E-15  2.26E-15  0.00E+00  0.00E+00  1.48E-31  0.00E+00
 14  3.72E-31  2.77E-12  2.68E-16  1.37E-15  2.28E-15  0.00E+00  0.00E+00  1.49E-31  0.00E+00
 15  6.97E-32  2.59E-12  2.54E-16  1.06E-15  1.66E-15  0.00E+00  0.00E+00  4.70E-32  0.00E+00
 16  6.47E-32  2.56E-12  2.52E-16  1.04E-15  1.62E-15  0.00E+00  0.00E+00  4.46E-32  0.00E+00
 17  1.22E-32  2.31E-12  2.35E-16  8.02E-16  1.15E-15  0.00E+00  0.00E+00  1.40E-32  0.00E+00
 18  1.08E-32  2.20E-12  2.28E-16  7.78E-16  1.09E-15  0.00E+00  0.00E+00  1.27E-32  0.00E+00
 19  2.08E-33  2.04E-12  2.15E-16  6.04E-16  7.91E-16  0.00E+00  0.00E+00  4.11E-33  0.00E+00
 20  2.05E-33  1.92E-12  2.09E-16  5.95E-16  7.56E-16  0.00E+00  0.00E+00  3.99E-33  0.00E+00
 21  3.40E-34  1.64E-12  1.88E-16  4.44E-16  5.04E-16  0.00E+00  0.00E+00  1.14E-33  0.00E+00
 22  3.32E-34  1.50E-12  1.80E-16  4.34E-16  4.73E-16  0.00E+00  0.00E+00  1.09E-33  0.00E+00
 23  5.52E-35  1.37E-12  1.67E-16  3.29E-16  3.29E-16  0.00E+00  0.00E+00  3.21E-34  0.00E+00
 24  5.38E-35  1.25E-12  1.60E-16  3.21E-16  3.07E-16  0.00E+00  0.00E+00  3.06E-34  0.00E+00
 25  8.57E-36  1.01E-12  1.39E-16  2.37E-16  1.96E-16  0.00E+00  0.00E+00  8.48E-35  0.00E+00
 26  8.32E-36  9.05E-13  1.32E-16  2.30E-16  1.80E-16  0.00E+00  0.00E+00  7.99E-35  0.00E+00
 27  1.73E-36  8.23E-13  1.21E-16  1.81E-16  1.29E-16  0.00E+00  0.00E+00  2.76E-35  0.00E+00
 28  1.31E-36  7.21E-13  1.13E-16  1.69E-16  1.12E-16  0.00E+00  0.00E+00  2.19E-35  0.00E+00
 29  2.67E-37  5.74E-13  9.68E-17  1.29E-16  7.30E-17  0.00E+00  0.00E+00  7.20E-36  0.00E+00
 30  1.96E-37  4.95E-13  8.97E-17  1.19E-16  6.25E-17  0.00E+00  0.00E+00  5.57E-36  0.00E+00
 31  4.07E-38  3.88E-13  7.58E-17  9.13E-17  4.02E-17  0.00E+00  0.00E+00  1.85E-36  0.00E+00
 32  4.07E-38  3.88E-13  7.58E-17  9.13E-17  4.02E-17  0.00E+00  0.00E+00  1.85E-36  0.00E+00
 33  6.38E-39  2.94E-13  6.18E-17  6.70E-17  2.39E-17  0.00E+00  0.00E+00  5.08E-37  0.00E+00
 34  6.13E-39  2.55E-13  5.83E-17  6.44E-17  2.16E-17  0.00E+00  0.00E+00  4.69E-37  0.00E+00
 35  9.55E-40  1.91E-13  4.69E-17  4.72E-17  1.26E-17  0.00E+00  0.00E+00  1.29E-37  0.00E+00
 36  9.55E-40  1.91E-13  4.69E-17  4.72E-17  1.26E-17  0.00E+00  0.00E+00  1.29E-37  0.00E+00
 37  2.08E-40  1.45E-13  3.84E-17  3.64E-17  7.92E-18  0.00E+00  0.00E+00  4.41E-38  0.00E+00
 38  1.42E-40  1.22E-13  3.50E-17  3.32E-17  6.58E-18  0.00E+00  0.00E+00  3.24E-38  0.00E+00
 39  3.14E-41  9.18E-14  2.85E-17  2.57E-17  4.11E-18  0.00E+00  0.00E+00  1.12E-38  0.00E+00
 40  2.20E-41  8.87E-14  2.74E-17  2.44E-17  3.75E-18  0.00E+00  0.00E+00  8.87E-39  0.00E+00
 41  4.95E-42  6.66E-14  2.22E-17  1.89E-17  2.33E-18  0.00E+00  0.00E+00  3.12E-39  0.00E+00
 42  3.25E-42  5.55E-14  2.01E-17  1.71E-17  1.91E-18  0.00E+00  0.00E+00  2.22E-39  0.00E+00
 43  7.45E-43  4.16E-14  1.62E-17  1.33E-17  1.19E-18  0.00E+00  0.00E+00  7.92E-40  0.00E+00
 44  7.45E-43  4.16E-14  1.62E-17  1.33E-17  1.19E-18  0.00E+00  0.00E+00  7.92E-40  0.00E+00
 45  1.17E-43  2.99E-14  1.24E-17  9.83E-18  6.67E-19  0.00E+00  0.00E+00  2.21E-40  0.00E+00
 id   opdep     contrib.f   aint 
 44  1.450E-03  9.253E-10  9.253E-10
 43  3.139E-03  1.115E-09  2.040E-09
 42  5.110E-03  1.339E-09  3.379E-09
 41  7.589E-03  1.743E-09  5.123E-09
 40  1.074E-02  2.297E-09  7.419E-09
 39  1.441E-02  2.759E-09  1.018E-08
 38  1.874E-02  3.374E-09  1.355E-08
 37  2.415E-02  4.348E-09  1.790E-08
 36  3.096E-02  5.650E-09  2.355E-08
 35  3.870E-02  6.570E-09  3.012E-08
 34  4.776E-02  7.916E-09  3.804E-08
 33  5.890E-02  1.001E-08  4.804E-08
 32  7.274E-02  1.274E-08  6.078E-08
 31  8.849E-02  1.482E-08  7.560E-08
 30  1.064E-01  1.712E-08  9.272E-08
 29  1.281E-01  2.108E-08  1.138E-07
 28  1.544E-01  2.590E-08  1.397E-07
 27  1.857E-01  3.112E-08  1.708E-07
 26  2.208E-01  3.500E-08  2.058E-07
 25  2.598E-01  3.868E-08  2.445E-07
 24  3.057E-01  4.529E-08  2.898E-07
 23  3.587E-01  5.177E-08  3.416E-07
 22  4.170E-01  5.578E-08  3.973E-07
 21  4.807E-01  5.959E-08  4.569E-07
 20  5.529E-01  6.543E-08  5.224E-07
 19  6.333E-01  7.004E-08  5.924E-07
 18  7.194E-01  7.130E-08  6.637E-07
 17  8.110E-01  7.211E-08  7.358E-07
 16  9.099E-01  7.336E-08  8.092E-07
 15  1.014E+00  7.267E-08  8.818E-07
 14  1.123E+00  7.043E-08  9.523E-07
 13  1.235E+00  6.720E-08  1.019E-06
 12  1.348E+00  6.260E-08  1.082E-06
 11  1.459E+00  5.715E-08  1.139E-06
 10  1.564E+00  5.038E-08  1.190E-06
  9  1.667E+00  4.601E-08  1.236E-06
  8  1.765E+00  4.111E-08  1.277E-06
  7  1.852E+00  3.436E-08  1.311E-06
  6  1.924E+00  2.754E-08  1.339E-06
  5  1.990E+00  2.394E-08  1.363E-06
  4  2.048E+00  2.043E-08  1.383E-06
  3  2.092E+00  1.523E-08  1.398E-06
  2  2.123E+00  1.082E-08  1.409E-06
  1  2.147E+00  8.632E-09  1.418E-06
 iunt+1  opdep   aintbt    aint
  1  2.147E+00  0.000E+00  1.418E-06
 id    opac2     emis2     bnu       bnud      ejnu1     ejnu2     sf2       az        vz
  1  6.11E-13  1.80E-18  2.96E-06  3.72E-08  7.39E-07  0.00E+00  2.95E-06  1.62E+11  9.11E+06
  2  6.11E-13  1.80E-18  2.96E-06  3.72E-08  7.32E-07  0.00E+00  2.95E-06  2.03E+11  9.11E+06
  3  9.26E-13  2.56E-18  2.77E-06  3.19E-08  7.23E-07  0.00E+00  2.76E-06  2.43E+11  9.85E+06
  4  1.22E-12  3.38E-18  2.77E-06  3.19E-08  0.00E+00  0.00E+00  2.76E-06  2.84E+11  1.04E+07
  5  1.62E-12  4.17E-18  2.58E-06  2.68E-08  0.00E+00  0.00E+00  2.57E-06  3.25E+11  1.10E+07
  6  1.62E-12  4.18E-18  2.59E-06  2.72E-08  0.00E+00  0.00E+00  2.59E-06  3.65E+11  1.11E+07
  7  1.98E-12  4.76E-18  2.41E-06  2.28E-08  0.00E+00  0.00E+00  2.41E-06  4.06E+11  1.16E+07
  8  2.30E-12  5.56E-18  2.42E-06  2.30E-08  0.00E+00  0.00E+00  2.41E-06  4.46E+11  1.23E+07
  9  2.53E-12  5.69E-18  2.25E-06  1.94E-08  0.00E+00  0.00E+00  2.25E-06  4.87E+11  1.28E+07
 10  2.53E-12  5.69E-18  2.25E-06  1.94E-08  0.00E+00  0.00E+00  2.25E-06  5.28E+11  1.28E+07
 11  2.65E-12  5.55E-18  2.10E-06  1.64E-08  0.00E+00  0.00E+00  2.10E-06  5.68E+11  1.33E+07
 12  2.81E-12  5.89E-18  2.10E-06  1.64E-08  0.00E+00  0.00E+00  2.10E-06  6.09E+11  1.38E+07
 13  2.74E-12  5.35E-18  1.95E-06  1.38E-08  0.00E+00  0.00E+00  1.95E-06  6.49E+11  1.43E+07
 14  2.77E-12  5.40E-18  1.95E-06  1.38E-08  0.00E+00  0.00E+00  1.95E-06  6.90E+11  4.60E+06
 15  2.59E-12  4.72E-18  1.82E-06  1.17E-08  0.00E+00  0.00E+00  1.82E-06  7.30E+11  4.54E+06
 16  2.56E-12  4.64E-18  1.82E-06  1.16E-08  0.00E+00  0.00E+00  1.81E-06  7.71E+11  4.37E+06
 17  2.32E-12  3.92E-18  1.69E-06  9.81E-09  0.00E+00  0.00E+00  1.69E-06  8.12E+11  1.55E+07
 18  2.20E-12  3.71E-18  1.69E-06  9.70E-09  0.00E+00  0.00E+00  1.69E-06  8.52E+11  1.59E+07
 19  2.04E-12  3.21E-18  1.58E-06  8.23E-09  0.00E+00  0.00E+00  1.58E-06  8.93E+11  1.58E+07
 20  1.92E-12  3.03E-18  1.58E-06  8.23E-09  0.00E+00  0.00E+00  1.58E-06  9.33E+11  1.62E+07
 21  1.64E-12  2.40E-18  1.46E-06  6.89E-09  0.00E+00  0.00E+00  1.46E-06  9.74E+11  1.65E+07
 22  1.50E-12  2.20E-18  1.46E-06  6.89E-09  0.00E+00  0.00E+00  1.46E-06  1.01E+12  1.69E+07
 23  1.37E-12  1.86E-18  1.36E-06  5.76E-09  0.00E+00  0.00E+00  1.36E-06  1.06E+12  1.68E+07
 24  1.25E-12  1.69E-18  1.36E-06  5.76E-09  0.00E+00  0.00E+00  1.36E-06  1.10E+12  1.71E+07
 25  1.01E-12  1.28E-18  1.26E-06  4.80E-09  0.00E+00  0.00E+00  1.26E-06  1.14E+12  1.73E+07
 26  9.06E-13  1.14E-18  1.26E-06  4.80E-09  0.00E+00  0.00E+00  1.26E-06  1.18E+12  1.76E+07
 27  8.23E-13  9.74E-19  1.18E-06  4.10E-09  0.00E+00  0.00E+00  1.18E-06  1.22E+12  1.75E+07
 28  7.21E-13  8.45E-19  1.17E-06  4.00E-09  0.00E+00  0.00E+00  1.17E-06  1.26E+12  1.78E+07
 29  5.74E-13  6.31E-19  1.10E-06  3.42E-09  0.00E+00  0.00E+00  1.10E-06  1.30E+12  1.80E+07
 30  4.95E-13  5.38E-19  1.09E-06  3.33E-09  0.00E+00  0.00E+00  1.09E-06  1.34E+12  1.82E+07
 31  3.88E-13  3.96E-19  1.02E-06  2.85E-09  0.00E+00  0.00E+00  1.02E-06  1.38E+12  1.83E+07
 32  3.88E-13  3.96E-19  1.02E-06  2.85E-09  0.00E+00  0.00E+00  1.02E-06  1.42E+12  1.83E+07
 33  2.94E-13  2.78E-19  9.47E-07  2.38E-09  3.04E-07  0.00E+00  9.47E-07  1.46E+12  1.85E+07
 34  2.56E-13  2.42E-19  9.47E-07  2.38E-09  2.94E-07  0.00E+00  9.47E-07  1.50E+12  1.87E+07
 35  1.91E-13  1.68E-19  8.79E-07  1.98E-09  2.85E-07  0.00E+00  8.79E-07  1.54E+12  1.88E+07
 36  1.91E-13  1.68E-19  8.79E-07  1.98E-09  2.75E-07  0.00E+00  8.79E-07  1.58E+12  1.88E+07
 37  1.45E-13  1.20E-19  8.27E-07  1.70E-09  2.67E-07  0.00E+00  8.27E-07  1.62E+12  1.89E+07
 38  1.22E-13  9.92E-20  8.16E-07  1.65E-09  2.58E-07  0.00E+00  8.16E-07  1.66E+12  1.90E+07
 39  9.19E-14  7.05E-20  7.68E-07  1.42E-09  2.50E-07  0.00E+00  7.68E-07  1.70E+12  1.91E+07
 40  8.88E-14  6.72E-20  7.57E-07  1.37E-09  2.42E-07  0.00E+00  7.57E-07  1.75E+12  1.91E+07
 41  6.67E-14  4.75E-20  7.13E-07  1.18E-09  2.35E-07  0.00E+00  7.13E-07  1.79E+12  1.92E+07
 42  5.55E-14  3.90E-20  7.02E-07  1.14E-09  2.28E-07  0.00E+00  7.02E-07  1.83E+12  1.93E+07
 43  4.16E-14  2.75E-20  6.62E-07  9.86E-10  2.21E-07  0.00E+00  6.62E-07  1.87E+12  1.94E+07
 44  4.16E-14  2.75E-20  6.62E-07  9.86E-10  2.14E-07  0.00E+00  6.62E-07  1.91E+12  1.94E+07
 45  2.99E-14  1.84E-20  6.15E-07  8.21E-10  2.08E-07  0.00E+00  6.15E-07  1.95E+12  1.94E+07
  max optical depth for this view angle
 is:   2.59E+00

i=  40.00  alpha=  50.76
  iunt=           0
  ivac1=          65 ivacn=         109  nivac=          45
 vel.  vx        vy        vz        dens      dustd     dustt
   1 -5.23E+06 -2.13E+07  9.14E+06  4.49E-09  0.00E+00  1.00E+03
   2 -5.23E+06 -2.13E+07  9.14E+06  4.49E-09  0.00E+00  1.00E+03
   3 -5.46E+06 -2.08E+07  9.77E+06  5.19E-09  0.00E+00  9.76E+02
   4 -4.81E+06 -2.06E+07  1.04E+07  5.89E-09  0.00E+00  9.79E+02
   5 -5.01E+06 -2.02E+07  1.10E+07  6.41E-09  0.00E+00  9.56E+02
   6 -4.25E+06 -2.03E+07  1.11E+07  6.43E-09  0.00E+00  9.58E+02
   7 -4.46E+06 -1.98E+07  1.17E+07  6.79E-09  0.00E+00  9.36E+02
   8 -4.53E+06 -1.95E+07  1.22E+07  7.29E-09  0.00E+00  9.36E+02
   9 -3.98E+06 -1.91E+07  1.28E+07  7.40E-09  0.00E+00  9.17E+02
  10 -3.98E+06 -1.91E+07  1.28E+07  7.40E-09  0.00E+00  9.17E+02
  11 -3.45E+06 -1.87E+07  1.33E+07  7.37E-09  0.00E+00  8.98E+02
  12 -3.48E+06 -1.83E+07  1.38E+07  7.58E-09  0.00E+00  8.98E+02
  13 -3.63E+06 -1.79E+07  1.42E+07  7.34E-09  0.00E+00  8.79E+02
  14  9.23E+06 -5.44E+06  4.56E+06  7.37E-09  0.00E+00  8.79E+02
  15  9.09E+06 -5.36E+06  4.50E+06  7.03E-09  0.00E+00  8.61E+02
  16  9.28E+06 -5.16E+06  4.33E+06  6.98E-09  0.00E+00  8.60E+02
  17 -2.62E+06 -1.68E+07  1.55E+07  6.58E-09  0.00E+00  8.44E+02
  18 -2.59E+06 -1.64E+07  1.59E+07  6.43E-09  0.00E+00  8.44E+02
  19 -2.15E+06 -1.64E+07  1.58E+07  6.14E-09  0.00E+00  8.27E+02
  20 -2.12E+06 -1.60E+07  1.62E+07  5.96E-09  0.00E+00  8.27E+02
  21 -1.68E+06 -1.57E+07  1.65E+07  5.50E-09  0.00E+00  8.10E+02
  22 -1.64E+06 -1.53E+07  1.69E+07  5.27E-09  0.00E+00  8.10E+02
  23 -1.83E+06 -1.53E+07  1.68E+07  5.09E-09  0.00E+00  7.96E+02
  24 -1.23E+06 -1.49E+07  1.71E+07  4.83E-09  0.00E+00  7.94E+02
  25 -1.37E+06 -1.46E+07  1.73E+07  4.44E-09  0.00E+00  7.80E+02
  26 -7.93E+05 -1.42E+07  1.76E+07  4.17E-09  0.00E+00  7.78E+02
  27 -9.93E+05 -1.43E+07  1.75E+07  4.07E-09  0.00E+00  7.65E+02
  28 -4.34E+05 -1.39E+07  1.78E+07  3.80E-09  0.00E+00  7.63E+02
  29 -5.87E+05 -1.36E+07  1.80E+07  3.49E-09  0.00E+00  7.51E+02
  30 -5.30E+05 -1.33E+07  1.82E+07  3.24E-09  0.00E+00  7.51E+02
  31 -2.03E+05 -1.30E+07  1.83E+07  2.96E-09  0.00E+00  7.37E+02
  32 -2.03E+05 -1.30E+07  1.83E+07  2.96E-09  0.00E+00  7.37E+02
  33  1.01E+05 -1.27E+07  1.85E+07  2.71E-09  0.00E+00  7.23E+02
  34  1.59E+05 -1.24E+07  1.87E+07  2.50E-09  0.00E+00  7.23E+02
  35  8.50E+03 -1.21E+07  1.88E+07  2.29E-09  0.00E+00  7.13E+02
  36  4.39E+05 -1.22E+07  1.88E+07  2.29E-09  0.00E+00  7.10E+02
  37  2.86E+05 -1.19E+07  1.89E+07  2.10E-09  0.00E+00  7.00E+02
  38  7.55E+05 -1.16E+07  1.90E+07  1.93E-09  0.00E+00  6.98E+02
  39  6.00E+05 -1.14E+07  1.91E+07  1.78E-09  0.00E+00  6.88E+02
  40  6.00E+05 -1.14E+07  1.91E+07  1.78E-09  0.00E+00  6.88E+02
  41  8.37E+05 -1.12E+07  1.92E+07  1.64E-09  0.00E+00  6.76E+02
  42  8.93E+05 -1.09E+07  1.93E+07  1.50E-09  0.00E+00  6.76E+02
  43  1.11E+06 -1.07E+07  1.94E+07  1.39E-09  0.00E+00  6.65E+02
  44  1.11E+06 -1.07E+07  1.94E+07  1.39E-09  0.00E+00  6.65E+02
  45  9.59E+05 -1.05E+07  1.94E+07  1.28E-09  0.00E+00  6.56E+02
       akonc      ekonc      temp       az      mshade
   1  2.078E+15  2.752E+08  2.500E+03  1.623E+11  1
   2  2.078E+15  2.752E+08  2.500E+03  2.029E+11  1
   3  2.402E+15  2.986E+08  2.440E+03  2.435E+11  1
   4  2.731E+15  3.392E+08  2.447E+03  2.841E+11  0
   5  2.970E+15  3.603E+08  2.390E+03  3.247E+11  0
   6  2.977E+15  3.615E+08  2.395E+03  3.652E+11  0
   7  3.144E+15  3.779E+08  2.341E+03  4.058E+11  0
   8  3.376E+15  4.054E+08  2.341E+03  4.464E+11  0
   9  3.428E+15  4.095E+08  2.292E+03  4.870E+11  0
  10  3.428E+15  4.095E+08  2.292E+03  5.276E+11  0
  11  3.414E+15  4.059E+08  2.244E+03  5.682E+11  0
  12  3.511E+15  4.174E+08  2.244E+03  6.087E+11  0
  13  3.400E+15  4.019E+08  2.197E+03  6.493E+11  0
  14  3.416E+15  4.036E+08  2.197E+03  6.899E+11  0
  15  3.256E+15  3.816E+08  2.153E+03  7.305E+11  0
  16  3.234E+15  3.789E+08  2.151E+03  7.711E+11  0
  17  3.046E+15  3.527E+08  2.109E+03  8.116E+11  0
  18  2.977E+15  3.449E+08  2.109E+03  8.522E+11  0
  19  2.845E+15  3.234E+08  2.066E+03  8.928E+11  0
  20  2.761E+15  3.143E+08  2.066E+03  9.334E+11  0
  21  2.550E+15  2.828E+08  2.025E+03  9.740E+11  0
  22  2.440E+15  2.714E+08  2.025E+03  1.015E+12  0
  23  2.358E+15  2.531E+08  1.989E+03  1.055E+12  0
  24  2.237E+15  2.401E+08  1.985E+03  1.096E+12  0
  25  2.057E+15  2.115E+08  1.951E+03  1.136E+12  0
  26  1.930E+15  1.985E+08  1.946E+03  1.177E+12  0
  27  1.883E+15  1.818E+08  1.913E+03  1.217E+12  0
  28  1.762E+15  1.699E+08  1.908E+03  1.258E+12  0
  29  1.615E+15  1.455E+08  1.877E+03  1.299E+12  0
  30  1.503E+15  1.373E+08  1.877E+03  1.339E+12  0
  31  1.373E+15  1.140E+08  1.842E+03  1.380E+12  0
  32  1.373E+15  1.140E+08  1.842E+03  1.420E+12  0
  33  1.256E+15  9.297E+07  1.808E+03  1.461E+12  1
  34  1.159E+15  8.770E+07  1.808E+03  1.502E+12  1
  35  1.062E+15  7.255E+07  1.781E+03  1.542E+12  1
  36  1.062E+15  7.049E+07  1.776E+03  1.583E+12  1
  37  9.751E+14  5.771E+07  1.750E+03  1.623E+12  1
  38  8.948E+14  5.271E+07  1.744E+03  1.664E+12  1
  39  8.228E+14  4.286E+07  1.719E+03  1.704E+12  1
  40  8.228E+14  4.286E+07  1.719E+03  1.745E+12  1
  41  7.592E+14  3.333E+07  1.690E+03  1.786E+12  1
  42  6.934E+14  3.152E+07  1.690E+03  1.826E+12  1
  43  6.420E+14  2.433E+07  1.661E+03  1.867E+12  1
  44  6.420E+14  2.433E+07  1.661E+03  1.907E+12  1
  45  5.936E+14  1.951E+07  1.640E+03  1.948E+12  1
       AKONC      HI         H-         H2         HEI        HIPF       HIIPF
   1  2.078E+15  9.417E+14  7.153E+03  4.728E+14  1.887E+14  2.000E+00  1.000E+00
   2  2.078E+15  9.417E+14  7.153E+03  4.728E+14  1.887E+14  2.000E+00  1.000E+00
   3  2.402E+15  8.606E+14  8.011E+03  6.603E+14  2.181E+14  2.000E+00  1.000E+00
   4  2.731E+15  9.540E+14  9.942E+03  7.627E+14  2.479E+14  2.000E+00  1.000E+00
   5  2.970E+15  8.193E+14  1.023E+04  9.386E+14  2.696E+14  2.000E+00  1.000E+00
   6  2.977E+15  8.349E+14  1.035E+04  9.340E+14  2.703E+14  2.000E+00  1.000E+00
   7  3.144E+15  6.960E+14  1.016E+04  1.080E+15  2.855E+14  2.000E+00  1.000E+00
   8  3.376E+15  7.247E+14  1.135E+04  1.170E+15  3.065E+14  2.000E+00  1.000E+00
   9  3.428E+15  5.915E+14  1.046E+04  1.260E+15  3.112E+14  2.000E+00  1.000E+00
  10  3.428E+15  5.915E+14  1.046E+04  1.260E+15  3.112E+14  2.000E+00  1.000E+00
  11  3.414E+15  4.721E+14  9.275E+03  1.314E+15  3.100E+14  2.000E+00  1.000E+00
  12  3.511E+15  4.794E+14  9.683E+03  1.354E+15  3.188E+14  2.000E+00  1.000E+00
  13  3.400E+15  3.745E+14  8.161E+03  1.356E+15  3.087E+14  2.000E+00  1.000E+00
  14  3.416E+15  3.741E+14  8.202E+03  1.364E+15  3.101E+14  2.000E+00  1.000E+00
  15  3.256E+15  2.894E+14  6.712E+03  1.334E+15  2.957E+14  2.000E+00  1.000E+00
  16  3.234E+15  2.856E+14  6.606E+03  1.325E+15  2.936E+14  2.000E+00  1.000E+00
  17  3.046E+15  2.195E+14  5.279E+03  1.273E+15  2.766E+14  2.000E+00  1.000E+00
  18  2.977E+15  2.169E+14  5.102E+03  1.243E+15  2.703E+14  2.000E+00  1.000E+00
  19  2.845E+15  1.654E+14  4.097E+03  1.209E+15  2.583E+14  2.000E+00  1.000E+00
  20  2.761E+15  1.629E+14  3.920E+03  1.172E+15  2.507E+14  2.000E+00  1.000E+00
  21  2.550E+15  1.215E+14  2.958E+03  1.097E+15  2.316E+14  2.000E+00  1.000E+00
  22  2.440E+15  1.188E+14  2.775E+03  1.048E+15  2.216E+14  2.000E+00  1.000E+00
  23  2.358E+15  9.274E+13  2.246E+03  1.024E+15  2.141E+14  2.000E+00  1.000E+00
  24  2.237E+15  8.791E+13  2.044E+03  9.717E+14  2.031E+14  2.000E+00  1.000E+00
  25  2.057E+15  6.703E+13  1.523E+03  9.003E+14  1.868E+14  2.000E+00  1.000E+00
  26  1.930E+15  6.289E+13  1.360E+03  8.448E+14  1.752E+14  2.000E+00  1.000E+00
  27  1.883E+15  4.952E+13  1.086E+03  8.303E+14  1.710E+14  2.000E+00  1.000E+00
  28  1.762E+15  4.619E+13  9.623E+02  7.769E+14  1.600E+14  2.000E+00  1.000E+00
  29  1.615E+15  3.530E+13  6.967E+02  7.156E+14  1.467E+14  2.000E+00  1.000E+00
  30  1.503E+15  3.404E+13  6.340E+02  6.654E+14  1.365E+14  2.000E+00  1.000E+00
  31  1.373E+15  2.500E+13  4.345E+02  6.107E+14  1.246E+14  2.000E+00  1.000E+00
  32  1.373E+15  2.500E+13  4.345E+02  6.107E+14  1.246E+14  2.000E+00  1.000E+00
  33  1.256E+15  1.835E+13  2.923E+02  5.609E+14  1.140E+14  2.000E+00  1.000E+00
  34  1.159E+15  1.763E+13  2.648E+02  5.173E+14  1.052E+14  2.000E+00  1.000E+00
  35  1.062E+15  1.354E+13  1.854E+02  4.755E+14  9.645E+13  2.000E+00  1.000E+00
  36  1.062E+15  1.293E+13  1.754E+02  4.756E+14  9.641E+13  2.000E+00  1.000E+00
  37  9.751E+14  9.968E+12  1.218E+02  4.377E+14  8.854E+13  2.000E+00  1.000E+00
  38  8.948E+14  9.087E+12  1.036E+02  4.017E+14  8.125E+13  2.000E+00  1.000E+00
  39  8.228E+14  7.025E+12  7.150E+01  3.700E+14  7.471E+13  2.000E+00  1.000E+00
  40  8.228E+14  7.025E+12  7.150E+01  3.700E+14  7.471E+13  2.000E+00  1.000E+00
  41  7.592E+14  5.175E+12  4.594E+01  3.421E+14  6.894E+13  2.000E+00  1.000E+00
  42  6.934E+14  4.945E+12  4.151E+01  3.123E+14  6.296E+13  2.000E+00  1.000E+00
  43  6.420E+14  3.647E+12  2.651E+01  2.896E+14  5.829E+13  2.000E+00  1.000E+00
  44  6.420E+14  3.647E+12  2.651E+01  2.896E+14  5.829E+13  2.000E+00  1.000E+00
  45  5.936E+14  2.843E+12  1.813E+01  2.681E+14  5.390E+13  2.000E+00  1.000E+00
  ilin=           1
 PARTITION FUNCTIONS
 TEMP         1         2
  2500. 0.200E+01 0.100E+01
  2500. 0.200E+01 0.100E+01
  2440. 0.200E+01 0.100E+01
  2447. 0.200E+01 0.100E+01
  2390. 0.200E+01 0.100E+01
  2395. 0.200E+01 0.100E+01
  2341. 0.200E+01 0.100E+01
  2341. 0.200E+01 0.100E+01
  2292. 0.200E+01 0.100E+01
  2292. 0.200E+01 0.100E+01
  2244. 0.200E+01 0.100E+01
  2244. 0.200E+01 0.100E+01
  2197. 0.200E+01 0.100E+01
  2197. 0.200E+01 0.100E+01
  2153. 0.200E+01 0.100E+01
  2151. 0.200E+01 0.100E+01
  2109. 0.200E+01 0.100E+01
  2109. 0.200E+01 0.100E+01
  2066. 0.200E+01 0.100E+01
  2066. 0.200E+01 0.100E+01
  2025. 0.200E+01 0.100E+01
  2025. 0.200E+01 0.100E+01
  1989. 0.200E+01 0.100E+01
  1985. 0.200E+01 0.100E+01
  1951. 0.200E+01 0.100E+01
  1946. 0.200E+01 0.100E+01
  1913. 0.200E+01 0.100E+01
  1908. 0.200E+01 0.100E+01
  1877. 0.200E+01 0.100E+01
  1877. 0.200E+01 0.100E+01
  1842. 0.200E+01 0.100E+01
  1842. 0.200E+01 0.100E+01
  1808. 0.200E+01 0.100E+01
  1808. 0.200E+01 0.100E+01
  1781. 0.200E+01 0.100E+01
  1776. 0.200E+01 0.100E+01
  1750. 0.200E+01 0.100E+01
  1744. 0.200E+01 0.100E+01
  1719. 0.200E+01 0.100E+01
  1719. 0.200E+01 0.100E+01
  1690. 0.200E+01 0.100E+01
  1690. 0.200E+01 0.100E+01
  1661. 0.200E+01 0.100E+01
  1661. 0.200E+01 0.100E+01
  1640. 0.200E+01 0.100E+01
    N(J)/N  ION POPULATIONS
 z          1          2
 0.162D+12  0.100D+01  0.426D-15
 0.203D+12  0.100D+01  0.426D-15
 0.243D+12  0.100D+01  0.812D-16
 0.284D+12  0.100D+01  0.864D-16
 0.325D+12  0.100D+01  0.170D-16
 0.365D+12  0.100D+01  0.193D-16
 0.406D+12  0.100D+01  0.389D-17
 0.446D+12  0.100D+01  0.362D-17
 0.487D+12  0.100D+01  0.825D-18
 0.528D+12  0.100D+01  0.825D-18
 0.568D+12  0.100D+01  0.184D-18
 0.609D+12  0.100D+01  0.179D-18
 0.649D+12  0.100D+01  0.409D-19
 0.690D+12  0.100D+01  0.398D-19
 0.730D+12  0.100D+01  0.939D-20
 0.771D+12  0.100D+01  0.887D-20
 0.812D+12  0.100D+01  0.216D-20
 0.852D+12  0.100D+01  0.221D-20
 0.893D+12  0.100D+01  0.488D-21
 0.933D+12  0.100D+01  0.503D-21
 0.974D+12  0.100D+01  0.114D-21
 0.101D+13  0.100D+01  0.119D-21
 0.106D+13  0.100D+01  0.301D-22
 0.110D+13  0.100D+01  0.269D-22
 0.114D+13  0.100D+01  0.734D-23
 0.118D+13  0.100D+01  0.644D-23
 0.122D+13  0.100D+01  0.172D-23
 0.126D+13  0.100D+01  0.147D-23
 0.130D+13  0.100D+01  0.428D-24
 0.134D+13  0.100D+01  0.453D-24
 0.138D+13  0.100D+01  0.108D-24
 0.142D+13  0.100D+01  0.108D-24
 0.146D+13  0.100D+01  0.259D-25
 0.150D+13  0.100D+01  0.275D-25
 0.154D+13  0.100D+01  0.860D-26
 0.158D+13  0.100D+01  0.667D-26
 0.162D+13  0.100D+01  0.214D-26
 0.166D+13  0.100D+01  0.173D-26
 0.170D+13  0.100D+01  0.569D-27
 0.175D+13  0.100D+01  0.569D-27
 0.179D+13  0.100D+01  0.144D-27
 0.183D+13  0.100D+01  0.152D-27
 0.187D+13  0.100D+01  0.387D-28
 0.191D+13  0.100D+01  0.387D-28
 0.195D+13  0.100D+01  0.134D-28
 i   GR        GS        GW        
  1 0.617E+09 0.313E-04 0.853E-07
  2 0.617E+09 0.313E-04 0.853E-07
  3 0.617E+09 0.313E-04 0.853E-07
  4 0.617E+09 0.313E-04 0.853E-07
  5 0.617E+09 0.313E-04 0.853E-07
  6 0.617E+09 0.313E-04 0.853E-07
  7 0.617E+09 0.313E-04 0.853E-07
  8 0.617E+09 0.313E-04 0.853E-07
  9 0.617E+09 0.313E-04 0.853E-07
 10 0.617E+09 0.313E-04 0.853E-07
 11 0.617E+09 0.313E-04 0.853E-07
 12 0.617E+09 0.313E-04 0.853E-07
 13 0.617E+09 0.313E-04 0.853E-07
 14 0.617E+09 0.313E-04 0.853E-07
 15 0.617E+09 0.313E-04 0.853E-07
 16 0.617E+09 0.313E-04 0.853E-07
 17 0.617E+09 0.313E-04 0.853E-07
 18 0.617E+09 0.313E-04 0.853E-07
 19 0.617E+09 0.313E-04 0.853E-07
 20 0.617E+09 0.313E-04 0.853E-07
 21 0.617E+09 0.313E-04 0.853E-07
 22 0.617E+09 0.313E-04 0.853E-07
 23 0.617E+09 0.313E-04 0.853E-07
 24 0.617E+09 0.313E-04 0.853E-07
 25 0.617E+09 0.313E-04 0.853E-07
 26 0.617E+09 0.313E-04 0.853E-07
 27 0.617E+09 0.313E-04 0.853E-07
 28 0.617E+09 0.313E-04 0.853E-07
 29 0.617E+09 0.313E-04 0.853E-07
 30 0.617E+09 0.313E-04 0.853E-07
 31 0.617E+09 0.313E-04 0.853E-07
 32 0.617E+09 0.313E-04 0.853E-07
 33 0.617E+09 0.313E-04 0.853E-07
 34 0.617E+09 0.313E-04 0.853E-07
 35 0.617E+09 0.313E-04 0.853E-07
 36 0.617E+09 0.313E-04 0.853E-07
 37 0.617E+09 0.313E-04 0.853E-07
 38 0.617E+09 0.313E-04 0.853E-07
 39 0.617E+09 0.313E-04 0.853E-07
 40 0.617E+09 0.313E-04 0.853E-07
 41 0.617E+09 0.313E-04 0.853E-07
 42 0.617E+09 0.313E-04 0.853E-07
 43 0.617E+09 0.313E-04 0.853E-07
 44 0.617E+09 0.313E-04 0.853E-07
 45 0.617E+09 0.313E-04 0.853E-07
  ilin=           2
 PARTITION FUNCTIONS
 TEMP         1         2
  2500. 0.200E+01 0.100E+01
  2500. 0.200E+01 0.100E+01
  2440. 0.200E+01 0.100E+01
  2447. 0.200E+01 0.100E+01
  2390. 0.200E+01 0.100E+01
  2395. 0.200E+01 0.100E+01
  2341. 0.200E+01 0.100E+01
  2341. 0.200E+01 0.100E+01
  2292. 0.200E+01 0.100E+01
  2292. 0.200E+01 0.100E+01
  2244. 0.200E+01 0.100E+01
  2244. 0.200E+01 0.100E+01
  2197. 0.200E+01 0.100E+01
  2197. 0.200E+01 0.100E+01
  2153. 0.200E+01 0.100E+01
  2151. 0.200E+01 0.100E+01
  2109. 0.200E+01 0.100E+01
  2109. 0.200E+01 0.100E+01
  2066. 0.200E+01 0.100E+01
  2066. 0.200E+01 0.100E+01
  2025. 0.200E+01 0.100E+01
  2025. 0.200E+01 0.100E+01
  1989. 0.200E+01 0.100E+01
  1985. 0.200E+01 0.100E+01
  1951. 0.200E+01 0.100E+01
  1946. 0.200E+01 0.100E+01
  1913. 0.200E+01 0.100E+01
  1908. 0.200E+01 0.100E+01
  1877. 0.200E+01 0.100E+01
  1877. 0.200E+01 0.100E+01
  1842. 0.200E+01 0.100E+01
  1842. 0.200E+01 0.100E+01
  1808. 0.200E+01 0.100E+01
  1808. 0.200E+01 0.100E+01
  1781. 0.200E+01 0.100E+01
  1776. 0.200E+01 0.100E+01
  1750. 0.200E+01 0.100E+01
  1744. 0.200E+01 0.100E+01
  1719. 0.200E+01 0.100E+01
  1719. 0.200E+01 0.100E+01
  1690. 0.200E+01 0.100E+01
  1690. 0.200E+01 0.100E+01
  1661. 0.200E+01 0.100E+01
  1661. 0.200E+01 0.100E+01
  1640. 0.200E+01 0.100E+01
    N(J)/N  ION POPULATIONS
 z          1          2
 0.162D+12  0.100D+01  0.426D-15
 0.203D+12  0.100D+01  0.426D-15
 0.243D+12  0.100D+01  0.812D-16
 0.284D+12  0.100D+01  0.864D-16
 0.325D+12  0.100D+01  0.170D-16
 0.365D+12  0.100D+01  0.193D-16
 0.406D+12  0.100D+01  0.389D-17
 0.446D+12  0.100D+01  0.362D-17
 0.487D+12  0.100D+01  0.825D-18
 0.528D+12  0.100D+01  0.825D-18
 0.568D+12  0.100D+01  0.184D-18
 0.609D+12  0.100D+01  0.179D-18
 0.649D+12  0.100D+01  0.409D-19
 0.690D+12  0.100D+01  0.398D-19
 0.730D+12  0.100D+01  0.939D-20
 0.771D+12  0.100D+01  0.887D-20
 0.812D+12  0.100D+01  0.216D-20
 0.852D+12  0.100D+01  0.221D-20
 0.893D+12  0.100D+01  0.488D-21
 0.933D+12  0.100D+01  0.503D-21
 0.974D+12  0.100D+01  0.114D-21
 0.101D+13  0.100D+01  0.119D-21
 0.106D+13  0.100D+01  0.301D-22
 0.110D+13  0.100D+01  0.269D-22
 0.114D+13  0.100D+01  0.734D-23
 0.118D+13  0.100D+01  0.644D-23
 0.122D+13  0.100D+01  0.172D-23
 0.126D+13  0.100D+01  0.147D-23
 0.130D+13  0.100D+01  0.428D-24
 0.134D+13  0.100D+01  0.453D-24
 0.138D+13  0.100D+01  0.108D-24
 0.142D+13  0.100D+01  0.108D-24
 0.146D+13  0.100D+01  0.259D-25
 0.150D+13  0.100D+01  0.275D-25
 0.154D+13  0.100D+01  0.860D-26
 0.158D+13  0.100D+01  0.667D-26
 0.162D+13  0.100D+01  0.214D-26
 0.166D+13  0.100D+01  0.173D-26
 0.170D+13  0.100D+01  0.569D-27
 0.175D+13  0.100D+01  0.569D-27
 0.179D+13  0.100D+01  0.144D-27
 0.183D+13  0.100D+01  0.152D-27
 0.187D+13  0.100D+01  0.387D-28
 0.191D+13  0.100D+01  0.387D-28
 0.195D+13  0.100D+01  0.134D-28
 i   GR        GS        GW        
  1 0.617E+09 0.313E-04 0.853E-07
  2 0.617E+09 0.313E-04 0.853E-07
  3 0.617E+09 0.313E-04 0.853E-07
  4 0.617E+09 0.313E-04 0.853E-07
  5 0.617E+09 0.313E-04 0.853E-07
  6 0.617E+09 0.313E-04 0.853E-07
  7 0.617E+09 0.313E-04 0.853E-07
  8 0.617E+09 0.313E-04 0.853E-07
  9 0.617E+09 0.313E-04 0.853E-07
 10 0.617E+09 0.313E-04 0.853E-07
 11 0.617E+09 0.313E-04 0.853E-07
 12 0.617E+09 0.313E-04 0.853E-07
 13 0.617E+09 0.313E-04 0.853E-07
 14 0.617E+09 0.313E-04 0.853E-07
 15 0.617E+09 0.313E-04 0.853E-07
 16 0.617E+09 0.313E-04 0.853E-07
 17 0.617E+09 0.313E-04 0.853E-07
 18 0.617E+09 0.313E-04 0.853E-07
 19 0.617E+09 0.313E-04 0.853E-07
 20 0.617E+09 0.313E-04 0.853E-07
 21 0.617E+09 0.313E-04 0.853E-07
 22 0.617E+09 0.313E-04 0.853E-07
 23 0.617E+09 0.313E-04 0.853E-07
 24 0.617E+09 0.313E-04 0.853E-07
 25 0.617E+09 0.313E-04 0.853E-07
 26 0.617E+09 0.313E-04 0.853E-07
 27 0.617E+09 0.313E-04 0.853E-07
 28 0.617E+09 0.313E-04 0.853E-07
 29 0.617E+09 0.313E-04 0.853E-07
 30 0.617E+09 0.313E-04 0.853E-07
 31 0.617E+09 0.313E-04 0.853E-07
 32 0.617E+09 0.313E-04 0.853E-07
 33 0.617E+09 0.313E-04 0.853E-07
 34 0.617E+09 0.313E-04 0.853E-07
 35 0.617E+09 0.313E-04 0.853E-07
 36 0.617E+09 0.313E-04 0.853E-07
 37 0.617E+09 0.313E-04 0.853E-07
 38 0.617E+09 0.313E-04 0.853E-07
 39 0.617E+09 0.313E-04 0.853E-07
 40 0.617E+09 0.313E-04 0.853E-07
 41 0.617E+09 0.313E-04 0.853E-07
 42 0.617E+09 0.313E-04 0.853E-07
 43 0.617E+09 0.313E-04 0.853E-07
 44 0.617E+09 0.313E-04 0.853E-07
 45 0.617E+09 0.313E-04 0.853E-07
  ilin=           3
 PARTITION FUNCTIONS
 TEMP         1         2
  2500. 0.200E+01 0.100E+01
  2500. 0.200E+01 0.100E+01
  2440. 0.200E+01 0.100E+01
  2447. 0.200E+01 0.100E+01
  2390. 0.200E+01 0.100E+01
  2395. 0.200E+01 0.100E+01
  2341. 0.200E+01 0.100E+01
  2341. 0.200E+01 0.100E+01
  2292. 0.200E+01 0.100E+01
  2292. 0.200E+01 0.100E+01
  2244. 0.200E+01 0.100E+01
  2244. 0.200E+01 0.100E+01
  2197. 0.200E+01 0.100E+01
  2197. 0.200E+01 0.100E+01
  2153. 0.200E+01 0.100E+01
  2151. 0.200E+01 0.100E+01
  2109. 0.200E+01 0.100E+01
  2109. 0.200E+01 0.100E+01
  2066. 0.200E+01 0.100E+01
  2066. 0.200E+01 0.100E+01
  2025. 0.200E+01 0.100E+01
  2025. 0.200E+01 0.100E+01
  1989. 0.200E+01 0.100E+01
  1985. 0.200E+01 0.100E+01
  1951. 0.200E+01 0.100E+01
  1946. 0.200E+01 0.100E+01
  1913. 0.200E+01 0.100E+01
  1908. 0.200E+01 0.100E+01
  1877. 0.200E+01 0.100E+01
  1877. 0.200E+01 0.100E+01
  1842. 0.200E+01 0.100E+01
  1842. 0.200E+01 0.100E+01
  1808. 0.200E+01 0.100E+01
  1808. 0.200E+01 0.100E+01
  1781. 0.200E+01 0.100E+01
  1776. 0.200E+01 0.100E+01
  1750. 0.200E+01 0.100E+01
  1744. 0.200E+01 0.100E+01
  1719. 0.200E+01 0.100E+01
  1719. 0.200E+01 0.100E+01
  1690. 0.200E+01 0.100E+01
  1690. 0.200E+01 0.100E+01
  1661. 0.200E+01 0.100E+01
  1661. 0.200E+01 0.100E+01
  1640. 0.200E+01 0.100E+01
    N(J)/N  ION POPULATIONS
 z          1          2
 0.162D+12  0.100D+01  0.426D-15
 0.203D+12  0.100D+01  0.426D-15
 0.243D+12  0.100D+01  0.812D-16
 0.284D+12  0.100D+01  0.864D-16
 0.325D+12  0.100D+01  0.170D-16
 0.365D+12  0.100D+01  0.193D-16
 0.406D+12  0.100D+01  0.389D-17
 0.446D+12  0.100D+01  0.362D-17
 0.487D+12  0.100D+01  0.825D-18
 0.528D+12  0.100D+01  0.825D-18
 0.568D+12  0.100D+01  0.184D-18
 0.609D+12  0.100D+01  0.179D-18
 0.649D+12  0.100D+01  0.409D-19
 0.690D+12  0.100D+01  0.398D-19
 0.730D+12  0.100D+01  0.939D-20
 0.771D+12  0.100D+01  0.887D-20
 0.812D+12  0.100D+01  0.216D-20
 0.852D+12  0.100D+01  0.221D-20
 0.893D+12  0.100D+01  0.488D-21
 0.933D+12  0.100D+01  0.503D-21
 0.974D+12  0.100D+01  0.114D-21
 0.101D+13  0.100D+01  0.119D-21
 0.106D+13  0.100D+01  0.301D-22
 0.110D+13  0.100D+01  0.269D-22
 0.114D+13  0.100D+01  0.734D-23
 0.118D+13  0.100D+01  0.644D-23
 0.122D+13  0.100D+01  0.172D-23
 0.126D+13  0.100D+01  0.147D-23
 0.130D+13  0.100D+01  0.428D-24
 0.134D+13  0.100D+01  0.453D-24
 0.138D+13  0.100D+01  0.108D-24
 0.142D+13  0.100D+01  0.108D-24
 0.146D+13  0.100D+01  0.259D-25
 0.150D+13  0.100D+01  0.275D-25
 0.154D+13  0.100D+01  0.860D-26
 0.158D+13  0.100D+01  0.667D-26
 0.162D+13  0.100D+01  0.214D-26
 0.166D+13  0.100D+01  0.173D-26
 0.170D+13  0.100D+01  0.569D-27
 0.175D+13  0.100D+01  0.569D-27
 0.179D+13  0.100D+01  0.144D-27
 0.183D+13  0.100D+01  0.152D-27
 0.187D+13  0.100D+01  0.387D-28
 0.191D+13  0.100D+01  0.387D-28
 0.195D+13  0.100D+01  0.134D-28
 i   GR        GS        GW        
  1 0.603E+09 0.103E-04 0.598E-07
  2 0.603E+09 0.103E-04 0.598E-07
  3 0.603E+09 0.103E-04 0.598E-07
  4 0.603E+09 0.103E-04 0.598E-07
  5 0.603E+09 0.103E-04 0.598E-07
  6 0.603E+09 0.103E-04 0.598E-07
  7 0.603E+09 0.103E-04 0.598E-07
  8 0.603E+09 0.103E-04 0.598E-07
  9 0.603E+09 0.103E-04 0.598E-07
 10 0.603E+09 0.103E-04 0.598E-07
 11 0.603E+09 0.103E-04 0.598E-07
 12 0.603E+09 0.103E-04 0.598E-07
 13 0.603E+09 0.103E-04 0.598E-07
 14 0.603E+09 0.103E-04 0.598E-07
 15 0.603E+09 0.103E-04 0.598E-07
 16 0.603E+09 0.103E-04 0.598E-07
 17 0.603E+09 0.103E-04 0.598E-07
 18 0.603E+09 0.103E-04 0.598E-07
 19 0.603E+09 0.103E-04 0.598E-07
 20 0.603E+09 0.103E-04 0.598E-07
 21 0.603E+09 0.103E-04 0.598E-07
 22 0.603E+09 0.103E-04 0.598E-07
 23 0.603E+09 0.103E-04 0.598E-07
 24 0.603E+09 0.103E-04 0.598E-07
 25 0.603E+09 0.103E-04 0.598E-07
 26 0.603E+09 0.103E-04 0.598E-07
 27 0.603E+09 0.103E-04 0.598E-07
 28 0.603E+09 0.103E-04 0.598E-07
 29 0.603E+09 0.103E-04 0.598E-07
 30 0.603E+09 0.103E-04 0.598E-07
 31 0.603E+09 0.103E-04 0.598E-07
 32 0.603E+09 0.103E-04 0.598E-07
 33 0.603E+09 0.103E-04 0.598E-07
 34 0.603E+09 0.103E-04 0.598E-07
 35 0.603E+09 0.103E-04 0.598E-07
 36 0.603E+09 0.103E-04 0.598E-07
 37 0.603E+09 0.103E-04 0.598E-07
 38 0.603E+09 0.103E-04 0.598E-07
 39 0.603E+09 0.103E-04 0.598E-07
 40 0.603E+09 0.103E-04 0.598E-07
 41 0.603E+09 0.103E-04 0.598E-07
 42 0.603E+09 0.103E-04 0.598E-07
 43 0.603E+09 0.103E-04 0.598E-07
 44 0.603E+09 0.103E-04 0.598E-07
 45 0.603E+09 0.103E-04 0.598E-07
  ilin=           4
 PARTITION FUNCTIONS
 TEMP         1         2
  2500. 0.200E+01 0.100E+01
  2500. 0.200E+01 0.100E+01
  2440. 0.200E+01 0.100E+01
  2447. 0.200E+01 0.100E+01
  2390. 0.200E+01 0.100E+01
  2395. 0.200E+01 0.100E+01
  2341. 0.200E+01 0.100E+01
  2341. 0.200E+01 0.100E+01
  2292. 0.200E+01 0.100E+01
  2292. 0.200E+01 0.100E+01
  2244. 0.200E+01 0.100E+01
  2244. 0.200E+01 0.100E+01
  2197. 0.200E+01 0.100E+01
  2197. 0.200E+01 0.100E+01
  2153. 0.200E+01 0.100E+01
  2151. 0.200E+01 0.100E+01
  2109. 0.200E+01 0.100E+01
  2109. 0.200E+01 0.100E+01
  2066. 0.200E+01 0.100E+01
  2066. 0.200E+01 0.100E+01
  2025. 0.200E+01 0.100E+01
  2025. 0.200E+01 0.100E+01
  1989. 0.200E+01 0.100E+01
  1985. 0.200E+01 0.100E+01
  1951. 0.200E+01 0.100E+01
  1946. 0.200E+01 0.100E+01
  1913. 0.200E+01 0.100E+01
  1908. 0.200E+01 0.100E+01
  1877. 0.200E+01 0.100E+01
  1877. 0.200E+01 0.100E+01
  1842. 0.200E+01 0.100E+01
  1842. 0.200E+01 0.100E+01
  1808. 0.200E+01 0.100E+01
  1808. 0.200E+01 0.100E+01
  1781. 0.200E+01 0.100E+01
  1776. 0.200E+01 0.100E+01
  1750. 0.200E+01 0.100E+01
  1744. 0.200E+01 0.100E+01
  1719. 0.200E+01 0.100E+01
  1719. 0.200E+01 0.100E+01
  1690. 0.200E+01 0.100E+01
  1690. 0.200E+01 0.100E+01
  1661. 0.200E+01 0.100E+01
  1661. 0.200E+01 0.100E+01
  1640. 0.200E+01 0.100E+01
    N(J)/N  ION POPULATIONS
 z          1          2
 0.162D+12  0.100D+01  0.426D-15
 0.203D+12  0.100D+01  0.426D-15
 0.243D+12  0.100D+01  0.812D-16
 0.284D+12  0.100D+01  0.864D-16
 0.325D+12  0.100D+01  0.170D-16
 0.365D+12  0.100D+01  0.193D-16
 0.406D+12  0.100D+01  0.389D-17
 0.446D+12  0.100D+01  0.362D-17
 0.487D+12  0.100D+01  0.825D-18
 0.528D+12  0.100D+01  0.825D-18
 0.568D+12  0.100D+01  0.184D-18
 0.609D+12  0.100D+01  0.179D-18
 0.649D+12  0.100D+01  0.409D-19
 0.690D+12  0.100D+01  0.398D-19
 0.730D+12  0.100D+01  0.939D-20
 0.771D+12  0.100D+01  0.887D-20
 0.812D+12  0.100D+01  0.216D-20
 0.852D+12  0.100D+01  0.221D-20
 0.893D+12  0.100D+01  0.488D-21
 0.933D+12  0.100D+01  0.503D-21
 0.974D+12  0.100D+01  0.114D-21
 0.101D+13  0.100D+01  0.119D-21
 0.106D+13  0.100D+01  0.301D-22
 0.110D+13  0.100D+01  0.269D-22
 0.114D+13  0.100D+01  0.734D-23
 0.118D+13  0.100D+01  0.644D-23
 0.122D+13  0.100D+01  0.172D-23
 0.126D+13  0.100D+01  0.147D-23
 0.130D+13  0.100D+01  0.428D-24
 0.134D+13  0.100D+01  0.453D-24
 0.138D+13  0.100D+01  0.108D-24
 0.142D+13  0.100D+01  0.108D-24
 0.146D+13  0.100D+01  0.259D-25
 0.150D+13  0.100D+01  0.275D-25
 0.154D+13  0.100D+01  0.860D-26
 0.158D+13  0.100D+01  0.667D-26
 0.162D+13  0.100D+01  0.214D-26
 0.166D+13  0.100D+01  0.173D-26
 0.170D+13  0.100D+01  0.569D-27
 0.175D+13  0.100D+01  0.569D-27
 0.179D+13  0.100D+01  0.144D-27
 0.183D+13  0.100D+01  0.152D-27
 0.187D+13  0.100D+01  0.387D-28
 0.191D+13  0.100D+01  0.387D-28
 0.195D+13  0.100D+01  0.134D-28
 i   GR        GS        GW        
  1 0.575E+09 0.244E-05 0.377E-07
  2 0.575E+09 0.244E-05 0.377E-07
  3 0.575E+09 0.244E-05 0.377E-07
  4 0.575E+09 0.244E-05 0.377E-07
  5 0.575E+09 0.244E-05 0.377E-07
  6 0.575E+09 0.244E-05 0.377E-07
  7 0.575E+09 0.244E-05 0.377E-07
  8 0.575E+09 0.244E-05 0.377E-07
  9 0.575E+09 0.244E-05 0.377E-07
 10 0.575E+09 0.244E-05 0.377E-07
 11 0.575E+09 0.244E-05 0.377E-07
 12 0.575E+09 0.244E-05 0.377E-07
 13 0.575E+09 0.244E-05 0.377E-07
 14 0.575E+09 0.244E-05 0.377E-07
 15 0.575E+09 0.244E-05 0.377E-07
 16 0.575E+09 0.244E-05 0.377E-07
 17 0.575E+09 0.244E-05 0.377E-07
 18 0.575E+09 0.244E-05 0.377E-07
 19 0.575E+09 0.244E-05 0.377E-07
 20 0.575E+09 0.244E-05 0.377E-07
 21 0.575E+09 0.244E-05 0.377E-07
 22 0.575E+09 0.244E-05 0.377E-07
 23 0.575E+09 0.244E-05 0.377E-07
 24 0.575E+09 0.244E-05 0.377E-07
 25 0.575E+09 0.244E-05 0.377E-07
 26 0.575E+09 0.244E-05 0.377E-07
 27 0.575E+09 0.244E-05 0.377E-07
 28 0.575E+09 0.244E-05 0.377E-07
 29 0.575E+09 0.244E-05 0.377E-07
 30 0.575E+09 0.244E-05 0.377E-07
 31 0.575E+09 0.244E-05 0.377E-07
 32 0.575E+09 0.244E-05 0.377E-07
 33 0.575E+09 0.244E-05 0.377E-07
 34 0.575E+09 0.244E-05 0.377E-07
 35 0.575E+09 0.244E-05 0.377E-07
 36 0.575E+09 0.244E-05 0.377E-07
 37 0.575E+09 0.244E-05 0.377E-07
 38 0.575E+09 0.244E-05 0.377E-07
 39 0.575E+09 0.244E-05 0.377E-07
 40 0.575E+09 0.244E-05 0.377E-07
 41 0.575E+09 0.244E-05 0.377E-07
 42 0.575E+09 0.244E-05 0.377E-07
 43 0.575E+09 0.244E-05 0.377E-07
 44 0.575E+09 0.244E-05 0.377E-07
 45 0.575E+09 0.244E-05 0.377E-07
  iunt=           0  aintb=   0.0000000000000000     
  lambda=   19993.328718096032     
 id  ophbf     ophff     opth      ophrs     ophn      opmieb    opmiej    oplin     opmol
  1  4.11E-27  6.03E-13  1.83E-16  3.44E-15  4.08E-15  0.00E+00  0.00E+00  6.36E-29  0.00E+00
  2  4.11E-27  6.03E-13  1.83E-16  3.44E-15  4.08E-15  0.00E+00  0.00E+00  6.36E-29  0.00E+00
  3  8.52E-28  9.28E-13  1.99E-16  3.14E-15  4.02E-15  0.00E+00  0.00E+00  2.31E-29  0.00E+00
  4  1.13E-27  1.22E-12  2.26E-16  3.48E-15  5.06E-15  0.00E+00  0.00E+00  3.03E-29  0.00E+00
  5  2.21E-28  1.61E-12  2.40E-16  2.99E-15  4.59E-15  0.00E+00  0.00E+00  1.04E-29  0.00E+00
  6  2.55E-28  1.61E-12  2.40E-16  3.05E-15  4.69E-15  0.00E+00  0.00E+00  1.15E-29  0.00E+00
  7  4.90E-29  1.97E-12  2.51E-16  2.54E-15  4.06E-15  0.00E+00  0.00E+00  3.84E-30  0.00E+00
  8  5.10E-29  2.29E-12  2.70E-16  2.65E-15  4.53E-15  0.00E+00  0.00E+00  4.12E-30  0.00E+00
  9  1.04E-29  2.53E-12  2.72E-16  2.16E-15  3.71E-15  0.00E+00  0.00E+00  1.42E-30  0.00E+00
 10  1.04E-29  2.53E-12  2.72E-16  2.16E-15  3.71E-15  0.00E+00  0.00E+00  1.42E-30  0.00E+00
 11  2.00E-30  2.65E-12  2.70E-16  1.72E-15  2.92E-15  0.00E+00  0.00E+00  4.64E-31  0.00E+00
 12  2.04E-30  2.80E-12  2.78E-16  1.75E-15  3.05E-15  0.00E+00  0.00E+00  4.77E-31  0.00E+00
 13  3.80E-31  2.74E-12  2.67E-16  1.37E-15  2.27E-15  0.00E+00  0.00E+00  1.51E-31  0.00E+00
 14  3.72E-31  2.77E-12  2.68E-16  1.37E-15  2.28E-15  0.00E+00  0.00E+00  1.49E-31  0.00E+00
 15  6.97E-32  2.59E-12  2.54E-16  1.06E-15  1.66E-15  0.00E+00  0.00E+00  4.70E-32  0.00E+00
 16  6.47E-32  2.56E-12  2.52E-16  1.04E-15  1.62E-15  0.00E+00  0.00E+00  4.46E-32  0.00E+00
 17  1.22E-32  2.31E-12  2.35E-16  8.02E-16  1.15E-15  0.00E+00  0.00E+00  1.40E-32  0.00E+00
 18  1.21E-32  2.21E-12  2.29E-16  7.92E-16  1.11E-15  0.00E+00  0.00E+00  1.37E-32  0.00E+00
 19  2.08E-33  2.04E-12  2.15E-16  6.04E-16  7.91E-16  0.00E+00  0.00E+00  4.11E-33  0.00E+00
 20  2.05E-33  1.92E-12  2.09E-16  5.95E-16  7.56E-16  0.00E+00  0.00E+00  3.99E-33  0.00E+00
 21  3.40E-34  1.64E-12  1.88E-16  4.44E-16  5.04E-16  0.00E+00  0.00E+00  1.14E-33  0.00E+00
 22  3.32E-34  1.50E-12  1.80E-16  4.34E-16  4.73E-16  0.00E+00  0.00E+00  1.09E-33  0.00E+00
 23  6.64E-35  1.38E-12  1.68E-16  3.39E-16  3.42E-16  0.00E+00  0.00E+00  3.64E-34  0.00E+00
 24  5.38E-35  1.25E-12  1.60E-16  3.21E-16  3.07E-16  0.00E+00  0.00E+00  3.06E-34  0.00E+00
 25  1.07E-35  1.03E-12  1.41E-16  2.45E-16  2.05E-16  0.00E+00  0.00E+00  9.83E-35  0.00E+00
 26  8.32E-36  9.05E-13  1.32E-16  2.30E-16  1.80E-16  0.00E+00  0.00E+00  7.99E-35  0.00E+00
 27  1.73E-36  8.23E-13  1.21E-16  1.81E-16  1.29E-16  0.00E+00  0.00E+00  2.76E-35  0.00E+00
 28  1.31E-36  7.21E-13  1.13E-16  1.69E-16  1.12E-16  0.00E+00  0.00E+00  2.19E-35  0.00E+00
 29  2.67E-37  5.74E-13  9.68E-17  1.29E-16  7.30E-17  0.00E+00  0.00E+00  7.20E-36  0.00E+00
 30  2.58E-37  5.04E-13  9.13E-17  1.24E-16  6.65E-17  0.00E+00  0.00E+00  6.70E-36  0.00E+00
 31  4.07E-38  3.88E-13  7.58E-17  9.13E-17  4.02E-17  0.00E+00  0.00E+00  1.85E-36  0.00E+00
 32  4.07E-38  3.88E-13  7.58E-17  9.13E-17  4.02E-17  0.00E+00  0.00E+00  1.85E-36  0.00E+00
 33  6.38E-39  2.94E-13  6.18E-17  6.70E-17  2.39E-17  0.00E+00  0.00E+00  5.08E-37  0.00E+00
 34  6.13E-39  2.55E-13  5.83E-17  6.44E-17  2.16E-17  0.00E+00  0.00E+00  4.69E-37  0.00E+00
 35  1.31E-39  1.96E-13  4.82E-17  4.95E-17  1.36E-17  0.00E+00  0.00E+00  1.59E-37  0.00E+00
 36  9.55E-40  1.91E-13  4.69E-17  4.72E-17  1.26E-17  0.00E+00  0.00E+00  1.29E-37  0.00E+00
 37  2.08E-40  1.45E-13  3.84E-17  3.64E-17  7.92E-18  0.00E+00  0.00E+00  4.41E-38  0.00E+00
 38  1.42E-40  1.22E-13  3.50E-17  3.32E-17  6.58E-18  0.00E+00  0.00E+00  3.24E-38  0.00E+00
 39  3.14E-41  9.18E-14  2.85E-17  2.57E-17  4.11E-18  0.00E+00  0.00E+00  1.12E-38  0.00E+00
 40  3.14E-41  9.18E-14  2.85E-17  2.57E-17  4.11E-18  0.00E+00  0.00E+00  1.12E-38  0.00E+00
 41  4.95E-42  6.66E-14  2.22E-17  1.89E-17  2.33E-18  0.00E+00  0.00E+00  3.12E-39  0.00E+00
 42  4.73E-42  5.75E-14  2.10E-17  1.81E-17  2.11E-18  0.00E+00  0.00E+00  2.85E-39  0.00E+00
 43  7.45E-43  4.16E-14  1.62E-17  1.33E-17  1.19E-18  0.00E+00  0.00E+00  7.92E-40  0.00E+00
 44  7.45E-43  4.16E-14  1.62E-17  1.33E-17  1.19E-18  0.00E+00  0.00E+00  7.92E-40  0.00E+00
 45  1.72E-43  3.11E-14  1.30E-17  1.04E-17  7.39E-19  0.00E+00  0.00E+00  2.84E-40  0.00E+00
 id   opdep     contrib.f   aint 
 44  1.475E-03  9.481E-10  9.481E-10
 43  3.163E-03  1.115E-09  2.063E-09
 42  5.175E-03  1.378E-09  3.441E-09
 41  7.696E-03  1.786E-09  5.227E-09
 40  1.091E-02  2.360E-09  7.586E-09
 39  1.464E-02  2.826E-09  1.041E-08
 38  1.897E-02  3.373E-09  1.379E-08
 37  2.438E-02  4.347E-09  1.813E-08
 36  3.119E-02  5.649E-09  2.378E-08
 35  3.904E-02  6.701E-09  3.048E-08
 34  4.820E-02  8.056E-09  3.854E-08
 33  5.935E-02  1.000E-08  4.854E-08
 32  7.318E-02  1.273E-08  6.127E-08
 31  8.893E-02  1.482E-08  7.609E-08
 30  1.070E-01  1.738E-08  9.347E-08
 29  1.289E-01  2.137E-08  1.148E-07
 28  1.552E-01  2.587E-08  1.407E-07
 27  1.865E-01  3.110E-08  1.718E-07
 26  2.216E-01  3.497E-08  2.068E-07
 25  2.609E-01  3.908E-08  2.459E-07
 24  3.070E-01  4.570E-08  2.916E-07
 23  3.604E-01  5.217E-08  3.437E-07
 22  4.189E-01  5.617E-08  3.999E-07
 21  4.826E-01  5.947E-08  4.594E-07
 20  5.549E-01  6.531E-08  5.247E-07
 19  6.353E-01  6.991E-08  5.946E-07
 18  7.215E-01  7.151E-08  6.661E-07
 17  8.134E-01  7.230E-08  7.384E-07
 16  9.123E-01  7.318E-08  8.116E-07
 15  1.017E+00  7.250E-08  8.841E-07
 14  1.126E+00  7.026E-08  9.543E-07
 13  1.238E+00  6.710E-08  1.021E-06
 12  1.350E+00  6.251E-08  1.084E-06
 11  1.461E+00  5.701E-08  1.141E-06
 10  1.566E+00  5.025E-08  1.191E-06
  9  1.669E+00  4.590E-08  1.237E-06
  8  1.767E+00  4.093E-08  1.278E-06
  7  1.854E+00  3.420E-08  1.312E-06
  6  1.927E+00  2.748E-08  1.340E-06
  5  1.993E+00  2.388E-08  1.364E-06
  4  2.050E+00  2.038E-08  1.384E-06
  3  2.094E+00  1.519E-08  1.399E-06
  2  2.126E+00  1.081E-08  1.410E-06
  1  2.150E+00  8.608E-09  1.419E-06
 iunt+1  opdep   aintbt    aint
  1  2.150E+00  0.000E+00  1.419E-06
 id    opac2     emis2     bnu       bnud      ejnu1     ejnu2     sf2       az        vz
  1  6.11E-13  1.80E-18  2.96E-06  3.72E-08  7.39E-07  0.00E+00  2.95E-06  1.62E+11  9.14E+06
  2  6.11E-13  1.80E-18  2.96E-06  3.72E-08  7.32E-07  0.00E+00  2.95E-06  2.03E+11  9.14E+06
  3  9.36E-13  2.56E-18  2.75E-06  3.12E-08  7.23E-07  0.00E+00  2.74E-06  2.43E+11  9.77E+06
  4  1.22E-12  3.38E-18  2.77E-06  3.19E-08  0.00E+00  0.00E+00  2.76E-06  2.84E+11  1.04E+07
  5  1.62E-12  4.17E-18  2.58E-06  2.68E-08  0.00E+00  0.00E+00  2.57E-06  3.25E+11  1.10E+07
  6  1.62E-12  4.18E-18  2.59E-06  2.72E-08  0.00E+00  0.00E+00  2.59E-06  3.65E+11  1.11E+07
  7  1.98E-12  4.76E-18  2.41E-06  2.28E-08  0.00E+00  0.00E+00  2.41E-06  4.06E+11  1.17E+07
  8  2.30E-12  5.54E-18  2.41E-06  2.28E-08  0.00E+00  0.00E+00  2.41E-06  4.46E+11  1.22E+07
  9  2.53E-12  5.69E-18  2.25E-06  1.94E-08  0.00E+00  0.00E+00  2.25E-06  4.87E+11  1.28E+07
 10  2.53E-12  5.69E-18  2.25E-06  1.94E-08  0.00E+00  0.00E+00  2.25E-06  5.28E+11  1.28E+07
 11  2.65E-12  5.55E-18  2.10E-06  1.64E-08  0.00E+00  0.00E+00  2.10E-06  5.68E+11  1.33E+07
 12  2.81E-12  5.89E-18  2.10E-06  1.64E-08  0.00E+00  0.00E+00  2.10E-06  6.09E+11  1.38E+07
 13  2.74E-12  5.36E-18  1.95E-06  1.38E-08  0.00E+00  0.00E+00  1.95E-06  6.49E+11  1.42E+07
 14  2.77E-12  5.40E-18  1.95E-06  1.38E-08  0.00E+00  0.00E+00  1.95E-06  6.90E+11  4.56E+06
 15  2.59E-12  4.72E-18  1.82E-06  1.17E-08  0.00E+00  0.00E+00  1.82E-06  7.30E+11  4.50E+06
 16  2.56E-12  4.64E-18  1.82E-06  1.16E-08  0.00E+00  0.00E+00  1.81E-06  7.71E+11  4.33E+06
 17  2.32E-12  3.92E-18  1.69E-06  9.81E-09  0.00E+00  0.00E+00  1.69E-06  8.12E+11  1.55E+07
 18  2.21E-12  3.75E-18  1.69E-06  9.81E-09  0.00E+00  0.00E+00  1.69E-06  8.52E+11  1.59E+07
 19  2.04E-12  3.21E-18  1.58E-06  8.23E-09  0.00E+00  0.00E+00  1.58E-06  8.93E+11  1.58E+07
 20  1.92E-12  3.03E-18  1.58E-06  8.23E-09  0.00E+00  0.00E+00  1.58E-06  9.33E+11  1.62E+07
 21  1.64E-12  2.40E-18  1.46E-06  6.89E-09  0.00E+00  0.00E+00  1.46E-06  9.74E+11  1.65E+07
 22  1.50E-12  2.20E-18  1.46E-06  6.89E-09  0.00E+00  0.00E+00  1.46E-06  1.01E+12  1.69E+07
 23  1.38E-12  1.90E-18  1.37E-06  5.86E-09  0.00E+00  0.00E+00  1.37E-06  1.06E+12  1.68E+07
 24  1.25E-12  1.69E-18  1.36E-06  5.76E-09  0.00E+00  0.00E+00  1.36E-06  1.10E+12  1.71E+07
 25  1.03E-12  1.31E-18  1.27E-06  4.91E-09  0.00E+00  0.00E+00  1.27E-06  1.14E+12  1.73E+07
 26  9.06E-13  1.14E-18  1.26E-06  4.80E-09  0.00E+00  0.00E+00  1.26E-06  1.18E+12  1.76E+07
 27  8.23E-13  9.74E-19  1.18E-06  4.10E-09  0.00E+00  0.00E+00  1.18E-06  1.22E+12  1.75E+07
 28  7.21E-13  8.45E-19  1.17E-06  4.00E-09  0.00E+00  0.00E+00  1.17E-06  1.26E+12  1.78E+07
 29  5.74E-13  6.31E-19  1.10E-06  3.42E-09  0.00E+00  0.00E+00  1.10E-06  1.30E+12  1.80E+07
 30  5.04E-13  5.54E-19  1.10E-06  3.42E-09  0.00E+00  0.00E+00  1.10E-06  1.34E+12  1.82E+07
 31  3.88E-13  3.96E-19  1.02E-06  2.85E-09  0.00E+00  0.00E+00  1.02E-06  1.38E+12  1.83E+07
 32  3.88E-13  3.96E-19  1.02E-06  2.85E-09  0.00E+00  0.00E+00  1.02E-06  1.42E+12  1.83E+07
 33  2.94E-13  2.78E-19  9.47E-07  2.38E-09  3.04E-07  0.00E+00  9.47E-07  1.46E+12  1.85E+07
 34  2.56E-13  2.42E-19  9.47E-07  2.38E-09  2.94E-07  0.00E+00  9.47E-07  1.50E+12  1.87E+07
 35  1.96E-13  1.74E-19  8.91E-07  2.04E-09  2.85E-07  0.00E+00  8.90E-07  1.54E+12  1.88E+07
 36  1.91E-13  1.68E-19  8.79E-07  1.98E-09  2.75E-07  0.00E+00  8.79E-07  1.58E+12  1.88E+07
 37  1.45E-13  1.20E-19  8.27E-07  1.70E-09  2.67E-07  0.00E+00  8.27E-07  1.62E+12  1.89E+07
 38  1.22E-13  9.92E-20  8.16E-07  1.65E-09  2.58E-07  0.00E+00  8.16E-07  1.66E+12  1.90E+07
 39  9.19E-14  7.05E-20  7.68E-07  1.42E-09  2.50E-07  0.00E+00  7.68E-07  1.70E+12  1.91E+07
 40  9.19E-14  7.05E-20  7.68E-07  1.42E-09  2.42E-07  0.00E+00  7.68E-07  1.75E+12  1.91E+07
 41  6.67E-14  4.75E-20  7.13E-07  1.18E-09  2.35E-07  0.00E+00  7.13E-07  1.79E+12  1.92E+07
 42  5.76E-14  4.10E-20  7.13E-07  1.18E-09  2.28E-07  0.00E+00  7.13E-07  1.83E+12  1.93E+07
 43  4.16E-14  2.75E-20  6.62E-07  9.86E-10  2.21E-07  0.00E+00  6.62E-07  1.87E+12  1.94E+07
 44  4.16E-14  2.75E-20  6.62E-07  9.86E-10  2.14E-07  0.00E+00  6.62E-07  1.91E+12  1.94E+07
 45  3.11E-14  1.94E-20  6.25E-07  8.53E-10  2.08E-07  0.00E+00  6.24E-07  1.95E+12  1.94E+07
  max optical depth for this view angle
 is:   2.59E+00

