  Porbst[d]  istar  icomp
   0.0000000000000000                1           0
     xstar      ystar      zstar      vxst       vyst       vzst
  0.000E+00  0.000E+00  0.100E+01  0.000E+00 -0.228E+05  0.000E+00
     vrxcp      vrycp      vrzcp      vxcp       vycp       vzcp
  0.000E+00  0.000E+00  0.100E+01  0.000E+00  0.228E+07  0.000E+00
       xcp        ycp        zcp      
  0.150E+14  0.000E+00  0.000E+00
 inebl=1= pp-disk
 H_scale_in H_scale_out [Rsol] sound_out [km/s]
  4.61E+00  1.09E+01  2.28E+00
 Surfdens_in Surfdens_out [g/cm^2]
   8.04E+03   5.52E+03
  No. of sp. lines considered:           4
 elem= H   iat=  1 hmc=  1.0080 nion=  2 abund=0.100E+01
 elem= H   iat=  1 hmc=  1.0080 nion=  2 abund=0.100E+01
 elem= H   iat=  1 hmc=  1.0080 nion=  2 abund=0.100E+01
 elem= H   iat=  1 hmc=  1.0080 nion=  2 abund=0.100E+01
 abhyd=0.908 abhel=0.100 wm=0.130E+01
 nbod1= 201 nbod2= 201 nbod3= 201 nfreq=  36
 output for:  ionu=  1 ior= 40 iot= 40
i=  40.50  alpha= -18.00
  iunt=           0
  ivac1=         107 ivacn=         152  nivac=          46
 vel.  vx        vy        vz        dens      dustd     dustt
   1 -7.72E+06 -1.99E+07  6.38E+06  1.45E-09  0.00E+00  6.96E+02
   2 -7.79E+06 -1.98E+07  6.56E+06  1.54E-09  0.00E+00  6.96E+02
   3 -7.72E+06 -1.98E+07  6.64E+06  1.55E-09  0.00E+00  6.91E+02
   4 -7.71E+06 -1.97E+07  6.89E+06  1.65E-09  0.00E+00  6.86E+02
   5 -7.77E+06 -1.96E+07  7.08E+06  1.75E-09  0.00E+00  6.86E+02
   6 -7.52E+06 -1.96E+07  7.36E+06  1.84E-09  0.00E+00  6.84E+02
   7 -7.57E+06 -1.95E+07  7.55E+06  1.94E-09  0.00E+00  6.84E+02
   8 -7.50E+06 -1.95E+07  7.61E+06  1.94E-09  0.00E+00  6.79E+02
   9 -7.49E+06 -1.94E+07  7.86E+06  2.03E-09  0.00E+00  6.74E+02
  10 -7.54E+06 -1.93E+07  8.05E+06  2.12E-09  0.00E+00  6.74E+02
  11 -7.28E+06 -1.92E+07  8.33E+06  2.22E-09  0.00E+00  6.72E+02
  12 -7.28E+06 -1.92E+07  8.33E+06  2.22E-09  0.00E+00  6.72E+02
  13 -7.27E+06 -1.91E+07  8.57E+06  2.30E-09  0.00E+00  6.67E+02
  14 -7.24E+06 -1.90E+07  8.81E+06  2.37E-09  0.00E+00  6.62E+02
  15 -7.29E+06 -1.89E+07  8.99E+06  2.46E-09  0.00E+00  6.62E+02
  16 -6.99E+06 -1.90E+07  9.08E+06  2.45E-09  0.00E+00  6.59E+02
  17 -6.97E+06 -1.88E+07  9.31E+06  2.52E-09  0.00E+00  6.55E+02
  18 -7.00E+06 -1.87E+07  9.49E+06  2.60E-09  0.00E+00  6.55E+02
  19 -6.98E+06 -1.86E+07  9.72E+06  2.66E-09  0.00E+00  6.50E+02
  20 -6.98E+06 -1.86E+07  9.72E+06  2.66E-09  0.00E+00  6.50E+02
  21 -6.72E+06 -1.85E+07  9.98E+06  2.72E-09  0.00E+00  6.48E+02
  22 -6.69E+06 -1.84E+07  1.02E+07  2.77E-09  0.00E+00  6.43E+02
  23 -6.72E+06 -1.83E+07  1.04E+07  2.84E-09  0.00E+00  6.43E+02
  24 -6.66E+06 -1.83E+07  1.04E+07  2.80E-09  0.00E+00  6.38E+02
  25 -6.69E+06 -1.82E+07  1.06E+07  2.87E-09  0.00E+00  6.38E+02
  26 -6.43E+06 -1.81E+07  1.08E+07  2.91E-09  0.00E+00  6.36E+02
  27 -6.40E+06 -1.79E+07  1.10E+07  2.93E-09  0.00E+00  6.32E+02
  28 -6.40E+06 -1.79E+07  1.10E+07  2.93E-09  0.00E+00  6.32E+02
  29 -6.37E+06 -1.78E+07  1.12E+07  2.95E-09  0.00E+00  6.27E+02
  30 -6.34E+06 -1.77E+07  1.14E+07  2.95E-09  0.00E+00  6.23E+02
  31 -6.13E+06 -1.76E+07  1.17E+07  3.02E-09  0.00E+00  6.25E+02
  32 -6.10E+06 -1.75E+07  1.18E+07  3.02E-09  0.00E+00  6.20E+02
  33 -6.10E+06 -1.75E+07  1.18E+07  3.02E-09  0.00E+00  6.20E+02
  34 -6.06E+06 -1.73E+07  1.20E+07  3.01E-09  0.00E+00  6.16E+02
  35 -6.03E+06 -1.72E+07  1.22E+07  3.00E-09  0.00E+00  6.12E+02
  36 -5.82E+06 -1.71E+07  1.24E+07  3.05E-09  0.00E+00  6.14E+02
  37 -5.77E+06 -1.71E+07  1.24E+07  3.00E-09  0.00E+00  6.09E+02
  38 -5.78E+06 -1.70E+07  1.26E+07  3.03E-09  0.00E+00  6.09E+02
  39 -5.74E+06 -1.69E+07  1.28E+07  3.00E-09  0.00E+00  6.05E+02
  40 -5.71E+06 -1.67E+07  1.29E+07  2.97E-09  0.00E+00  6.01E+02
  41 -5.49E+06 -1.68E+07  1.30E+07  2.99E-09  0.00E+00  6.03E+02
  42 -5.45E+06 -1.66E+07  1.31E+07  2.96E-09  0.00E+00  5.99E+02
  43  6.91E+06 -4.14E+06  3.54E+06  2.92E-09  0.00E+00  5.95E+02
  44  6.91E+06 -4.14E+06  3.54E+06  2.93E-09  0.00E+00  5.95E+02
  45  6.90E+06 -4.10E+06  3.50E+06  2.89E-09  0.00E+00  5.91E+02
  46  6.96E+06 -4.06E+06  3.47E+06  2.91E-09  0.00E+00  5.92E+02
       akonc      ekonc      temp       az      mshade
   1  6.731E+14  4.259E+07  1.740E+03  1.461E+11  1
   2  7.151E+14  4.438E+07  1.740E+03  1.704E+11  1
   3  7.201E+14  4.131E+07  1.727E+03  1.948E+11  1
   4  7.665E+14  3.968E+07  1.715E+03  2.191E+11  1
   5  8.093E+14  4.108E+07  1.715E+03  2.435E+11  1
   6  8.537E+14  4.105E+07  1.709E+03  2.678E+11  1
   7  8.979E+14  4.237E+07  1.709E+03  2.922E+11  1
   8  8.983E+14  3.879E+07  1.697E+03  3.165E+11  1
   9  9.411E+14  3.640E+07  1.684E+03  3.409E+11  1
  10  9.843E+14  3.739E+07  1.684E+03  3.652E+11  1
  11  1.026E+15  3.676E+07  1.679E+03  3.896E+11  1
  12  1.026E+15  3.676E+07  1.679E+03  4.139E+11  1
  13  1.065E+15  3.408E+07  1.667E+03  4.383E+11  1
  14  1.100E+15  3.145E+07  1.654E+03  4.626E+11  0
  15  1.141E+15  3.210E+07  1.654E+03  4.870E+11  0
  16  1.137E+15  3.053E+07  1.649E+03  5.113E+11  0
  17  1.168E+15  2.796E+07  1.637E+03  5.357E+11  0
  18  1.206E+15  2.846E+07  1.637E+03  5.600E+11  0
  19  1.232E+15  2.594E+07  1.625E+03  5.844E+11  0
  20  1.232E+15  2.594E+07  1.625E+03  6.087E+11  0
  21  1.261E+15  2.489E+07  1.619E+03  6.331E+11  0
  22  1.282E+15  2.255E+07  1.608E+03  6.574E+11  0
  23  1.314E+15  2.285E+07  1.608E+03  6.818E+11  0
  24  1.299E+15  2.038E+07  1.596E+03  7.061E+11  0
  25  1.329E+15  2.063E+07  1.596E+03  7.305E+11  0
  26  1.349E+15  1.960E+07  1.590E+03  7.548E+11  0
  27  1.359E+15  1.762E+07  1.579E+03  7.792E+11  0
  28  1.359E+15  1.762E+07  1.579E+03  8.035E+11  0
  29  1.365E+15  1.581E+07  1.568E+03  8.279E+11  0
  30  1.369E+15  1.416E+07  1.557E+03  8.522E+11  0
  31  1.399E+15  1.502E+07  1.562E+03  8.766E+11  0
  32  1.398E+15  1.342E+07  1.551E+03  9.009E+11  0
  33  1.398E+15  1.342E+07  1.551E+03  9.253E+11  0
  34  1.395E+15  1.197E+07  1.540E+03  9.496E+11  0
  35  1.389E+15  1.067E+07  1.530E+03  9.740E+11  0
  36  1.411E+15  1.126E+07  1.534E+03  9.983E+11  0
  37  1.390E+15  9.971E+06  1.523E+03  1.023E+12  0
  38  1.402E+15  1.001E+07  1.523E+03  1.047E+12  0
  39  1.390E+15  8.897E+06  1.513E+03  1.071E+12  0
  40  1.377E+15  7.897E+06  1.503E+03  1.096E+12  0
  41  1.386E+15  8.273E+06  1.507E+03  1.120E+12  0
  42  1.371E+15  7.334E+06  1.497E+03  1.144E+12  0
  43  1.355E+15  6.498E+06  1.487E+03  1.169E+12  0
  44  1.358E+15  6.507E+06  1.487E+03  1.193E+12  0
  45  1.337E+15  5.754E+06  1.477E+03  1.217E+12  0
  46  1.347E+15  6.017E+06  1.480E+03  1.242E+12  0
       AKONC      HI         H-         H2         HEI        HIPF       HIIPF
   1  6.731E+14  7.620E+12  7.120E+01  3.018E+14  6.112E+13  2.000E+00  1.000E+00
   2  7.151E+14  7.855E+12  7.648E+01  3.207E+14  6.493E+13  2.000E+00  1.000E+00
   3  7.201E+14  7.043E+12  6.704E+01  3.234E+14  6.539E+13  2.000E+00  1.000E+00
   4  7.665E+14  6.492E+12  6.234E+01  3.447E+14  6.959E+13  2.000E+00  1.000E+00
   5  8.093E+14  6.672E+12  6.632E+01  3.641E+14  7.348E+13  2.000E+00  1.000E+00
   6  8.537E+14  6.548E+12  6.634E+01  3.843E+14  7.751E+13  2.000E+00  1.000E+00
   7  8.979E+14  6.716E+12  7.022E+01  4.043E+14  8.153E+13  2.000E+00  1.000E+00
   8  8.983E+14  5.994E+12  6.028E+01  4.048E+14  8.156E+13  2.000E+00  1.000E+00
   9  9.411E+14  5.474E+12  5.428E+01  4.245E+14  8.545E+13  2.000E+00  1.000E+00
  10  9.843E+14  5.599E+12  5.702E+01  4.441E+14  8.938E+13  2.000E+00  1.000E+00
  11  1.026E+15  5.435E+12  5.562E+01  4.632E+14  9.319E+13  2.000E+00  1.000E+00
  12  1.026E+15  5.435E+12  5.562E+01  4.632E+14  9.319E+13  2.000E+00  1.000E+00
  13  1.065E+15  4.934E+12  4.919E+01  4.809E+14  9.666E+13  2.000E+00  1.000E+00
  14  1.100E+15  4.471E+12  4.321E+01  4.973E+14  9.990E+13  2.000E+00  1.000E+00
  15  1.141E+15  4.554E+12  4.492E+01  5.157E+14  1.036E+14  2.000E+00  1.000E+00
  16  1.137E+15  4.302E+12  4.133E+01  5.141E+14  1.033E+14  2.000E+00  1.000E+00
  17  1.168E+15  3.883E+12  3.590E+01  5.283E+14  1.060E+14  2.000E+00  1.000E+00
  18  1.206E+15  3.946E+12  3.714E+01  5.456E+14  1.095E+14  2.000E+00  1.000E+00
  19  1.232E+15  3.552E+12  3.202E+01  5.576E+14  1.119E+14  2.000E+00  1.000E+00
  20  1.232E+15  3.552E+12  3.202E+01  5.576E+14  1.119E+14  2.000E+00  1.000E+00
  21  1.261E+15  3.388E+12  3.005E+01  5.710E+14  1.145E+14  2.000E+00  1.000E+00
  22  1.282E+15  3.040E+12  2.567E+01  5.803E+14  1.164E+14  2.000E+00  1.000E+00
  23  1.314E+15  3.078E+12  2.635E+01  5.951E+14  1.193E+14  2.000E+00  1.000E+00
  24  1.299E+15  2.724E+12  2.184E+01  5.883E+14  1.179E+14  2.000E+00  1.000E+00
  25  1.329E+15  2.755E+12  2.237E+01  6.021E+14  1.207E+14  2.000E+00  1.000E+00
  26  1.349E+15  2.606E+12  2.065E+01  6.112E+14  1.225E+14  2.000E+00  1.000E+00
  27  1.359E+15  2.327E+12  1.742E+01  6.156E+14  1.234E+14  2.000E+00  1.000E+00
  28  1.359E+15  2.327E+12  1.742E+01  6.156E+14  1.234E+14  2.000E+00  1.000E+00
  29  1.365E+15  2.075E+12  1.464E+01  6.187E+14  1.239E+14  2.000E+00  1.000E+00
  30  1.369E+15  1.849E+12  1.228E+01  6.206E+14  1.243E+14  2.000E+00  1.000E+00
  31  1.399E+15  1.966E+12  1.356E+01  6.339E+14  1.270E+14  2.000E+00  1.000E+00
  32  1.398E+15  1.748E+12  1.132E+01  6.337E+14  1.269E+14  2.000E+00  1.000E+00
  33  1.398E+15  1.748E+12  1.132E+01  6.337E+14  1.269E+14  2.000E+00  1.000E+00
  34  1.395E+15  1.553E+12  9.426E+00  6.323E+14  1.266E+14  2.000E+00  1.000E+00
  35  1.389E+15  1.379E+12  7.835E+00  6.299E+14  1.261E+14  2.000E+00  1.000E+00
  36  1.411E+15  1.457E+12  8.568E+00  6.400E+14  1.282E+14  2.000E+00  1.000E+00
  37  1.390E+15  1.286E+12  7.033E+00  6.304E+14  1.262E+14  2.000E+00  1.000E+00
  38  1.402E+15  1.291E+12  7.094E+00  6.358E+14  1.273E+14  2.000E+00  1.000E+00
  39  1.390E+15  1.144E+12  5.865E+00  6.307E+14  1.262E+14  2.000E+00  1.000E+00
  40  1.377E+15  1.013E+12  4.841E+00  6.248E+14  1.251E+14  2.000E+00  1.000E+00
  41  1.386E+15  1.062E+12  5.219E+00  6.285E+14  1.258E+14  2.000E+00  1.000E+00
  42  1.371E+15  9.391E+11  4.299E+00  6.218E+14  1.245E+14  2.000E+00  1.000E+00
  43  1.355E+15  8.303E+11  3.538E+00  6.145E+14  1.230E+14  2.000E+00  1.000E+00
  44  1.358E+15  8.313E+11  3.547E+00  6.161E+14  1.233E+14  2.000E+00  1.000E+00
  45  1.337E+15  7.338E+11  2.908E+00  6.067E+14  1.214E+14  2.000E+00  1.000E+00
  46  1.347E+15  7.678E+11  3.126E+00  6.110E+14  1.223E+14  2.000E+00  1.000E+00
  ilin=           1
 PARTITION FUNCTIONS
 TEMP         1         2
  1740. 0.200E+01 0.100E+01
  1740. 0.200E+01 0.100E+01
  1727. 0.200E+01 0.100E+01
  1715. 0.200E+01 0.100E+01
  1715. 0.200E+01 0.100E+01
  1709. 0.200E+01 0.100E+01
  1709. 0.200E+01 0.100E+01
  1697. 0.200E+01 0.100E+01
  1684. 0.200E+01 0.100E+01
  1684. 0.200E+01 0.100E+01
  1679. 0.200E+01 0.100E+01
  1679. 0.200E+01 0.100E+01
  1667. 0.200E+01 0.100E+01
  1654. 0.200E+01 0.100E+01
  1654. 0.200E+01 0.100E+01
  1649. 0.200E+01 0.100E+01
  1637. 0.200E+01 0.100E+01
  1637. 0.200E+01 0.100E+01
  1625. 0.200E+01 0.100E+01
  1625. 0.200E+01 0.100E+01
  1619. 0.200E+01 0.100E+01
  1608. 0.200E+01 0.100E+01
  1608. 0.200E+01 0.100E+01
  1596. 0.200E+01 0.100E+01
  1596. 0.200E+01 0.100E+01
  1590. 0.200E+01 0.100E+01
  1579. 0.200E+01 0.100E+01
  1579. 0.200E+01 0.100E+01
  1568. 0.200E+01 0.100E+01
  1557. 0.200E+01 0.100E+01
  1562. 0.200E+01 0.100E+01
  1551. 0.200E+01 0.100E+01
  1551. 0.200E+01 0.100E+01
  1540. 0.200E+01 0.100E+01
  1530. 0.200E+01 0.100E+01
  1534. 0.200E+01 0.100E+01
  1523. 0.200E+01 0.100E+01
  1523. 0.200E+01 0.100E+01
  1513. 0.200E+01 0.100E+01
  1503. 0.200E+01 0.100E+01
  1507. 0.200E+01 0.100E+01
  1497. 0.200E+01 0.100E+01
  1487. 0.200E+01 0.100E+01
  1487. 0.200E+01 0.100E+01
  1477. 0.200E+01 0.100E+01
  1480. 0.200E+01 0.100E+01
    N(J)/N  ION POPULATIONS
 z          1          2
 0.146D+12  0.100D+01  0.175D-26
 0.170D+12  0.100D+01  0.168D-26
 0.195D+12  0.100D+01  0.904D-27
 0.219D+12  0.100D+01  0.471D-27
 0.243D+12  0.100D+01  0.455D-27
 0.268D+12  0.100D+01  0.344D-27
 0.292D+12  0.100D+01  0.334D-27
 0.317D+12  0.100D+01  0.181D-27
 0.341D+12  0.100D+01  0.960D-28
 0.365D+12  0.100D+01  0.935D-28
 0.390D+12  0.100D+01  0.698D-28
 0.414D+12  0.100D+01  0.698D-28
 0.438D+12  0.100D+01  0.372D-28
 0.463D+12  0.100D+01  0.200D-28
 0.487D+12  0.100D+01  0.195D-28
 0.511D+12  0.100D+01  0.147D-28
 0.536D+12  0.100D+01  0.789D-29
 0.560D+12  0.100D+01  0.775D-29
 0.584D+12  0.100D+01  0.419D-29
 0.609D+12  0.100D+01  0.419D-29
 0.633D+12  0.100D+01  0.304D-29
 0.657D+12  0.100D+01  0.165D-29
 0.682D+12  0.100D+01  0.163D-29
 0.706D+12  0.100D+01  0.896D-30
 0.730D+12  0.100D+01  0.885D-30
 0.755D+12  0.100D+01  0.634D-30
 0.779D+12  0.100D+01  0.345D-30
 0.804D+12  0.100D+01  0.345D-30
 0.828D+12  0.100D+01  0.189D-30
 0.852D+12  0.100D+01  0.103D-30
 0.877D+12  0.100D+01  0.132D-30
 0.901D+12  0.100D+01  0.724D-31
 0.925D+12  0.100D+01  0.724D-31
 0.950D+12  0.100D+01  0.397D-31
 0.974D+12  0.100D+01  0.218D-31
 0.998D+12  0.100D+01  0.276D-31
 0.102D+13  0.100D+01  0.152D-31
 0.105D+13  0.100D+01  0.152D-31
 0.107D+13  0.100D+01  0.835D-32
 0.110D+13  0.100D+01  0.461D-32
 0.112D+13  0.100D+01  0.577D-32
 0.114D+13  0.100D+01  0.318D-32
 0.117D+13  0.100D+01  0.175D-32
 0.119D+13  0.100D+01  0.175D-32
 0.122D+13  0.100D+01  0.970D-33
 0.124D+13  0.100D+01  0.120D-32
 i   GR        GS        GW        
  1 0.617E+09 0.313E-04 0.853E-07
  2 0.617E+09 0.313E-04 0.853E-07
  3 0.617E+09 0.313E-04 0.853E-07
  4 0.617E+09 0.313E-04 0.853E-07
  5 0.617E+09 0.313E-04 0.853E-07
  6 0.617E+09 0.313E-04 0.853E-07
  7 0.617E+09 0.313E-04 0.853E-07
  8 0.617E+09 0.313E-04 0.853E-07
  9 0.617E+09 0.313E-04 0.853E-07
 10 0.617E+09 0.313E-04 0.853E-07
 11 0.617E+09 0.313E-04 0.853E-07
 12 0.617E+09 0.313E-04 0.853E-07
 13 0.617E+09 0.313E-04 0.853E-07
 14 0.617E+09 0.313E-04 0.853E-07
 15 0.617E+09 0.313E-04 0.853E-07
 16 0.617E+09 0.313E-04 0.853E-07
 17 0.617E+09 0.313E-04 0.853E-07
 18 0.617E+09 0.313E-04 0.853E-07
 19 0.617E+09 0.313E-04 0.853E-07
 20 0.617E+09 0.313E-04 0.853E-07
 21 0.617E+09 0.313E-04 0.853E-07
 22 0.617E+09 0.313E-04 0.853E-07
 23 0.617E+09 0.313E-04 0.853E-07
 24 0.617E+09 0.313E-04 0.853E-07
 25 0.617E+09 0.313E-04 0.853E-07
 26 0.617E+09 0.313E-04 0.853E-07
 27 0.617E+09 0.313E-04 0.853E-07
 28 0.617E+09 0.313E-04 0.853E-07
 29 0.617E+09 0.313E-04 0.853E-07
 30 0.617E+09 0.313E-04 0.853E-07
 31 0.617E+09 0.313E-04 0.853E-07
 32 0.617E+09 0.313E-04 0.853E-07
 33 0.617E+09 0.313E-04 0.853E-07
 34 0.617E+09 0.313E-04 0.853E-07
 35 0.617E+09 0.313E-04 0.853E-07
 36 0.617E+09 0.313E-04 0.853E-07
 37 0.617E+09 0.313E-04 0.853E-07
 38 0.617E+09 0.313E-04 0.853E-07
 39 0.617E+09 0.313E-04 0.853E-07
 40 0.617E+09 0.313E-04 0.853E-07
 41 0.617E+09 0.313E-04 0.853E-07
 42 0.617E+09 0.313E-04 0.853E-07
 43 0.617E+09 0.313E-04 0.853E-07
 44 0.617E+09 0.313E-04 0.853E-07
 45 0.617E+09 0.313E-04 0.853E-07
 46 0.617E+09 0.313E-04 0.853E-07
  ilin=           2
 PARTITION FUNCTIONS
 TEMP         1         2
  1740. 0.200E+01 0.100E+01
  1740. 0.200E+01 0.100E+01
  1727. 0.200E+01 0.100E+01
  1715. 0.200E+01 0.100E+01
  1715. 0.200E+01 0.100E+01
  1709. 0.200E+01 0.100E+01
  1709. 0.200E+01 0.100E+01
  1697. 0.200E+01 0.100E+01
  1684. 0.200E+01 0.100E+01
  1684. 0.200E+01 0.100E+01
  1679. 0.200E+01 0.100E+01
  1679. 0.200E+01 0.100E+01
  1667. 0.200E+01 0.100E+01
  1654. 0.200E+01 0.100E+01
  1654. 0.200E+01 0.100E+01
  1649. 0.200E+01 0.100E+01
  1637. 0.200E+01 0.100E+01
  1637. 0.200E+01 0.100E+01
  1625. 0.200E+01 0.100E+01
  1625. 0.200E+01 0.100E+01
  1619. 0.200E+01 0.100E+01
  1608. 0.200E+01 0.100E+01
  1608. 0.200E+01 0.100E+01
  1596. 0.200E+01 0.100E+01
  1596. 0.200E+01 0.100E+01
  1590. 0.200E+01 0.100E+01
  1579. 0.200E+01 0.100E+01
  1579. 0.200E+01 0.100E+01
  1568. 0.200E+01 0.100E+01
  1557. 0.200E+01 0.100E+01
  1562. 0.200E+01 0.100E+01
  1551. 0.200E+01 0.100E+01
  1551. 0.200E+01 0.100E+01
  1540. 0.200E+01 0.100E+01
  1530. 0.200E+01 0.100E+01
  1534. 0.200E+01 0.100E+01
  1523. 0.200E+01 0.100E+01
  1523. 0.200E+01 0.100E+01
  1513. 0.200E+01 0.100E+01
  1503. 0.200E+01 0.100E+01
  1507. 0.200E+01 0.100E+01
  1497. 0.200E+01 0.100E+01
  1487. 0.200E+01 0.100E+01
  1487. 0.200E+01 0.100E+01
  1477. 0.200E+01 0.100E+01
  1480. 0.200E+01 0.100E+01
    N(J)/N  ION POPULATIONS
 z          1          2
 0.146D+12  0.100D+01  0.175D-26
 0.170D+12  0.100D+01  0.168D-26
 0.195D+12  0.100D+01  0.904D-27
 0.219D+12  0.100D+01  0.471D-27
 0.243D+12  0.100D+01  0.455D-27
 0.268D+12  0.100D+01  0.344D-27
 0.292D+12  0.100D+01  0.334D-27
 0.317D+12  0.100D+01  0.181D-27
 0.341D+12  0.100D+01  0.960D-28
 0.365D+12  0.100D+01  0.935D-28
 0.390D+12  0.100D+01  0.698D-28
 0.414D+12  0.100D+01  0.698D-28
 0.438D+12  0.100D+01  0.372D-28
 0.463D+12  0.100D+01  0.200D-28
 0.487D+12  0.100D+01  0.195D-28
 0.511D+12  0.100D+01  0.147D-28
 0.536D+12  0.100D+01  0.789D-29
 0.560D+12  0.100D+01  0.775D-29
 0.584D+12  0.100D+01  0.419D-29
 0.609D+12  0.100D+01  0.419D-29
 0.633D+12  0.100D+01  0.304D-29
 0.657D+12  0.100D+01  0.165D-29
 0.682D+12  0.100D+01  0.163D-29
 0.706D+12  0.100D+01  0.896D-30
 0.730D+12  0.100D+01  0.885D-30
 0.755D+12  0.100D+01  0.634D-30
 0.779D+12  0.100D+01  0.345D-30
 0.804D+12  0.100D+01  0.345D-30
 0.828D+12  0.100D+01  0.189D-30
 0.852D+12  0.100D+01  0.103D-30
 0.877D+12  0.100D+01  0.132D-30
 0.901D+12  0.100D+01  0.724D-31
 0.925D+12  0.100D+01  0.724D-31
 0.950D+12  0.100D+01  0.397D-31
 0.974D+12  0.100D+01  0.218D-31
 0.998D+12  0.100D+01  0.276D-31
 0.102D+13  0.100D+01  0.152D-31
 0.105D+13  0.100D+01  0.152D-31
 0.107D+13  0.100D+01  0.835D-32
 0.110D+13  0.100D+01  0.461D-32
 0.112D+13  0.100D+01  0.577D-32
 0.114D+13  0.100D+01  0.318D-32
 0.117D+13  0.100D+01  0.175D-32
 0.119D+13  0.100D+01  0.175D-32
 0.122D+13  0.100D+01  0.970D-33
 0.124D+13  0.100D+01  0.120D-32
 i   GR        GS        GW        
  1 0.617E+09 0.313E-04 0.853E-07
  2 0.617E+09 0.313E-04 0.853E-07
  3 0.617E+09 0.313E-04 0.853E-07
  4 0.617E+09 0.313E-04 0.853E-07
  5 0.617E+09 0.313E-04 0.853E-07
  6 0.617E+09 0.313E-04 0.853E-07
  7 0.617E+09 0.313E-04 0.853E-07
  8 0.617E+09 0.313E-04 0.853E-07
  9 0.617E+09 0.313E-04 0.853E-07
 10 0.617E+09 0.313E-04 0.853E-07
 11 0.617E+09 0.313E-04 0.853E-07
 12 0.617E+09 0.313E-04 0.853E-07
 13 0.617E+09 0.313E-04 0.853E-07
 14 0.617E+09 0.313E-04 0.853E-07
 15 0.617E+09 0.313E-04 0.853E-07
 16 0.617E+09 0.313E-04 0.853E-07
 17 0.617E+09 0.313E-04 0.853E-07
 18 0.617E+09 0.313E-04 0.853E-07
 19 0.617E+09 0.313E-04 0.853E-07
 20 0.617E+09 0.313E-04 0.853E-07
 21 0.617E+09 0.313E-04 0.853E-07
 22 0.617E+09 0.313E-04 0.853E-07
 23 0.617E+09 0.313E-04 0.853E-07
 24 0.617E+09 0.313E-04 0.853E-07
 25 0.617E+09 0.313E-04 0.853E-07
 26 0.617E+09 0.313E-04 0.853E-07
 27 0.617E+09 0.313E-04 0.853E-07
 28 0.617E+09 0.313E-04 0.853E-07
 29 0.617E+09 0.313E-04 0.853E-07
 30 0.617E+09 0.313E-04 0.853E-07
 31 0.617E+09 0.313E-04 0.853E-07
 32 0.617E+09 0.313E-04 0.853E-07
 33 0.617E+09 0.313E-04 0.853E-07
 34 0.617E+09 0.313E-04 0.853E-07
 35 0.617E+09 0.313E-04 0.853E-07
 36 0.617E+09 0.313E-04 0.853E-07
 37 0.617E+09 0.313E-04 0.853E-07
 38 0.617E+09 0.313E-04 0.853E-07
 39 0.617E+09 0.313E-04 0.853E-07
 40 0.617E+09 0.313E-04 0.853E-07
 41 0.617E+09 0.313E-04 0.853E-07
 42 0.617E+09 0.313E-04 0.853E-07
 43 0.617E+09 0.313E-04 0.853E-07
 44 0.617E+09 0.313E-04 0.853E-07
 45 0.617E+09 0.313E-04 0.853E-07
 46 0.617E+09 0.313E-04 0.853E-07
  ilin=           3
 PARTITION FUNCTIONS
 TEMP         1         2
  1740. 0.200E+01 0.100E+01
  1740. 0.200E+01 0.100E+01
  1727. 0.200E+01 0.100E+01
  1715. 0.200E+01 0.100E+01
  1715. 0.200E+01 0.100E+01
  1709. 0.200E+01 0.100E+01
  1709. 0.200E+01 0.100E+01
  1697. 0.200E+01 0.100E+01
  1684. 0.200E+01 0.100E+01
  1684. 0.200E+01 0.100E+01
  1679. 0.200E+01 0.100E+01
  1679. 0.200E+01 0.100E+01
  1667. 0.200E+01 0.100E+01
  1654. 0.200E+01 0.100E+01
  1654. 0.200E+01 0.100E+01
  1649. 0.200E+01 0.100E+01
  1637. 0.200E+01 0.100E+01
  1637. 0.200E+01 0.100E+01
  1625. 0.200E+01 0.100E+01
  1625. 0.200E+01 0.100E+01
  1619. 0.200E+01 0.100E+01
  1608. 0.200E+01 0.100E+01
  1608. 0.200E+01 0.100E+01
  1596. 0.200E+01 0.100E+01
  1596. 0.200E+01 0.100E+01
  1590. 0.200E+01 0.100E+01
  1579. 0.200E+01 0.100E+01
  1579. 0.200E+01 0.100E+01
  1568. 0.200E+01 0.100E+01
  1557. 0.200E+01 0.100E+01
  1562. 0.200E+01 0.100E+01
  1551. 0.200E+01 0.100E+01
  1551. 0.200E+01 0.100E+01
  1540. 0.200E+01 0.100E+01
  1530. 0.200E+01 0.100E+01
  1534. 0.200E+01 0.100E+01
  1523. 0.200E+01 0.100E+01
  1523. 0.200E+01 0.100E+01
  1513. 0.200E+01 0.100E+01
  1503. 0.200E+01 0.100E+01
  1507. 0.200E+01 0.100E+01
  1497. 0.200E+01 0.100E+01
  1487. 0.200E+01 0.100E+01
  1487. 0.200E+01 0.100E+01
  1477. 0.200E+01 0.100E+01
  1480. 0.200E+01 0.100E+01
    N(J)/N  ION POPULATIONS
 z          1          2
 0.146D+12  0.100D+01  0.175D-26
 0.170D+12  0.100D+01  0.168D-26
 0.195D+12  0.100D+01  0.904D-27
 0.219D+12  0.100D+01  0.471D-27
 0.243D+12  0.100D+01  0.455D-27
 0.268D+12  0.100D+01  0.344D-27
 0.292D+12  0.100D+01  0.334D-27
 0.317D+12  0.100D+01  0.181D-27
 0.341D+12  0.100D+01  0.960D-28
 0.365D+12  0.100D+01  0.935D-28
 0.390D+12  0.100D+01  0.698D-28
 0.414D+12  0.100D+01  0.698D-28
 0.438D+12  0.100D+01  0.372D-28
 0.463D+12  0.100D+01  0.200D-28
 0.487D+12  0.100D+01  0.195D-28
 0.511D+12  0.100D+01  0.147D-28
 0.536D+12  0.100D+01  0.789D-29
 0.560D+12  0.100D+01  0.775D-29
 0.584D+12  0.100D+01  0.419D-29
 0.609D+12  0.100D+01  0.419D-29
 0.633D+12  0.100D+01  0.304D-29
 0.657D+12  0.100D+01  0.165D-29
 0.682D+12  0.100D+01  0.163D-29
 0.706D+12  0.100D+01  0.896D-30
 0.730D+12  0.100D+01  0.885D-30
 0.755D+12  0.100D+01  0.634D-30
 0.779D+12  0.100D+01  0.345D-30
 0.804D+12  0.100D+01  0.345D-30
 0.828D+12  0.100D+01  0.189D-30
 0.852D+12  0.100D+01  0.103D-30
 0.877D+12  0.100D+01  0.132D-30
 0.901D+12  0.100D+01  0.724D-31
 0.925D+12  0.100D+01  0.724D-31
 0.950D+12  0.100D+01  0.397D-31
 0.974D+12  0.100D+01  0.218D-31
 0.998D+12  0.100D+01  0.276D-31
 0.102D+13  0.100D+01  0.152D-31
 0.105D+13  0.100D+01  0.152D-31
 0.107D+13  0.100D+01  0.835D-32
 0.110D+13  0.100D+01  0.461D-32
 0.112D+13  0.100D+01  0.577D-32
 0.114D+13  0.100D+01  0.318D-32
 0.117D+13  0.100D+01  0.175D-32
 0.119D+13  0.100D+01  0.175D-32
 0.122D+13  0.100D+01  0.970D-33
 0.124D+13  0.100D+01  0.120D-32
 i   GR        GS        GW        
  1 0.603E+09 0.103E-04 0.598E-07
  2 0.603E+09 0.103E-04 0.598E-07
  3 0.603E+09 0.103E-04 0.598E-07
  4 0.603E+09 0.103E-04 0.598E-07
  5 0.603E+09 0.103E-04 0.598E-07
  6 0.603E+09 0.103E-04 0.598E-07
  7 0.603E+09 0.103E-04 0.598E-07
  8 0.603E+09 0.103E-04 0.598E-07
  9 0.603E+09 0.103E-04 0.598E-07
 10 0.603E+09 0.103E-04 0.598E-07
 11 0.603E+09 0.103E-04 0.598E-07
 12 0.603E+09 0.103E-04 0.598E-07
 13 0.603E+09 0.103E-04 0.598E-07
 14 0.603E+09 0.103E-04 0.598E-07
 15 0.603E+09 0.103E-04 0.598E-07
 16 0.603E+09 0.103E-04 0.598E-07
 17 0.603E+09 0.103E-04 0.598E-07
 18 0.603E+09 0.103E-04 0.598E-07
 19 0.603E+09 0.103E-04 0.598E-07
 20 0.603E+09 0.103E-04 0.598E-07
 21 0.603E+09 0.103E-04 0.598E-07
 22 0.603E+09 0.103E-04 0.598E-07
 23 0.603E+09 0.103E-04 0.598E-07
 24 0.603E+09 0.103E-04 0.598E-07
 25 0.603E+09 0.103E-04 0.598E-07
 26 0.603E+09 0.103E-04 0.598E-07
 27 0.603E+09 0.103E-04 0.598E-07
 28 0.603E+09 0.103E-04 0.598E-07
 29 0.603E+09 0.103E-04 0.598E-07
 30 0.603E+09 0.103E-04 0.598E-07
 31 0.603E+09 0.103E-04 0.598E-07
 32 0.603E+09 0.103E-04 0.598E-07
 33 0.603E+09 0.103E-04 0.598E-07
 34 0.603E+09 0.103E-04 0.598E-07
 35 0.603E+09 0.103E-04 0.598E-07
 36 0.603E+09 0.103E-04 0.598E-07
 37 0.603E+09 0.103E-04 0.598E-07
 38 0.603E+09 0.103E-04 0.598E-07
 39 0.603E+09 0.103E-04 0.598E-07
 40 0.603E+09 0.103E-04 0.598E-07
 41 0.603E+09 0.103E-04 0.598E-07
 42 0.603E+09 0.103E-04 0.598E-07
 43 0.603E+09 0.103E-04 0.598E-07
 44 0.603E+09 0.103E-04 0.598E-07
 45 0.603E+09 0.103E-04 0.598E-07
 46 0.603E+09 0.103E-04 0.598E-07
  ilin=           4
 PARTITION FUNCTIONS
 TEMP         1         2
  1740. 0.200E+01 0.100E+01
  1740. 0.200E+01 0.100E+01
  1727. 0.200E+01 0.100E+01
  1715. 0.200E+01 0.100E+01
  1715. 0.200E+01 0.100E+01
  1709. 0.200E+01 0.100E+01
  1709. 0.200E+01 0.100E+01
  1697. 0.200E+01 0.100E+01
  1684. 0.200E+01 0.100E+01
  1684. 0.200E+01 0.100E+01
  1679. 0.200E+01 0.100E+01
  1679. 0.200E+01 0.100E+01
  1667. 0.200E+01 0.100E+01
  1654. 0.200E+01 0.100E+01
  1654. 0.200E+01 0.100E+01
  1649. 0.200E+01 0.100E+01
  1637. 0.200E+01 0.100E+01
  1637. 0.200E+01 0.100E+01
  1625. 0.200E+01 0.100E+01
  1625. 0.200E+01 0.100E+01
  1619. 0.200E+01 0.100E+01
  1608. 0.200E+01 0.100E+01
  1608. 0.200E+01 0.100E+01
  1596. 0.200E+01 0.100E+01
  1596. 0.200E+01 0.100E+01
  1590. 0.200E+01 0.100E+01
  1579. 0.200E+01 0.100E+01
  1579. 0.200E+01 0.100E+01
  1568. 0.200E+01 0.100E+01
  1557. 0.200E+01 0.100E+01
  1562. 0.200E+01 0.100E+01
  1551. 0.200E+01 0.100E+01
  1551. 0.200E+01 0.100E+01
  1540. 0.200E+01 0.100E+01
  1530. 0.200E+01 0.100E+01
  1534. 0.200E+01 0.100E+01
  1523. 0.200E+01 0.100E+01
  1523. 0.200E+01 0.100E+01
  1513. 0.200E+01 0.100E+01
  1503. 0.200E+01 0.100E+01
  1507. 0.200E+01 0.100E+01
  1497. 0.200E+01 0.100E+01
  1487. 0.200E+01 0.100E+01
  1487. 0.200E+01 0.100E+01
  1477. 0.200E+01 0.100E+01
  1480. 0.200E+01 0.100E+01
    N(J)/N  ION POPULATIONS
 z          1          2
 0.146D+12  0.100D+01  0.175D-26
 0.170D+12  0.100D+01  0.168D-26
 0.195D+12  0.100D+01  0.904D-27
 0.219D+12  0.100D+01  0.471D-27
 0.243D+12  0.100D+01  0.455D-27
 0.268D+12  0.100D+01  0.344D-27
 0.292D+12  0.100D+01  0.334D-27
 0.317D+12  0.100D+01  0.181D-27
 0.341D+12  0.100D+01  0.960D-28
 0.365D+12  0.100D+01  0.935D-28
 0.390D+12  0.100D+01  0.698D-28
 0.414D+12  0.100D+01  0.698D-28
 0.438D+12  0.100D+01  0.372D-28
 0.463D+12  0.100D+01  0.200D-28
 0.487D+12  0.100D+01  0.195D-28
 0.511D+12  0.100D+01  0.147D-28
 0.536D+12  0.100D+01  0.789D-29
 0.560D+12  0.100D+01  0.775D-29
 0.584D+12  0.100D+01  0.419D-29
 0.609D+12  0.100D+01  0.419D-29
 0.633D+12  0.100D+01  0.304D-29
 0.657D+12  0.100D+01  0.165D-29
 0.682D+12  0.100D+01  0.163D-29
 0.706D+12  0.100D+01  0.896D-30
 0.730D+12  0.100D+01  0.885D-30
 0.755D+12  0.100D+01  0.634D-30
 0.779D+12  0.100D+01  0.345D-30
 0.804D+12  0.100D+01  0.345D-30
 0.828D+12  0.100D+01  0.189D-30
 0.852D+12  0.100D+01  0.103D-30
 0.877D+12  0.100D+01  0.132D-30
 0.901D+12  0.100D+01  0.724D-31
 0.925D+12  0.100D+01  0.724D-31
 0.950D+12  0.100D+01  0.397D-31
 0.974D+12  0.100D+01  0.218D-31
 0.998D+12  0.100D+01  0.276D-31
 0.102D+13  0.100D+01  0.152D-31
 0.105D+13  0.100D+01  0.152D-31
 0.107D+13  0.100D+01  0.835D-32
 0.110D+13  0.100D+01  0.461D-32
 0.112D+13  0.100D+01  0.577D-32
 0.114D+13  0.100D+01  0.318D-32
 0.117D+13  0.100D+01  0.175D-32
 0.119D+13  0.100D+01  0.175D-32
 0.122D+13  0.100D+01  0.970D-33
 0.124D+13  0.100D+01  0.120D-32
 i   GR        GS        GW        
  1 0.575E+09 0.244E-05 0.377E-07
  2 0.575E+09 0.244E-05 0.377E-07
  3 0.575E+09 0.244E-05 0.377E-07
  4 0.575E+09 0.244E-05 0.377E-07
  5 0.575E+09 0.244E-05 0.377E-07
  6 0.575E+09 0.244E-05 0.377E-07
  7 0.575E+09 0.244E-05 0.377E-07
  8 0.575E+09 0.244E-05 0.377E-07
  9 0.575E+09 0.244E-05 0.377E-07
 10 0.575E+09 0.244E-05 0.377E-07
 11 0.575E+09 0.244E-05 0.377E-07
 12 0.575E+09 0.244E-05 0.377E-07
 13 0.575E+09 0.244E-05 0.377E-07
 14 0.575E+09 0.244E-05 0.377E-07
 15 0.575E+09 0.244E-05 0.377E-07
 16 0.575E+09 0.244E-05 0.377E-07
 17 0.575E+09 0.244E-05 0.377E-07
 18 0.575E+09 0.244E-05 0.377E-07
 19 0.575E+09 0.244E-05 0.377E-07
 20 0.575E+09 0.244E-05 0.377E-07
 21 0.575E+09 0.244E-05 0.377E-07
 22 0.575E+09 0.244E-05 0.377E-07
 23 0.575E+09 0.244E-05 0.377E-07
 24 0.575E+09 0.244E-05 0.377E-07
 25 0.575E+09 0.244E-05 0.377E-07
 26 0.575E+09 0.244E-05 0.377E-07
 27 0.575E+09 0.244E-05 0.377E-07
 28 0.575E+09 0.244E-05 0.377E-07
 29 0.575E+09 0.244E-05 0.377E-07
 30 0.575E+09 0.244E-05 0.377E-07
 31 0.575E+09 0.244E-05 0.377E-07
 32 0.575E+09 0.244E-05 0.377E-07
 33 0.575E+09 0.244E-05 0.377E-07
 34 0.575E+09 0.244E-05 0.377E-07
 35 0.575E+09 0.244E-05 0.377E-07
 36 0.575E+09 0.244E-05 0.377E-07
 37 0.575E+09 0.244E-05 0.377E-07
 38 0.575E+09 0.244E-05 0.377E-07
 39 0.575E+09 0.244E-05 0.377E-07
 40 0.575E+09 0.244E-05 0.377E-07
 41 0.575E+09 0.244E-05 0.377E-07
 42 0.575E+09 0.244E-05 0.377E-07
 43 0.575E+09 0.244E-05 0.377E-07
 44 0.575E+09 0.244E-05 0.377E-07
 45 0.575E+09 0.244E-05 0.377E-07
 46 0.575E+09 0.244E-05 0.377E-07
  iunt=           0  aintb=   0.0000000000000000     
  lambda=   6543.1445178650893     
 id  ophbf     ophff     opth      ophrs     ophn      opmieb    opmiej    oplin     opmol
  1  7.68E-39  2.60E-15  2.83E-17  2.56E-15  2.55E-15  0.00E+00  0.00E+00  1.09E-33  0.00E+00
  2  7.92E-39  2.88E-15  2.95E-17  2.63E-15  2.74E-15  0.00E+00  0.00E+00  1.16E-33  0.00E+00
  3  3.88E-39  2.71E-15  2.75E-17  2.36E-15  2.40E-15  0.00E+00  0.00E+00  7.03E-34  0.00E+00
  4  1.95E-39  2.79E-15  2.64E-17  2.18E-15  2.23E-15  0.00E+00  0.00E+00  4.52E-34  0.00E+00
  5  2.01E-39  3.05E-15  2.73E-17  2.24E-15  2.38E-15  0.00E+00  0.00E+00  4.79E-34  0.00E+00
  6  1.54E-39  3.22E-15  2.73E-17  2.20E-15  2.38E-15  0.00E+00  0.00E+00  4.14E-34  0.00E+00
  7  1.58E-39  3.50E-15  2.82E-17  2.25E-15  2.52E-15  0.00E+00  0.00E+00  4.37E-34  0.00E+00
  8  7.65E-40  3.22E-15  2.58E-17  2.01E-15  2.16E-15  0.00E+00  0.00E+00  2.62E-34  0.00E+00
  9  3.79E-40  3.18E-15  2.42E-17  1.84E-15  1.95E-15  0.00E+00  0.00E+00  1.65E-34  0.00E+00
 10  3.88E-40  3.41E-15  2.49E-17  1.88E-15  2.04E-15  0.00E+00  0.00E+00  1.73E-34  0.00E+00
 11  2.87E-40  3.51E-15  2.44E-17  1.82E-15  1.99E-15  0.00E+00  0.00E+00  1.45E-34  0.00E+00
 12  2.87E-40  3.51E-15  2.44E-17  1.82E-15  1.99E-15  0.00E+00  0.00E+00  1.45E-34  0.00E+00
 13  1.41E-40  3.39E-15  2.27E-17  1.65E-15  1.76E-15  0.00E+00  0.00E+00  8.97E-35  0.00E+00
 14  6.88E-41  3.24E-15  2.09E-17  1.50E-15  1.55E-15  0.00E+00  0.00E+00  5.54E-35  0.00E+00
 15  7.01E-41  3.43E-15  2.13E-17  1.53E-15  1.61E-15  0.00E+00  0.00E+00  5.77E-35  0.00E+00
 16  4.93E-41  3.26E-15  2.03E-17  1.44E-15  1.48E-15  0.00E+00  0.00E+00  4.50E-35  0.00E+00
 17  2.39E-41  3.08E-15  1.86E-17  1.30E-15  1.29E-15  0.00E+00  0.00E+00  2.75E-35  0.00E+00
 18  2.43E-41  3.24E-15  1.89E-17  1.32E-15  1.33E-15  0.00E+00  0.00E+00  2.86E-35  0.00E+00
 19  1.18E-41  3.03E-15  1.72E-17  1.19E-15  1.15E-15  0.00E+00  0.00E+00  1.74E-35  0.00E+00
 20  1.18E-41  3.03E-15  1.72E-17  1.19E-15  1.15E-15  0.00E+00  0.00E+00  1.74E-35  0.00E+00
 21  8.18E-42  2.98E-15  1.66E-17  1.14E-15  1.08E-15  0.00E+00  0.00E+00  1.37E-35  0.00E+00
 22  3.94E-42  2.75E-15  1.50E-17  1.02E-15  9.20E-16  0.00E+00  0.00E+00  8.28E-36  0.00E+00
 23  3.99E-42  2.86E-15  1.52E-17  1.03E-15  9.44E-16  0.00E+00  0.00E+00  8.53E-36  0.00E+00
 24  1.89E-42  2.53E-15  1.36E-17  9.13E-16  7.83E-16  0.00E+00  0.00E+00  4.99E-36  0.00E+00
 25  1.91E-42  2.62E-15  1.37E-17  9.24E-16  8.02E-16  0.00E+00  0.00E+00  5.13E-36  0.00E+00
 26  1.29E-42  2.53E-15  1.30E-17  8.74E-16  7.40E-16  0.00E+00  0.00E+00  3.94E-36  0.00E+00
 27  6.18E-43  2.30E-15  1.17E-17  7.80E-16  6.24E-16  0.00E+00  0.00E+00  2.36E-36  0.00E+00
 28  6.18E-43  2.30E-15  1.17E-17  7.80E-16  6.24E-16  0.00E+00  0.00E+00  2.36E-36  0.00E+00
 29  2.95E-43  2.08E-15  1.05E-17  6.96E-16  5.25E-16  0.00E+00  0.00E+00  1.40E-36  0.00E+00
 30  1.41E-43  1.88E-15  9.42E-18  6.20E-16  4.40E-16  0.00E+00  0.00E+00  8.36E-37  0.00E+00
 31  1.96E-43  2.03E-15  9.99E-18  6.59E-16  4.86E-16  0.00E+00  0.00E+00  1.08E-36  0.00E+00
 32  9.29E-44  1.82E-15  8.92E-18  5.86E-16  4.06E-16  0.00E+00  0.00E+00  6.37E-37  0.00E+00
 33  9.29E-44  1.82E-15  8.92E-18  5.86E-16  4.06E-16  0.00E+00  0.00E+00  6.37E-37  0.00E+00
 34  4.42E-44  1.63E-15  7.96E-18  5.21E-16  3.38E-16  0.00E+00  0.00E+00  3.77E-37  0.00E+00
 35  2.10E-44  1.45E-15  7.10E-18  4.62E-16  2.81E-16  0.00E+00  0.00E+00  2.22E-37  0.00E+00
 36  2.85E-44  1.55E-15  7.49E-18  4.89E-16  3.07E-16  0.00E+00  0.00E+00  2.81E-37  0.00E+00
 37  1.34E-44  1.36E-15  6.63E-18  4.31E-16  2.52E-16  0.00E+00  0.00E+00  1.63E-37  0.00E+00
 38  1.35E-44  1.38E-15  6.66E-18  4.33E-16  2.54E-16  0.00E+00  0.00E+00  1.65E-37  0.00E+00
 39  6.39E-45  1.22E-15  5.92E-18  3.84E-16  2.10E-16  0.00E+00  0.00E+00  9.70E-38  0.00E+00
 40  3.03E-45  1.07E-15  5.25E-18  3.40E-16  1.74E-16  0.00E+00  0.00E+00  5.69E-38  0.00E+00
 41  4.02E-45  1.13E-15  5.50E-18  3.56E-16  1.87E-16  0.00E+00  0.00E+00  7.00E-38  0.00E+00
 42  1.90E-45  9.93E-16  4.88E-18  3.15E-16  1.54E-16  0.00E+00  0.00E+00  4.10E-38  0.00E+00
 43  8.97E-46  8.73E-16  4.32E-18  2.78E-16  1.27E-16  0.00E+00  0.00E+00  1.88E-38  0.00E+00
 44  8.98E-46  8.76E-16  4.33E-18  2.79E-16  1.27E-16  0.00E+00  0.00E+00  1.89E-38  0.00E+00
 45  4.24E-46  7.65E-16  3.83E-18  2.46E-16  1.04E-16  0.00E+00  0.00E+00  1.10E-38  0.00E+00
 46  5.55E-46  8.05E-16  4.00E-18  2.57E-16  1.12E-16  0.00E+00  0.00E+00  1.33E-38  0.00E+00
 id   opdep     contrib.f   aint 
 45  2.798E-05  1.074E-14  1.074E-14
 44  5.727E-05  1.163E-14  2.238E-14
 43  8.855E-05  1.305E-14  3.543E-14
 42  1.220E-04  1.471E-14  5.014E-14
 41  1.603E-04  1.862E-14  6.877E-14
 40  2.001E-04  1.995E-14  8.872E-14
 39  2.416E-04  2.147E-14  1.102E-13
 38  2.889E-04  2.708E-14  1.373E-13
 37  3.390E-04  3.012E-14  1.674E-13
 36  3.926E-04  3.391E-14  2.013E-13
 35  4.480E-04  3.609E-14  2.374E-13
 34  5.051E-04  3.829E-14  2.757E-13
 33  5.698E-04  4.792E-14  3.236E-13
 32  6.385E-04  5.341E-14  3.770E-13
 31  7.117E-04  5.984E-14  4.368E-13
 30  7.864E-04  6.266E-14  4.995E-13
 29  8.626E-04  6.568E-14  5.652E-13
 28  9.482E-04  8.138E-14  6.466E-13
 27  1.039E-03  9.026E-14  7.368E-13
 26  1.135E-03  1.006E-13  8.374E-13
 25  1.238E-03  1.170E-13  9.544E-13
 24  1.343E-03  1.208E-13  1.075E-12
 23  1.454E-03  1.342E-13  1.209E-12
 22  1.570E-03  1.478E-13  1.357E-12
 21  1.691E-03  1.606E-13  1.518E-12
 20  1.820E-03  1.839E-13  1.702E-12
 19  1.951E-03  1.911E-13  1.893E-12
 18  2.088E-03  2.103E-13  2.103E-12
 17  2.230E-03  2.254E-13  2.328E-12
 16  2.374E-03  2.415E-13  2.570E-12
 15  2.530E-03  2.784E-13  2.848E-12
 14  2.687E-03  2.862E-13  3.135E-12
 13  2.847E-03  2.569E-12  5.703E-12
 12  3.020E-03  5.301E-12  1.100E-11
 11  3.199E-03  5.570E-12  1.657E-11
 10  3.378E-03  5.653E-12  2.223E-11
  9  3.552E-03  5.665E-12  2.789E-11
  8  3.728E-03  5.862E-12  3.375E-11
  7  3.919E-03  6.531E-12  4.028E-11
  6  4.115E-03  6.827E-12  4.711E-11
  5  4.304E-03  6.784E-12  5.390E-11
  4  4.485E-03  6.739E-12  6.064E-11
  3  4.665E-03  6.914E-12  6.755E-11
  2  4.857E-03  7.638E-12  7.519E-11
  1  5.052E-03  7.942E-12  8.313E-11
 iunt+1  opdep   aintbt    aint
  1  5.052E-03  0.000E+00  8.313E-11
 id    opac2     emis2     bnu       bnud      ejnu1     ejnu2     sf2       az        vz
  1  7.74E-15  3.22E-22  4.62E-09  2.71E-17  1.53E-07  0.00E+00  4.16E-08  1.46E+11  6.38E+06
  2  8.28E-15  3.33E-22  4.62E-09  2.71E-17  1.53E-07  0.00E+00  4.02E-08  1.70E+11  6.56E+06
  3  7.51E-15  2.97E-22  4.20E-09  2.14E-17  1.53E-07  0.00E+00  3.96E-08  1.95E+11  6.64E+06
  4  7.23E-15  2.74E-22  3.82E-09  1.69E-17  1.52E-07  0.00E+00  3.79E-08  2.19E+11  6.89E+06
  5  7.69E-15  2.82E-22  3.82E-09  1.69E-17  1.52E-07  0.00E+00  3.67E-08  2.43E+11  7.08E+06
  6  7.82E-15  2.77E-22  3.67E-09  1.53E-17  1.52E-07  0.00E+00  3.55E-08  2.68E+11  7.36E+06
  7  8.29E-15  2.85E-22  3.67E-09  1.53E-17  1.51E-07  0.00E+00  3.44E-08  2.92E+11  7.55E+06
  8  7.41E-15  2.53E-22  3.34E-09  1.21E-17  1.51E-07  0.00E+00  3.41E-08  3.17E+11  7.61E+06
  9  6.98E-15  2.30E-22  3.03E-09  9.49E-18  1.50E-07  0.00E+00  3.30E-08  3.41E+11  7.86E+06
 10  7.36E-15  2.36E-22  3.03E-09  9.49E-18  1.50E-07  0.00E+00  3.21E-08  3.65E+11  8.05E+06
 11  7.35E-15  2.30E-22  2.91E-09  8.53E-18  1.49E-07  0.00E+00  3.12E-08  3.90E+11  8.33E+06
 12  7.35E-15  2.29E-22  2.91E-09  8.53E-18  1.49E-07  0.00E+00  3.12E-08  4.14E+11  8.33E+06
 13  6.83E-15  2.07E-22  2.64E-09  6.70E-18  1.48E-07  0.00E+00  3.04E-08  4.38E+11  8.57E+06
 14  6.31E-15  1.15E-23  2.40E-09  5.26E-18  0.00E+00  0.00E+00  1.82E-09  4.63E+11  8.81E+06
 15  6.59E-15  1.21E-23  2.40E-09  5.26E-18  0.00E+00  0.00E+00  1.83E-09  4.87E+11  8.99E+06
 16  6.21E-15  1.09E-23  2.29E-09  4.69E-18  0.00E+00  0.00E+00  1.75E-09  5.11E+11  9.08E+06
 17  5.69E-15  9.07E-24  2.08E-09  3.68E-18  0.00E+00  0.00E+00  1.59E-09  5.36E+11  9.31E+06
 18  5.91E-15  9.49E-24  2.08E-09  3.68E-18  0.00E+00  0.00E+00  1.60E-09  5.60E+11  9.49E+06
 19  5.38E-15  7.86E-24  1.88E-09  2.88E-18  0.00E+00  0.00E+00  1.46E-09  5.84E+11  9.72E+06
 20  5.38E-15  7.86E-24  1.88E-09  2.88E-18  0.00E+00  0.00E+00  1.46E-09  6.09E+11  9.72E+06
 21  5.21E-15  7.27E-24  1.79E-09  2.55E-18  0.00E+00  0.00E+00  1.40E-09  6.33E+11  9.98E+06
 22  4.71E-15  5.97E-24  1.63E-09  2.00E-18  0.00E+00  0.00E+00  1.27E-09  6.57E+11  1.02E+07
 23  4.85E-15  6.19E-24  1.63E-09  2.00E-18  0.00E+00  0.00E+00  1.28E-09  6.82E+11  1.04E+07
 24  4.24E-15  4.89E-24  1.47E-09  1.56E-18  0.00E+00  0.00E+00  1.15E-09  7.06E+11  1.04E+07
 25  4.36E-15  5.05E-24  1.47E-09  1.56E-18  0.00E+00  0.00E+00  1.16E-09  7.30E+11  1.06E+07
 26  4.16E-15  4.58E-24  1.40E-09  1.37E-18  0.00E+00  0.00E+00  1.10E-09  7.55E+11  1.08E+07
 27  3.72E-15  3.71E-24  1.27E-09  1.07E-18  0.00E+00  0.00E+00  9.98E-10  7.79E+11  1.10E+07
 28  3.72E-15  3.71E-24  1.27E-09  1.07E-18  0.00E+00  0.00E+00  9.98E-10  8.04E+11  1.10E+07
 29  3.31E-15  3.00E-24  1.15E-09  8.40E-19  0.00E+00  0.00E+00  9.05E-10  8.28E+11  1.12E+07
 30  2.95E-15  2.42E-24  1.04E-09  6.57E-19  0.00E+00  0.00E+00  8.20E-10  8.52E+11  1.14E+07
 31  3.19E-15  2.74E-24  1.09E-09  7.30E-19  0.00E+00  0.00E+00  8.59E-10  8.77E+11  1.17E+07
 32  2.82E-15  2.19E-24  9.86E-10  5.71E-19  0.00E+00  0.00E+00  7.78E-10  9.01E+11  1.18E+07
 33  2.82E-15  2.19E-24  9.86E-10  5.71E-19  0.00E+00  0.00E+00  7.78E-10  9.25E+11  1.18E+07
 34  2.49E-15  1.76E-24  8.94E-10  4.47E-19  0.00E+00  0.00E+00  7.04E-10  9.50E+11  1.20E+07
 35  2.20E-15  1.40E-24  8.10E-10  3.50E-19  0.00E+00  0.00E+00  6.37E-10  9.74E+11  1.22E+07
 36  2.35E-15  1.57E-24  8.43E-10  3.86E-19  0.00E+00  0.00E+00  6.65E-10  9.98E+11  1.24E+07
 37  2.05E-15  1.23E-24  7.64E-10  3.02E-19  0.00E+00  0.00E+00  6.01E-10  1.02E+12  1.24E+07
 38  2.07E-15  1.24E-24  7.64E-10  3.02E-19  0.00E+00  0.00E+00  6.02E-10  1.05E+12  1.26E+07
 39  1.82E-15  9.87E-25  6.92E-10  2.36E-19  0.00E+00  0.00E+00  5.44E-10  1.07E+12  1.28E+07
 40  1.59E-15  7.82E-25  6.28E-10  1.85E-19  0.00E+00  0.00E+00  4.92E-10  1.10E+12  1.29E+07
 41  1.68E-15  8.57E-25  6.52E-10  2.03E-19  0.00E+00  0.00E+00  5.11E-10  1.12E+12  1.30E+07
 42  1.47E-15  6.78E-25  5.91E-10  1.59E-19  0.00E+00  0.00E+00  4.62E-10  1.14E+12  1.31E+07
 43  1.28E-15  5.35E-25  5.35E-10  1.24E-19  0.00E+00  0.00E+00  4.17E-10  1.17E+12  3.54E+06
 44  1.29E-15  5.37E-25  5.35E-10  1.24E-19  0.00E+00  0.00E+00  4.17E-10  1.19E+12  3.54E+06
 45  1.12E-15  4.22E-25  4.85E-10  9.71E-20  0.00E+00  0.00E+00  3.77E-10  1.22E+12  3.50E+06
 46  1.18E-15  4.61E-25  5.03E-10  1.06E-19  0.00E+00  0.00E+00  3.91E-10  1.24E+12  3.47E+06
  max optical depth for this view angle
 is:   1.70E+01

