  Porbst[d]  istar  icomp
   0.0000000000000000                1           0
     xstar      ystar      zstar      vxst       vyst       vzst
  0.000E+00  0.000E+00  0.100E+01  0.000E+00 -0.226E+05  0.000E+00
     vrxcp      vrycp      vrzcp      vxcp       vycp       vzcp
  0.000E+00  0.000E+00  0.100E+01  0.000E+00  0.226E+07  0.000E+00
       xcp        ycp        zcp      
  0.150E+14  0.000E+00  0.000E+00
 inebl=1= pp-disk
 H_scale_in H_scale_out [Rsol] sound_out [km/s]
  4.61E+00  1.09E+01  2.28E+00
 Surfdens_in Surfdens_out [g/cm^2]
   8.04E+03   5.52E+03
  No. of sp. lines considered:           4
 elem= H   iat=  1 hmc=  1.0080 nion=  2 abund=0.100E+01
 elem= H   iat=  1 hmc=  1.0080 nion=  2 abund=0.100E+01
 elem= H   iat=  1 hmc=  1.0080 nion=  2 abund=0.100E+01
 elem= H   iat=  1 hmc=  1.0080 nion=  2 abund=0.100E+01
 abhyd=0.908 abhel=0.100 wm=0.130E+01
 nbod1= 121 nbod2= 121 nbod3= 121 nfreq=   2
 output for:  ionu=  1 ior= 40 iot= 40
i=  40.00  alpha=  50.57
  iunt=           0
  ivac1=          65 ivacn=         109  nivac=          45
 vel.  vx        vy        vz        dens      dustd     dustt
   1 -5.30E+06 -2.12E+07  9.12E+06  4.49E-09  0.00E+00  1.00E+03
   2 -5.30E+06 -2.12E+07  9.12E+06  4.49E-09  0.00E+00  1.00E+03
   3 -5.53E+06 -2.08E+07  9.76E+06  5.19E-09  0.00E+00  9.76E+02
   4 -4.88E+06 -2.06E+07  1.04E+07  5.89E-09  0.00E+00  9.79E+02
   5 -5.09E+06 -2.01E+07  1.10E+07  6.41E-09  0.00E+00  9.56E+02
   6 -4.33E+06 -2.03E+07  1.11E+07  6.43E-09  0.00E+00  9.58E+02
   7 -4.53E+06 -1.98E+07  1.17E+07  6.79E-09  0.00E+00  9.36E+02
   8 -4.61E+06 -1.95E+07  1.22E+07  7.29E-09  0.00E+00  9.36E+02
   9 -4.05E+06 -1.91E+07  1.28E+07  7.40E-09  0.00E+00  9.17E+02
  10 -4.05E+06 -1.91E+07  1.28E+07  7.40E-09  0.00E+00  9.17E+02
  11 -3.52E+06 -1.87E+07  1.33E+07  7.37E-09  0.00E+00  8.98E+02
  12 -3.55E+06 -1.83E+07  1.38E+07  7.58E-09  0.00E+00  8.98E+02
  13 -3.03E+06 -1.79E+07  1.43E+07  7.33E-09  0.00E+00  8.79E+02
  14  9.20E+06 -5.46E+06  4.58E+06  7.37E-09  0.00E+00  8.79E+02
  15  9.07E+06 -5.39E+06  4.52E+06  7.03E-09  0.00E+00  8.61E+02
  16  9.26E+06 -5.18E+06  4.35E+06  6.98E-09  0.00E+00  8.60E+02
  17 -2.69E+06 -1.67E+07  1.55E+07  6.58E-09  0.00E+00  8.44E+02
  18 -2.05E+06 -1.64E+07  1.59E+07  6.41E-09  0.00E+00  8.42E+02
  19 -2.22E+06 -1.64E+07  1.58E+07  6.14E-09  0.00E+00  8.27E+02
  20 -2.20E+06 -1.60E+07  1.62E+07  5.96E-09  0.00E+00  8.27E+02
  21 -1.76E+06 -1.56E+07  1.65E+07  5.50E-09  0.00E+00  8.10E+02
  22 -1.72E+06 -1.53E+07  1.69E+07  5.27E-09  0.00E+00  8.10E+02
  23 -1.34E+06 -1.53E+07  1.68E+07  5.07E-09  0.00E+00  7.94E+02
  24 -1.30E+06 -1.49E+07  1.71E+07  4.83E-09  0.00E+00  7.94E+02
  25 -1.45E+06 -1.46E+07  1.73E+07  4.44E-09  0.00E+00  7.80E+02
  26 -8.66E+05 -1.42E+07  1.76E+07  4.17E-09  0.00E+00  7.78E+02
  27 -1.07E+06 -1.43E+07  1.75E+07  4.07E-09  0.00E+00  7.65E+02
  28 -5.07E+05 -1.39E+07  1.78E+07  3.80E-09  0.00E+00  7.63E+02
  29 -6.59E+05 -1.36E+07  1.80E+07  3.49E-09  0.00E+00  7.51E+02
  30 -6.02E+05 -1.33E+07  1.82E+07  3.24E-09  0.00E+00  7.51E+02
  31 -2.74E+05 -1.30E+07  1.83E+07  2.96E-09  0.00E+00  7.37E+02
  32 -2.74E+05 -1.30E+07  1.83E+07  2.96E-09  0.00E+00  7.37E+02
  33  3.03E+04 -1.27E+07  1.85E+07  2.71E-09  0.00E+00  7.23E+02
  34  8.82E+04 -1.24E+07  1.87E+07  2.50E-09  0.00E+00  7.23E+02
  35  3.69E+05 -1.22E+07  1.88E+07  2.29E-09  0.00E+00  7.10E+02
  36  3.69E+05 -1.22E+07  1.88E+07  2.29E-09  0.00E+00  7.10E+02
  37  2.16E+05 -1.19E+07  1.89E+07  2.10E-09  0.00E+00  7.00E+02
  38  6.86E+05 -1.16E+07  1.90E+07  1.93E-09  0.00E+00  6.98E+02
  39  5.31E+05 -1.14E+07  1.91E+07  1.78E-09  0.00E+00  6.88E+02
  40  9.26E+05 -1.14E+07  1.91E+07  1.78E-09  0.00E+00  6.85E+02
  41  7.68E+05 -1.12E+07  1.92E+07  1.64E-09  0.00E+00  6.76E+02
  42  8.25E+05 -1.09E+07  1.93E+07  1.50E-09  0.00E+00  6.76E+02
  43  1.04E+06 -1.07E+07  1.94E+07  1.39E-09  0.00E+00  6.65E+02
  44  1.04E+06 -1.07E+07  1.94E+07  1.39E-09  0.00E+00  6.65E+02
  45  1.25E+06 -1.05E+07  1.94E+07  1.29E-09  0.00E+00  6.54E+02
       akonc      ekonc      temp       az      mshade
   1  2.078E+15  2.752E+08  2.500E+03  1.623E+11  1
   2  2.078E+15  2.752E+08  2.500E+03  2.029E+11  1
   3  2.402E+15  2.986E+08  2.440E+03  2.435E+11  1
   4  2.731E+15  3.392E+08  2.447E+03  2.841E+11  0
   5  2.970E+15  3.603E+08  2.390E+03  3.247E+11  0
   6  2.977E+15  3.615E+08  2.395E+03  3.652E+11  0
   7  3.144E+15  3.779E+08  2.341E+03  4.058E+11  0
   8  3.376E+15  4.054E+08  2.341E+03  4.464E+11  0
   9  3.428E+15  4.095E+08  2.292E+03  4.870E+11  0
  10  3.428E+15  4.095E+08  2.292E+03  5.276E+11  0
  11  3.414E+15  4.059E+08  2.244E+03  5.682E+11  0
  12  3.511E+15  4.174E+08  2.244E+03  6.087E+11  0
  13  3.398E+15  4.015E+08  2.197E+03  6.493E+11  0
  14  3.416E+15  4.036E+08  2.197E+03  6.899E+11  0
  15  3.256E+15  3.816E+08  2.153E+03  7.305E+11  0
  16  3.234E+15  3.789E+08  2.151E+03  7.711E+11  0
  17  3.046E+15  3.527E+08  2.109E+03  8.116E+11  0
  18  2.968E+15  3.436E+08  2.106E+03  8.522E+11  0
  19  2.845E+15  3.234E+08  2.066E+03  8.928E+11  0
  20  2.761E+15  3.143E+08  2.066E+03  9.334E+11  0
  21  2.550E+15  2.828E+08  2.025E+03  9.740E+11  0
  22  2.440E+15  2.714E+08  2.025E+03  1.015E+12  0
  23  2.349E+15  2.509E+08  1.985E+03  1.055E+12  0
  24  2.237E+15  2.401E+08  1.985E+03  1.096E+12  0
  25  2.057E+15  2.115E+08  1.951E+03  1.136E+12  0
  26  1.930E+15  1.985E+08  1.946E+03  1.177E+12  0
  27  1.883E+15  1.818E+08  1.913E+03  1.217E+12  0
  28  1.762E+15  1.699E+08  1.908E+03  1.258E+12  0
  29  1.615E+15  1.455E+08  1.877E+03  1.299E+12  0
  30  1.503E+15  1.373E+08  1.877E+03  1.339E+12  0
  31  1.373E+15  1.140E+08  1.842E+03  1.380E+12  0
  32  1.373E+15  1.140E+08  1.842E+03  1.420E+12  0
  33  1.256E+15  9.297E+07  1.808E+03  1.461E+12  1
  34  1.159E+15  8.770E+07  1.808E+03  1.502E+12  1
  35  1.062E+15  7.049E+07  1.776E+03  1.542E+12  1
  36  1.062E+15  7.049E+07  1.776E+03  1.583E+12  1
  37  9.751E+14  5.771E+07  1.750E+03  1.623E+12  1
  38  8.948E+14  5.271E+07  1.744E+03  1.664E+12  1
  39  8.228E+14  4.286E+07  1.719E+03  1.704E+12  1
  40  8.239E+14  4.127E+07  1.713E+03  1.745E+12  1
  41  7.592E+14  3.333E+07  1.690E+03  1.786E+12  1
  42  6.934E+14  3.152E+07  1.690E+03  1.826E+12  1
  43  6.420E+14  2.433E+07  1.661E+03  1.867E+12  1
  44  6.420E+14  2.433E+07  1.661E+03  1.907E+12  1
  45  5.959E+14  1.864E+07  1.634E+03  1.948E+12  1
       AKONC      HI         H-         H2         HEI        HIPF       HIIPF
   1  2.078E+15  9.417E+14  7.153E+03  4.728E+14  1.887E+14  2.000E+00  1.000E+00
   2  2.078E+15  9.417E+14  7.153E+03  4.728E+14  1.887E+14  2.000E+00  1.000E+00
   3  2.402E+15  8.606E+14  8.011E+03  6.603E+14  2.181E+14  2.000E+00  1.000E+00
   4  2.731E+15  9.540E+14  9.942E+03  7.627E+14  2.479E+14  2.000E+00  1.000E+00
   5  2.970E+15  8.193E+14  1.023E+04  9.386E+14  2.696E+14  2.000E+00  1.000E+00
   6  2.977E+15  8.349E+14  1.035E+04  9.340E+14  2.703E+14  2.000E+00  1.000E+00
   7  3.144E+15  6.960E+14  1.016E+04  1.080E+15  2.855E+14  2.000E+00  1.000E+00
   8  3.376E+15  7.247E+14  1.135E+04  1.170E+15  3.065E+14  2.000E+00  1.000E+00
   9  3.428E+15  5.915E+14  1.046E+04  1.260E+15  3.112E+14  2.000E+00  1.000E+00
  10  3.428E+15  5.915E+14  1.046E+04  1.260E+15  3.112E+14  2.000E+00  1.000E+00
  11  3.414E+15  4.721E+14  9.275E+03  1.314E+15  3.100E+14  2.000E+00  1.000E+00
  12  3.511E+15  4.794E+14  9.683E+03  1.354E+15  3.188E+14  2.000E+00  1.000E+00
  13  3.398E+15  3.731E+14  8.137E+03  1.356E+15  3.085E+14  2.000E+00  1.000E+00
  14  3.416E+15  3.741E+14  8.202E+03  1.364E+15  3.101E+14  2.000E+00  1.000E+00
  15  3.256E+15  2.894E+14  6.712E+03  1.334E+15  2.957E+14  2.000E+00  1.000E+00
  16  3.234E+15  2.856E+14  6.606E+03  1.325E+15  2.936E+14  2.000E+00  1.000E+00
  17  3.046E+15  2.195E+14  5.279E+03  1.273E+15  2.766E+14  2.000E+00  1.000E+00
  18  2.968E+15  2.131E+14  5.031E+03  1.241E+15  2.695E+14  2.000E+00  1.000E+00
  19  2.845E+15  1.654E+14  4.097E+03  1.209E+15  2.583E+14  2.000E+00  1.000E+00
  20  2.761E+15  1.629E+14  3.920E+03  1.172E+15  2.507E+14  2.000E+00  1.000E+00
  21  2.550E+15  1.215E+14  2.958E+03  1.097E+15  2.316E+14  2.000E+00  1.000E+00
  22  2.440E+15  1.188E+14  2.775E+03  1.048E+15  2.216E+14  2.000E+00  1.000E+00
  23  2.349E+15  9.013E+13  2.190E+03  1.021E+15  2.133E+14  2.000E+00  1.000E+00
  24  2.237E+15  8.791E+13  2.044E+03  9.717E+14  2.031E+14  2.000E+00  1.000E+00
  25  2.057E+15  6.703E+13  1.523E+03  9.003E+14  1.868E+14  2.000E+00  1.000E+00
  26  1.930E+15  6.289E+13  1.360E+03  8.448E+14  1.752E+14  2.000E+00  1.000E+00
  27  1.883E+15  4.952E+13  1.086E+03  8.303E+14  1.710E+14  2.000E+00  1.000E+00
  28  1.762E+15  4.619E+13  9.623E+02  7.769E+14  1.600E+14  2.000E+00  1.000E+00
  29  1.615E+15  3.530E+13  6.967E+02  7.156E+14  1.467E+14  2.000E+00  1.000E+00
  30  1.503E+15  3.404E+13  6.340E+02  6.654E+14  1.365E+14  2.000E+00  1.000E+00
  31  1.373E+15  2.500E+13  4.345E+02  6.107E+14  1.246E+14  2.000E+00  1.000E+00
  32  1.373E+15  2.500E+13  4.345E+02  6.107E+14  1.246E+14  2.000E+00  1.000E+00
  33  1.256E+15  1.835E+13  2.923E+02  5.609E+14  1.140E+14  2.000E+00  1.000E+00
  34  1.159E+15  1.763E+13  2.648E+02  5.173E+14  1.052E+14  2.000E+00  1.000E+00
  35  1.062E+15  1.293E+13  1.754E+02  4.756E+14  9.641E+13  2.000E+00  1.000E+00
  36  1.062E+15  1.293E+13  1.754E+02  4.756E+14  9.641E+13  2.000E+00  1.000E+00
  37  9.751E+14  9.968E+12  1.218E+02  4.377E+14  8.854E+13  2.000E+00  1.000E+00
  38  8.948E+14  9.087E+12  1.036E+02  4.017E+14  8.125E+13  2.000E+00  1.000E+00
  39  8.228E+14  7.025E+12  7.150E+01  3.700E+14  7.471E+13  2.000E+00  1.000E+00
  40  8.239E+14  6.672E+12  6.688E+01  3.707E+14  7.481E+13  2.000E+00  1.000E+00
  41  7.592E+14  5.175E+12  4.594E+01  3.421E+14  6.894E+13  2.000E+00  1.000E+00
  42  6.934E+14  4.945E+12  4.151E+01  3.123E+14  6.296E+13  2.000E+00  1.000E+00
  43  6.420E+14  3.647E+12  2.651E+01  2.896E+14  5.829E+13  2.000E+00  1.000E+00
  44  6.420E+14  3.647E+12  2.651E+01  2.896E+14  5.829E+13  2.000E+00  1.000E+00
  45  5.959E+14  2.692E+12  1.680E+01  2.692E+14  5.411E+13  2.000E+00  1.000E+00
  ilin=           1
 PARTITION FUNCTIONS
 TEMP         1         2
  2500. 0.200E+01 0.100E+01
  2500. 0.200E+01 0.100E+01
  2440. 0.200E+01 0.100E+01
  2447. 0.200E+01 0.100E+01
  2390. 0.200E+01 0.100E+01
  2395. 0.200E+01 0.100E+01
  2341. 0.200E+01 0.100E+01
  2341. 0.200E+01 0.100E+01
  2292. 0.200E+01 0.100E+01
  2292. 0.200E+01 0.100E+01
  2244. 0.200E+01 0.100E+01
  2244. 0.200E+01 0.100E+01
  2197. 0.200E+01 0.100E+01
  2197. 0.200E+01 0.100E+01
  2153. 0.200E+01 0.100E+01
  2151. 0.200E+01 0.100E+01
  2109. 0.200E+01 0.100E+01
  2106. 0.200E+01 0.100E+01
  2066. 0.200E+01 0.100E+01
  2066. 0.200E+01 0.100E+01
  2025. 0.200E+01 0.100E+01
  2025. 0.200E+01 0.100E+01
  1985. 0.200E+01 0.100E+01
  1985. 0.200E+01 0.100E+01
  1951. 0.200E+01 0.100E+01
  1946. 0.200E+01 0.100E+01
  1913. 0.200E+01 0.100E+01
  1908. 0.200E+01 0.100E+01
  1877. 0.200E+01 0.100E+01
  1877. 0.200E+01 0.100E+01
  1842. 0.200E+01 0.100E+01
  1842. 0.200E+01 0.100E+01
  1808. 0.200E+01 0.100E+01
  1808. 0.200E+01 0.100E+01
  1776. 0.200E+01 0.100E+01
  1776. 0.200E+01 0.100E+01
  1750. 0.200E+01 0.100E+01
  1744. 0.200E+01 0.100E+01
  1719. 0.200E+01 0.100E+01
  1713. 0.200E+01 0.100E+01
  1690. 0.200E+01 0.100E+01
  1690. 0.200E+01 0.100E+01
  1661. 0.200E+01 0.100E+01
  1661. 0.200E+01 0.100E+01
  1634. 0.200E+01 0.100E+01
    N(J)/N  ION POPULATIONS
 z          1          2
 0.162D+12  0.100D+01  0.426D-15
 0.203D+12  0.100D+01  0.426D-15
 0.243D+12  0.100D+01  0.812D-16
 0.284D+12  0.100D+01  0.864D-16
 0.325D+12  0.100D+01  0.170D-16
 0.365D+12  0.100D+01  0.193D-16
 0.406D+12  0.100D+01  0.389D-17
 0.446D+12  0.100D+01  0.362D-17
 0.487D+12  0.100D+01  0.825D-18
 0.528D+12  0.100D+01  0.825D-18
 0.568D+12  0.100D+01  0.184D-18
 0.609D+12  0.100D+01  0.179D-18
 0.649D+12  0.100D+01  0.400D-19
 0.690D+12  0.100D+01  0.398D-19
 0.730D+12  0.100D+01  0.939D-20
 0.771D+12  0.100D+01  0.887D-20
 0.812D+12  0.100D+01  0.216D-20
 0.852D+12  0.100D+01  0.200D-20
 0.893D+12  0.100D+01  0.488D-21
 0.933D+12  0.100D+01  0.503D-21
 0.974D+12  0.100D+01  0.114D-21
 0.101D+13  0.100D+01  0.119D-21
 0.106D+13  0.100D+01  0.257D-22
 0.110D+13  0.100D+01  0.269D-22
 0.114D+13  0.100D+01  0.734D-23
 0.118D+13  0.100D+01  0.644D-23
 0.122D+13  0.100D+01  0.172D-23
 0.126D+13  0.100D+01  0.147D-23
 0.130D+13  0.100D+01  0.428D-24
 0.134D+13  0.100D+01  0.453D-24
 0.138D+13  0.100D+01  0.108D-24
 0.142D+13  0.100D+01  0.108D-24
 0.146D+13  0.100D+01  0.259D-25
 0.150D+13  0.100D+01  0.275D-25
 0.154D+13  0.100D+01  0.667D-26
 0.158D+13  0.100D+01  0.667D-26
 0.162D+13  0.100D+01  0.214D-26
 0.166D+13  0.100D+01  0.173D-26
 0.170D+13  0.100D+01  0.569D-27
 0.175D+13  0.100D+01  0.429D-27
 0.179D+13  0.100D+01  0.144D-27
 0.183D+13  0.100D+01  0.152D-27
 0.187D+13  0.100D+01  0.387D-28
 0.191D+13  0.100D+01  0.387D-28
 0.195D+13  0.100D+01  0.990D-29
 i   GR        GS        GW        
  1 0.617E+09 0.313E-04 0.853E-07
  2 0.617E+09 0.313E-04 0.853E-07
  3 0.617E+09 0.313E-04 0.853E-07
  4 0.617E+09 0.313E-04 0.853E-07
  5 0.617E+09 0.313E-04 0.853E-07
  6 0.617E+09 0.313E-04 0.853E-07
  7 0.617E+09 0.313E-04 0.853E-07
  8 0.617E+09 0.313E-04 0.853E-07
  9 0.617E+09 0.313E-04 0.853E-07
 10 0.617E+09 0.313E-04 0.853E-07
 11 0.617E+09 0.313E-04 0.853E-07
 12 0.617E+09 0.313E-04 0.853E-07
 13 0.617E+09 0.313E-04 0.853E-07
 14 0.617E+09 0.313E-04 0.853E-07
 15 0.617E+09 0.313E-04 0.853E-07
 16 0.617E+09 0.313E-04 0.853E-07
 17 0.617E+09 0.313E-04 0.853E-07
 18 0.617E+09 0.313E-04 0.853E-07
 19 0.617E+09 0.313E-04 0.853E-07
 20 0.617E+09 0.313E-04 0.853E-07
 21 0.617E+09 0.313E-04 0.853E-07
 22 0.617E+09 0.313E-04 0.853E-07
 23 0.617E+09 0.313E-04 0.853E-07
 24 0.617E+09 0.313E-04 0.853E-07
 25 0.617E+09 0.313E-04 0.853E-07
 26 0.617E+09 0.313E-04 0.853E-07
 27 0.617E+09 0.313E-04 0.853E-07
 28 0.617E+09 0.313E-04 0.853E-07
 29 0.617E+09 0.313E-04 0.853E-07
 30 0.617E+09 0.313E-04 0.853E-07
 31 0.617E+09 0.313E-04 0.853E-07
 32 0.617E+09 0.313E-04 0.853E-07
 33 0.617E+09 0.313E-04 0.853E-07
 34 0.617E+09 0.313E-04 0.853E-07
 35 0.617E+09 0.313E-04 0.853E-07
 36 0.617E+09 0.313E-04 0.853E-07
 37 0.617E+09 0.313E-04 0.853E-07
 38 0.617E+09 0.313E-04 0.853E-07
 39 0.617E+09 0.313E-04 0.853E-07
 40 0.617E+09 0.313E-04 0.853E-07
 41 0.617E+09 0.313E-04 0.853E-07
 42 0.617E+09 0.313E-04 0.853E-07
 43 0.617E+09 0.313E-04 0.853E-07
 44 0.617E+09 0.313E-04 0.853E-07
 45 0.617E+09 0.313E-04 0.853E-07
  ilin=           2
 PARTITION FUNCTIONS
 TEMP         1         2
  2500. 0.200E+01 0.100E+01
  2500. 0.200E+01 0.100E+01
  2440. 0.200E+01 0.100E+01
  2447. 0.200E+01 0.100E+01
  2390. 0.200E+01 0.100E+01
  2395. 0.200E+01 0.100E+01
  2341. 0.200E+01 0.100E+01
  2341. 0.200E+01 0.100E+01
  2292. 0.200E+01 0.100E+01
  2292. 0.200E+01 0.100E+01
  2244. 0.200E+01 0.100E+01
  2244. 0.200E+01 0.100E+01
  2197. 0.200E+01 0.100E+01
  2197. 0.200E+01 0.100E+01
  2153. 0.200E+01 0.100E+01
  2151. 0.200E+01 0.100E+01
  2109. 0.200E+01 0.100E+01
  2106. 0.200E+01 0.100E+01
  2066. 0.200E+01 0.100E+01
  2066. 0.200E+01 0.100E+01
  2025. 0.200E+01 0.100E+01
  2025. 0.200E+01 0.100E+01
  1985. 0.200E+01 0.100E+01
  1985. 0.200E+01 0.100E+01
  1951. 0.200E+01 0.100E+01
  1946. 0.200E+01 0.100E+01
  1913. 0.200E+01 0.100E+01
  1908. 0.200E+01 0.100E+01
  1877. 0.200E+01 0.100E+01
  1877. 0.200E+01 0.100E+01
  1842. 0.200E+01 0.100E+01
  1842. 0.200E+01 0.100E+01
  1808. 0.200E+01 0.100E+01
  1808. 0.200E+01 0.100E+01
  1776. 0.200E+01 0.100E+01
  1776. 0.200E+01 0.100E+01
  1750. 0.200E+01 0.100E+01
  1744. 0.200E+01 0.100E+01
  1719. 0.200E+01 0.100E+01
  1713. 0.200E+01 0.100E+01
  1690. 0.200E+01 0.100E+01
  1690. 0.200E+01 0.100E+01
  1661. 0.200E+01 0.100E+01
  1661. 0.200E+01 0.100E+01
  1634. 0.200E+01 0.100E+01
    N(J)/N  ION POPULATIONS
 z          1          2
 0.162D+12  0.100D+01  0.426D-15
 0.203D+12  0.100D+01  0.426D-15
 0.243D+12  0.100D+01  0.812D-16
 0.284D+12  0.100D+01  0.864D-16
 0.325D+12  0.100D+01  0.170D-16
 0.365D+12  0.100D+01  0.193D-16
 0.406D+12  0.100D+01  0.389D-17
 0.446D+12  0.100D+01  0.362D-17
 0.487D+12  0.100D+01  0.825D-18
 0.528D+12  0.100D+01  0.825D-18
 0.568D+12  0.100D+01  0.184D-18
 0.609D+12  0.100D+01  0.179D-18
 0.649D+12  0.100D+01  0.400D-19
 0.690D+12  0.100D+01  0.398D-19
 0.730D+12  0.100D+01  0.939D-20
 0.771D+12  0.100D+01  0.887D-20
 0.812D+12  0.100D+01  0.216D-20
 0.852D+12  0.100D+01  0.200D-20
 0.893D+12  0.100D+01  0.488D-21
 0.933D+12  0.100D+01  0.503D-21
 0.974D+12  0.100D+01  0.114D-21
 0.101D+13  0.100D+01  0.119D-21
 0.106D+13  0.100D+01  0.257D-22
 0.110D+13  0.100D+01  0.269D-22
 0.114D+13  0.100D+01  0.734D-23
 0.118D+13  0.100D+01  0.644D-23
 0.122D+13  0.100D+01  0.172D-23
 0.126D+13  0.100D+01  0.147D-23
 0.130D+13  0.100D+01  0.428D-24
 0.134D+13  0.100D+01  0.453D-24
 0.138D+13  0.100D+01  0.108D-24
 0.142D+13  0.100D+01  0.108D-24
 0.146D+13  0.100D+01  0.259D-25
 0.150D+13  0.100D+01  0.275D-25
 0.154D+13  0.100D+01  0.667D-26
 0.158D+13  0.100D+01  0.667D-26
 0.162D+13  0.100D+01  0.214D-26
 0.166D+13  0.100D+01  0.173D-26
 0.170D+13  0.100D+01  0.569D-27
 0.175D+13  0.100D+01  0.429D-27
 0.179D+13  0.100D+01  0.144D-27
 0.183D+13  0.100D+01  0.152D-27
 0.187D+13  0.100D+01  0.387D-28
 0.191D+13  0.100D+01  0.387D-28
 0.195D+13  0.100D+01  0.990D-29
 i   GR        GS        GW        
  1 0.617E+09 0.313E-04 0.853E-07
  2 0.617E+09 0.313E-04 0.853E-07
  3 0.617E+09 0.313E-04 0.853E-07
  4 0.617E+09 0.313E-04 0.853E-07
  5 0.617E+09 0.313E-04 0.853E-07
  6 0.617E+09 0.313E-04 0.853E-07
  7 0.617E+09 0.313E-04 0.853E-07
  8 0.617E+09 0.313E-04 0.853E-07
  9 0.617E+09 0.313E-04 0.853E-07
 10 0.617E+09 0.313E-04 0.853E-07
 11 0.617E+09 0.313E-04 0.853E-07
 12 0.617E+09 0.313E-04 0.853E-07
 13 0.617E+09 0.313E-04 0.853E-07
 14 0.617E+09 0.313E-04 0.853E-07
 15 0.617E+09 0.313E-04 0.853E-07
 16 0.617E+09 0.313E-04 0.853E-07
 17 0.617E+09 0.313E-04 0.853E-07
 18 0.617E+09 0.313E-04 0.853E-07
 19 0.617E+09 0.313E-04 0.853E-07
 20 0.617E+09 0.313E-04 0.853E-07
 21 0.617E+09 0.313E-04 0.853E-07
 22 0.617E+09 0.313E-04 0.853E-07
 23 0.617E+09 0.313E-04 0.853E-07
 24 0.617E+09 0.313E-04 0.853E-07
 25 0.617E+09 0.313E-04 0.853E-07
 26 0.617E+09 0.313E-04 0.853E-07
 27 0.617E+09 0.313E-04 0.853E-07
 28 0.617E+09 0.313E-04 0.853E-07
 29 0.617E+09 0.313E-04 0.853E-07
 30 0.617E+09 0.313E-04 0.853E-07
 31 0.617E+09 0.313E-04 0.853E-07
 32 0.617E+09 0.313E-04 0.853E-07
 33 0.617E+09 0.313E-04 0.853E-07
 34 0.617E+09 0.313E-04 0.853E-07
 35 0.617E+09 0.313E-04 0.853E-07
 36 0.617E+09 0.313E-04 0.853E-07
 37 0.617E+09 0.313E-04 0.853E-07
 38 0.617E+09 0.313E-04 0.853E-07
 39 0.617E+09 0.313E-04 0.853E-07
 40 0.617E+09 0.313E-04 0.853E-07
 41 0.617E+09 0.313E-04 0.853E-07
 42 0.617E+09 0.313E-04 0.853E-07
 43 0.617E+09 0.313E-04 0.853E-07
 44 0.617E+09 0.313E-04 0.853E-07
 45 0.617E+09 0.313E-04 0.853E-07
  ilin=           3
 PARTITION FUNCTIONS
 TEMP         1         2
  2500. 0.200E+01 0.100E+01
  2500. 0.200E+01 0.100E+01
  2440. 0.200E+01 0.100E+01
  2447. 0.200E+01 0.100E+01
  2390. 0.200E+01 0.100E+01
  2395. 0.200E+01 0.100E+01
  2341. 0.200E+01 0.100E+01
  2341. 0.200E+01 0.100E+01
  2292. 0.200E+01 0.100E+01
  2292. 0.200E+01 0.100E+01
  2244. 0.200E+01 0.100E+01
  2244. 0.200E+01 0.100E+01
  2197. 0.200E+01 0.100E+01
  2197. 0.200E+01 0.100E+01
  2153. 0.200E+01 0.100E+01
  2151. 0.200E+01 0.100E+01
  2109. 0.200E+01 0.100E+01
  2106. 0.200E+01 0.100E+01
  2066. 0.200E+01 0.100E+01
  2066. 0.200E+01 0.100E+01
  2025. 0.200E+01 0.100E+01
  2025. 0.200E+01 0.100E+01
  1985. 0.200E+01 0.100E+01
  1985. 0.200E+01 0.100E+01
  1951. 0.200E+01 0.100E+01
  1946. 0.200E+01 0.100E+01
  1913. 0.200E+01 0.100E+01
  1908. 0.200E+01 0.100E+01
  1877. 0.200E+01 0.100E+01
  1877. 0.200E+01 0.100E+01
  1842. 0.200E+01 0.100E+01
  1842. 0.200E+01 0.100E+01
  1808. 0.200E+01 0.100E+01
  1808. 0.200E+01 0.100E+01
  1776. 0.200E+01 0.100E+01
  1776. 0.200E+01 0.100E+01
  1750. 0.200E+01 0.100E+01
  1744. 0.200E+01 0.100E+01
  1719. 0.200E+01 0.100E+01
  1713. 0.200E+01 0.100E+01
  1690. 0.200E+01 0.100E+01
  1690. 0.200E+01 0.100E+01
  1661. 0.200E+01 0.100E+01
  1661. 0.200E+01 0.100E+01
  1634. 0.200E+01 0.100E+01
    N(J)/N  ION POPULATIONS
 z          1          2
 0.162D+12  0.100D+01  0.426D-15
 0.203D+12  0.100D+01  0.426D-15
 0.243D+12  0.100D+01  0.812D-16
 0.284D+12  0.100D+01  0.864D-16
 0.325D+12  0.100D+01  0.170D-16
 0.365D+12  0.100D+01  0.193D-16
 0.406D+12  0.100D+01  0.389D-17
 0.446D+12  0.100D+01  0.362D-17
 0.487D+12  0.100D+01  0.825D-18
 0.528D+12  0.100D+01  0.825D-18
 0.568D+12  0.100D+01  0.184D-18
 0.609D+12  0.100D+01  0.179D-18
 0.649D+12  0.100D+01  0.400D-19
 0.690D+12  0.100D+01  0.398D-19
 0.730D+12  0.100D+01  0.939D-20
 0.771D+12  0.100D+01  0.887D-20
 0.812D+12  0.100D+01  0.216D-20
 0.852D+12  0.100D+01  0.200D-20
 0.893D+12  0.100D+01  0.488D-21
 0.933D+12  0.100D+01  0.503D-21
 0.974D+12  0.100D+01  0.114D-21
 0.101D+13  0.100D+01  0.119D-21
 0.106D+13  0.100D+01  0.257D-22
 0.110D+13  0.100D+01  0.269D-22
 0.114D+13  0.100D+01  0.734D-23
 0.118D+13  0.100D+01  0.644D-23
 0.122D+13  0.100D+01  0.172D-23
 0.126D+13  0.100D+01  0.147D-23
 0.130D+13  0.100D+01  0.428D-24
 0.134D+13  0.100D+01  0.453D-24
 0.138D+13  0.100D+01  0.108D-24
 0.142D+13  0.100D+01  0.108D-24
 0.146D+13  0.100D+01  0.259D-25
 0.150D+13  0.100D+01  0.275D-25
 0.154D+13  0.100D+01  0.667D-26
 0.158D+13  0.100D+01  0.667D-26
 0.162D+13  0.100D+01  0.214D-26
 0.166D+13  0.100D+01  0.173D-26
 0.170D+13  0.100D+01  0.569D-27
 0.175D+13  0.100D+01  0.429D-27
 0.179D+13  0.100D+01  0.144D-27
 0.183D+13  0.100D+01  0.152D-27
 0.187D+13  0.100D+01  0.387D-28
 0.191D+13  0.100D+01  0.387D-28
 0.195D+13  0.100D+01  0.990D-29
 i   GR        GS        GW        
  1 0.603E+09 0.103E-04 0.598E-07
  2 0.603E+09 0.103E-04 0.598E-07
  3 0.603E+09 0.103E-04 0.598E-07
  4 0.603E+09 0.103E-04 0.598E-07
  5 0.603E+09 0.103E-04 0.598E-07
  6 0.603E+09 0.103E-04 0.598E-07
  7 0.603E+09 0.103E-04 0.598E-07
  8 0.603E+09 0.103E-04 0.598E-07
  9 0.603E+09 0.103E-04 0.598E-07
 10 0.603E+09 0.103E-04 0.598E-07
 11 0.603E+09 0.103E-04 0.598E-07
 12 0.603E+09 0.103E-04 0.598E-07
 13 0.603E+09 0.103E-04 0.598E-07
 14 0.603E+09 0.103E-04 0.598E-07
 15 0.603E+09 0.103E-04 0.598E-07
 16 0.603E+09 0.103E-04 0.598E-07
 17 0.603E+09 0.103E-04 0.598E-07
 18 0.603E+09 0.103E-04 0.598E-07
 19 0.603E+09 0.103E-04 0.598E-07
 20 0.603E+09 0.103E-04 0.598E-07
 21 0.603E+09 0.103E-04 0.598E-07
 22 0.603E+09 0.103E-04 0.598E-07
 23 0.603E+09 0.103E-04 0.598E-07
 24 0.603E+09 0.103E-04 0.598E-07
 25 0.603E+09 0.103E-04 0.598E-07
 26 0.603E+09 0.103E-04 0.598E-07
 27 0.603E+09 0.103E-04 0.598E-07
 28 0.603E+09 0.103E-04 0.598E-07
 29 0.603E+09 0.103E-04 0.598E-07
 30 0.603E+09 0.103E-04 0.598E-07
 31 0.603E+09 0.103E-04 0.598E-07
 32 0.603E+09 0.103E-04 0.598E-07
 33 0.603E+09 0.103E-04 0.598E-07
 34 0.603E+09 0.103E-04 0.598E-07
 35 0.603E+09 0.103E-04 0.598E-07
 36 0.603E+09 0.103E-04 0.598E-07
 37 0.603E+09 0.103E-04 0.598E-07
 38 0.603E+09 0.103E-04 0.598E-07
 39 0.603E+09 0.103E-04 0.598E-07
 40 0.603E+09 0.103E-04 0.598E-07
 41 0.603E+09 0.103E-04 0.598E-07
 42 0.603E+09 0.103E-04 0.598E-07
 43 0.603E+09 0.103E-04 0.598E-07
 44 0.603E+09 0.103E-04 0.598E-07
 45 0.603E+09 0.103E-04 0.598E-07
  ilin=           4
 PARTITION FUNCTIONS
 TEMP         1         2
  2500. 0.200E+01 0.100E+01
  2500. 0.200E+01 0.100E+01
  2440. 0.200E+01 0.100E+01
  2447. 0.200E+01 0.100E+01
  2390. 0.200E+01 0.100E+01
  2395. 0.200E+01 0.100E+01
  2341. 0.200E+01 0.100E+01
  2341. 0.200E+01 0.100E+01
  2292. 0.200E+01 0.100E+01
  2292. 0.200E+01 0.100E+01
  2244. 0.200E+01 0.100E+01
  2244. 0.200E+01 0.100E+01
  2197. 0.200E+01 0.100E+01
  2197. 0.200E+01 0.100E+01
  2153. 0.200E+01 0.100E+01
  2151. 0.200E+01 0.100E+01
  2109. 0.200E+01 0.100E+01
  2106. 0.200E+01 0.100E+01
  2066. 0.200E+01 0.100E+01
  2066. 0.200E+01 0.100E+01
  2025. 0.200E+01 0.100E+01
  2025. 0.200E+01 0.100E+01
  1985. 0.200E+01 0.100E+01
  1985. 0.200E+01 0.100E+01
  1951. 0.200E+01 0.100E+01
  1946. 0.200E+01 0.100E+01
  1913. 0.200E+01 0.100E+01
  1908. 0.200E+01 0.100E+01
  1877. 0.200E+01 0.100E+01
  1877. 0.200E+01 0.100E+01
  1842. 0.200E+01 0.100E+01
  1842. 0.200E+01 0.100E+01
  1808. 0.200E+01 0.100E+01
  1808. 0.200E+01 0.100E+01
  1776. 0.200E+01 0.100E+01
  1776. 0.200E+01 0.100E+01
  1750. 0.200E+01 0.100E+01
  1744. 0.200E+01 0.100E+01
  1719. 0.200E+01 0.100E+01
  1713. 0.200E+01 0.100E+01
  1690. 0.200E+01 0.100E+01
  1690. 0.200E+01 0.100E+01
  1661. 0.200E+01 0.100E+01
  1661. 0.200E+01 0.100E+01
  1634. 0.200E+01 0.100E+01
    N(J)/N  ION POPULATIONS
 z          1          2
 0.162D+12  0.100D+01  0.426D-15
 0.203D+12  0.100D+01  0.426D-15
 0.243D+12  0.100D+01  0.812D-16
 0.284D+12  0.100D+01  0.864D-16
 0.325D+12  0.100D+01  0.170D-16
 0.365D+12  0.100D+01  0.193D-16
 0.406D+12  0.100D+01  0.389D-17
 0.446D+12  0.100D+01  0.362D-17
 0.487D+12  0.100D+01  0.825D-18
 0.528D+12  0.100D+01  0.825D-18
 0.568D+12  0.100D+01  0.184D-18
 0.609D+12  0.100D+01  0.179D-18
 0.649D+12  0.100D+01  0.400D-19
 0.690D+12  0.100D+01  0.398D-19
 0.730D+12  0.100D+01  0.939D-20
 0.771D+12  0.100D+01  0.887D-20
 0.812D+12  0.100D+01  0.216D-20
 0.852D+12  0.100D+01  0.200D-20
 0.893D+12  0.100D+01  0.488D-21
 0.933D+12  0.100D+01  0.503D-21
 0.974D+12  0.100D+01  0.114D-21
 0.101D+13  0.100D+01  0.119D-21
 0.106D+13  0.100D+01  0.257D-22
 0.110D+13  0.100D+01  0.269D-22
 0.114D+13  0.100D+01  0.734D-23
 0.118D+13  0.100D+01  0.644D-23
 0.122D+13  0.100D+01  0.172D-23
 0.126D+13  0.100D+01  0.147D-23
 0.130D+13  0.100D+01  0.428D-24
 0.134D+13  0.100D+01  0.453D-24
 0.138D+13  0.100D+01  0.108D-24
 0.142D+13  0.100D+01  0.108D-24
 0.146D+13  0.100D+01  0.259D-25
 0.150D+13  0.100D+01  0.275D-25
 0.154D+13  0.100D+01  0.667D-26
 0.158D+13  0.100D+01  0.667D-26
 0.162D+13  0.100D+01  0.214D-26
 0.166D+13  0.100D+01  0.173D-26
 0.170D+13  0.100D+01  0.569D-27
 0.175D+13  0.100D+01  0.429D-27
 0.179D+13  0.100D+01  0.144D-27
 0.183D+13  0.100D+01  0.152D-27
 0.187D+13  0.100D+01  0.387D-28
 0.191D+13  0.100D+01  0.387D-28
 0.195D+13  0.100D+01  0.990D-29
 i   GR        GS        GW        
  1 0.575E+09 0.244E-05 0.377E-07
  2 0.575E+09 0.244E-05 0.377E-07
  3 0.575E+09 0.244E-05 0.377E-07
  4 0.575E+09 0.244E-05 0.377E-07
  5 0.575E+09 0.244E-05 0.377E-07
  6 0.575E+09 0.244E-05 0.377E-07
  7 0.575E+09 0.244E-05 0.377E-07
  8 0.575E+09 0.244E-05 0.377E-07
  9 0.575E+09 0.244E-05 0.377E-07
 10 0.575E+09 0.244E-05 0.377E-07
 11 0.575E+09 0.244E-05 0.377E-07
 12 0.575E+09 0.244E-05 0.377E-07
 13 0.575E+09 0.244E-05 0.377E-07
 14 0.575E+09 0.244E-05 0.377E-07
 15 0.575E+09 0.244E-05 0.377E-07
 16 0.575E+09 0.244E-05 0.377E-07
 17 0.575E+09 0.244E-05 0.377E-07
 18 0.575E+09 0.244E-05 0.377E-07
 19 0.575E+09 0.244E-05 0.377E-07
 20 0.575E+09 0.244E-05 0.377E-07
 21 0.575E+09 0.244E-05 0.377E-07
 22 0.575E+09 0.244E-05 0.377E-07
 23 0.575E+09 0.244E-05 0.377E-07
 24 0.575E+09 0.244E-05 0.377E-07
 25 0.575E+09 0.244E-05 0.377E-07
 26 0.575E+09 0.244E-05 0.377E-07
 27 0.575E+09 0.244E-05 0.377E-07
 28 0.575E+09 0.244E-05 0.377E-07
 29 0.575E+09 0.244E-05 0.377E-07
 30 0.575E+09 0.244E-05 0.377E-07
 31 0.575E+09 0.244E-05 0.377E-07
 32 0.575E+09 0.244E-05 0.377E-07
 33 0.575E+09 0.244E-05 0.377E-07
 34 0.575E+09 0.244E-05 0.377E-07
 35 0.575E+09 0.244E-05 0.377E-07
 36 0.575E+09 0.244E-05 0.377E-07
 37 0.575E+09 0.244E-05 0.377E-07
 38 0.575E+09 0.244E-05 0.377E-07
 39 0.575E+09 0.244E-05 0.377E-07
 40 0.575E+09 0.244E-05 0.377E-07
 41 0.575E+09 0.244E-05 0.377E-07
 42 0.575E+09 0.244E-05 0.377E-07
 43 0.575E+09 0.244E-05 0.377E-07
 44 0.575E+09 0.244E-05 0.377E-07
 45 0.575E+09 0.244E-05 0.377E-07
  iunt=           0  aintb=   0.0000000000000000     
  lambda=   22019.480087808028     
 id  ophbf     ophff     opth      ophrs     ophn      opmieb    opmiej    oplin     opmol
  1  5.35E-27  7.93E-13  1.83E-16  2.33E-15  4.92E-15  0.00E+00  0.00E+00  5.84E-29  0.00E+00
  2  5.35E-27  7.93E-13  1.83E-16  2.33E-15  4.92E-15  0.00E+00  0.00E+00  5.84E-29  0.00E+00
  3  1.11E-27  1.22E-12  1.99E-16  2.13E-15  4.85E-15  0.00E+00  0.00E+00  2.12E-29  0.00E+00
  4  1.47E-27  1.60E-12  2.26E-16  2.37E-15  6.11E-15  0.00E+00  0.00E+00  2.78E-29  0.00E+00
  5  2.89E-28  2.12E-12  2.40E-16  2.03E-15  5.53E-15  0.00E+00  0.00E+00  9.54E-30  0.00E+00
  6  3.33E-28  2.12E-12  2.40E-16  2.07E-15  5.66E-15  0.00E+00  0.00E+00  1.05E-29  0.00E+00
  7  6.39E-29  2.60E-12  2.51E-16  1.73E-15  4.90E-15  0.00E+00  0.00E+00  3.53E-30  0.00E+00
  8  6.65E-29  3.02E-12  2.70E-16  1.80E-15  5.47E-15  0.00E+00  0.00E+00  3.79E-30  0.00E+00
  9  1.36E-29  3.33E-12  2.72E-16  1.47E-15  4.48E-15  0.00E+00  0.00E+00  1.30E-30  0.00E+00
 10  1.36E-29  3.33E-12  2.72E-16  1.47E-15  4.48E-15  0.00E+00  0.00E+00  1.30E-30  0.00E+00
 11  2.62E-30  3.49E-12  2.70E-16  1.17E-15  3.52E-15  0.00E+00  0.00E+00  4.26E-31  0.00E+00
 12  2.66E-30  3.70E-12  2.78E-16  1.19E-15  3.67E-15  0.00E+00  0.00E+00  4.39E-31  0.00E+00
 13  4.84E-31  3.61E-12  2.67E-16  9.25E-16  2.73E-15  0.00E+00  0.00E+00  1.36E-31  0.00E+00
 14  4.86E-31  3.65E-12  2.68E-16  9.27E-16  2.75E-15  0.00E+00  0.00E+00  1.37E-31  0.00E+00
 15  9.11E-32  3.42E-12  2.54E-16  7.18E-16  2.00E-15  0.00E+00  0.00E+00  4.32E-32  0.00E+00
 16  8.46E-32  3.38E-12  2.52E-16  7.08E-16  1.96E-15  0.00E+00  0.00E+00  4.09E-32  0.00E+00
 17  1.60E-32  3.06E-12  2.35E-16  5.44E-16  1.39E-15  0.00E+00  0.00E+00  1.29E-32  0.00E+00
 18  1.41E-32  2.91E-12  2.28E-16  5.28E-16  1.31E-15  0.00E+00  0.00E+00  1.16E-32  0.00E+00
 19  2.73E-33  2.70E-12  2.15E-16  4.10E-16  9.53E-16  0.00E+00  0.00E+00  3.78E-33  0.00E+00
 20  2.69E-33  2.54E-12  2.09E-16  4.04E-16  9.12E-16  0.00E+00  0.00E+00  3.66E-33  0.00E+00
 21  4.45E-34  2.17E-12  1.88E-16  3.01E-16  6.08E-16  0.00E+00  0.00E+00  1.05E-33  0.00E+00
 22  4.35E-34  1.99E-12  1.80E-16  2.94E-16  5.70E-16  0.00E+00  0.00E+00  1.00E-33  0.00E+00
 23  7.23E-35  1.81E-12  1.67E-16  2.23E-16  3.97E-16  0.00E+00  0.00E+00  2.95E-34  0.00E+00
 24  7.05E-35  1.65E-12  1.60E-16  2.18E-16  3.70E-16  0.00E+00  0.00E+00  2.81E-34  0.00E+00
 25  1.40E-35  1.36E-12  1.41E-16  1.66E-16  2.47E-16  0.00E+00  0.00E+00  9.03E-35  0.00E+00
 26  1.09E-35  1.20E-12  1.32E-16  1.56E-16  2.17E-16  0.00E+00  0.00E+00  7.34E-35  0.00E+00
 27  2.27E-36  1.09E-12  1.21E-16  1.23E-16  1.56E-16  0.00E+00  0.00E+00  2.54E-35  0.00E+00
 28  1.71E-36  9.55E-13  1.13E-16  1.15E-16  1.35E-16  0.00E+00  0.00E+00  2.01E-35  0.00E+00
 29  3.51E-37  7.61E-13  9.68E-17  8.75E-17  8.80E-17  0.00E+00  0.00E+00  6.62E-36  0.00E+00
 30  3.38E-37  6.68E-13  9.13E-17  8.44E-17  8.01E-17  0.00E+00  0.00E+00  6.16E-36  0.00E+00
 31  5.34E-38  5.15E-13  7.58E-17  6.20E-17  4.85E-17  0.00E+00  0.00E+00  1.70E-36  0.00E+00
 32  5.34E-38  5.15E-13  7.58E-17  6.20E-17  4.85E-17  0.00E+00  0.00E+00  1.70E-36  0.00E+00
 33  8.38E-39  3.90E-13  6.18E-17  4.55E-17  2.88E-17  0.00E+00  0.00E+00  4.67E-37  0.00E+00
 34  8.05E-39  3.39E-13  5.83E-17  4.37E-17  2.61E-17  0.00E+00  0.00E+00  4.31E-37  0.00E+00
 35  1.26E-39  2.53E-13  4.69E-17  3.21E-17  1.52E-17  0.00E+00  0.00E+00  1.18E-37  0.00E+00
 36  1.26E-39  2.53E-13  4.69E-17  3.21E-17  1.52E-17  0.00E+00  0.00E+00  1.18E-37  0.00E+00
 37  2.73E-40  1.92E-13  3.84E-17  2.47E-17  9.55E-18  0.00E+00  0.00E+00  4.05E-38  0.00E+00
 38  1.87E-40  1.62E-13  3.50E-17  2.25E-17  7.94E-18  0.00E+00  0.00E+00  2.97E-38  0.00E+00
 39  4.13E-41  1.22E-13  2.85E-17  1.74E-17  4.95E-18  0.00E+00  0.00E+00  1.03E-38  0.00E+00
 40  2.89E-41  1.18E-13  2.74E-17  1.65E-17  4.52E-18  0.00E+00  0.00E+00  8.15E-39  0.00E+00
 41  6.51E-42  8.86E-14  2.22E-17  1.28E-17  2.81E-18  0.00E+00  0.00E+00  2.87E-39  0.00E+00
 42  6.22E-42  7.65E-14  2.10E-17  1.23E-17  2.54E-18  0.00E+00  0.00E+00  2.62E-39  0.00E+00
 43  9.80E-43  5.53E-14  1.62E-17  9.04E-18  1.43E-18  0.00E+00  0.00E+00  7.28E-40  0.00E+00
 44  9.80E-43  5.53E-14  1.62E-17  9.04E-18  1.43E-18  0.00E+00  0.00E+00  7.28E-40  0.00E+00
 45  1.54E-43  3.97E-14  1.24E-17  6.67E-18  8.04E-19  0.00E+00  0.00E+00  2.03E-40  0.00E+00
 id   opdep     contrib.f   aint 
 44  1.928E-03  1.385E-09  1.385E-09
 43  4.172E-03  1.663E-09  3.048E-09
 42  6.847E-03  2.046E-09  5.093E-09
 41  1.020E-02  2.642E-09  7.735E-09
 40  1.439E-02  3.384E-09  1.112E-08
 39  1.926E-02  4.048E-09  1.517E-08
 38  2.501E-02  4.926E-09  2.009E-08
 37  3.220E-02  6.318E-09  2.641E-08
 36  4.124E-02  8.165E-09  3.458E-08
 35  5.151E-02  9.447E-09  4.402E-08
 34  6.353E-02  1.131E-08  5.534E-08
 33  7.832E-02  1.421E-08  6.954E-08
 32  9.668E-02  1.795E-08  8.749E-08
 31  1.176E-01  2.072E-08  1.082E-07
 30  1.416E-01  2.409E-08  1.323E-07
 29  1.706E-01  2.933E-08  1.616E-07
 28  2.054E-01  3.513E-08  1.968E-07
 27  2.470E-01  4.170E-08  2.385E-07
 26  2.934E-01  4.622E-08  2.847E-07
 25  3.454E-01  5.088E-08  3.356E-07
 24  4.065E-01  5.848E-08  3.940E-07
 23  4.767E-01  6.493E-08  4.590E-07
 22  5.538E-01  6.846E-08  5.274E-07
 21  6.382E-01  7.150E-08  5.989E-07
 20  7.337E-01  7.653E-08  6.754E-07
 19  8.400E-01  7.971E-08  7.552E-07
 18  9.537E-01  7.874E-08  8.339E-07
 17  1.075E+00  7.717E-08  9.111E-07
 16  1.205E+00  7.587E-08  9.869E-07
 15  1.344E+00  7.256E-08  1.059E-06
 14  1.487E+00  6.771E-08  1.127E-06
 13  1.635E+00  6.220E-08  1.189E-06
 12  1.783E+00  5.571E-08  1.245E-06
 11  1.929E+00  4.895E-08  1.294E-06
 10  2.068E+00  4.153E-08  1.336E-06
  9  2.204E+00  3.660E-08  1.372E-06
  8  2.333E+00  3.150E-08  1.404E-06
  7  2.447E+00  2.549E-08  1.429E-06
  6  2.543E+00  1.989E-08  1.449E-06
  5  2.630E+00  1.687E-08  1.466E-06
  4  2.705E+00  1.408E-08  1.480E-06
  3  2.763E+00  1.030E-08  1.490E-06
  2  2.804E+00  7.216E-09  1.498E-06
  1  2.837E+00  5.675E-09  1.503E-06
 iunt+1  opdep   aintbt    aint
  1  2.837E+00  0.000E+00  1.503E-06
 id    opac2     emis2     bnu       bnud      ejnu1     ejnu2     sf2       az        vz
  1  8.00E-13  2.35E-18  2.94E-06  5.41E-08  5.73E-07  0.00E+00  2.93E-06  1.62E+11  9.12E+06
  2  8.00E-13  2.35E-18  2.94E-06  5.41E-08  5.66E-07  0.00E+00  2.93E-06  2.03E+11  9.12E+06
  3  1.23E-12  3.37E-18  2.75E-06  4.61E-08  5.61E-07  0.00E+00  2.74E-06  2.43E+11  9.76E+06
  4  1.61E-12  4.44E-18  2.77E-06  4.70E-08  0.00E+00  0.00E+00  2.76E-06  2.84E+11  1.04E+07
  5  2.13E-12  5.51E-18  2.59E-06  4.01E-08  0.00E+00  0.00E+00  2.58E-06  3.25E+11  1.10E+07
  6  2.13E-12  5.52E-18  2.60E-06  4.06E-08  0.00E+00  0.00E+00  2.60E-06  3.65E+11  1.11E+07
  7  2.60E-12  6.33E-18  2.43E-06  3.47E-08  0.00E+00  0.00E+00  2.43E-06  4.06E+11  1.17E+07
  8  3.03E-12  7.36E-18  2.43E-06  3.47E-08  0.00E+00  0.00E+00  2.43E-06  4.46E+11  1.22E+07
  9  3.34E-12  7.62E-18  2.28E-06  2.99E-08  0.00E+00  0.00E+00  2.28E-06  4.87E+11  1.28E+07
 10  3.34E-12  7.62E-18  2.28E-06  2.99E-08  0.00E+00  0.00E+00  2.28E-06  5.28E+11  1.28E+07
 11  3.50E-12  7.48E-18  2.14E-06  2.57E-08  0.00E+00  0.00E+00  2.14E-06  5.68E+11  1.33E+07
 12  3.71E-12  7.92E-18  2.14E-06  2.57E-08  0.00E+00  0.00E+00  2.14E-06  6.09E+11  1.38E+07
 13  3.62E-12  7.24E-18  2.00E-06  2.20E-08  0.00E+00  0.00E+00  2.00E-06  6.49E+11  1.43E+07
 14  3.66E-12  7.32E-18  2.00E-06  2.20E-08  0.00E+00  0.00E+00  2.00E-06  6.90E+11  4.58E+06
 15  3.42E-12  6.43E-18  1.88E-06  1.89E-08  0.00E+00  0.00E+00  1.88E-06  7.30E+11  4.52E+06
 16  3.38E-12  6.33E-18  1.87E-06  1.87E-08  0.00E+00  0.00E+00  1.87E-06  7.71E+11  4.35E+06
 17  3.06E-12  5.38E-18  1.76E-06  1.61E-08  0.00E+00  0.00E+00  1.76E-06  8.12E+11  1.55E+07
 18  2.91E-12  5.09E-18  1.75E-06  1.59E-08  0.00E+00  0.00E+00  1.75E-06  8.52E+11  1.59E+07
 19  2.70E-12  4.44E-18  1.65E-06  1.37E-08  0.00E+00  0.00E+00  1.64E-06  8.93E+11  1.58E+07
 20  2.54E-12  4.18E-18  1.65E-06  1.37E-08  0.00E+00  0.00E+00  1.64E-06  9.33E+11  1.62E+07
 21  2.17E-12  3.33E-18  1.54E-06  1.17E-08  0.00E+00  0.00E+00  1.54E-06  9.74E+11  1.65E+07
 22  1.99E-12  3.06E-18  1.54E-06  1.17E-08  0.00E+00  0.00E+00  1.54E-06  1.01E+12  1.69E+07
 23  1.81E-12  2.60E-18  1.44E-06  9.92E-09  0.00E+00  0.00E+00  1.44E-06  1.06E+12  1.68E+07
 24  1.65E-12  2.37E-18  1.44E-06  9.92E-09  0.00E+00  0.00E+00  1.44E-06  1.10E+12  1.71E+07
 25  1.36E-12  1.84E-18  1.35E-06  8.58E-09  0.00E+00  0.00E+00  1.35E-06  1.14E+12  1.73E+07
 26  1.20E-12  1.61E-18  1.34E-06  8.42E-09  0.00E+00  0.00E+00  1.34E-06  1.18E+12  1.76E+07
 27  1.09E-12  1.38E-18  1.26E-06  7.29E-09  0.00E+00  0.00E+00  1.26E-06  1.22E+12  1.75E+07
 28  9.56E-13  1.20E-18  1.25E-06  7.13E-09  0.00E+00  0.00E+00  1.25E-06  1.26E+12  1.78E+07
 29  7.61E-13  9.00E-19  1.18E-06  6.19E-09  0.00E+00  0.00E+00  1.18E-06  1.30E+12  1.80E+07
 30  6.68E-13  7.90E-19  1.18E-06  6.19E-09  0.00E+00  0.00E+00  1.18E-06  1.34E+12  1.82E+07
 31  5.15E-13  5.68E-19  1.10E-06  5.25E-09  0.00E+00  0.00E+00  1.10E-06  1.38E+12  1.83E+07
 32  5.15E-13  5.68E-19  1.10E-06  5.25E-09  0.00E+00  0.00E+00  1.10E-06  1.42E+12  1.83E+07
 33  3.90E-13  4.02E-19  1.03E-06  4.44E-09  2.36E-07  0.00E+00  1.03E-06  1.46E+12  1.85E+07
 34  3.39E-13  3.50E-19  1.03E-06  4.44E-09  2.28E-07  0.00E+00  1.03E-06  1.50E+12  1.87E+07
 35  2.53E-13  2.44E-19  9.63E-07  3.76E-09  2.21E-07  0.00E+00  9.63E-07  1.54E+12  1.88E+07
 36  2.53E-13  2.44E-19  9.63E-07  3.76E-09  2.14E-07  0.00E+00  9.63E-07  1.58E+12  1.88E+07
 37  1.92E-13  1.75E-19  9.11E-07  3.28E-09  2.07E-07  0.00E+00  9.11E-07  1.62E+12  1.89E+07
 38  1.62E-13  1.45E-19  9.00E-07  3.18E-09  2.01E-07  0.00E+00  8.99E-07  1.66E+12  1.90E+07
 39  1.22E-13  1.04E-19  8.51E-07  2.78E-09  1.94E-07  0.00E+00  8.51E-07  1.70E+12  1.91E+07
 40  1.18E-13  9.91E-20  8.40E-07  2.69E-09  1.88E-07  0.00E+00  8.40E-07  1.75E+12  1.91E+07
 41  8.86E-14  7.05E-20  7.96E-07  2.36E-09  1.82E-07  0.00E+00  7.95E-07  1.79E+12  1.92E+07
 42  7.65E-14  6.08E-20  7.96E-07  2.36E-09  1.77E-07  0.00E+00  7.95E-07  1.83E+12  1.93E+07
 43  5.53E-14  4.11E-20  7.43E-07  2.00E-09  1.72E-07  0.00E+00  7.43E-07  1.87E+12  1.94E+07
 44  5.53E-14  4.11E-20  7.43E-07  2.00E-09  1.66E-07  0.00E+00  7.43E-07  1.91E+12  1.94E+07
 45  3.97E-14  2.76E-20  6.95E-07  1.69E-09  1.61E-07  0.00E+00  6.95E-07  1.95E+12  1.94E+07
  max optical depth for this view angle
 is:   3.42E+00

